{"type":"operationStart","subtype":"profile","data":{"_id":"u0wPepiSNqYh1pcY","timestamp":"2024-01-12T15:51:07.932Z","state":"queued","mode":"standard","creationDate":"2024-01-12T15:51:07.935Z","modificationDate":"2024-01-12T15:51:07.935Z","shortid":"hW6aJcE","$entitySet":"profiles"},"doDiffs":false,"timestamp":1705074667934,"id":"b021wcolw0000c4","previousOperationId":null,"operationId":"wfhkls90cj19nvb"}
{"type":"log","level":"info","message":"Render request 1 queued for execution and waiting for available worker","previousOperationId":"wfhkls90cj19nvb","timestamp":1705074667934,"id":"vthq5n9mr72hs9x"}
{"type":"operationStart","subtype":"render","name":"orders-main","previousOperationId":"wfhkls90cj19nvb","timestamp":1705074667952,"id":"0fbu7d0sjl8201q","previousEventId":"b021wcolw0000c4","operationId":"vv7mv2sln31tjgv"}
{"type":"log","timestamp":1705074667952,"level":"info","message":"Starting rendering request 1","meta":{"rootId":"8f20mliqdsupcdt","id":"8f20mliqdsupcdt"},"id":"e49nm1oct66oa22","previousOperationId":"vv7mv2sln31tjgv"}
{"type":"log","timestamp":1705074667953,"level":"info","message":"Rendering template { name: orders-main, recipe: chrome-pdf, engine: handlebars, preview: true }","meta":{"rootId":"8f20mliqdsupcdt","id":"8f20mliqdsupcdt"},"id":"1zkon96kipvjba7","previousOperationId":"vv7mv2sln31tjgv"}
{"type":"log","timestamp":1705074667954,"level":"debug","message":"Data item not defined for this template.","meta":{"rootId":"8f20mliqdsupcdt","id":"8f20mliqdsupcdt"},"id":"dwuc97mkmq0igip","previousOperationId":"vv7mv2sln31tjgv"}
{"type":"log","timestamp":1705074667956,"level":"debug","message":"Executing script orders-script (beforeRender)","meta":{"rootId":"8f20mliqdsupcdt","id":"8f20mliqdsupcdt"},"id":"f0cmkbwuppa1khc","previousOperationId":"vv7mv2sln31tjgv"}
{"type":"operationStart","subtype":"scriptsBeforeRender","name":"scripts beforeRender","timestamp":1705074668067,"id":"orpp9cvi22bmm2v","previousEventId":"0fbu7d0sjl8201q","operationId":"dne12eaw869jl8e","previousOperationId":"vv7mv2sln31tjgv"}
{"type":"operationStart","subtype":"script","name":"scripts orders-script","previousOperationId":"dne12eaw869jl8e","timestamp":1705074668067,"id":"6k0hum0my0yj3sh","previousEventId":"orpp9cvi22bmm2v","operationId":"y5b6rbyemeo01wb"}
{"type":"operationEnd","operationId":"y5b6rbyemeo01wb","timestamp":1705074669436,"id":"t591hoqg6n1hacj","previousEventId":"0fbu7d0sjl8201q","previousOperationId":"vv7mv2sln31tjgv"}
{"type":"operationEnd","operationId":"dne12eaw869jl8e","timestamp":1705074669436,"id":"avs4dkiulre1n7j","previousEventId":"t591hoqg6n1hacj","previousOperationId":"vv7mv2sln31tjgv"}
{"type":"log","timestamp":1705074669436,"level":"debug","message":"Base url not specified, skipping its injection.","meta":{"rootId":"8f20mliqdsupcdt","id":"8f20mliqdsupcdt"},"id":"vosaq5plgud6dzh","previousOperationId":"dne12eaw869jl8e"}
{"type":"operationStart","subtype":"engine","name":"handlebars","timestamp":1705074669437,"id":"30gy4025o2m1f6g","previousEventId":"avs4dkiulre1n7j","operationId":"lovrk23i1x0w4f4","previousOperationId":"dne12eaw869jl8e"}
{"type":"log","timestamp":1705074669437,"level":"debug","message":"Rendering engine handlebars","meta":{"rootId":"8f20mliqdsupcdt","id":"8f20mliqdsupcdt"},"id":"zp944evt383ry5e","previousOperationId":"lovrk23i1x0w4f4"}
{"type":"log","timestamp":1705074669580,"level":"debug","message":"(console:log) Pdf utils adding group field, value: \"France\"","meta":{"userLevel":true,"rootId":"8f20mliqdsupcdt","id":"8f20mliqdsupcdt"},"id":"agyghcx70wjtxuh","previousOperationId":"lovrk23i1x0w4f4"}
{"type":"log","timestamp":1705074669580,"level":"debug","message":"(console:log) Pdf utils adding group field, value: \"Germany\"","meta":{"userLevel":true,"rootId":"8f20mliqdsupcdt","id":"8f20mliqdsupcdt"},"id":"2b5nyaycz1eqdt6","previousOperationId":"lovrk23i1x0w4f4"}
{"type":"operationEnd","operationId":"lovrk23i1x0w4f4","timestamp":1705074669580,"id":"nnmgnjtwfqa936q","previousEventId":"30gy4025o2m1f6g","previousOperationId":"lovrk23i1x0w4f4"}
{"type":"operationStart","subtype":"recipe","name":"chrome-pdf","timestamp":1705074669581,"id":"m4vjp5idifzszsx","previousEventId":"nnmgnjtwfqa936q","operationId":"pwal55rczg733vc","previousOperationId":"lovrk23i1x0w4f4"}
{"type":"log","timestamp":1705074669581,"level":"debug","message":"Executing recipe chrome-pdf","meta":{"rootId":"8f20mliqdsupcdt","id":"8f20mliqdsupcdt"},"id":"n2mqbxlf0e5yckx","previousOperationId":"pwal55rczg733vc"}
{"type":"log","timestamp":1705074669816,"level":"debug","message":"Converting with chrome HeadlessChrome/117.0.5938.149 using chrome-pool strategy","meta":{"rootId":"8f20mliqdsupcdt","id":"8f20mliqdsupcdt"},"id":"8ivw60tzwz9xe5k","previousOperationId":"pwal55rczg733vc"}
{"type":"log","timestamp":1705074669852,"level":"debug","message":"Page request: GET (document) file:///tmp/jsreport/autocleanup/8cdd5801-bb42-4b28-ba85-00db901f58b2-chrome-pdf.html","meta":{"rootId":"8f20mliqdsupcdt","id":"8f20mliqdsupcdt"},"id":"vyf4gv8zofn1gpm","previousOperationId":"pwal55rczg733vc"}
{"type":"log","timestamp":1705074669858,"level":"debug","message":"Page request: GET (stylesheet) https://cdnjs.cloudflare.com/ajax/libs/metro/4.1.5/css/metro.min.css","meta":{"rootId":"8f20mliqdsupcdt","id":"8f20mliqdsupcdt"},"id":"cytbgke2urp0p8q","previousOperationId":"pwal55rczg733vc"}
{"type":"log","timestamp":1705074669859,"level":"debug","message":"Page request: GET (script) https://cdnjs.cloudflare.com/ajax/libs/Chart.js/2.7.2/Chart.min.js","meta":{"rootId":"8f20mliqdsupcdt","id":"8f20mliqdsupcdt"},"id":"ycbll487fp8rqxt","previousOperationId":"pwal55rczg733vc"}
{"type":"log","timestamp":1705074669859,"level":"debug","message":"Page request finished: GET (document) 200 file:///tmp/jsreport/autocleanup/8cdd5801-bb42-4b28-ba85-00db901f58b2-chrome-pdf.html","meta":{"rootId":"8f20mliqdsupcdt","id":"8f20mliqdsupcdt"},"id":"3bifzdoe26o3z3x","previousOperationId":"pwal55rczg733vc"}
{"type":"log","timestamp":1705074670021,"level":"debug","message":"Page request finished: GET (stylesheet) 200 https://cdnjs.cloudflare.com/ajax/libs/metro/4.1.5/css/metro.min.css","meta":{"rootId":"8f20mliqdsupcdt","id":"8f20mliqdsupcdt"},"id":"mki83jj0byz6xw8","previousOperationId":"pwal55rczg733vc"}
{"type":"log","timestamp":1705074670043,"level":"debug","message":"Page request finished: GET (script) 200 https://cdnjs.cloudflare.com/ajax/libs/Chart.js/2.7.2/Chart.min.js","meta":{"rootId":"8f20mliqdsupcdt","id":"8f20mliqdsupcdt"},"id":"u3f2cqse9se0krp","previousOperationId":"pwal55rczg733vc"}
{"type":"log","timestamp":1705074670094,"level":"debug","message":"Running chrome with params {\"printBackground\":true,\"marginTop\":\"4cm\",\"marginRight\":\"1.5cm\",\"marginBottom\":\"1.5cm\",\"marginLeft\":\"1.5cm\",\"waitForJS\":false,\"timeout\":58225,\"margin\":{\"top\":\"4cm\",\"right\":\"1.5cm\",\"bottom\":\"1.5cm\",\"left\":\"1.5cm\"}}","meta":{"rootId":"8f20mliqdsupcdt","id":"8f20mliqdsupcdt"},"id":"g0wfmapjke9i8dy","previousOperationId":"pwal55rczg733vc"}
{"type":"operationEnd","operationId":"pwal55rczg733vc","timestamp":1705074670153,"id":"57y2r69avg3pd22","previousEventId":"m4vjp5idifzszsx","previousOperationId":"pwal55rczg733vc"}
{"type":"log","timestamp":1705074670153,"level":"info","message":"pdf-utils is starting pdf processing","meta":{"rootId":"8f20mliqdsupcdt","id":"8f20mliqdsupcdt"},"id":"xcb21f4wmqlpop0","previousOperationId":"pwal55rczg733vc"}
{"type":"operationStart","subtype":"pdfUtils","name":"pdf utils","timestamp":1705074670239,"id":"4du3nmsdtjxp2ii","previousEventId":"57y2r69avg3pd22","operationId":"8aa9qiuo1d9nyqc","previousOperationId":"pwal55rczg733vc"}
{"type":"log","timestamp":1705074670239,"level":"debug","message":"pdf-utils detected 1 pdf operation(s) to process","meta":{"rootId":"8f20mliqdsupcdt","id":"8f20mliqdsupcdt"},"id":"iqlwjttfimq1xfe","previousOperationId":"8aa9qiuo1d9nyqc"}
{"type":"log","timestamp":1705074670384,"level":"debug","message":"pdf-utils running pdf operation merge","meta":{"rootId":"8f20mliqdsupcdt","id":"8f20mliqdsupcdt"},"id":"0p8zznzsm96n6if","previousOperationId":"8aa9qiuo1d9nyqc"}
{"type":"operationStart","subtype":"pdfUtilsMerge","name":"pdf utils merge","previousOperationId":"8aa9qiuo1d9nyqc","timestamp":1705074670384,"id":"mkq6a8v47m5ndyj","previousEventId":"4du3nmsdtjxp2ii","operationId":"5qt2joqwvdzyof0"}
{"type":"operationStart","subtype":"render","name":"orders-header","previousOperationId":"5qt2joqwvdzyof0","timestamp":1705074670385,"id":"1begmphquq0sb3v","previousEventId":"mkq6a8v47m5ndyj","operationId":"ucjs6r79pr6qnql"}
{"type":"log","timestamp":1705074670385,"level":"info","message":"Starting rendering (child) request","meta":{"rootId":"8f20mliqdsupcdt","id":"uamawjh6zbndzbc"},"id":"a6ccs4k1i1hxer4","previousOperationId":"ucjs6r79pr6qnql"}
{"type":"log","timestamp":1705074670385,"level":"info","message":"Rendering template { name: orders-header, recipe: chrome-pdf, engine: handlebars, preview: true }","meta":{"rootId":"8f20mliqdsupcdt","id":"uamawjh6zbndzbc"},"id":"pmyrsn9txlj4tab","previousOperationId":"ucjs6r79pr6qnql"}
{"type":"log","timestamp":1705074670389,"level":"debug","message":"Inline data specified.","meta":{"rootId":"8f20mliqdsupcdt","id":"uamawjh6zbndzbc"},"id":"uioxhggqe9x348n","previousOperationId":"ucjs6r79pr6qnql"}
{"type":"log","timestamp":1705074670391,"level":"debug","message":"Base url not specified, skipping its injection.","meta":{"rootId":"8f20mliqdsupcdt","id":"uamawjh6zbndzbc"},"id":"ac2mjsvq9e38d39","previousOperationId":"ucjs6r79pr6qnql"}
{"type":"operationStart","subtype":"engine","name":"handlebars","timestamp":1705074670391,"id":"dqmo1zuz5wrt12p","previousEventId":"1begmphquq0sb3v","operationId":"qytx67hnk9h479v","previousOperationId":"ucjs6r79pr6qnql"}
{"type":"log","timestamp":1705074670391,"level":"debug","message":"Rendering engine handlebars","meta":{"rootId":"8f20mliqdsupcdt","id":"uamawjh6zbndzbc"},"id":"96appiri5tcjqev","previousOperationId":"qytx67hnk9h479v"}
{"type":"operationEnd","operationId":"qytx67hnk9h479v","timestamp":1705074670444,"id":"4ruw3zu68dp2cvb","previousEventId":"dqmo1zuz5wrt12p","previousOperationId":"qytx67hnk9h479v"}
{"type":"operationStart","subtype":"recipe","name":"chrome-pdf","timestamp":1705074670444,"id":"xahw3clpy8bhuiz","previousEventId":"4ruw3zu68dp2cvb","operationId":"tvp87i47n3528qc","previousOperationId":"qytx67hnk9h479v"}
{"type":"log","timestamp":1705074670444,"level":"debug","message":"Executing recipe chrome-pdf","meta":{"rootId":"8f20mliqdsupcdt","id":"uamawjh6zbndzbc"},"id":"m42ojaqifbbvy6p","previousOperationId":"tvp87i47n3528qc"}
{"type":"log","timestamp":1705074670445,"level":"debug","message":"Converting with chrome HeadlessChrome/117.0.5938.149 using chrome-pool strategy","meta":{"rootId":"8f20mliqdsupcdt","id":"uamawjh6zbndzbc"},"id":"66lhmor10cqj8bg","previousOperationId":"tvp87i47n3528qc"}
{"type":"log","timestamp":1705074670464,"level":"debug","message":"Page request: GET (document) file:///tmp/jsreport/autocleanup/ab573f22-9ddd-42db-9f78-df86ad240f69-chrome-pdf.html","meta":{"rootId":"8f20mliqdsupcdt","id":"uamawjh6zbndzbc"},"id":"ekg60fuwz8h2hdc","previousOperationId":"tvp87i47n3528qc"}
{"type":"log","timestamp":1705074670473,"level":"debug","message":"Page request: GET (stylesheet) https://cdnjs.cloudflare.com/ajax/libs/metro/4.1.5/css/metro.min.css","meta":{"rootId":"8f20mliqdsupcdt","id":"uamawjh6zbndzbc"},"id":"7ilc8jv3yh66vr0","previousOperationId":"tvp87i47n3528qc"}
{"type":"log","timestamp":1705074670473,"level":"debug","message":"Page request finished: GET (document) 200 file:///tmp/jsreport/autocleanup/ab573f22-9ddd-42db-9f78-df86ad240f69-chrome-pdf.html","meta":{"rootId":"8f20mliqdsupcdt","id":"uamawjh6zbndzbc"},"id":"tqhiddx88gxoqzs","previousOperationId":"tvp87i47n3528qc"}
{"type":"log","timestamp":1705074670482,"level":"debug","message":"Page request finished: GET (stylesheet) 200 https://cdnjs.cloudflare.com/ajax/libs/metro/4.1.5/css/metro.min.css","meta":{"rootId":"8f20mliqdsupcdt","id":"uamawjh6zbndzbc"},"id":"tj7pbw88ydy1nfv","previousOperationId":"tvp87i47n3528qc"}
{"type":"log","timestamp":1705074670487,"level":"debug","message":"Running chrome with params {\"printBackground\":true,\"marginTop\":\"1.5cm\",\"marginRight\":\"1.5cm\",\"marginLeft\":\"1.cm\",\"timeout\":57488,\"margin\":{\"top\":\"1.5cm\",\"right\":\"1.5cm\",\"left\":\"1.cm\"}}","meta":{"rootId":"8f20mliqdsupcdt","id":"uamawjh6zbndzbc"},"id":"4q8bhwanfzg1s81","previousOperationId":"tvp87i47n3528qc"}
{"type":"operationEnd","operationId":"tvp87i47n3528qc","timestamp":1705074670505,"id":"8n9hodg9qqev4dx","previousEventId":"xahw3clpy8bhuiz","previousOperationId":"tvp87i47n3528qc"}
{"type":"log","timestamp":1705074670506,"level":"debug","message":"Skipping storing report.","meta":{"rootId":"8f20mliqdsupcdt","id":"uamawjh6zbndzbc"},"id":"r2fugms1amog6l8","previousOperationId":"tvp87i47n3528qc"}
{"type":"log","timestamp":1705074670506,"level":"info","message":"Rendering (child) request finished in 2574 ms","meta":{"rootId":"8f20mliqdsupcdt","id":"uamawjh6zbndzbc"},"id":"3izt6oc6wi7cmvg","previousOperationId":"tvp87i47n3528qc"}
{"type":"operationEnd","subtype":"render","operationId":"ucjs6r79pr6qnql","timestamp":1705074670506,"id":"z2qqlwx1t39btyh","previousEventId":"8n9hodg9qqev4dx","previousOperationId":"tvp87i47n3528qc"}
{"type":"operationEnd","operationId":"5qt2joqwvdzyof0","timestamp":1705074670524,"id":"t0dqrypkl1mukxy","previousEventId":"mkq6a8v47m5ndyj","previousOperationId":"5qt2joqwvdzyof0"}
{"type":"log","timestamp":1705074670525,"level":"debug","message":"pdf-utils postproces start","meta":{"rootId":"8f20mliqdsupcdt","id":"8f20mliqdsupcdt"},"id":"z0juum0sku5akgo","previousOperationId":"5qt2joqwvdzyof0"}
{"type":"log","timestamp":1705074670538,"level":"debug","message":"pdf-utils postproces end","meta":{"rootId":"8f20mliqdsupcdt","id":"8f20mliqdsupcdt"},"id":"grpi2xhkd32s1bp","previousOperationId":"5qt2joqwvdzyof0"}
{"type":"operationEnd","operationId":"8aa9qiuo1d9nyqc","timestamp":1705074670538,"id":"enl6yis5j3itjps","previousEventId":"t0dqrypkl1mukxy","previousOperationId":"5qt2joqwvdzyof0"}
{"type":"log","timestamp":1705074670539,"level":"info","message":"pdf-utils pdf processing was finished","meta":{"rootId":"8f20mliqdsupcdt","id":"8f20mliqdsupcdt"},"id":"d12h5yn4k614g7a","previousOperationId":"8aa9qiuo1d9nyqc"}
{"type":"log","timestamp":1705074670539,"level":"debug","message":"Skipping storing report.","meta":{"rootId":"8f20mliqdsupcdt","id":"8f20mliqdsupcdt"},"id":"vibq3kz2ss2gf4w","previousOperationId":"8aa9qiuo1d9nyqc"}
{"type":"log","timestamp":1705074670539,"level":"info","message":"Rendering request 1 finished in 2607 ms","meta":{"rootId":"8f20mliqdsupcdt","id":"8f20mliqdsupcdt"},"id":"xdylrl5cf1ga4sz","previousOperationId":"8aa9qiuo1d9nyqc"}
{"type":"operationEnd","subtype":"render","operationId":"vv7mv2sln31tjgv","timestamp":1705074670539,"id":"loi88527ih2h5jz","previousEventId":"enl6yis5j3itjps","previousOperationId":"8aa9qiuo1d9nyqc"}
{"type":"operationEnd","doDiffs":false,"previousEventId":"b021wcolw0000c4","previousOperationId":"wfhkls90cj19nvb","operationId":"wfhkls90cj19nvb","timestamp":1705074670545,"id":"iug5wx6v3gg4kik"}
