{"type":"operationStart","subtype":"profile","data":{"_id":"NrUWH1UefB6M2pVm","timestamp":"2024-01-14T12:34:17.762Z","state":"queued","mode":"standard","creationDate":"2024-01-14T12:34:17.763Z","modificationDate":"2024-01-14T12:34:17.763Z","shortid":"J2fnTcW","$entitySet":"profiles"},"doDiffs":false,"timestamp":1705235657763,"id":"lxssz0p8uhwdq6i","previousOperationId":null,"operationId":"2vut9x4nqcm4c60"}
{"type":"log","level":"info","message":"Render request 26 queued for execution and waiting for available worker","previousOperationId":"2vut9x4nqcm4c60","timestamp":1705235657763,"id":"8oj04nachwriiej"}
{"type":"operationStart","subtype":"render","name":"orders-main","previousOperationId":"2vut9x4nqcm4c60","timestamp":1705235657766,"id":"yb40bswznn66nk0","previousEventId":"lxssz0p8uhwdq6i","operationId":"tzw47bi0u8needb"}
{"type":"log","timestamp":1705235657767,"level":"info","message":"Starting rendering request 26","meta":{"rootId":"ix23xyv9cywmyz2","id":"ix23xyv9cywmyz2"},"id":"kil1bekfrsp5n1l","previousOperationId":"tzw47bi0u8needb"}
{"type":"log","timestamp":1705235657767,"level":"info","message":"Rendering template { name: orders-main, recipe: chrome-pdf, engine: handlebars, preview: true }","meta":{"rootId":"ix23xyv9cywmyz2","id":"ix23xyv9cywmyz2"},"id":"s272l8b7bvi16gl","previousOperationId":"tzw47bi0u8needb"}
{"type":"log","timestamp":1705235657768,"level":"debug","message":"Data item not defined for this template.","meta":{"rootId":"ix23xyv9cywmyz2","id":"ix23xyv9cywmyz2"},"id":"dmqywdc7g46b5rg","previousOperationId":"tzw47bi0u8needb"}
{"type":"log","timestamp":1705235657770,"level":"debug","message":"Executing script orders-script (beforeRender)","meta":{"rootId":"ix23xyv9cywmyz2","id":"ix23xyv9cywmyz2"},"id":"o8j50z2dqotdyob","previousOperationId":"tzw47bi0u8needb"}
{"type":"operationStart","subtype":"scriptsBeforeRender","name":"scripts beforeRender","timestamp":1705235657779,"id":"zkncuxxmmo1zsfg","previousEventId":"yb40bswznn66nk0","operationId":"we45t21f8yn6egc","previousOperationId":"tzw47bi0u8needb"}
{"type":"operationStart","subtype":"script","name":"scripts orders-script","previousOperationId":"we45t21f8yn6egc","timestamp":1705235657779,"id":"3zi3pjhjn5thlu2","previousEventId":"zkncuxxmmo1zsfg","operationId":"0jooxsaco62j7y1"}
{"type":"operationEnd","operationId":"0jooxsaco62j7y1","timestamp":1705235659152,"id":"j7tkziswtngohz2","previousEventId":"yb40bswznn66nk0","previousOperationId":"tzw47bi0u8needb"}
{"type":"operationEnd","operationId":"we45t21f8yn6egc","timestamp":1705235659152,"id":"5tpj39mook92v0q","previousEventId":"j7tkziswtngohz2","previousOperationId":"tzw47bi0u8needb"}
{"type":"log","timestamp":1705235659152,"level":"debug","message":"Base url not specified, skipping its injection.","meta":{"rootId":"ix23xyv9cywmyz2","id":"ix23xyv9cywmyz2"},"id":"vqx9remas8ork23","previousOperationId":"we45t21f8yn6egc"}
{"type":"operationStart","subtype":"engine","name":"handlebars","timestamp":1705235659152,"id":"0ls4m1mjucz2zci","previousEventId":"5tpj39mook92v0q","operationId":"41zwvojkidrwqqr","previousOperationId":"we45t21f8yn6egc"}
{"type":"log","timestamp":1705235659152,"level":"debug","message":"Rendering engine handlebars","meta":{"rootId":"ix23xyv9cywmyz2","id":"ix23xyv9cywmyz2"},"id":"77zcvocuno0zdwf","previousOperationId":"41zwvojkidrwqqr"}
{"type":"log","timestamp":1705235659162,"level":"debug","message":"(console:log) Pdf utils adding group field, value: \"France\"","meta":{"userLevel":true,"rootId":"ix23xyv9cywmyz2","id":"ix23xyv9cywmyz2"},"id":"1nshz6v0kkew4dd","previousOperationId":"41zwvojkidrwqqr"}
{"type":"log","timestamp":1705235659163,"level":"debug","message":"(console:log) Pdf utils adding group field, value: \"Germany\"","meta":{"userLevel":true,"rootId":"ix23xyv9cywmyz2","id":"ix23xyv9cywmyz2"},"id":"ng0jef4xpe987kn","previousOperationId":"41zwvojkidrwqqr"}
{"type":"operationEnd","operationId":"41zwvojkidrwqqr","timestamp":1705235659163,"id":"fmgqv75s9x4kvd9","previousEventId":"0ls4m1mjucz2zci","previousOperationId":"41zwvojkidrwqqr"}
{"type":"operationStart","subtype":"recipe","name":"chrome-pdf","timestamp":1705235659164,"id":"j9wswihiux97uzk","previousEventId":"fmgqv75s9x4kvd9","operationId":"kqpfqjzc6dlgwob","previousOperationId":"41zwvojkidrwqqr"}
{"type":"log","timestamp":1705235659164,"level":"debug","message":"Executing recipe chrome-pdf","meta":{"rootId":"ix23xyv9cywmyz2","id":"ix23xyv9cywmyz2"},"id":"1o0jydsa1aqgxtw","previousOperationId":"kqpfqjzc6dlgwob"}
{"type":"log","timestamp":1705235659165,"level":"debug","message":"Converting with chrome HeadlessChrome/117.0.5938.149 using chrome-pool strategy","meta":{"rootId":"ix23xyv9cywmyz2","id":"ix23xyv9cywmyz2"},"id":"kftuhp265p5w62c","previousOperationId":"kqpfqjzc6dlgwob"}
{"type":"log","timestamp":1705235659187,"level":"debug","message":"Page request: GET (document) file:///tmp/jsreport/autocleanup/c1d59989-5045-40e0-bef3-dd42c04b8f53-chrome-pdf.html","meta":{"rootId":"ix23xyv9cywmyz2","id":"ix23xyv9cywmyz2"},"id":"dcg7benazoc0btu","previousOperationId":"kqpfqjzc6dlgwob"}
{"type":"log","timestamp":1705235659192,"level":"debug","message":"Page request: GET (stylesheet) https://cdnjs.cloudflare.com/ajax/libs/metro/4.1.5/css/metro.min.css","meta":{"rootId":"ix23xyv9cywmyz2","id":"ix23xyv9cywmyz2"},"id":"x1j0knbshatnkiz","previousOperationId":"kqpfqjzc6dlgwob"}
{"type":"log","timestamp":1705235659193,"level":"debug","message":"Page request: GET (script) https://cdnjs.cloudflare.com/ajax/libs/Chart.js/2.7.2/Chart.min.js","meta":{"rootId":"ix23xyv9cywmyz2","id":"ix23xyv9cywmyz2"},"id":"je3kjpxo4d8bncz","previousOperationId":"kqpfqjzc6dlgwob"}
{"type":"log","timestamp":1705235659193,"level":"debug","message":"Page request finished: GET (document) 200 file:///tmp/jsreport/autocleanup/c1d59989-5045-40e0-bef3-dd42c04b8f53-chrome-pdf.html","meta":{"rootId":"ix23xyv9cywmyz2","id":"ix23xyv9cywmyz2"},"id":"uo887j873hzz9r7","previousOperationId":"kqpfqjzc6dlgwob"}
{"type":"log","timestamp":1705235659196,"level":"debug","message":"Page request finished: GET (script) 200 https://cdnjs.cloudflare.com/ajax/libs/Chart.js/2.7.2/Chart.min.js","meta":{"rootId":"ix23xyv9cywmyz2","id":"ix23xyv9cywmyz2"},"id":"pm0kqm580o6lqje","previousOperationId":"kqpfqjzc6dlgwob"}
{"type":"log","timestamp":1705235659204,"level":"debug","message":"Page request finished: GET (stylesheet) 200 https://cdnjs.cloudflare.com/ajax/libs/metro/4.1.5/css/metro.min.css","meta":{"rootId":"ix23xyv9cywmyz2","id":"ix23xyv9cywmyz2"},"id":"q8njdeia4fkcuaf","previousOperationId":"kqpfqjzc6dlgwob"}
{"type":"log","timestamp":1705235659236,"level":"debug","message":"Running chrome with params {\"printBackground\":true,\"marginTop\":\"4cm\",\"marginRight\":\"1.5cm\",\"marginBottom\":\"1.5cm\",\"marginLeft\":\"1.5cm\",\"waitForJS\":false,\"timeout\":58597,\"margin\":{\"top\":\"4cm\",\"right\":\"1.5cm\",\"bottom\":\"1.5cm\",\"left\":\"1.5cm\"}}","meta":{"rootId":"ix23xyv9cywmyz2","id":"ix23xyv9cywmyz2"},"id":"5n7p1yveqphb00k","previousOperationId":"kqpfqjzc6dlgwob"}
{"type":"operationEnd","operationId":"kqpfqjzc6dlgwob","timestamp":1705235659289,"id":"i0kdlyfepe8q25u","previousEventId":"j9wswihiux97uzk","previousOperationId":"kqpfqjzc6dlgwob"}
{"type":"log","timestamp":1705235659289,"level":"info","message":"pdf-utils is starting pdf processing","meta":{"rootId":"ix23xyv9cywmyz2","id":"ix23xyv9cywmyz2"},"id":"jxcutj73ehj4ptv","previousOperationId":"kqpfqjzc6dlgwob"}
{"type":"operationStart","subtype":"pdfUtils","name":"pdf utils","timestamp":1705235659382,"id":"g5zuu2h2rq50q66","previousEventId":"i0kdlyfepe8q25u","operationId":"xcbdfu3swa8f2kx","previousOperationId":"kqpfqjzc6dlgwob"}
{"type":"log","timestamp":1705235659382,"level":"debug","message":"pdf-utils detected 1 pdf operation(s) to process","meta":{"rootId":"ix23xyv9cywmyz2","id":"ix23xyv9cywmyz2"},"id":"gesyk88xrt7u1fd","previousOperationId":"xcbdfu3swa8f2kx"}
{"type":"log","timestamp":1705235659533,"level":"debug","message":"pdf-utils running pdf operation merge","meta":{"rootId":"ix23xyv9cywmyz2","id":"ix23xyv9cywmyz2"},"id":"pw0fu38su777pgg","previousOperationId":"xcbdfu3swa8f2kx"}
{"type":"operationStart","subtype":"pdfUtilsMerge","name":"pdf utils merge","previousOperationId":"xcbdfu3swa8f2kx","timestamp":1705235659533,"id":"3yuv3otvhucucie","previousEventId":"g5zuu2h2rq50q66","operationId":"hwqynrqnjyb17yx"}
{"type":"operationStart","subtype":"render","name":"orders-header","previousOperationId":"hwqynrqnjyb17yx","timestamp":1705235659535,"id":"3gj63a7lhrv30o9","previousEventId":"3yuv3otvhucucie","operationId":"no2u9gpjwp7adkl"}
{"type":"log","timestamp":1705235659535,"level":"info","message":"Starting rendering (child) request","meta":{"rootId":"ix23xyv9cywmyz2","id":"1wqce4kaa0890jv"},"id":"nxehr76ve1vd75y","previousOperationId":"no2u9gpjwp7adkl"}
{"type":"log","timestamp":1705235659535,"level":"info","message":"Rendering template { name: orders-header, recipe: chrome-pdf, engine: handlebars, preview: true }","meta":{"rootId":"ix23xyv9cywmyz2","id":"1wqce4kaa0890jv"},"id":"ud51f9c1pmsmfgp","previousOperationId":"no2u9gpjwp7adkl"}
{"type":"log","timestamp":1705235659538,"level":"debug","message":"Inline data specified.","meta":{"rootId":"ix23xyv9cywmyz2","id":"1wqce4kaa0890jv"},"id":"42ukg57vejhzpm6","previousOperationId":"no2u9gpjwp7adkl"}
{"type":"log","timestamp":1705235659539,"level":"debug","message":"Base url not specified, skipping its injection.","meta":{"rootId":"ix23xyv9cywmyz2","id":"1wqce4kaa0890jv"},"id":"vth8bp964vpake1","previousOperationId":"no2u9gpjwp7adkl"}
{"type":"operationStart","subtype":"engine","name":"handlebars","timestamp":1705235659539,"id":"559aw88jdvldpg0","previousEventId":"3gj63a7lhrv30o9","operationId":"e9jmkehsgwj3n8u","previousOperationId":"no2u9gpjwp7adkl"}
{"type":"log","timestamp":1705235659539,"level":"debug","message":"Rendering engine handlebars","meta":{"rootId":"ix23xyv9cywmyz2","id":"1wqce4kaa0890jv"},"id":"1yt3o4bwif5yh21","previousOperationId":"e9jmkehsgwj3n8u"}
{"type":"operationEnd","operationId":"e9jmkehsgwj3n8u","timestamp":1705235659552,"id":"ogs8gurtf9t2g8y","previousEventId":"559aw88jdvldpg0","previousOperationId":"e9jmkehsgwj3n8u"}
{"type":"operationStart","subtype":"recipe","name":"chrome-pdf","timestamp":1705235659552,"id":"j0x8bactmx76mwk","previousEventId":"ogs8gurtf9t2g8y","operationId":"eh9t57ok42wt3wp","previousOperationId":"e9jmkehsgwj3n8u"}
{"type":"log","timestamp":1705235659552,"level":"debug","message":"Executing recipe chrome-pdf","meta":{"rootId":"ix23xyv9cywmyz2","id":"1wqce4kaa0890jv"},"id":"nxd5nmqshbsez3u","previousOperationId":"eh9t57ok42wt3wp"}
{"type":"log","timestamp":1705235659553,"level":"debug","message":"Converting with chrome HeadlessChrome/117.0.5938.149 using chrome-pool strategy","meta":{"rootId":"ix23xyv9cywmyz2","id":"1wqce4kaa0890jv"},"id":"v2ap4uzxjgwfm63","previousOperationId":"eh9t57ok42wt3wp"}
{"type":"log","timestamp":1705235659574,"level":"debug","message":"Page request: GET (document) file:///tmp/jsreport/autocleanup/68f391dc-0f25-449c-81bd-f1d17b184581-chrome-pdf.html","meta":{"rootId":"ix23xyv9cywmyz2","id":"1wqce4kaa0890jv"},"id":"m16ccbbnwd1cwcl","previousOperationId":"eh9t57ok42wt3wp"}
{"type":"log","timestamp":1705235659580,"level":"debug","message":"Page request: GET (stylesheet) https://cdnjs.cloudflare.com/ajax/libs/metro/4.1.5/css/metro.min.css","meta":{"rootId":"ix23xyv9cywmyz2","id":"1wqce4kaa0890jv"},"id":"fevbotvyj677jsb","previousOperationId":"eh9t57ok42wt3wp"}
{"type":"log","timestamp":1705235659580,"level":"debug","message":"Page request finished: GET (document) 200 file:///tmp/jsreport/autocleanup/68f391dc-0f25-449c-81bd-f1d17b184581-chrome-pdf.html","meta":{"rootId":"ix23xyv9cywmyz2","id":"1wqce4kaa0890jv"},"id":"5jmbh20tm6d62ac","previousOperationId":"eh9t57ok42wt3wp"}
{"type":"log","timestamp":1705235659590,"level":"debug","message":"Page request finished: GET (stylesheet) 200 https://cdnjs.cloudflare.com/ajax/libs/metro/4.1.5/css/metro.min.css","meta":{"rootId":"ix23xyv9cywmyz2","id":"1wqce4kaa0890jv"},"id":"m7oiwodvkia1vj8","previousOperationId":"eh9t57ok42wt3wp"}
{"type":"log","timestamp":1705235659595,"level":"debug","message":"Running chrome with params {\"printBackground\":true,\"marginTop\":\"1.5cm\",\"marginRight\":\"1.5cm\",\"marginLeft\":\"1.cm\",\"timeout\":58209,\"margin\":{\"top\":\"1.5cm\",\"right\":\"1.5cm\",\"left\":\"1.cm\"}}","meta":{"rootId":"ix23xyv9cywmyz2","id":"1wqce4kaa0890jv"},"id":"fd7yeqatdzv1fbf","previousOperationId":"eh9t57ok42wt3wp"}
{"type":"operationEnd","operationId":"eh9t57ok42wt3wp","timestamp":1705235659610,"id":"6dybxi4otc78ex9","previousEventId":"j0x8bactmx76mwk","previousOperationId":"eh9t57ok42wt3wp"}
{"type":"log","timestamp":1705235659610,"level":"debug","message":"Skipping storing report.","meta":{"rootId":"ix23xyv9cywmyz2","id":"1wqce4kaa0890jv"},"id":"30mvg80l85tqwis","previousOperationId":"eh9t57ok42wt3wp"}
{"type":"log","timestamp":1705235659610,"level":"info","message":"Rendering (child) request finished in 1848 ms","meta":{"rootId":"ix23xyv9cywmyz2","id":"1wqce4kaa0890jv"},"id":"ksxrn7r313s8co3","previousOperationId":"eh9t57ok42wt3wp"}
{"type":"operationEnd","subtype":"render","operationId":"no2u9gpjwp7adkl","timestamp":1705235659610,"id":"jnpckx9d64d3unz","previousEventId":"6dybxi4otc78ex9","previousOperationId":"eh9t57ok42wt3wp"}
{"type":"operationEnd","operationId":"hwqynrqnjyb17yx","timestamp":1705235659625,"id":"7ioncscv6qgg393","previousEventId":"3yuv3otvhucucie","previousOperationId":"hwqynrqnjyb17yx"}
{"type":"log","timestamp":1705235659625,"level":"debug","message":"pdf-utils postproces start","meta":{"rootId":"ix23xyv9cywmyz2","id":"ix23xyv9cywmyz2"},"id":"hr49ki7xu28tho9","previousOperationId":"hwqynrqnjyb17yx"}
{"type":"log","timestamp":1705235659640,"level":"debug","message":"pdf-utils postproces end","meta":{"rootId":"ix23xyv9cywmyz2","id":"ix23xyv9cywmyz2"},"id":"0n1vuqxlrpgwcw5","previousOperationId":"hwqynrqnjyb17yx"}
{"type":"operationEnd","operationId":"xcbdfu3swa8f2kx","timestamp":1705235659640,"id":"1wjgjvha79jvyzm","previousEventId":"7ioncscv6qgg393","previousOperationId":"hwqynrqnjyb17yx"}
{"type":"log","timestamp":1705235659640,"level":"info","message":"pdf-utils pdf processing was finished","meta":{"rootId":"ix23xyv9cywmyz2","id":"ix23xyv9cywmyz2"},"id":"4kk4t63f433fpkl","previousOperationId":"xcbdfu3swa8f2kx"}
{"type":"log","timestamp":1705235659640,"level":"debug","message":"Skipping storing report.","meta":{"rootId":"ix23xyv9cywmyz2","id":"ix23xyv9cywmyz2"},"id":"gw7r7233bgqvplm","previousOperationId":"xcbdfu3swa8f2kx"}
{"type":"log","timestamp":1705235659640,"level":"info","message":"Rendering request 26 finished in 1878 ms","meta":{"rootId":"ix23xyv9cywmyz2","id":"ix23xyv9cywmyz2"},"id":"z0nsb3uv5a648p9","previousOperationId":"xcbdfu3swa8f2kx"}
{"type":"operationEnd","subtype":"render","operationId":"tzw47bi0u8needb","timestamp":1705235659640,"id":"g0fyxopq2zgunge","previousEventId":"1wjgjvha79jvyzm","previousOperationId":"xcbdfu3swa8f2kx"}
{"type":"operationEnd","doDiffs":false,"previousEventId":"lxssz0p8uhwdq6i","previousOperationId":"2vut9x4nqcm4c60","operationId":"2vut9x4nqcm4c60","timestamp":1705235659645,"id":"3k26azm65jjz6lp"}
