{"type":"operationStart","subtype":"profile","data":{"_id":"gxRovQWWkgvOXJoB","timestamp":"2024-01-12T23:46:29.147Z","state":"queued","mode":"standard","creationDate":"2024-01-12T23:46:29.153Z","modificationDate":"2024-01-12T23:46:29.153Z","shortid":"6nWOLYx","$entitySet":"profiles"},"doDiffs":false,"timestamp":1705103189150,"id":"xeatbhxzwf8ku9n","previousOperationId":null,"operationId":"nbeq4b21a4hun12"}
{"type":"log","level":"info","message":"Render request 1 queued for execution and waiting for available worker","previousOperationId":"nbeq4b21a4hun12","timestamp":1705103189151,"id":"1g8itjh9qqt5k9y"}
{"type":"operationStart","subtype":"render","name":"activities-users-main","previousOperationId":"nbeq4b21a4hun12","timestamp":1705103189197,"id":"l2zf4n5bj052noi","previousEventId":"xeatbhxzwf8ku9n","operationId":"mb5ghmo0u534yvp"}
{"type":"log","timestamp":1705103189198,"level":"info","message":"Starting rendering request 1","meta":{"rootId":"0wd4dy9gjh8lojv","id":"0wd4dy9gjh8lojv"},"id":"8q3o2l0sx9z570j","previousOperationId":"mb5ghmo0u534yvp"}
{"type":"log","timestamp":1705103189199,"level":"info","message":"Rendering template { name: activities-users-main, recipe: chrome-pdf, engine: handlebars, preview: true }","meta":{"rootId":"0wd4dy9gjh8lojv","id":"0wd4dy9gjh8lojv"},"id":"8cn4phh55fjq4w6","previousOperationId":"mb5ghmo0u534yvp"}
{"type":"log","timestamp":1705103189203,"level":"debug","message":"Data item not defined for this template.","meta":{"rootId":"0wd4dy9gjh8lojv","id":"0wd4dy9gjh8lojv"},"id":"fbxjzbk9efzgtv5","previousOperationId":"mb5ghmo0u534yvp"}
{"type":"log","timestamp":1705103189207,"level":"debug","message":"Executing script users-script (beforeRender)","meta":{"rootId":"0wd4dy9gjh8lojv","id":"0wd4dy9gjh8lojv"},"id":"ixa118m138i8vpj","previousOperationId":"mb5ghmo0u534yvp"}
{"type":"operationStart","subtype":"scriptsBeforeRender","name":"scripts beforeRender","timestamp":1705103189439,"id":"b1igfxsxwp5qy3o","previousEventId":"l2zf4n5bj052noi","operationId":"y57vditc5ojeri5","previousOperationId":"mb5ghmo0u534yvp"}
{"type":"operationStart","subtype":"script","name":"scripts users-script","previousOperationId":"y57vditc5ojeri5","timestamp":1705103189439,"id":"2eojaf9a2qp854r","previousEventId":"b1igfxsxwp5qy3o","operationId":"ymvkha3ggmeaap6"}
{"type":"log","timestamp":1705103189588,"level":"debug","message":"(console:log) Activities in beforeRender: undefined","meta":{"userLevel":true,"rootId":"0wd4dy9gjh8lojv","id":"0wd4dy9gjh8lojv"},"id":"fxms9ghru4xktjg","previousOperationId":"ymvkha3ggmeaap6"}
{"type":"operationEnd","operationId":"ymvkha3ggmeaap6","timestamp":1705103189590,"id":"0ou5ww2jll3lz5n","previousEventId":"l2zf4n5bj052noi","previousOperationId":"mb5ghmo0u534yvp"}
{"type":"operationEnd","operationId":"y57vditc5ojeri5","timestamp":1705103189590,"id":"a55j19v3vcg3p1p","previousEventId":"0ou5ww2jll3lz5n","previousOperationId":"mb5ghmo0u534yvp"}
{"type":"log","timestamp":1705103189590,"level":"debug","message":"Base url not specified, skipping its injection.","meta":{"rootId":"0wd4dy9gjh8lojv","id":"0wd4dy9gjh8lojv"},"id":"x3rd2dl4jev1788","previousOperationId":"y57vditc5ojeri5"}
{"type":"operationStart","subtype":"engine","name":"handlebars","timestamp":1705103189592,"id":"3u4xrk7yne80ynu","previousEventId":"a55j19v3vcg3p1p","operationId":"49m8wtkl8oiqlp5","previousOperationId":"y57vditc5ojeri5"}
{"type":"log","timestamp":1705103189592,"level":"debug","message":"Rendering engine handlebars","meta":{"rootId":"0wd4dy9gjh8lojv","id":"0wd4dy9gjh8lojv"},"id":"wj8fcc6ow19k13m","previousOperationId":"49m8wtkl8oiqlp5"}
{"type":"operationEnd","operationId":"49m8wtkl8oiqlp5","timestamp":1705103189937,"id":"9mt3uwrh5bcd1m3","previousEventId":"3u4xrk7yne80ynu","previousOperationId":"49m8wtkl8oiqlp5"}
{"type":"operationStart","subtype":"recipe","name":"chrome-pdf","timestamp":1705103189938,"id":"a8gtkio6f0vsz8o","previousEventId":"9mt3uwrh5bcd1m3","operationId":"x04cob8moqbbv4o","previousOperationId":"49m8wtkl8oiqlp5"}
{"type":"log","timestamp":1705103189938,"level":"debug","message":"Executing recipe chrome-pdf","meta":{"rootId":"0wd4dy9gjh8lojv","id":"0wd4dy9gjh8lojv"},"id":"r3oh25sy5ctzwhx","previousOperationId":"x04cob8moqbbv4o"}
{"type":"log","timestamp":1705103190412,"level":"debug","message":"Converting with chrome HeadlessChrome/117.0.5938.149 using chrome-pool strategy","meta":{"rootId":"0wd4dy9gjh8lojv","id":"0wd4dy9gjh8lojv"},"id":"e98iymr5yno41g6","previousOperationId":"x04cob8moqbbv4o"}
{"type":"log","timestamp":1705103190510,"level":"debug","message":"Page request: GET (document) file:///tmp/jsreport/autocleanup/fc5f3ab2-60ce-460d-95f5-9a826b372238-chrome-pdf.html","meta":{"rootId":"0wd4dy9gjh8lojv","id":"0wd4dy9gjh8lojv"},"id":"fhthhtefmiosunu","previousOperationId":"x04cob8moqbbv4o"}
{"type":"log","timestamp":1705103190523,"level":"debug","message":"Page request: GET (stylesheet) https://cdnjs.cloudflare.com/ajax/libs/metro/4.1.5/css/metro.min.css","meta":{"rootId":"0wd4dy9gjh8lojv","id":"0wd4dy9gjh8lojv"},"id":"97cgecapye3recr","previousOperationId":"x04cob8moqbbv4o"}
{"type":"log","timestamp":1705103190524,"level":"debug","message":"Page request: GET (script) https://cdnjs.cloudflare.com/ajax/libs/Chart.js/2.7.2/Chart.min.js","meta":{"rootId":"0wd4dy9gjh8lojv","id":"0wd4dy9gjh8lojv"},"id":"y64k5zen0kssdam","previousOperationId":"x04cob8moqbbv4o"}
{"type":"log","timestamp":1705103190525,"level":"debug","message":"Page request finished: GET (document) 200 file:///tmp/jsreport/autocleanup/fc5f3ab2-60ce-460d-95f5-9a826b372238-chrome-pdf.html","meta":{"rootId":"0wd4dy9gjh8lojv","id":"0wd4dy9gjh8lojv"},"id":"zzn26uncw2t0rv0","previousOperationId":"x04cob8moqbbv4o"}
{"type":"log","timestamp":1705103190725,"level":"debug","message":"Page request finished: GET (script) 200 https://cdnjs.cloudflare.com/ajax/libs/Chart.js/2.7.2/Chart.min.js","meta":{"rootId":"0wd4dy9gjh8lojv","id":"0wd4dy9gjh8lojv"},"id":"175937cs6pqbaby","previousOperationId":"x04cob8moqbbv4o"}
{"type":"log","timestamp":1705103190759,"level":"debug","message":"Page request finished: GET (stylesheet) 200 https://cdnjs.cloudflare.com/ajax/libs/metro/4.1.5/css/metro.min.css","meta":{"rootId":"0wd4dy9gjh8lojv","id":"0wd4dy9gjh8lojv"},"id":"5374xmnmxxpr9wt","previousOperationId":"x04cob8moqbbv4o"}
{"type":"log","timestamp":1705103190783,"level":"debug","message":"Running chrome with params {\"printBackground\":true,\"timeout\":58918,\"margin\":{}}","meta":{"rootId":"0wd4dy9gjh8lojv","id":"0wd4dy9gjh8lojv"},"id":"vszo5jl74jw96gl","previousOperationId":"x04cob8moqbbv4o"}
{"type":"operationEnd","operationId":"x04cob8moqbbv4o","timestamp":1705103190818,"id":"onc2iovrqymqm79","previousEventId":"a8gtkio6f0vsz8o","previousOperationId":"x04cob8moqbbv4o"}
{"type":"log","timestamp":1705103190819,"level":"debug","message":"Skipping storing report.","meta":{"rootId":"0wd4dy9gjh8lojv","id":"0wd4dy9gjh8lojv"},"id":"h7cf6m4eqkeq6af","previousOperationId":"x04cob8moqbbv4o"}
{"type":"log","timestamp":1705103190819,"level":"info","message":"Rendering request 1 finished in 1672 ms","meta":{"rootId":"0wd4dy9gjh8lojv","id":"0wd4dy9gjh8lojv"},"id":"9usc5xfhh0tygv8","previousOperationId":"x04cob8moqbbv4o"}
{"type":"operationEnd","subtype":"render","operationId":"mb5ghmo0u534yvp","timestamp":1705103190819,"id":"emlnytfuqqr7zyk","previousEventId":"onc2iovrqymqm79","previousOperationId":"x04cob8moqbbv4o"}
{"type":"operationEnd","doDiffs":false,"previousEventId":"xeatbhxzwf8ku9n","previousOperationId":"nbeq4b21a4hun12","operationId":"nbeq4b21a4hun12","timestamp":1705103190831,"id":"m1nsi9aowwzhcd5"}
