{"type":"operationStart","subtype":"profile","data":{"_id":"xXQbJqrwKCjL7UkT","timestamp":"2024-01-12T15:52:31.146Z","state":"queued","mode":"standard","creationDate":"2024-01-12T15:52:31.147Z","modificationDate":"2024-01-12T15:52:31.147Z","shortid":"ojvfDEe","$entitySet":"profiles"},"doDiffs":false,"timestamp":1705074751146,"id":"83po9qmpjr4ep6h","previousOperationId":null,"operationId":"sqliuunxvb6f0wl"}
{"type":"log","level":"info","message":"Render request 5 queued for execution and waiting for available worker","previousOperationId":"sqliuunxvb6f0wl","timestamp":1705074751146,"id":"npdovwhx6qt9m4p"}
{"type":"operationStart","subtype":"render","name":"activities-users-main","previousOperationId":"sqliuunxvb6f0wl","timestamp":1705074751151,"id":"qqqkp29p69msq1j","previousEventId":"83po9qmpjr4ep6h","operationId":"bb1lmu6lhqyhnm7"}
{"type":"log","timestamp":1705074751151,"level":"info","message":"Starting rendering request 5","meta":{"rootId":"0xwl8ro590fc0t8","id":"0xwl8ro590fc0t8"},"id":"8ri7ylf0qbcslxx","previousOperationId":"bb1lmu6lhqyhnm7"}
{"type":"log","timestamp":1705074751151,"level":"info","message":"Rendering template { name: activities-users-main, recipe: chrome-pdf, engine: handlebars, preview: true }","meta":{"rootId":"0xwl8ro590fc0t8","id":"0xwl8ro590fc0t8"},"id":"4ai2ch3v1h3fg3y","previousOperationId":"bb1lmu6lhqyhnm7"}
{"type":"log","timestamp":1705074751152,"level":"debug","message":"Data item not defined for this template.","meta":{"rootId":"0xwl8ro590fc0t8","id":"0xwl8ro590fc0t8"},"id":"lorac9ghvluvkmb","previousOperationId":"bb1lmu6lhqyhnm7"}
{"type":"log","timestamp":1705074751154,"level":"debug","message":"Base url not specified, skipping its injection.","meta":{"rootId":"0xwl8ro590fc0t8","id":"0xwl8ro590fc0t8"},"id":"r8p6fu1kl9v7owz","previousOperationId":"bb1lmu6lhqyhnm7"}
{"type":"operationStart","subtype":"engine","name":"handlebars","timestamp":1705074751154,"id":"dt76snyf073bo0d","previousEventId":"qqqkp29p69msq1j","operationId":"k54q1ej02dcafym","previousOperationId":"bb1lmu6lhqyhnm7"}
{"type":"log","timestamp":1705074751154,"level":"debug","message":"Rendering engine handlebars","meta":{"rootId":"0xwl8ro590fc0t8","id":"0xwl8ro590fc0t8"},"id":"wr9gsnbua3rwyzo","previousOperationId":"k54q1ej02dcafym"}
{"type":"operationEnd","operationId":"k54q1ej02dcafym","timestamp":1705074751159,"id":"n6wsxgdoukn3nmn","previousEventId":"dt76snyf073bo0d","previousOperationId":"k54q1ej02dcafym"}
{"type":"operationStart","subtype":"recipe","name":"chrome-pdf","timestamp":1705074751160,"id":"m8rr9eljn9ak9e1","previousEventId":"n6wsxgdoukn3nmn","operationId":"g9m0aaz5yfntdwd","previousOperationId":"k54q1ej02dcafym"}
{"type":"log","timestamp":1705074751160,"level":"debug","message":"Executing recipe chrome-pdf","meta":{"rootId":"0xwl8ro590fc0t8","id":"0xwl8ro590fc0t8"},"id":"2vcsw0svcaibmu2","previousOperationId":"g9m0aaz5yfntdwd"}
{"type":"log","timestamp":1705074751160,"level":"debug","message":"Converting with chrome HeadlessChrome/117.0.5938.149 using chrome-pool strategy","meta":{"rootId":"0xwl8ro590fc0t8","id":"0xwl8ro590fc0t8"},"id":"vumuo61o4mbja1m","previousOperationId":"g9m0aaz5yfntdwd"}
{"type":"log","timestamp":1705074751180,"level":"debug","message":"Page request: GET (document) file:///tmp/jsreport/autocleanup/a1a45f48-70df-46b9-bdb6-c41313567393-chrome-pdf.html","meta":{"rootId":"0xwl8ro590fc0t8","id":"0xwl8ro590fc0t8"},"id":"izequ2snj0qs0hv","previousOperationId":"g9m0aaz5yfntdwd"}
{"type":"log","timestamp":1705074751185,"level":"debug","message":"Page request: GET (stylesheet) https://cdnjs.cloudflare.com/ajax/libs/metro/4.1.5/css/metro.min.css","meta":{"rootId":"0xwl8ro590fc0t8","id":"0xwl8ro590fc0t8"},"id":"wny7g5uw02quyms","previousOperationId":"g9m0aaz5yfntdwd"}
{"type":"log","timestamp":1705074751186,"level":"debug","message":"Page request: GET (script) https://cdnjs.cloudflare.com/ajax/libs/Chart.js/2.7.2/Chart.min.js","meta":{"rootId":"0xwl8ro590fc0t8","id":"0xwl8ro590fc0t8"},"id":"2hq43fzpo711vnp","previousOperationId":"g9m0aaz5yfntdwd"}
{"type":"log","timestamp":1705074751186,"level":"debug","message":"Page request finished: GET (document) 200 file:///tmp/jsreport/autocleanup/a1a45f48-70df-46b9-bdb6-c41313567393-chrome-pdf.html","meta":{"rootId":"0xwl8ro590fc0t8","id":"0xwl8ro590fc0t8"},"id":"0m75xy42vqd6eeo","previousOperationId":"g9m0aaz5yfntdwd"}
{"type":"log","timestamp":1705074751189,"level":"debug","message":"Page request finished: GET (script) 200 https://cdnjs.cloudflare.com/ajax/libs/Chart.js/2.7.2/Chart.min.js","meta":{"rootId":"0xwl8ro590fc0t8","id":"0xwl8ro590fc0t8"},"id":"qova303eosj7ub4","previousOperationId":"g9m0aaz5yfntdwd"}
{"type":"log","timestamp":1705074751196,"level":"debug","message":"Page request finished: GET (stylesheet) 200 https://cdnjs.cloudflare.com/ajax/libs/metro/4.1.5/css/metro.min.css","meta":{"rootId":"0xwl8ro590fc0t8","id":"0xwl8ro590fc0t8"},"id":"c44nn9sgworn4fr","previousOperationId":"g9m0aaz5yfntdwd"}
{"type":"log","timestamp":1705074751201,"level":"debug","message":"Running chrome with params {\"printBackground\":true,\"timeout\":59986,\"margin\":{}}","meta":{"rootId":"0xwl8ro590fc0t8","id":"0xwl8ro590fc0t8"},"id":"s94cwk35jjr4oec","previousOperationId":"g9m0aaz5yfntdwd"}
{"type":"operationEnd","operationId":"g9m0aaz5yfntdwd","timestamp":1705074751212,"id":"7msotm3te1zwevx","previousEventId":"m8rr9eljn9ak9e1","previousOperationId":"g9m0aaz5yfntdwd"}
{"type":"log","timestamp":1705074751212,"level":"debug","message":"Skipping storing report.","meta":{"rootId":"0xwl8ro590fc0t8","id":"0xwl8ro590fc0t8"},"id":"tius2ncdthqq4yv","previousOperationId":"g9m0aaz5yfntdwd"}
{"type":"log","timestamp":1705074751213,"level":"info","message":"Rendering request 5 finished in 67 ms","meta":{"rootId":"0xwl8ro590fc0t8","id":"0xwl8ro590fc0t8"},"id":"poaoh7ej1d5rymh","previousOperationId":"g9m0aaz5yfntdwd"}
{"type":"operationEnd","subtype":"render","operationId":"bb1lmu6lhqyhnm7","timestamp":1705074751213,"id":"hbbuhmwr3lgrpe8","previousEventId":"7msotm3te1zwevx","previousOperationId":"g9m0aaz5yfntdwd"}
{"type":"operationEnd","doDiffs":false,"previousEventId":"83po9qmpjr4ep6h","previousOperationId":"sqliuunxvb6f0wl","operationId":"sqliuunxvb6f0wl","timestamp":1705074751219,"id":"y0l6mmfvhcs882t"}
