{"type":"operationStart","subtype":"profile","data":{"_id":"82QlwMQmU7kigo9y","timestamp":"2024-01-15T16:54:49.305Z","state":"queued","mode":"standard","creationDate":"2024-01-15T16:54:49.306Z","modificationDate":"2024-01-15T16:54:49.306Z","shortid":"hTFK0SS","$entitySet":"profiles"},"doDiffs":false,"timestamp":1705337689305,"id":"r7png1mcb707cqg","previousOperationId":null,"operationId":"q1tv4rndvj5n5jf"}
{"type":"log","level":"info","message":"Render request 3 queued for execution and waiting for available worker","previousOperationId":"q1tv4rndvj5n5jf","timestamp":1705337689306,"id":"1rzdzqpqbe7ybfi"}
{"type":"operationStart","subtype":"render","name":"activities-users-main","previousOperationId":"q1tv4rndvj5n5jf","timestamp":1705337689312,"id":"mtz496jw5j3wxf5","previousEventId":"r7png1mcb707cqg","operationId":"f9vjnf3sv79szqk"}
{"type":"log","timestamp":1705337689312,"level":"info","message":"Starting rendering request 3","meta":{"rootId":"11olvdd4pp5ums7","id":"11olvdd4pp5ums7"},"id":"dcuz0i5sdajxiwm","previousOperationId":"f9vjnf3sv79szqk"}
{"type":"log","timestamp":1705337689312,"level":"info","message":"Rendering template { name: activities-users-main, recipe: chrome-pdf, engine: handlebars, preview: true }","meta":{"rootId":"11olvdd4pp5ums7","id":"11olvdd4pp5ums7"},"id":"ccj9htjnhl1061r","previousOperationId":"f9vjnf3sv79szqk"}
{"type":"log","timestamp":1705337689312,"level":"debug","message":"Data item not defined for this template.","meta":{"rootId":"11olvdd4pp5ums7","id":"11olvdd4pp5ums7"},"id":"448e8ggd4re3c6r","previousOperationId":"f9vjnf3sv79szqk"}
{"type":"log","timestamp":1705337689314,"level":"debug","message":"Executing script users-script (beforeRender)","meta":{"rootId":"11olvdd4pp5ums7","id":"11olvdd4pp5ums7"},"id":"9b95pyprkodojbt","previousOperationId":"f9vjnf3sv79szqk"}
{"type":"operationStart","subtype":"scriptsBeforeRender","name":"scripts beforeRender","timestamp":1705337689335,"id":"kfka8gwiqigoafd","previousEventId":"mtz496jw5j3wxf5","operationId":"w3cuvadri9lz25p","previousOperationId":"f9vjnf3sv79szqk"}
{"type":"operationStart","subtype":"script","name":"scripts users-script","previousOperationId":"w3cuvadri9lz25p","timestamp":1705337689335,"id":"ttnepb7xmrleq7q","previousEventId":"kfka8gwiqigoafd","operationId":"bhdy2arn8vdbna6"}
{"type":"operationEnd","operationId":"bhdy2arn8vdbna6","timestamp":1705337689383,"id":"cwoqz5zyg8wkgwt","previousEventId":"mtz496jw5j3wxf5","previousOperationId":"f9vjnf3sv79szqk"}
{"type":"operationEnd","operationId":"w3cuvadri9lz25p","timestamp":1705337689383,"id":"4vc3yb8l0o2xmso","previousEventId":"cwoqz5zyg8wkgwt","previousOperationId":"f9vjnf3sv79szqk"}
{"type":"log","timestamp":1705337689383,"level":"debug","message":"Base url not specified, skipping its injection.","meta":{"rootId":"11olvdd4pp5ums7","id":"11olvdd4pp5ums7"},"id":"afycsemy7xg7lku","previousOperationId":"w3cuvadri9lz25p"}
{"type":"operationStart","subtype":"engine","name":"handlebars","timestamp":1705337689383,"id":"hpqq648d8z9gtzr","previousEventId":"4vc3yb8l0o2xmso","operationId":"zmmfizjoq5pwlgx","previousOperationId":"w3cuvadri9lz25p"}
{"type":"log","timestamp":1705337689383,"level":"debug","message":"Rendering engine handlebars","meta":{"rootId":"11olvdd4pp5ums7","id":"11olvdd4pp5ums7"},"id":"2ctcdm05piag4cx","previousOperationId":"zmmfizjoq5pwlgx"}
{"type":"operationEnd","operationId":"zmmfizjoq5pwlgx","timestamp":1705337689389,"id":"haiptja5ak2608a","previousEventId":"hpqq648d8z9gtzr","previousOperationId":"zmmfizjoq5pwlgx"}
{"type":"operationStart","subtype":"recipe","name":"chrome-pdf","timestamp":1705337689390,"id":"8bdf52qbjnsm2i5","previousEventId":"haiptja5ak2608a","operationId":"06au5375uiqpezn","previousOperationId":"zmmfizjoq5pwlgx"}
{"type":"log","timestamp":1705337689390,"level":"debug","message":"Executing recipe chrome-pdf","meta":{"rootId":"11olvdd4pp5ums7","id":"11olvdd4pp5ums7"},"id":"54df2ro8njykvzm","previousOperationId":"06au5375uiqpezn"}
{"type":"log","timestamp":1705337689391,"level":"debug","message":"Converting with chrome HeadlessChrome/117.0.5938.149 using chrome-pool strategy","meta":{"rootId":"11olvdd4pp5ums7","id":"11olvdd4pp5ums7"},"id":"tfd295vm03tuaf5","previousOperationId":"06au5375uiqpezn"}
{"type":"log","timestamp":1705337689412,"level":"debug","message":"Page request: GET (document) file:///tmp/jsreport/autocleanup/c44289a5-71ed-4ead-9436-699590b918b7-chrome-pdf.html","meta":{"rootId":"11olvdd4pp5ums7","id":"11olvdd4pp5ums7"},"id":"nz40xnygx5ghckz","previousOperationId":"06au5375uiqpezn"}
{"type":"log","timestamp":1705337689418,"level":"debug","message":"Page request: GET (stylesheet) https://cdn.jsdelivr.net/chartist.js/latest/chartist.min.css","meta":{"rootId":"11olvdd4pp5ums7","id":"11olvdd4pp5ums7"},"id":"ch612vl4py5g0iy","previousOperationId":"06au5375uiqpezn"}
{"type":"log","timestamp":1705337689418,"level":"debug","message":"Page request: GET (script) https://cdn.jsdelivr.net/chartist.js/latest/chartist.min.js","meta":{"rootId":"11olvdd4pp5ums7","id":"11olvdd4pp5ums7"},"id":"kgjf7o3x585u7ar","previousOperationId":"06au5375uiqpezn"}
{"type":"log","timestamp":1705337689418,"level":"debug","message":"Page request finished: GET (document) 200 file:///tmp/jsreport/autocleanup/c44289a5-71ed-4ead-9436-699590b918b7-chrome-pdf.html","meta":{"rootId":"11olvdd4pp5ums7","id":"11olvdd4pp5ums7"},"id":"wqq5a0u3s5wvkf1","previousOperationId":"06au5375uiqpezn"}
{"type":"log","timestamp":1705337689419,"level":"debug","message":"Page request finished: GET (stylesheet) 200 https://cdn.jsdelivr.net/chartist.js/latest/chartist.min.css","meta":{"rootId":"11olvdd4pp5ums7","id":"11olvdd4pp5ums7"},"id":"aa386oqjb9mad1p","previousOperationId":"06au5375uiqpezn"}
{"type":"log","timestamp":1705337689421,"level":"debug","message":"Page request finished: GET (script) 200 https://cdn.jsdelivr.net/chartist.js/latest/chartist.min.js","meta":{"rootId":"11olvdd4pp5ums7","id":"11olvdd4pp5ums7"},"id":"hkpomiz6zehw485","previousOperationId":"06au5375uiqpezn"}
{"type":"log","timestamp":1705337689431,"level":"debug","message":"Running chrome with params {\"printBackground\":true,\"timeout\":59914,\"margin\":{}}","meta":{"rootId":"11olvdd4pp5ums7","id":"11olvdd4pp5ums7"},"id":"eq3whars4iarzet","previousOperationId":"06au5375uiqpezn"}
{"type":"operationEnd","operationId":"06au5375uiqpezn","timestamp":1705337689441,"id":"ardh89olcr3o6ip","previousEventId":"8bdf52qbjnsm2i5","previousOperationId":"06au5375uiqpezn"}
{"type":"log","timestamp":1705337689442,"level":"debug","message":"Executing script users-script (afterRender)","meta":{"rootId":"11olvdd4pp5ums7","id":"11olvdd4pp5ums7"},"id":"7702syuad0rz7nb","previousOperationId":"06au5375uiqpezn"}
{"type":"operationStart","subtype":"scriptsAfterRender","name":"scripts afterRender","timestamp":1705337689445,"id":"j3n0fnfniztmydu","previousEventId":"ardh89olcr3o6ip","operationId":"uuv7j2xsziuhr7k","previousOperationId":"06au5375uiqpezn"}
{"type":"operationStart","subtype":"script","name":"scripts users-script","previousOperationId":"uuv7j2xsziuhr7k","timestamp":1705337689445,"id":"643ef78rspxlxcq","previousEventId":"j3n0fnfniztmydu","operationId":"8h0q55c8ahbaa6n"}
{"type":"operationEnd","operationId":"8h0q55c8ahbaa6n","timestamp":1705337689447,"id":"pnogvke7qdv3nm5","previousEventId":"ardh89olcr3o6ip","previousOperationId":"06au5375uiqpezn"}
{"type":"operationEnd","operationId":"uuv7j2xsziuhr7k","timestamp":1705337689447,"id":"zq2lq6dy8d3vflb","previousEventId":"pnogvke7qdv3nm5","previousOperationId":"06au5375uiqpezn"}
{"type":"log","timestamp":1705337689447,"level":"debug","message":"Skipping storing report.","meta":{"rootId":"11olvdd4pp5ums7","id":"11olvdd4pp5ums7"},"id":"1smh7fn9lcw5wes","previousOperationId":"uuv7j2xsziuhr7k"}
{"type":"log","timestamp":1705337689447,"level":"info","message":"Rendering request 3 finished in 143 ms","meta":{"rootId":"11olvdd4pp5ums7","id":"11olvdd4pp5ums7"},"id":"vaklnw46ibgxsbq","previousOperationId":"uuv7j2xsziuhr7k"}
{"type":"operationEnd","subtype":"render","operationId":"f9vjnf3sv79szqk","timestamp":1705337689447,"id":"ievc4bhcd6uizim","previousEventId":"zq2lq6dy8d3vflb","previousOperationId":"uuv7j2xsziuhr7k"}
{"type":"operationEnd","doDiffs":false,"previousEventId":"r7png1mcb707cqg","previousOperationId":"q1tv4rndvj5n5jf","operationId":"q1tv4rndvj5n5jf","timestamp":1705337689449,"id":"ooy7661x3zc5bz9"}
