{"type":"operationStart","subtype":"profile","data":{"_id":"8NBLn757fV3PbJIu","timestamp":"2024-01-12T23:39:21.943Z","state":"queued","mode":"standard","creationDate":"2024-01-12T23:39:21.946Z","modificationDate":"2024-01-12T23:39:21.946Z","shortid":"Ngc6fvS","$entitySet":"profiles"},"doDiffs":false,"timestamp":1705102761945,"id":"otjjt9g5uzatbdh","previousOperationId":null,"operationId":"rbfwdqcn4szb6tl"}
{"type":"log","level":"info","message":"Render request 5 queued for execution and waiting for available worker","previousOperationId":"rbfwdqcn4szb6tl","timestamp":1705102761945,"id":"r6ebz85mblju0yc"}
{"type":"operationStart","subtype":"render","name":"activities-users-main","previousOperationId":"rbfwdqcn4szb6tl","timestamp":1705102761958,"id":"isvcr67uv3emyg8","previousEventId":"otjjt9g5uzatbdh","operationId":"zy3r71dhwvcdfj8"}
{"type":"log","timestamp":1705102761958,"level":"info","message":"Starting rendering request 5","meta":{"rootId":"16spwd0ienvtkll","id":"16spwd0ienvtkll"},"id":"vfyy0j8r9lk7d9o","previousOperationId":"zy3r71dhwvcdfj8"}
{"type":"log","timestamp":1705102761959,"level":"info","message":"Rendering template { name: activities-users-main, recipe: chrome-pdf, engine: handlebars, preview: true }","meta":{"rootId":"16spwd0ienvtkll","id":"16spwd0ienvtkll"},"id":"c1d0vdczlmu1cnx","previousOperationId":"zy3r71dhwvcdfj8"}
{"type":"log","timestamp":1705102761959,"level":"debug","message":"Data item not defined for this template.","meta":{"rootId":"16spwd0ienvtkll","id":"16spwd0ienvtkll"},"id":"ht38a2h5w7megeq","previousOperationId":"zy3r71dhwvcdfj8"}
{"type":"log","timestamp":1705102761963,"level":"debug","message":"Executing script users-script (beforeRender)","meta":{"rootId":"16spwd0ienvtkll","id":"16spwd0ienvtkll"},"id":"5t02qkv17kuz7de","previousOperationId":"zy3r71dhwvcdfj8"}
{"type":"operationStart","subtype":"scriptsBeforeRender","name":"scripts beforeRender","timestamp":1705102761972,"id":"5vnmcxids9qoam6","previousEventId":"isvcr67uv3emyg8","operationId":"m99dwoemf9xvrrz","previousOperationId":"zy3r71dhwvcdfj8"}
{"type":"operationStart","subtype":"script","name":"scripts users-script","previousOperationId":"m99dwoemf9xvrrz","timestamp":1705102761972,"id":"t3w5tva0dbmhh28","previousEventId":"5vnmcxids9qoam6","operationId":"ud44ft26o9blkob"}
{"type":"operationEnd","operationId":"ud44ft26o9blkob","timestamp":1705102762098,"id":"cvh2pf2tqad1j0j","previousEventId":"isvcr67uv3emyg8","previousOperationId":"zy3r71dhwvcdfj8"}
{"type":"operationEnd","operationId":"m99dwoemf9xvrrz","timestamp":1705102762098,"id":"8ijc29ogschkuc6","previousEventId":"cvh2pf2tqad1j0j","previousOperationId":"zy3r71dhwvcdfj8"}
{"type":"log","timestamp":1705102762098,"level":"debug","message":"Base url not specified, skipping its injection.","meta":{"rootId":"16spwd0ienvtkll","id":"16spwd0ienvtkll"},"id":"u97eszrp1ksggt2","previousOperationId":"m99dwoemf9xvrrz"}
{"type":"operationStart","subtype":"engine","name":"handlebars","timestamp":1705102762098,"id":"0wnjavbbpb4w9xp","previousEventId":"8ijc29ogschkuc6","operationId":"14hm28gqvce0s5m","previousOperationId":"m99dwoemf9xvrrz"}
{"type":"log","timestamp":1705102762098,"level":"debug","message":"Rendering engine handlebars","meta":{"rootId":"16spwd0ienvtkll","id":"16spwd0ienvtkll"},"id":"wrsxj3z0zirhc3e","previousOperationId":"14hm28gqvce0s5m"}
{"type":"operationEnd","operationId":"14hm28gqvce0s5m","timestamp":1705102762117,"id":"06076ci2yp9f5vo","previousEventId":"0wnjavbbpb4w9xp","previousOperationId":"14hm28gqvce0s5m"}
{"type":"operationStart","subtype":"recipe","name":"chrome-pdf","timestamp":1705102762117,"id":"zonzakiyw1kpkzb","previousEventId":"06076ci2yp9f5vo","operationId":"t0fvnqfl6hbva4a","previousOperationId":"14hm28gqvce0s5m"}
{"type":"log","timestamp":1705102762117,"level":"debug","message":"Executing recipe chrome-pdf","meta":{"rootId":"16spwd0ienvtkll","id":"16spwd0ienvtkll"},"id":"1u81met45dcqhsa","previousOperationId":"t0fvnqfl6hbva4a"}
{"type":"log","timestamp":1705102762120,"level":"debug","message":"Converting with chrome HeadlessChrome/117.0.5938.149 using chrome-pool strategy","meta":{"rootId":"16spwd0ienvtkll","id":"16spwd0ienvtkll"},"id":"abpwpwx2dguxdue","previousOperationId":"t0fvnqfl6hbva4a"}
{"type":"log","timestamp":1705102762175,"level":"debug","message":"Page request: GET (document) file:///tmp/jsreport/autocleanup/65259538-fe26-4b32-88d6-825f0d01dbc2-chrome-pdf.html","meta":{"rootId":"16spwd0ienvtkll","id":"16spwd0ienvtkll"},"id":"ubazqkvlghmqt46","previousOperationId":"t0fvnqfl6hbva4a"}
{"type":"log","timestamp":1705102762190,"level":"debug","message":"Page request: GET (stylesheet) https://cdnjs.cloudflare.com/ajax/libs/metro/4.1.5/css/metro.min.css","meta":{"rootId":"16spwd0ienvtkll","id":"16spwd0ienvtkll"},"id":"ussozno3bwngkck","previousOperationId":"t0fvnqfl6hbva4a"}
{"type":"log","timestamp":1705102762191,"level":"debug","message":"Page request: GET (script) https://cdnjs.cloudflare.com/ajax/libs/Chart.js/2.7.2/Chart.min.js","meta":{"rootId":"16spwd0ienvtkll","id":"16spwd0ienvtkll"},"id":"zebf97k6fhir2sf","previousOperationId":"t0fvnqfl6hbva4a"}
{"type":"log","timestamp":1705102762191,"level":"debug","message":"Page request finished: GET (document) 200 file:///tmp/jsreport/autocleanup/65259538-fe26-4b32-88d6-825f0d01dbc2-chrome-pdf.html","meta":{"rootId":"16spwd0ienvtkll","id":"16spwd0ienvtkll"},"id":"wnd5upqawg8u4w8","previousOperationId":"t0fvnqfl6hbva4a"}
{"type":"log","timestamp":1705102762198,"level":"debug","message":"Page request finished: GET (script) 200 https://cdnjs.cloudflare.com/ajax/libs/Chart.js/2.7.2/Chart.min.js","meta":{"rootId":"16spwd0ienvtkll","id":"16spwd0ienvtkll"},"id":"blyjvp7nd6gy8jo","previousOperationId":"t0fvnqfl6hbva4a"}
{"type":"log","timestamp":1705102762216,"level":"debug","message":"Page request finished: GET (stylesheet) 200 https://cdnjs.cloudflare.com/ajax/libs/metro/4.1.5/css/metro.min.css","meta":{"rootId":"16spwd0ienvtkll","id":"16spwd0ienvtkll"},"id":"no1yvx59d34vqm1","previousOperationId":"t0fvnqfl6hbva4a"}
{"type":"log","timestamp":1705102762222,"level":"warn","message":"Page error: Unexpected token ';' , stack: SyntaxError: Unexpected token ';'","meta":{"rootId":"16spwd0ienvtkll","id":"16spwd0ienvtkll"},"id":"e1vc6zo0zwjc10g","previousOperationId":"t0fvnqfl6hbva4a"}
{"type":"log","timestamp":1705102762232,"level":"debug","message":"Running chrome with params {\"printBackground\":true,\"timeout\":59824,\"margin\":{}}","meta":{"rootId":"16spwd0ienvtkll","id":"16spwd0ienvtkll"},"id":"n93wxyvc656vu1f","previousOperationId":"t0fvnqfl6hbva4a"}
{"type":"operationEnd","operationId":"t0fvnqfl6hbva4a","timestamp":1705102762262,"id":"fragc0p1yk45nfx","previousEventId":"zonzakiyw1kpkzb","previousOperationId":"t0fvnqfl6hbva4a"}
{"type":"log","timestamp":1705102762263,"level":"debug","message":"Skipping storing report.","meta":{"rootId":"16spwd0ienvtkll","id":"16spwd0ienvtkll"},"id":"hrdhxfymp23fhcx","previousOperationId":"t0fvnqfl6hbva4a"}
{"type":"log","timestamp":1705102762263,"level":"info","message":"Rendering request 5 finished in 320 ms","meta":{"rootId":"16spwd0ienvtkll","id":"16spwd0ienvtkll"},"id":"owlg9t5kvb1mo44","previousOperationId":"t0fvnqfl6hbva4a"}
{"type":"operationEnd","subtype":"render","operationId":"zy3r71dhwvcdfj8","timestamp":1705102762263,"id":"irs82s6mrgouuro","previousEventId":"fragc0p1yk45nfx","previousOperationId":"t0fvnqfl6hbva4a"}
{"type":"operationEnd","doDiffs":false,"previousEventId":"otjjt9g5uzatbdh","previousOperationId":"rbfwdqcn4szb6tl","operationId":"rbfwdqcn4szb6tl","timestamp":1705102762274,"id":"0l0hl83yr4h3bxg"}
