{"type":"operationStart","subtype":"profile","data":{"_id":"9chzVGkC5aXJIoXF","timestamp":"2024-01-15T10:42:31.906Z","state":"queued","mode":"standard","creationDate":"2024-01-15T10:42:31.912Z","modificationDate":"2024-01-15T10:42:31.912Z","shortid":"E4UUQDF","$entitySet":"profiles"},"doDiffs":false,"timestamp":1705315351908,"id":"d1aw0ma2f003oi6","previousOperationId":null,"operationId":"kmeg4ni8vkfa9q0"}
{"type":"log","level":"info","message":"Render request 1 queued for execution and waiting for available worker","previousOperationId":"kmeg4ni8vkfa9q0","timestamp":1705315351910,"id":"2i771oishvm95wt"}
{"type":"operationStart","subtype":"render","name":"activities-users-main","previousOperationId":"kmeg4ni8vkfa9q0","timestamp":1705315351954,"id":"fr4de4x9evma2v6","previousEventId":"d1aw0ma2f003oi6","operationId":"p0pmdvo3t3eoi1g"}
{"type":"log","timestamp":1705315351956,"level":"info","message":"Starting rendering request 1","meta":{"rootId":"2982vcdtpd89o6i","id":"2982vcdtpd89o6i"},"id":"txoenrjjggk9h5n","previousOperationId":"p0pmdvo3t3eoi1g"}
{"type":"log","timestamp":1705315351957,"level":"info","message":"Rendering template { name: activities-users-main, recipe: chrome-pdf, engine: handlebars, preview: true }","meta":{"rootId":"2982vcdtpd89o6i","id":"2982vcdtpd89o6i"},"id":"yjuq9ojhymqdg6m","previousOperationId":"p0pmdvo3t3eoi1g"}
{"type":"log","timestamp":1705315351960,"level":"debug","message":"Data item not defined for this template.","meta":{"rootId":"2982vcdtpd89o6i","id":"2982vcdtpd89o6i"},"id":"tsh2ubcf824290i","previousOperationId":"p0pmdvo3t3eoi1g"}
{"type":"log","timestamp":1705315351965,"level":"debug","message":"Executing script users-script (beforeRender)","meta":{"rootId":"2982vcdtpd89o6i","id":"2982vcdtpd89o6i"},"id":"4vey4sw5nikxhrw","previousOperationId":"p0pmdvo3t3eoi1g"}
{"type":"operationStart","subtype":"scriptsBeforeRender","name":"scripts beforeRender","timestamp":1705315352235,"id":"vu6vr50x7wmdfbv","previousEventId":"fr4de4x9evma2v6","operationId":"53du4xba4nstbiy","previousOperationId":"p0pmdvo3t3eoi1g"}
{"type":"operationStart","subtype":"script","name":"scripts users-script","previousOperationId":"53du4xba4nstbiy","timestamp":1705315352235,"id":"7kz20x4eab843u8","previousEventId":"vu6vr50x7wmdfbv","operationId":"02ewa3vpneq59ae"}
{"type":"operationEnd","operationId":"02ewa3vpneq59ae","timestamp":1705315353073,"id":"ciqgknqu1kgcnne","previousEventId":"fr4de4x9evma2v6","previousOperationId":"p0pmdvo3t3eoi1g"}
{"type":"operationEnd","operationId":"53du4xba4nstbiy","timestamp":1705315353073,"id":"ofcntnvgm745e49","previousEventId":"ciqgknqu1kgcnne","previousOperationId":"p0pmdvo3t3eoi1g"}
{"type":"log","timestamp":1705315353073,"level":"debug","message":"Base url not specified, skipping its injection.","meta":{"rootId":"2982vcdtpd89o6i","id":"2982vcdtpd89o6i"},"id":"egtr3kytta1k82n","previousOperationId":"53du4xba4nstbiy"}
{"type":"operationStart","subtype":"engine","name":"handlebars","timestamp":1705315353074,"id":"6z4bsqp0loh3ypn","previousEventId":"ofcntnvgm745e49","operationId":"sugyvqc6q8hpcyc","previousOperationId":"53du4xba4nstbiy"}
{"type":"log","timestamp":1705315353074,"level":"debug","message":"Rendering engine handlebars","meta":{"rootId":"2982vcdtpd89o6i","id":"2982vcdtpd89o6i"},"id":"zj9kkkd6bc9dqpr","previousOperationId":"sugyvqc6q8hpcyc"}
{"type":"operationEnd","operationId":"sugyvqc6q8hpcyc","timestamp":1705315353441,"id":"29acwexujas7t22","previousEventId":"6z4bsqp0loh3ypn","previousOperationId":"sugyvqc6q8hpcyc"}
{"type":"operationStart","subtype":"recipe","name":"chrome-pdf","timestamp":1705315353441,"id":"zadppw26f897ty0","previousEventId":"29acwexujas7t22","operationId":"ctt6s41hxf016pg","previousOperationId":"sugyvqc6q8hpcyc"}
{"type":"log","timestamp":1705315353442,"level":"debug","message":"Executing recipe chrome-pdf","meta":{"rootId":"2982vcdtpd89o6i","id":"2982vcdtpd89o6i"},"id":"t0y9d7k3379lnd1","previousOperationId":"ctt6s41hxf016pg"}
{"type":"log","timestamp":1705315354558,"level":"debug","message":"Converting with chrome HeadlessChrome/117.0.5938.149 using chrome-pool strategy","meta":{"rootId":"2982vcdtpd89o6i","id":"2982vcdtpd89o6i"},"id":"acoha1paqoqv50e","previousOperationId":"ctt6s41hxf016pg"}
{"type":"log","timestamp":1705315354899,"level":"debug","message":"Page request: GET (document) file:///tmp/jsreport/autocleanup/438b308f-9f93-414b-b358-0db703b4dbf7-chrome-pdf.html","meta":{"rootId":"2982vcdtpd89o6i","id":"2982vcdtpd89o6i"},"id":"m14nz6x42hopkjj","previousOperationId":"ctt6s41hxf016pg"}
{"type":"log","timestamp":1705315354925,"level":"debug","message":"Page request: GET (stylesheet) https://cdn.jsdelivr.net/chartist.js/latest/chartist.min.css","meta":{"rootId":"2982vcdtpd89o6i","id":"2982vcdtpd89o6i"},"id":"ndnm10gz28gid80","previousOperationId":"ctt6s41hxf016pg"}
{"type":"log","timestamp":1705315354926,"level":"debug","message":"Page request: GET (script) https://cdn.jsdelivr.net/chartist.js/latest/chartist.min.js","meta":{"rootId":"2982vcdtpd89o6i","id":"2982vcdtpd89o6i"},"id":"4cap3dicl5vaf0p","previousOperationId":"ctt6s41hxf016pg"}
{"type":"log","timestamp":1705315354927,"level":"debug","message":"Page request finished: GET (document) 200 file:///tmp/jsreport/autocleanup/438b308f-9f93-414b-b358-0db703b4dbf7-chrome-pdf.html","meta":{"rootId":"2982vcdtpd89o6i","id":"2982vcdtpd89o6i"},"id":"clgj2gtgoejkvq8","previousOperationId":"ctt6s41hxf016pg"}
{"type":"log","timestamp":1705315355116,"level":"debug","message":"Page request finished: GET (stylesheet) 200 https://cdn.jsdelivr.net/chartist.js/latest/chartist.min.css","meta":{"rootId":"2982vcdtpd89o6i","id":"2982vcdtpd89o6i"},"id":"zcxnsst08pz7xbs","previousOperationId":"ctt6s41hxf016pg"}
{"type":"log","timestamp":1705315355120,"level":"debug","message":"Page request finished: GET (script) 200 https://cdn.jsdelivr.net/chartist.js/latest/chartist.min.js","meta":{"rootId":"2982vcdtpd89o6i","id":"2982vcdtpd89o6i"},"id":"dzd68ldz4hwziur","previousOperationId":"ctt6s41hxf016pg"}
{"type":"log","timestamp":1705315355185,"level":"debug","message":"Running chrome with params {\"printBackground\":true,\"timeout\":58168,\"margin\":{}}","meta":{"rootId":"2982vcdtpd89o6i","id":"2982vcdtpd89o6i"},"id":"ny0rbfo3hk56w0m","previousOperationId":"ctt6s41hxf016pg"}
{"type":"operationEnd","operationId":"ctt6s41hxf016pg","timestamp":1705315355255,"id":"ohnwu6f9byxejg4","previousEventId":"zadppw26f897ty0","previousOperationId":"ctt6s41hxf016pg"}
{"type":"log","timestamp":1705315355256,"level":"debug","message":"Skipping storing report.","meta":{"rootId":"2982vcdtpd89o6i","id":"2982vcdtpd89o6i"},"id":"h2cfi8eb96pj6gi","previousOperationId":"ctt6s41hxf016pg"}
{"type":"log","timestamp":1705315355256,"level":"info","message":"Rendering request 1 finished in 3350 ms","meta":{"rootId":"2982vcdtpd89o6i","id":"2982vcdtpd89o6i"},"id":"i4dq4a329khcg8r","previousOperationId":"ctt6s41hxf016pg"}
{"type":"operationEnd","subtype":"render","operationId":"p0pmdvo3t3eoi1g","timestamp":1705315355257,"id":"8l13e4uh4guedgt","previousEventId":"ohnwu6f9byxejg4","previousOperationId":"ctt6s41hxf016pg"}
{"type":"operationEnd","doDiffs":false,"previousEventId":"d1aw0ma2f003oi6","previousOperationId":"kmeg4ni8vkfa9q0","operationId":"kmeg4ni8vkfa9q0","timestamp":1705315355266,"id":"kj6lsh8t8vdmvsp"}
