{"type":"operationStart","subtype":"profile","data":{"_id":"DdtrLo2yBr1UbKef","timestamp":"2024-01-14T23:10:05.846Z","state":"queued","mode":"standard","creationDate":"2024-01-14T23:10:05.847Z","modificationDate":"2024-01-14T23:10:05.847Z","shortid":"ECcEvPQ","$entitySet":"profiles"},"doDiffs":false,"timestamp":1705273805846,"id":"oaqho40bv2vcjlq","previousOperationId":null,"operationId":"ndm77yub7ke1iio"}
{"type":"log","level":"info","message":"Render request 161 queued for execution and waiting for available worker","previousOperationId":"ndm77yub7ke1iio","timestamp":1705273805847,"id":"g80jimeefwkf3r7"}
{"type":"operationStart","subtype":"render","name":"activities-users-main","previousOperationId":"ndm77yub7ke1iio","timestamp":1705273805853,"id":"x4her17zy6qlzwv","previousEventId":"oaqho40bv2vcjlq","operationId":"a7p6gjqo6z4sp57"}
{"type":"log","timestamp":1705273805853,"level":"info","message":"Starting rendering request 161","meta":{"rootId":"2cxb6axq83owra4","id":"2cxb6axq83owra4"},"id":"1t3g2era21uitj8","previousOperationId":"a7p6gjqo6z4sp57"}
{"type":"log","timestamp":1705273805853,"level":"info","message":"Rendering template { name: activities-users-main, recipe: chrome-pdf, engine: handlebars, preview: true }","meta":{"rootId":"2cxb6axq83owra4","id":"2cxb6axq83owra4"},"id":"7ycmaiv5gs2t1rk","previousOperationId":"a7p6gjqo6z4sp57"}
{"type":"log","timestamp":1705273805853,"level":"debug","message":"Data item not defined for this template.","meta":{"rootId":"2cxb6axq83owra4","id":"2cxb6axq83owra4"},"id":"4p1094k2ac9dztv","previousOperationId":"a7p6gjqo6z4sp57"}
{"type":"log","timestamp":1705273805855,"level":"debug","message":"Executing script users-script (beforeRender)","meta":{"rootId":"2cxb6axq83owra4","id":"2cxb6axq83owra4"},"id":"5rtaobk1phveeki","previousOperationId":"a7p6gjqo6z4sp57"}
{"type":"operationStart","subtype":"scriptsBeforeRender","name":"scripts beforeRender","timestamp":1705273805858,"id":"1vgianiaczexp6c","previousEventId":"x4her17zy6qlzwv","operationId":"0bca6ooqfno1ic1","previousOperationId":"a7p6gjqo6z4sp57"}
{"type":"operationStart","subtype":"script","name":"scripts users-script","previousOperationId":"0bca6ooqfno1ic1","timestamp":1705273805858,"id":"9xkyl00dszjhesa","previousEventId":"1vgianiaczexp6c","operationId":"cbpsx1j4odq1mnc"}
{"type":"log","timestamp":1705273805859,"level":"debug","message":"(console:error) Error fetching activities: ReferenceError: fetch is not defined\n    at fetchActivities (sandbox.js:4:5)\n    at Object.beforeRender (sandbox.js:25:37)\n    at executionFn (/home/ruby/workspace/React_RoR/jsreportapp/node_modules/@jsreport/jsreport-scripts/lib/executeScript.js:67:35)\n    at sandbox.js:43:18\n    at async run (/home/ruby/workspace/React_RoR/jsreportapp/node_modules/@jsreport/jsreport-core/lib/worker/sandbox/createSandbox.js:137:16)\n    at async WorkerReporter.runInSandbox [as _runInSandbox] (/home/ruby/workspace/React_RoR/jsreportapp/node_modules/@jsreport/jsreport-core/lib/worker/sandbox/runInSandbox.js:195:14)\n    at async executeScript (/home/ruby/workspace/React_RoR/jsreportapp/node_modules/@jsreport/jsreport-scripts/lib/executeScript.js:122:12)\n    at async Scripts._runScript (/home/ruby/workspace/React_RoR/jsreportapp/node_modules/@jsreport/jsreport-scripts/lib/worker.js:140:30)\n    at async Scripts.handleBeforeRender (/home/ruby/workspace/React_RoR/jsreportapp/node_modules/@jsreport/jsreport-scripts/lib/worker.js:64:7)\n    at async ListenerCollection.fire (/home/ruby/workspace/React_RoR/jsreportapp/node_modules/@jsreport/jsreport-core/lib/shared/listenerCollection.js:157:21)","meta":{"userLevel":true,"rootId":"2cxb6axq83owra4","id":"2cxb6axq83owra4"},"id":"wlsk5o45la89e4p","previousOperationId":"cbpsx1j4odq1mnc"}
{"type":"operationEnd","operationId":"cbpsx1j4odq1mnc","timestamp":1705273805859,"id":"v4tbcwtx4eshacs","previousEventId":"x4her17zy6qlzwv","previousOperationId":"a7p6gjqo6z4sp57"}
{"type":"operationEnd","operationId":"0bca6ooqfno1ic1","timestamp":1705273805859,"id":"ahgb7n4o7ffh2e2","previousEventId":"v4tbcwtx4eshacs","previousOperationId":"a7p6gjqo6z4sp57"}
{"type":"log","timestamp":1705273805859,"level":"debug","message":"Base url not specified, skipping its injection.","meta":{"rootId":"2cxb6axq83owra4","id":"2cxb6axq83owra4"},"id":"ionb5aq126yxw5o","previousOperationId":"0bca6ooqfno1ic1"}
{"type":"operationStart","subtype":"engine","name":"handlebars","timestamp":1705273805859,"id":"cif5sm0orossxtr","previousEventId":"ahgb7n4o7ffh2e2","operationId":"4t17awvnkp1fwsx","previousOperationId":"0bca6ooqfno1ic1"}
{"type":"log","timestamp":1705273805859,"level":"debug","message":"Rendering engine handlebars","meta":{"rootId":"2cxb6axq83owra4","id":"2cxb6axq83owra4"},"id":"5mwezc2d5lcdjak","previousOperationId":"4t17awvnkp1fwsx"}
{"type":"operationEnd","operationId":"4t17awvnkp1fwsx","timestamp":1705273805865,"id":"uzttra4bqyfrco5","previousEventId":"cif5sm0orossxtr","previousOperationId":"4t17awvnkp1fwsx"}
{"type":"operationStart","subtype":"recipe","name":"chrome-pdf","timestamp":1705273805865,"id":"8ud32vbosig7mcq","previousEventId":"uzttra4bqyfrco5","operationId":"y4l8diuf1anwnn5","previousOperationId":"4t17awvnkp1fwsx"}
{"type":"log","timestamp":1705273805865,"level":"debug","message":"Executing recipe chrome-pdf","meta":{"rootId":"2cxb6axq83owra4","id":"2cxb6axq83owra4"},"id":"8txvh883bmkgf9p","previousOperationId":"y4l8diuf1anwnn5"}
{"type":"log","timestamp":1705273805866,"level":"debug","message":"Converting with chrome HeadlessChrome/117.0.5938.149 using chrome-pool strategy","meta":{"rootId":"2cxb6axq83owra4","id":"2cxb6axq83owra4"},"id":"4imvu7g8gqiu321","previousOperationId":"y4l8diuf1anwnn5"}
{"type":"log","timestamp":1705273805886,"level":"debug","message":"Page request: GET (document) file:///tmp/jsreport/autocleanup/f9de4a30-e23b-48cc-9099-80a813488568-chrome-pdf.html","meta":{"rootId":"2cxb6axq83owra4","id":"2cxb6axq83owra4"},"id":"4prw96ewnkweeju","previousOperationId":"y4l8diuf1anwnn5"}
{"type":"log","timestamp":1705273805891,"level":"debug","message":"Page request: GET (stylesheet) https://cdn.jsdelivr.net/chartist.js/latest/chartist.min.css","meta":{"rootId":"2cxb6axq83owra4","id":"2cxb6axq83owra4"},"id":"zhbz9d35srln38a","previousOperationId":"y4l8diuf1anwnn5"}
{"type":"log","timestamp":1705273805892,"level":"debug","message":"Page request: GET (script) https://cdn.jsdelivr.net/chartist.js/latest/chartist.min.js","meta":{"rootId":"2cxb6axq83owra4","id":"2cxb6axq83owra4"},"id":"p1guyzw379l4h9x","previousOperationId":"y4l8diuf1anwnn5"}
{"type":"log","timestamp":1705273805892,"level":"debug","message":"Page request finished: GET (document) 200 file:///tmp/jsreport/autocleanup/f9de4a30-e23b-48cc-9099-80a813488568-chrome-pdf.html","meta":{"rootId":"2cxb6axq83owra4","id":"2cxb6axq83owra4"},"id":"jr766g5djb4pdt0","previousOperationId":"y4l8diuf1anwnn5"}
{"type":"log","timestamp":1705273805894,"level":"debug","message":"Page request finished: GET (stylesheet) 200 https://cdn.jsdelivr.net/chartist.js/latest/chartist.min.css","meta":{"rootId":"2cxb6axq83owra4","id":"2cxb6axq83owra4"},"id":"d3wfqf68pr2fk97","previousOperationId":"y4l8diuf1anwnn5"}
{"type":"log","timestamp":1705273805894,"level":"debug","message":"Page request finished: GET (script) 200 https://cdn.jsdelivr.net/chartist.js/latest/chartist.min.js","meta":{"rootId":"2cxb6axq83owra4","id":"2cxb6axq83owra4"},"id":"nv7siostb8gvbh9","previousOperationId":"y4l8diuf1anwnn5"}
{"type":"log","timestamp":1705273805900,"level":"debug","message":"Running chrome with params {\"printBackground\":true,\"timeout\":59981,\"margin\":{}}","meta":{"rootId":"2cxb6axq83owra4","id":"2cxb6axq83owra4"},"id":"ty2mv0h26j2umd8","previousOperationId":"y4l8diuf1anwnn5"}
{"type":"operationEnd","operationId":"y4l8diuf1anwnn5","timestamp":1705273805910,"id":"fzd3tlh6upfqrsm","previousEventId":"8ud32vbosig7mcq","previousOperationId":"y4l8diuf1anwnn5"}
{"type":"log","timestamp":1705273805910,"level":"debug","message":"Skipping storing report.","meta":{"rootId":"2cxb6axq83owra4","id":"2cxb6axq83owra4"},"id":"ojyw3q0xz7pe6j4","previousOperationId":"y4l8diuf1anwnn5"}
{"type":"log","timestamp":1705273805910,"level":"info","message":"Rendering request 161 finished in 64 ms","meta":{"rootId":"2cxb6axq83owra4","id":"2cxb6axq83owra4"},"id":"2yf4ckw1m1b5c4d","previousOperationId":"y4l8diuf1anwnn5"}
{"type":"operationEnd","subtype":"render","operationId":"a7p6gjqo6z4sp57","timestamp":1705273805910,"id":"o3c0b92ala5h6ws","previousEventId":"fzd3tlh6upfqrsm","previousOperationId":"y4l8diuf1anwnn5"}
{"type":"operationEnd","doDiffs":false,"previousEventId":"oaqho40bv2vcjlq","previousOperationId":"ndm77yub7ke1iio","operationId":"ndm77yub7ke1iio","timestamp":1705273805913,"id":"rjzref6msvlhjv8"}
