{"type":"operationStart","subtype":"profile","data":{"_id":"XZ6FPoU9Me65vdL2","timestamp":"2024-01-12T16:03:11.763Z","state":"queued","mode":"standard","creationDate":"2024-01-12T16:03:11.763Z","modificationDate":"2024-01-12T16:03:11.763Z","shortid":"-sPfvVg","$entitySet":"profiles"},"doDiffs":false,"timestamp":1705075391763,"id":"oicb9pd5nehvzjx","previousOperationId":null,"operationId":"kzy16ehd8e131ok"}
{"type":"log","level":"info","message":"Render request 23 queued for execution and waiting for available worker","previousOperationId":"kzy16ehd8e131ok","timestamp":1705075391763,"id":"jv5x1v9k4culx5w"}
{"type":"operationStart","subtype":"render","name":"activities-users-main","previousOperationId":"kzy16ehd8e131ok","timestamp":1705075391768,"id":"nrc1klv64rfwnad","previousEventId":"oicb9pd5nehvzjx","operationId":"b47rs4i5ibfs58o"}
{"type":"log","timestamp":1705075391768,"level":"info","message":"Starting rendering request 23","meta":{"rootId":"4h43gafnsyproeq","id":"4h43gafnsyproeq"},"id":"6jzewo3j6wr26x5","previousOperationId":"b47rs4i5ibfs58o"}
{"type":"log","timestamp":1705075391768,"level":"info","message":"Rendering template { name: activities-users-main, recipe: chrome-pdf, engine: handlebars, preview: true }","meta":{"rootId":"4h43gafnsyproeq","id":"4h43gafnsyproeq"},"id":"50b4yx1z9ija27f","previousOperationId":"b47rs4i5ibfs58o"}
{"type":"log","timestamp":1705075391768,"level":"debug","message":"Data item not defined for this template.","meta":{"rootId":"4h43gafnsyproeq","id":"4h43gafnsyproeq"},"id":"iw6vx0dco5jam74","previousOperationId":"b47rs4i5ibfs58o"}
{"type":"log","timestamp":1705075391770,"level":"debug","message":"Executing script users-script (beforeRender)","meta":{"rootId":"4h43gafnsyproeq","id":"4h43gafnsyproeq"},"id":"fia9d1aad8ei6o0","previousOperationId":"b47rs4i5ibfs58o"}
{"type":"operationStart","subtype":"scriptsBeforeRender","name":"scripts beforeRender","timestamp":1705075391774,"id":"ekbxt6kmfeen0ix","previousEventId":"nrc1klv64rfwnad","operationId":"s98uzza9iy44t5l","previousOperationId":"b47rs4i5ibfs58o"}
{"type":"operationStart","subtype":"script","name":"scripts users-script","previousOperationId":"s98uzza9iy44t5l","timestamp":1705075391774,"id":"vyawn2i88kjilp2","previousEventId":"ekbxt6kmfeen0ix","operationId":"9vzf3etznd05tgc"}
{"type":"log","timestamp":1705075391775,"level":"debug","message":"(console:log) hora","meta":{"userLevel":true,"rootId":"4h43gafnsyproeq","id":"4h43gafnsyproeq"},"id":"yvwrug4yclon6jx","previousOperationId":"9vzf3etznd05tgc"}
{"type":"operationEnd","operationId":"9vzf3etznd05tgc","timestamp":1705075392038,"id":"2z22sosz6rwbopa","previousEventId":"nrc1klv64rfwnad","previousOperationId":"b47rs4i5ibfs58o"}
{"type":"operationEnd","operationId":"s98uzza9iy44t5l","timestamp":1705075392038,"id":"y1kd75v93m7ze9z","previousEventId":"2z22sosz6rwbopa","previousOperationId":"b47rs4i5ibfs58o"}
{"type":"log","timestamp":1705075392038,"level":"debug","message":"Base url not specified, skipping its injection.","meta":{"rootId":"4h43gafnsyproeq","id":"4h43gafnsyproeq"},"id":"utp0f8yars9rxzn","previousOperationId":"s98uzza9iy44t5l"}
{"type":"operationStart","subtype":"engine","name":"handlebars","timestamp":1705075392038,"id":"c3jmkut9zl3jzag","previousEventId":"y1kd75v93m7ze9z","operationId":"qrqgdck83oprivn","previousOperationId":"s98uzza9iy44t5l"}
{"type":"log","timestamp":1705075392038,"level":"debug","message":"Rendering engine handlebars","meta":{"rootId":"4h43gafnsyproeq","id":"4h43gafnsyproeq"},"id":"bdto4crs6yckp4k","previousOperationId":"qrqgdck83oprivn"}
{"type":"operationEnd","operationId":"qrqgdck83oprivn","timestamp":1705075392042,"id":"qakcegzbbwbbpry","previousEventId":"c3jmkut9zl3jzag","previousOperationId":"qrqgdck83oprivn"}
{"type":"operationStart","subtype":"recipe","name":"chrome-pdf","timestamp":1705075392042,"id":"zmq7p48isjkqyfy","previousEventId":"qakcegzbbwbbpry","operationId":"2iwfnkvmeggdheu","previousOperationId":"qrqgdck83oprivn"}
{"type":"log","timestamp":1705075392042,"level":"debug","message":"Executing recipe chrome-pdf","meta":{"rootId":"4h43gafnsyproeq","id":"4h43gafnsyproeq"},"id":"fi4skrpwolh484s","previousOperationId":"2iwfnkvmeggdheu"}
{"type":"log","timestamp":1705075392043,"level":"debug","message":"Converting with chrome HeadlessChrome/117.0.5938.149 using chrome-pool strategy","meta":{"rootId":"4h43gafnsyproeq","id":"4h43gafnsyproeq"},"id":"igca7ipwg2grv28","previousOperationId":"2iwfnkvmeggdheu"}
{"type":"log","timestamp":1705075392064,"level":"debug","message":"Page request: GET (document) file:///tmp/jsreport/autocleanup/a4c1917b-caee-46fa-959b-dbfb067367f7-chrome-pdf.html","meta":{"rootId":"4h43gafnsyproeq","id":"4h43gafnsyproeq"},"id":"uo2su7awakkkwxq","previousOperationId":"2iwfnkvmeggdheu"}
{"type":"log","timestamp":1705075392069,"level":"debug","message":"Page request: GET (stylesheet) https://cdnjs.cloudflare.com/ajax/libs/metro/4.1.5/css/metro.min.css","meta":{"rootId":"4h43gafnsyproeq","id":"4h43gafnsyproeq"},"id":"byjn1injyi1zdxg","previousOperationId":"2iwfnkvmeggdheu"}
{"type":"log","timestamp":1705075392070,"level":"debug","message":"Page request: GET (script) https://cdnjs.cloudflare.com/ajax/libs/Chart.js/2.7.2/Chart.min.js","meta":{"rootId":"4h43gafnsyproeq","id":"4h43gafnsyproeq"},"id":"ci50id5bam93aqc","previousOperationId":"2iwfnkvmeggdheu"}
{"type":"log","timestamp":1705075392070,"level":"debug","message":"Page request finished: GET (document) 200 file:///tmp/jsreport/autocleanup/a4c1917b-caee-46fa-959b-dbfb067367f7-chrome-pdf.html","meta":{"rootId":"4h43gafnsyproeq","id":"4h43gafnsyproeq"},"id":"7qu8buhmuqsvtpz","previousOperationId":"2iwfnkvmeggdheu"}
{"type":"log","timestamp":1705075392073,"level":"debug","message":"Page request finished: GET (script) 200 https://cdnjs.cloudflare.com/ajax/libs/Chart.js/2.7.2/Chart.min.js","meta":{"rootId":"4h43gafnsyproeq","id":"4h43gafnsyproeq"},"id":"72nvlesr20q2xlb","previousOperationId":"2iwfnkvmeggdheu"}
{"type":"log","timestamp":1705075392079,"level":"debug","message":"Page request finished: GET (stylesheet) 200 https://cdnjs.cloudflare.com/ajax/libs/metro/4.1.5/css/metro.min.css","meta":{"rootId":"4h43gafnsyproeq","id":"4h43gafnsyproeq"},"id":"v5joap7k1w1lr04","previousOperationId":"2iwfnkvmeggdheu"}
{"type":"log","timestamp":1705075392086,"level":"debug","message":"Running chrome with params {\"printBackground\":true,\"timeout\":59720,\"margin\":{}}","meta":{"rootId":"4h43gafnsyproeq","id":"4h43gafnsyproeq"},"id":"4uub9mmas4zvpt9","previousOperationId":"2iwfnkvmeggdheu"}
{"type":"operationEnd","operationId":"2iwfnkvmeggdheu","timestamp":1705075392099,"id":"kly1fjlks871wmo","previousEventId":"zmq7p48isjkqyfy","previousOperationId":"2iwfnkvmeggdheu"}
{"type":"log","timestamp":1705075392099,"level":"debug","message":"Skipping storing report.","meta":{"rootId":"4h43gafnsyproeq","id":"4h43gafnsyproeq"},"id":"a17lr4v9vwpl845","previousOperationId":"2iwfnkvmeggdheu"}
{"type":"log","timestamp":1705075392099,"level":"info","message":"Rendering request 23 finished in 336 ms","meta":{"rootId":"4h43gafnsyproeq","id":"4h43gafnsyproeq"},"id":"6bm0ujkz7furpea","previousOperationId":"2iwfnkvmeggdheu"}
{"type":"operationEnd","subtype":"render","operationId":"b47rs4i5ibfs58o","timestamp":1705075392099,"id":"th578bubwhhodkd","previousEventId":"kly1fjlks871wmo","previousOperationId":"2iwfnkvmeggdheu"}
{"type":"operationEnd","doDiffs":false,"previousEventId":"oicb9pd5nehvzjx","previousOperationId":"kzy16ehd8e131ok","operationId":"kzy16ehd8e131ok","timestamp":1705075392103,"id":"bz2wq1sr7i0vmo7"}
