{"type":"operationStart","subtype":"profile","data":{"_id":"rZx7h8HqXXMSwQGc","timestamp":"2024-01-14T23:56:28.823Z","state":"queued","mode":"standard","creationDate":"2024-01-14T23:56:28.824Z","modificationDate":"2024-01-14T23:56:28.824Z","shortid":"YhXh4YB","$entitySet":"profiles"},"doDiffs":false,"timestamp":1705276588824,"id":"brjyvj4nmmwkww4","previousOperationId":null,"operationId":"2fwocjxfsfumsi4"}
{"type":"log","level":"info","message":"Render request 9 queued for execution and waiting for available worker","previousOperationId":"2fwocjxfsfumsi4","timestamp":1705276588824,"id":"claf51z7zkvkk3i"}
{"type":"operationStart","subtype":"render","name":"activities-users-main","previousOperationId":"2fwocjxfsfumsi4","timestamp":1705276588828,"id":"dfy055t2yc0wvl9","previousEventId":"brjyvj4nmmwkww4","operationId":"ij0so70c93rh1wf"}
{"type":"log","timestamp":1705276588828,"level":"info","message":"Starting rendering request 9","meta":{"rootId":"4meikiree5f3qa3","id":"4meikiree5f3qa3"},"id":"l0pogra0nd8cv78","previousOperationId":"ij0so70c93rh1wf"}
{"type":"log","timestamp":1705276588829,"level":"info","message":"Rendering template { name: activities-users-main, recipe: chrome-pdf, engine: handlebars, preview: true }","meta":{"rootId":"4meikiree5f3qa3","id":"4meikiree5f3qa3"},"id":"bhl2iehnr1heiio","previousOperationId":"ij0so70c93rh1wf"}
{"type":"log","timestamp":1705276588829,"level":"debug","message":"Data item not defined for this template.","meta":{"rootId":"4meikiree5f3qa3","id":"4meikiree5f3qa3"},"id":"j4qvyivhkk3fzcw","previousOperationId":"ij0so70c93rh1wf"}
{"type":"log","timestamp":1705276588830,"level":"debug","message":"Executing script users-script (beforeRender)","meta":{"rootId":"4meikiree5f3qa3","id":"4meikiree5f3qa3"},"id":"bgyszbkslqttn1s","previousOperationId":"ij0so70c93rh1wf"}
{"type":"operationStart","subtype":"scriptsBeforeRender","name":"scripts beforeRender","timestamp":1705276588842,"id":"cnltiea7qisnl0a","previousEventId":"dfy055t2yc0wvl9","operationId":"rzzpvufo7ot2aq7","previousOperationId":"ij0so70c93rh1wf"}
{"type":"operationStart","subtype":"script","name":"scripts users-script","previousOperationId":"rzzpvufo7ot2aq7","timestamp":1705276588842,"id":"subwxkl20lcdd16","previousEventId":"cnltiea7qisnl0a","operationId":"pnb7lb6mmgsl66r"}
{"type":"operationEnd","operationId":"pnb7lb6mmgsl66r","timestamp":1705276588885,"id":"z080pcr2d7ua4vw","previousEventId":"dfy055t2yc0wvl9","previousOperationId":"ij0so70c93rh1wf"}
{"type":"operationEnd","operationId":"rzzpvufo7ot2aq7","timestamp":1705276588885,"id":"aoxfau1jw5ao752","previousEventId":"z080pcr2d7ua4vw","previousOperationId":"ij0so70c93rh1wf"}
{"type":"log","timestamp":1705276588885,"level":"debug","message":"Base url not specified, skipping its injection.","meta":{"rootId":"4meikiree5f3qa3","id":"4meikiree5f3qa3"},"id":"07xq7htr2o9e5q9","previousOperationId":"rzzpvufo7ot2aq7"}
{"type":"operationStart","subtype":"engine","name":"handlebars","timestamp":1705276588886,"id":"o4yobetbyz5eg58","previousEventId":"aoxfau1jw5ao752","operationId":"27g8ebzgh8ki1x0","previousOperationId":"rzzpvufo7ot2aq7"}
{"type":"log","timestamp":1705276588886,"level":"debug","message":"Rendering engine handlebars","meta":{"rootId":"4meikiree5f3qa3","id":"4meikiree5f3qa3"},"id":"8ubyhl1cn6pk8wl","previousOperationId":"27g8ebzgh8ki1x0"}
{"type":"operationEnd","operationId":"27g8ebzgh8ki1x0","timestamp":1705276588891,"id":"vr5zh16cymi7ix8","previousEventId":"o4yobetbyz5eg58","previousOperationId":"27g8ebzgh8ki1x0"}
{"type":"operationStart","subtype":"recipe","name":"chrome-pdf","timestamp":1705276588892,"id":"q8id0a54bfqmvvp","previousEventId":"vr5zh16cymi7ix8","operationId":"r8r4ravkgepod83","previousOperationId":"27g8ebzgh8ki1x0"}
{"type":"log","timestamp":1705276588892,"level":"debug","message":"Executing recipe chrome-pdf","meta":{"rootId":"4meikiree5f3qa3","id":"4meikiree5f3qa3"},"id":"atrg6lw5ak7l0z7","previousOperationId":"r8r4ravkgepod83"}
{"type":"log","timestamp":1705276588893,"level":"debug","message":"Converting with chrome HeadlessChrome/117.0.5938.149 using chrome-pool strategy","meta":{"rootId":"4meikiree5f3qa3","id":"4meikiree5f3qa3"},"id":"801dbuqeo9d738s","previousOperationId":"r8r4ravkgepod83"}
{"type":"log","timestamp":1705276588919,"level":"debug","message":"Page request: GET (document) file:///tmp/jsreport/autocleanup/c9b86487-e935-471c-b048-a31202c8d231-chrome-pdf.html","meta":{"rootId":"4meikiree5f3qa3","id":"4meikiree5f3qa3"},"id":"gunevylgd1o5r8a","previousOperationId":"r8r4ravkgepod83"}
{"type":"log","timestamp":1705276588926,"level":"debug","message":"Page request: GET (stylesheet) https://cdn.jsdelivr.net/chartist.js/latest/chartist.min.css","meta":{"rootId":"4meikiree5f3qa3","id":"4meikiree5f3qa3"},"id":"fhwkp0ejactk5i4","previousOperationId":"r8r4ravkgepod83"}
{"type":"log","timestamp":1705276588926,"level":"debug","message":"Page request: GET (script) https://cdn.jsdelivr.net/chartist.js/latest/chartist.min.js","meta":{"rootId":"4meikiree5f3qa3","id":"4meikiree5f3qa3"},"id":"y58wge4unazc1rn","previousOperationId":"r8r4ravkgepod83"}
{"type":"log","timestamp":1705276588926,"level":"debug","message":"Page request finished: GET (document) 200 file:///tmp/jsreport/autocleanup/c9b86487-e935-471c-b048-a31202c8d231-chrome-pdf.html","meta":{"rootId":"4meikiree5f3qa3","id":"4meikiree5f3qa3"},"id":"fy6zbqowf0x0ejb","previousOperationId":"r8r4ravkgepod83"}
{"type":"log","timestamp":1705276588928,"level":"debug","message":"Page request finished: GET (stylesheet) 200 https://cdn.jsdelivr.net/chartist.js/latest/chartist.min.css","meta":{"rootId":"4meikiree5f3qa3","id":"4meikiree5f3qa3"},"id":"wpp9d0vvmlty4jo","previousOperationId":"r8r4ravkgepod83"}
{"type":"log","timestamp":1705276588929,"level":"debug","message":"Page request finished: GET (script) 200 https://cdn.jsdelivr.net/chartist.js/latest/chartist.min.js","meta":{"rootId":"4meikiree5f3qa3","id":"4meikiree5f3qa3"},"id":"o7p7bmuh46zffx8","previousOperationId":"r8r4ravkgepod83"}
{"type":"log","timestamp":1705276588939,"level":"debug","message":"Running chrome with params {\"printBackground\":true,\"timeout\":59930,\"margin\":{}}","meta":{"rootId":"4meikiree5f3qa3","id":"4meikiree5f3qa3"},"id":"brjwf200jvz8ltq","previousOperationId":"r8r4ravkgepod83"}
{"type":"operationEnd","operationId":"r8r4ravkgepod83","timestamp":1705276588951,"id":"ylhv92zagcym9fq","previousEventId":"q8id0a54bfqmvvp","previousOperationId":"r8r4ravkgepod83"}
{"type":"log","timestamp":1705276588951,"level":"debug","message":"Skipping storing report.","meta":{"rootId":"4meikiree5f3qa3","id":"4meikiree5f3qa3"},"id":"52if48zwc26an3y","previousOperationId":"r8r4ravkgepod83"}
{"type":"log","timestamp":1705276588951,"level":"info","message":"Rendering request 9 finished in 128 ms","meta":{"rootId":"4meikiree5f3qa3","id":"4meikiree5f3qa3"},"id":"y4hcryp3h7brk51","previousOperationId":"r8r4ravkgepod83"}
{"type":"operationEnd","subtype":"render","operationId":"ij0so70c93rh1wf","timestamp":1705276588951,"id":"wy46ovzsam302g3","previousEventId":"ylhv92zagcym9fq","previousOperationId":"r8r4ravkgepod83"}
{"type":"operationEnd","doDiffs":false,"previousEventId":"brjyvj4nmmwkww4","previousOperationId":"2fwocjxfsfumsi4","operationId":"2fwocjxfsfumsi4","timestamp":1705276588955,"id":"ut42piti2pmx6ut"}
