{"type":"operationStart","subtype":"profile","data":{"_id":"8QvvVGJ3wAzPs7iq","timestamp":"2024-01-14T23:11:54.421Z","state":"queued","mode":"standard","creationDate":"2024-01-14T23:11:54.421Z","modificationDate":"2024-01-14T23:11:54.421Z","shortid":"p7DnxoG","$entitySet":"profiles"},"doDiffs":false,"timestamp":1705273914421,"id":"xztqrvo2qoq76yi","previousOperationId":null,"operationId":"d1xqyx7pzd9n3n4"}
{"type":"log","level":"info","message":"Render request 170 queued for execution and waiting for available worker","previousOperationId":"d1xqyx7pzd9n3n4","timestamp":1705273914421,"id":"85v2u7qvg9esm2s"}
{"type":"operationStart","subtype":"render","name":"activities-users-main","previousOperationId":"d1xqyx7pzd9n3n4","timestamp":1705273914425,"id":"edq4rursmnii7m6","previousEventId":"xztqrvo2qoq76yi","operationId":"jqv34f55pd2yd9i"}
{"type":"log","timestamp":1705273914425,"level":"info","message":"Starting rendering request 170","meta":{"rootId":"4oqk74r3m0dkqwj","id":"4oqk74r3m0dkqwj"},"id":"e748n31ua797t9z","previousOperationId":"jqv34f55pd2yd9i"}
{"type":"log","timestamp":1705273914425,"level":"info","message":"Rendering template { name: activities-users-main, recipe: chrome-pdf, engine: handlebars, preview: true }","meta":{"rootId":"4oqk74r3m0dkqwj","id":"4oqk74r3m0dkqwj"},"id":"w096ga3vczd1zdq","previousOperationId":"jqv34f55pd2yd9i"}
{"type":"log","timestamp":1705273914426,"level":"debug","message":"Data item not defined for this template.","meta":{"rootId":"4oqk74r3m0dkqwj","id":"4oqk74r3m0dkqwj"},"id":"kkogjy7kl3yjixo","previousOperationId":"jqv34f55pd2yd9i"}
{"type":"log","timestamp":1705273914427,"level":"debug","message":"Executing script users-script (beforeRender)","meta":{"rootId":"4oqk74r3m0dkqwj","id":"4oqk74r3m0dkqwj"},"id":"z2vsejix46l2sfr","previousOperationId":"jqv34f55pd2yd9i"}
{"type":"operationStart","subtype":"scriptsBeforeRender","name":"scripts beforeRender","timestamp":1705273914432,"id":"0ewblcwc2g594pe","previousEventId":"edq4rursmnii7m6","operationId":"s9j3i9sdkvsvlso","previousOperationId":"jqv34f55pd2yd9i"}
{"type":"operationStart","subtype":"script","name":"scripts users-script","previousOperationId":"s9j3i9sdkvsvlso","timestamp":1705273914432,"id":"g9l6jr07k7aoz5v","previousEventId":"0ewblcwc2g594pe","operationId":"tm43uooa1y27c8u"}
{"type":"log","timestamp":1705273914432,"level":"debug","message":"(console:error) Error fetching activities: ReferenceError: fetch is not defined\n    at fetchActivities (sandbox.js:4:22)\n    at Object.beforeRender (sandbox.js:15:37)\n    at executionFn (/home/ruby/workspace/React_RoR/jsreportapp/node_modules/@jsreport/jsreport-scripts/lib/executeScript.js:67:35)\n    at sandbox.js:33:18\n    at async run (/home/ruby/workspace/React_RoR/jsreportapp/node_modules/@jsreport/jsreport-core/lib/worker/sandbox/createSandbox.js:137:16)\n    at async WorkerReporter.runInSandbox [as _runInSandbox] (/home/ruby/workspace/React_RoR/jsreportapp/node_modules/@jsreport/jsreport-core/lib/worker/sandbox/runInSandbox.js:195:14)\n    at async executeScript (/home/ruby/workspace/React_RoR/jsreportapp/node_modules/@jsreport/jsreport-scripts/lib/executeScript.js:122:12)\n    at async Scripts._runScript (/home/ruby/workspace/React_RoR/jsreportapp/node_modules/@jsreport/jsreport-scripts/lib/worker.js:140:30)\n    at async Scripts.handleBeforeRender (/home/ruby/workspace/React_RoR/jsreportapp/node_modules/@jsreport/jsreport-scripts/lib/worker.js:64:7)\n    at async ListenerCollection.fire (/home/ruby/workspace/React_RoR/jsreportapp/node_modules/@jsreport/jsreport-core/lib/shared/listenerCollection.js:157:21)","meta":{"userLevel":true,"rootId":"4oqk74r3m0dkqwj","id":"4oqk74r3m0dkqwj"},"id":"umzpdw98slhshwd","previousOperationId":"tm43uooa1y27c8u"}
{"type":"operationEnd","operationId":"tm43uooa1y27c8u","timestamp":1705273914432,"id":"3tp4ysq1o1i4sld","previousEventId":"edq4rursmnii7m6","previousOperationId":"jqv34f55pd2yd9i"}
{"type":"operationEnd","operationId":"s9j3i9sdkvsvlso","timestamp":1705273914432,"id":"z3ooj1pvbixxpr6","previousEventId":"3tp4ysq1o1i4sld","previousOperationId":"jqv34f55pd2yd9i"}
{"type":"log","timestamp":1705273914432,"level":"debug","message":"Base url not specified, skipping its injection.","meta":{"rootId":"4oqk74r3m0dkqwj","id":"4oqk74r3m0dkqwj"},"id":"bhqnb8od14pfakj","previousOperationId":"s9j3i9sdkvsvlso"}
{"type":"operationStart","subtype":"engine","name":"handlebars","timestamp":1705273914432,"id":"1x2kdfffy543ve5","previousEventId":"z3ooj1pvbixxpr6","operationId":"twmvbh55k6pfkjh","previousOperationId":"s9j3i9sdkvsvlso"}
{"type":"log","timestamp":1705273914432,"level":"debug","message":"Rendering engine handlebars","meta":{"rootId":"4oqk74r3m0dkqwj","id":"4oqk74r3m0dkqwj"},"id":"znrkgal5ed7bsnf","previousOperationId":"twmvbh55k6pfkjh"}
{"type":"operationEnd","operationId":"twmvbh55k6pfkjh","timestamp":1705273914438,"id":"atppqmbethhs32n","previousEventId":"1x2kdfffy543ve5","previousOperationId":"twmvbh55k6pfkjh"}
{"type":"operationStart","subtype":"recipe","name":"chrome-pdf","timestamp":1705273914438,"id":"zrwzvm3xcj8mx47","previousEventId":"atppqmbethhs32n","operationId":"qay9vmet5fxx9kl","previousOperationId":"twmvbh55k6pfkjh"}
{"type":"log","timestamp":1705273914438,"level":"debug","message":"Executing recipe chrome-pdf","meta":{"rootId":"4oqk74r3m0dkqwj","id":"4oqk74r3m0dkqwj"},"id":"qahsou9tp55l0vw","previousOperationId":"qay9vmet5fxx9kl"}
{"type":"log","timestamp":1705273914439,"level":"debug","message":"Converting with chrome HeadlessChrome/117.0.5938.149 using chrome-pool strategy","meta":{"rootId":"4oqk74r3m0dkqwj","id":"4oqk74r3m0dkqwj"},"id":"qbwzfnnstb2i7r7","previousOperationId":"qay9vmet5fxx9kl"}
{"type":"log","timestamp":1705273914462,"level":"debug","message":"Page request: GET (document) file:///tmp/jsreport/autocleanup/581153e1-51b9-44b8-9bbf-03b7ade53238-chrome-pdf.html","meta":{"rootId":"4oqk74r3m0dkqwj","id":"4oqk74r3m0dkqwj"},"id":"qdj9229gxslr6k2","previousOperationId":"qay9vmet5fxx9kl"}
{"type":"log","timestamp":1705273914467,"level":"debug","message":"Page request: GET (stylesheet) https://cdn.jsdelivr.net/chartist.js/latest/chartist.min.css","meta":{"rootId":"4oqk74r3m0dkqwj","id":"4oqk74r3m0dkqwj"},"id":"1qf9zt40nrz7uvu","previousOperationId":"qay9vmet5fxx9kl"}
{"type":"log","timestamp":1705273914468,"level":"debug","message":"Page request: GET (script) https://cdn.jsdelivr.net/chartist.js/latest/chartist.min.js","meta":{"rootId":"4oqk74r3m0dkqwj","id":"4oqk74r3m0dkqwj"},"id":"kdmtkofe4n2z972","previousOperationId":"qay9vmet5fxx9kl"}
{"type":"log","timestamp":1705273914468,"level":"debug","message":"Page request finished: GET (document) 200 file:///tmp/jsreport/autocleanup/581153e1-51b9-44b8-9bbf-03b7ade53238-chrome-pdf.html","meta":{"rootId":"4oqk74r3m0dkqwj","id":"4oqk74r3m0dkqwj"},"id":"7f3mr583zpqhed5","previousOperationId":"qay9vmet5fxx9kl"}
{"type":"log","timestamp":1705273914470,"level":"debug","message":"Page request finished: GET (stylesheet) 200 https://cdn.jsdelivr.net/chartist.js/latest/chartist.min.css","meta":{"rootId":"4oqk74r3m0dkqwj","id":"4oqk74r3m0dkqwj"},"id":"38k43frp9t5zf1m","previousOperationId":"qay9vmet5fxx9kl"}
{"type":"log","timestamp":1705273914470,"level":"debug","message":"Page request finished: GET (script) 200 https://cdn.jsdelivr.net/chartist.js/latest/chartist.min.js","meta":{"rootId":"4oqk74r3m0dkqwj","id":"4oqk74r3m0dkqwj"},"id":"k6fd9f3vx40fdup","previousOperationId":"qay9vmet5fxx9kl"}
{"type":"log","timestamp":1705273914478,"level":"debug","message":"Running chrome with params {\"printBackground\":true,\"timeout\":59983,\"margin\":{}}","meta":{"rootId":"4oqk74r3m0dkqwj","id":"4oqk74r3m0dkqwj"},"id":"oxvqo5yi3w6sy9o","previousOperationId":"qay9vmet5fxx9kl"}
{"type":"operationEnd","operationId":"qay9vmet5fxx9kl","timestamp":1705273914488,"id":"w3w901lskn1h9mc","previousEventId":"zrwzvm3xcj8mx47","previousOperationId":"qay9vmet5fxx9kl"}
{"type":"log","timestamp":1705273914488,"level":"debug","message":"Skipping storing report.","meta":{"rootId":"4oqk74r3m0dkqwj","id":"4oqk74r3m0dkqwj"},"id":"4l30ftaqu3qenjs","previousOperationId":"qay9vmet5fxx9kl"}
{"type":"log","timestamp":1705273914488,"level":"info","message":"Rendering request 170 finished in 67 ms","meta":{"rootId":"4oqk74r3m0dkqwj","id":"4oqk74r3m0dkqwj"},"id":"nf6cyet3f861tbl","previousOperationId":"qay9vmet5fxx9kl"}
{"type":"operationEnd","subtype":"render","operationId":"jqv34f55pd2yd9i","timestamp":1705273914488,"id":"h2ktqcm6yl6axkh","previousEventId":"w3w901lskn1h9mc","previousOperationId":"qay9vmet5fxx9kl"}
{"type":"operationEnd","doDiffs":false,"previousEventId":"xztqrvo2qoq76yi","previousOperationId":"d1xqyx7pzd9n3n4","operationId":"d1xqyx7pzd9n3n4","timestamp":1705273914491,"id":"129cf2wma3sc993"}
