{"type":"operationStart","subtype":"profile","data":{"_id":"iB0TGPh3XYQYGJGw","timestamp":"2024-01-14T23:20:59.037Z","state":"queued","mode":"standard","creationDate":"2024-01-14T23:20:59.038Z","modificationDate":"2024-01-14T23:20:59.038Z","shortid":"_aUgHR6","$entitySet":"profiles"},"doDiffs":false,"timestamp":1705274459037,"id":"54o7fza3p3wf0rd","previousOperationId":null,"operationId":"sz04mjiiszz46v7"}
{"type":"log","level":"info","message":"Render request 191 queued for execution and waiting for available worker","previousOperationId":"sz04mjiiszz46v7","timestamp":1705274459037,"id":"b4d3rywzz7f6te5"}
{"type":"operationStart","subtype":"render","name":"activities-users-main","previousOperationId":"sz04mjiiszz46v7","timestamp":1705274459042,"id":"cd87c8knx93qvl9","previousEventId":"54o7fza3p3wf0rd","operationId":"oz387n3o0qo83r5"}
{"type":"log","timestamp":1705274459042,"level":"info","message":"Starting rendering request 191","meta":{"rootId":"4oqpg3kh0kgh2g3","id":"4oqpg3kh0kgh2g3"},"id":"pnlc1w0b51rghke","previousOperationId":"oz387n3o0qo83r5"}
{"type":"log","timestamp":1705274459042,"level":"info","message":"Rendering template { name: activities-users-main, recipe: chrome-pdf, engine: handlebars, preview: true }","meta":{"rootId":"4oqpg3kh0kgh2g3","id":"4oqpg3kh0kgh2g3"},"id":"8rf297wspfxijlm","previousOperationId":"oz387n3o0qo83r5"}
{"type":"log","timestamp":1705274459043,"level":"debug","message":"Data item not defined for this template.","meta":{"rootId":"4oqpg3kh0kgh2g3","id":"4oqpg3kh0kgh2g3"},"id":"h8ylojhnm9m2wx1","previousOperationId":"oz387n3o0qo83r5"}
{"type":"log","timestamp":1705274459044,"level":"debug","message":"Executing script users-script (beforeRender)","meta":{"rootId":"4oqpg3kh0kgh2g3","id":"4oqpg3kh0kgh2g3"},"id":"1p800pdbgczall1","previousOperationId":"oz387n3o0qo83r5"}
{"type":"operationStart","subtype":"scriptsBeforeRender","name":"scripts beforeRender","timestamp":1705274459055,"id":"zmnjxmj8p5uxzo7","previousEventId":"cd87c8knx93qvl9","operationId":"0b6a4ytku6dpzjw","previousOperationId":"oz387n3o0qo83r5"}
{"type":"operationStart","subtype":"script","name":"scripts users-script","previousOperationId":"0b6a4ytku6dpzjw","timestamp":1705274459055,"id":"lqc2t6aysh0ila6","previousEventId":"zmnjxmj8p5uxzo7","operationId":"915vewr4heszbh6"}
{"type":"log","timestamp":1705274459098,"level":"debug","message":"(console:log) Activities in beforeRender: [\n  {\n    id: 14,\n    name: 'Actvitidad2',\n    description: 'Actividad2',\n    date: '2023-12-15',\n    image: {\n      url: 'http://localhost:4000/rails/active_storage/blobs/redirect/eyJfcmFpbHMiOnsiZGF0YSI6NjEsInB1ciI6ImJsb2JfaWQifX0=--5a501cf3cc73364820b9664b12ee2d712465f229/rectangular-26361_960_720.png'\n    },\n    places: 0,\n    coordinator: {\n      id: 1,\n      nickname: 'Aisha',\n      email: 'prueba@stillhigher.es',\n      admin: true,\n      image: [Object]\n    },\n    assistants: [ [Object] ],\n    clients: [ [Object] ]\n  },\n  {\n    id: 15,\n    name: 'puentein122',\n    description: 'Saltar de un puente sin cuerda',\n    date: '2023-01-17',\n    image: {\n      url: 'http://localhost:4000/rails/active_storage/blobs/redirect/eyJfcmFpbHMiOnsiZGF0YSI6NjIsInB1ciI6ImJsb2JfaWQifX0=--63e5c6d63b9b83291f6f0d448c0a3b03202e86b6/rectangular-26361_960_720.png'\n    },\n    places: 551,\n    coordinator: {\n      id: 1,\n      nickname: 'Aisha',\n      email: 'prueba@stillhigher.es',\n      admin: true,\n      image: [Object]\n    },\n    assistants: [ [Object] ],\n    clients: []\n  },\n  {\n    id: 16,\n    name: 'Actvitidad',\n    description: 'Actividad',\n    date: '2023-12-18',\n    image: null,\n    places: 0,\n    coordinator: {\n      id: 1,\n      nickname: 'Aisha',\n      email: 'prueba@stillhigher.es',\n      admin: true,\n      image: [Object]\n    },\n    assistants: [ [Object] ],\n    clients: []\n  }\n]","meta":{"userLevel":true,"rootId":"4oqpg3kh0kgh2g3","id":"4oqpg3kh0kgh2g3"},"id":"pvjdfpohddf9a90","previousOperationId":"915vewr4heszbh6"}
{"type":"operationEnd","operationId":"915vewr4heszbh6","timestamp":1705274459098,"id":"9mwcftp2s64yb8d","previousEventId":"cd87c8knx93qvl9","previousOperationId":"oz387n3o0qo83r5"}
{"type":"operationEnd","operationId":"0b6a4ytku6dpzjw","timestamp":1705274459098,"id":"p2i2k28wl50xhdr","previousEventId":"9mwcftp2s64yb8d","previousOperationId":"oz387n3o0qo83r5"}
{"type":"log","timestamp":1705274459098,"level":"debug","message":"Base url not specified, skipping its injection.","meta":{"rootId":"4oqpg3kh0kgh2g3","id":"4oqpg3kh0kgh2g3"},"id":"orc1wn1ds60ffqc","previousOperationId":"0b6a4ytku6dpzjw"}
{"type":"operationStart","subtype":"engine","name":"handlebars","timestamp":1705274459098,"id":"sdrcx7sga82v5x5","previousEventId":"p2i2k28wl50xhdr","operationId":"u75mce2xueyorfr","previousOperationId":"0b6a4ytku6dpzjw"}
{"type":"log","timestamp":1705274459098,"level":"debug","message":"Rendering engine handlebars","meta":{"rootId":"4oqpg3kh0kgh2g3","id":"4oqpg3kh0kgh2g3"},"id":"ub3tftww7pa4u1z","previousOperationId":"u75mce2xueyorfr"}
{"type":"operationEnd","operationId":"u75mce2xueyorfr","timestamp":1705274459103,"id":"unhf6jmzq0cjqvr","previousEventId":"sdrcx7sga82v5x5","previousOperationId":"u75mce2xueyorfr"}
{"type":"operationStart","subtype":"recipe","name":"chrome-pdf","timestamp":1705274459104,"id":"h2qi1dnflrvi5kz","previousEventId":"unhf6jmzq0cjqvr","operationId":"dfzpvbukunpy2xt","previousOperationId":"u75mce2xueyorfr"}
{"type":"log","timestamp":1705274459104,"level":"debug","message":"Executing recipe chrome-pdf","meta":{"rootId":"4oqpg3kh0kgh2g3","id":"4oqpg3kh0kgh2g3"},"id":"v5o7bxn8gnobtyz","previousOperationId":"dfzpvbukunpy2xt"}
{"type":"log","timestamp":1705274459105,"level":"debug","message":"Converting with chrome HeadlessChrome/117.0.5938.149 using chrome-pool strategy","meta":{"rootId":"4oqpg3kh0kgh2g3","id":"4oqpg3kh0kgh2g3"},"id":"9n18nye6ej66nv4","previousOperationId":"dfzpvbukunpy2xt"}
{"type":"log","timestamp":1705274459126,"level":"debug","message":"Page request: GET (document) file:///tmp/jsreport/autocleanup/88e65f47-953c-4b05-abde-3682cc109bf4-chrome-pdf.html","meta":{"rootId":"4oqpg3kh0kgh2g3","id":"4oqpg3kh0kgh2g3"},"id":"54sz4w92wz9mb5w","previousOperationId":"dfzpvbukunpy2xt"}
{"type":"log","timestamp":1705274459132,"level":"debug","message":"Page request: GET (stylesheet) https://cdn.jsdelivr.net/chartist.js/latest/chartist.min.css","meta":{"rootId":"4oqpg3kh0kgh2g3","id":"4oqpg3kh0kgh2g3"},"id":"yzu7k37ykojxxqz","previousOperationId":"dfzpvbukunpy2xt"}
{"type":"log","timestamp":1705274459132,"level":"debug","message":"Page request: GET (script) https://cdn.jsdelivr.net/chartist.js/latest/chartist.min.js","meta":{"rootId":"4oqpg3kh0kgh2g3","id":"4oqpg3kh0kgh2g3"},"id":"ntope9l92ijg9sm","previousOperationId":"dfzpvbukunpy2xt"}
{"type":"log","timestamp":1705274459132,"level":"debug","message":"Page request finished: GET (document) 200 file:///tmp/jsreport/autocleanup/88e65f47-953c-4b05-abde-3682cc109bf4-chrome-pdf.html","meta":{"rootId":"4oqpg3kh0kgh2g3","id":"4oqpg3kh0kgh2g3"},"id":"8p5zteej9oqs4h9","previousOperationId":"dfzpvbukunpy2xt"}
{"type":"log","timestamp":1705274459134,"level":"debug","message":"Page request finished: GET (stylesheet) 200 https://cdn.jsdelivr.net/chartist.js/latest/chartist.min.css","meta":{"rootId":"4oqpg3kh0kgh2g3","id":"4oqpg3kh0kgh2g3"},"id":"8hunycyrd9g40xl","previousOperationId":"dfzpvbukunpy2xt"}
{"type":"log","timestamp":1705274459134,"level":"debug","message":"Page request finished: GET (script) 200 https://cdn.jsdelivr.net/chartist.js/latest/chartist.min.js","meta":{"rootId":"4oqpg3kh0kgh2g3","id":"4oqpg3kh0kgh2g3"},"id":"8h6dqm7eogc2buo","previousOperationId":"dfzpvbukunpy2xt"}
{"type":"log","timestamp":1705274459142,"level":"debug","message":"Running chrome with params {\"printBackground\":true,\"timeout\":59933,\"margin\":{}}","meta":{"rootId":"4oqpg3kh0kgh2g3","id":"4oqpg3kh0kgh2g3"},"id":"fm21px051jyjwgi","previousOperationId":"dfzpvbukunpy2xt"}
{"type":"operationEnd","operationId":"dfzpvbukunpy2xt","timestamp":1705274459153,"id":"hvuaysefnkkc2eo","previousEventId":"h2qi1dnflrvi5kz","previousOperationId":"dfzpvbukunpy2xt"}
{"type":"log","timestamp":1705274459153,"level":"debug","message":"Skipping storing report.","meta":{"rootId":"4oqpg3kh0kgh2g3","id":"4oqpg3kh0kgh2g3"},"id":"w8en2al28ciroz5","previousOperationId":"dfzpvbukunpy2xt"}
{"type":"log","timestamp":1705274459153,"level":"info","message":"Rendering request 191 finished in 116 ms","meta":{"rootId":"4oqpg3kh0kgh2g3","id":"4oqpg3kh0kgh2g3"},"id":"sy4d8rwsx6tgul1","previousOperationId":"dfzpvbukunpy2xt"}
{"type":"operationEnd","subtype":"render","operationId":"oz387n3o0qo83r5","timestamp":1705274459153,"id":"8ci9pby5u8y3sbl","previousEventId":"hvuaysefnkkc2eo","previousOperationId":"dfzpvbukunpy2xt"}
{"type":"operationEnd","doDiffs":false,"previousEventId":"54o7fza3p3wf0rd","previousOperationId":"sz04mjiiszz46v7","operationId":"sz04mjiiszz46v7","timestamp":1705274459157,"id":"23b5uw8gy1k16ya"}
