{"type":"operationStart","subtype":"profile","data":{"_id":"KkKkvclvvtvIARF8","timestamp":"2024-01-14T23:55:56.961Z","state":"queued","mode":"standard","creationDate":"2024-01-14T23:55:56.962Z","modificationDate":"2024-01-14T23:55:56.962Z","shortid":"hZMujFA","$entitySet":"profiles"},"doDiffs":false,"timestamp":1705276556962,"id":"zu7ahjthhm40hvx","previousOperationId":null,"operationId":"zrky15j6m7x4o6j"}
{"type":"log","level":"info","message":"Render request 11 queued for execution and waiting for available worker","previousOperationId":"zrky15j6m7x4o6j","timestamp":1705276556962,"id":"xcu46le1ft4xmjf"}
{"type":"operationStart","subtype":"render","name":"activities-users-main","previousOperationId":"zrky15j6m7x4o6j","timestamp":1705276556968,"id":"1uhwkj284dhdr05","previousEventId":"zu7ahjthhm40hvx","operationId":"xvy1lhn645kvkx4"}
{"type":"log","timestamp":1705276556968,"level":"info","message":"Starting rendering request 11","meta":{"rootId":"4r4rdn8zxcyd8nh","id":"4r4rdn8zxcyd8nh"},"id":"2ipmdojfzasz230","previousOperationId":"xvy1lhn645kvkx4"}
{"type":"log","timestamp":1705276556968,"level":"info","message":"Rendering template { name: activities-users-main, recipe: chrome-pdf, engine: handlebars, preview: true }","meta":{"rootId":"4r4rdn8zxcyd8nh","id":"4r4rdn8zxcyd8nh"},"id":"q8r2z8dsyu90tef","previousOperationId":"xvy1lhn645kvkx4"}
{"type":"log","timestamp":1705276556968,"level":"debug","message":"Data item not defined for this template.","meta":{"rootId":"4r4rdn8zxcyd8nh","id":"4r4rdn8zxcyd8nh"},"id":"tqivkhplvivi0lf","previousOperationId":"xvy1lhn645kvkx4"}
{"type":"log","timestamp":1705276556969,"level":"debug","message":"Executing script users-script (beforeRender)","meta":{"rootId":"4r4rdn8zxcyd8nh","id":"4r4rdn8zxcyd8nh"},"id":"vpnt0f27xcao4p6","previousOperationId":"xvy1lhn645kvkx4"}
{"type":"operationStart","subtype":"scriptsBeforeRender","name":"scripts beforeRender","timestamp":1705276556979,"id":"08sqtbza75u04v4","previousEventId":"1uhwkj284dhdr05","operationId":"93ygqkr09v8b6aj","previousOperationId":"xvy1lhn645kvkx4"}
{"type":"operationStart","subtype":"script","name":"scripts users-script","previousOperationId":"93ygqkr09v8b6aj","timestamp":1705276556979,"id":"ad3rcqcaugl9b2f","previousEventId":"08sqtbza75u04v4","operationId":"24ss8468pohrxro"}
{"type":"log","timestamp":1705276557023,"level":"debug","message":"(console:error) Error fetching activities: ReferenceError: helpers is not defined\n    at Object.beforeRender (sandbox.js:15:28)\n    at process.processTicksAndRejections (node:internal/process/task_queues:95:5)\n    at async executionFn (/home/ruby/workspace/React_RoR/jsreportapp/node_modules/@jsreport/jsreport-scripts/lib/executeScript.js:67:11)\n    at async run (/home/ruby/workspace/React_RoR/jsreportapp/node_modules/@jsreport/jsreport-core/lib/worker/sandbox/createSandbox.js:137:16)\n    at async WorkerReporter.runInSandbox [as _runInSandbox] (/home/ruby/workspace/React_RoR/jsreportapp/node_modules/@jsreport/jsreport-core/lib/worker/sandbox/runInSandbox.js:195:14)\n    at async executeScript (/home/ruby/workspace/React_RoR/jsreportapp/node_modules/@jsreport/jsreport-scripts/lib/executeScript.js:122:12)\n    at async Scripts._runScript (/home/ruby/workspace/React_RoR/jsreportapp/node_modules/@jsreport/jsreport-scripts/lib/worker.js:140:30)\n    at async Scripts.handleBeforeRender (/home/ruby/workspace/React_RoR/jsreportapp/node_modules/@jsreport/jsreport-scripts/lib/worker.js:64:7)\n    at async ListenerCollection.fire (/home/ruby/workspace/React_RoR/jsreportapp/node_modules/@jsreport/jsreport-core/lib/shared/listenerCollection.js:157:21)\n    at async beforeRender (/home/ruby/workspace/React_RoR/jsreportapp/node_modules/@jsreport/jsreport-core/lib/worker/render/render.js:24:5)","meta":{"userLevel":true,"rootId":"4r4rdn8zxcyd8nh","id":"4r4rdn8zxcyd8nh"},"id":"t7o9edfd75c10sn","previousOperationId":"24ss8468pohrxro"}
{"type":"operationEnd","operationId":"24ss8468pohrxro","timestamp":1705276557023,"id":"emoc4oerezglakx","previousEventId":"1uhwkj284dhdr05","previousOperationId":"xvy1lhn645kvkx4"}
{"type":"operationEnd","operationId":"93ygqkr09v8b6aj","timestamp":1705276557024,"id":"fg3tlp9v5ty68jc","previousEventId":"emoc4oerezglakx","previousOperationId":"xvy1lhn645kvkx4"}
{"type":"log","timestamp":1705276557024,"level":"debug","message":"Base url not specified, skipping its injection.","meta":{"rootId":"4r4rdn8zxcyd8nh","id":"4r4rdn8zxcyd8nh"},"id":"6gdpabft91naoan","previousOperationId":"93ygqkr09v8b6aj"}
{"type":"operationStart","subtype":"engine","name":"handlebars","timestamp":1705276557024,"id":"ma1z7ogy50tg34y","previousEventId":"fg3tlp9v5ty68jc","operationId":"ab9et5rp2kdg6wf","previousOperationId":"93ygqkr09v8b6aj"}
{"type":"log","timestamp":1705276557024,"level":"debug","message":"Rendering engine handlebars","meta":{"rootId":"4r4rdn8zxcyd8nh","id":"4r4rdn8zxcyd8nh"},"id":"klb907fha5p905e","previousOperationId":"ab9et5rp2kdg6wf"}
{"type":"operationEnd","operationId":"ab9et5rp2kdg6wf","timestamp":1705276557030,"id":"kdau4oiy1kg6yf0","previousEventId":"ma1z7ogy50tg34y","previousOperationId":"ab9et5rp2kdg6wf"}
{"type":"operationStart","subtype":"recipe","name":"chrome-pdf","timestamp":1705276557031,"id":"dfheiz4ydtgnopj","previousEventId":"kdau4oiy1kg6yf0","operationId":"24iefrsz47mih1w","previousOperationId":"ab9et5rp2kdg6wf"}
{"type":"log","timestamp":1705276557031,"level":"debug","message":"Executing recipe chrome-pdf","meta":{"rootId":"4r4rdn8zxcyd8nh","id":"4r4rdn8zxcyd8nh"},"id":"7k8pgq8g3djs34x","previousOperationId":"24iefrsz47mih1w"}
{"type":"log","timestamp":1705276557032,"level":"debug","message":"Converting with chrome HeadlessChrome/117.0.5938.149 using chrome-pool strategy","meta":{"rootId":"4r4rdn8zxcyd8nh","id":"4r4rdn8zxcyd8nh"},"id":"1dh9t8sxuzw34ke","previousOperationId":"24iefrsz47mih1w"}
{"type":"log","timestamp":1705276557054,"level":"debug","message":"Page request: GET (document) file:///tmp/jsreport/autocleanup/77e55abe-0426-47c2-ab1d-70778b712300-chrome-pdf.html","meta":{"rootId":"4r4rdn8zxcyd8nh","id":"4r4rdn8zxcyd8nh"},"id":"4zh0fu4itlz0wsw","previousOperationId":"24iefrsz47mih1w"}
{"type":"log","timestamp":1705276557060,"level":"debug","message":"Page request: GET (stylesheet) https://cdn.jsdelivr.net/chartist.js/latest/chartist.min.css","meta":{"rootId":"4r4rdn8zxcyd8nh","id":"4r4rdn8zxcyd8nh"},"id":"eberh3lr9bx30d3","previousOperationId":"24iefrsz47mih1w"}
{"type":"log","timestamp":1705276557061,"level":"debug","message":"Page request: GET (script) https://cdn.jsdelivr.net/chartist.js/latest/chartist.min.js","meta":{"rootId":"4r4rdn8zxcyd8nh","id":"4r4rdn8zxcyd8nh"},"id":"0nvbbixj7u9dlhs","previousOperationId":"24iefrsz47mih1w"}
{"type":"log","timestamp":1705276557061,"level":"debug","message":"Page request finished: GET (document) 200 file:///tmp/jsreport/autocleanup/77e55abe-0426-47c2-ab1d-70778b712300-chrome-pdf.html","meta":{"rootId":"4r4rdn8zxcyd8nh","id":"4r4rdn8zxcyd8nh"},"id":"os6807djh8r3ymr","previousOperationId":"24iefrsz47mih1w"}
{"type":"log","timestamp":1705276557062,"level":"debug","message":"Page request finished: GET (stylesheet) 200 https://cdn.jsdelivr.net/chartist.js/latest/chartist.min.css","meta":{"rootId":"4r4rdn8zxcyd8nh","id":"4r4rdn8zxcyd8nh"},"id":"58hyykbe6takv07","previousOperationId":"24iefrsz47mih1w"}
{"type":"log","timestamp":1705276557063,"level":"debug","message":"Page request finished: GET (script) 200 https://cdn.jsdelivr.net/chartist.js/latest/chartist.min.js","meta":{"rootId":"4r4rdn8zxcyd8nh","id":"4r4rdn8zxcyd8nh"},"id":"gk6dblyyzu3mjmn","previousOperationId":"24iefrsz47mih1w"}
{"type":"log","timestamp":1705276557073,"level":"debug","message":"Running chrome with params {\"printBackground\":true,\"timeout\":59930,\"margin\":{}}","meta":{"rootId":"4r4rdn8zxcyd8nh","id":"4r4rdn8zxcyd8nh"},"id":"nkjv7xskx4dhlho","previousOperationId":"24iefrsz47mih1w"}
{"type":"operationEnd","operationId":"24iefrsz47mih1w","timestamp":1705276557083,"id":"zqgtl6rw1uc4vkp","previousEventId":"dfheiz4ydtgnopj","previousOperationId":"24iefrsz47mih1w"}
{"type":"log","timestamp":1705276557083,"level":"debug","message":"Skipping storing report.","meta":{"rootId":"4r4rdn8zxcyd8nh","id":"4r4rdn8zxcyd8nh"},"id":"0orfqvilja6uzi7","previousOperationId":"24iefrsz47mih1w"}
{"type":"log","timestamp":1705276557083,"level":"info","message":"Rendering request 11 finished in 122 ms","meta":{"rootId":"4r4rdn8zxcyd8nh","id":"4r4rdn8zxcyd8nh"},"id":"iinj7zxca61r6qh","previousOperationId":"24iefrsz47mih1w"}
{"type":"operationEnd","subtype":"render","operationId":"xvy1lhn645kvkx4","timestamp":1705276557083,"id":"adi3abtu0qr26ov","previousEventId":"zqgtl6rw1uc4vkp","previousOperationId":"24iefrsz47mih1w"}
{"type":"operationEnd","doDiffs":false,"previousEventId":"zu7ahjthhm40hvx","previousOperationId":"zrky15j6m7x4o6j","operationId":"zrky15j6m7x4o6j","timestamp":1705276557089,"id":"dqh1kk90sjsv7yb"}
