{"type":"operationStart","subtype":"profile","data":{"_id":"kfyswCATHTpmQps0","timestamp":"2024-01-12T15:56:22.925Z","state":"queued","mode":"standard","creationDate":"2024-01-12T15:56:22.926Z","modificationDate":"2024-01-12T15:56:22.926Z","shortid":"kIsf3e9","$entitySet":"profiles"},"doDiffs":false,"timestamp":1705074982925,"id":"8a7rurx5ylq9xup","previousOperationId":null,"operationId":"jt7zi1q8e7qsgsq"}
{"type":"log","level":"info","message":"Render request 15 queued for execution and waiting for available worker","previousOperationId":"jt7zi1q8e7qsgsq","timestamp":1705074982925,"id":"z5trq907ce4jlv3"}
{"type":"operationStart","subtype":"render","name":"activities-users-main","previousOperationId":"jt7zi1q8e7qsgsq","timestamp":1705074982929,"id":"9hr87w0hkzcdbp1","previousEventId":"8a7rurx5ylq9xup","operationId":"04rvbtedsu6d74n"}
{"type":"log","timestamp":1705074982930,"level":"info","message":"Starting rendering request 15","meta":{"rootId":"5k86sy4yk44zs5l","id":"5k86sy4yk44zs5l"},"id":"frp4poxptvlwh0z","previousOperationId":"04rvbtedsu6d74n"}
{"type":"log","timestamp":1705074982930,"level":"info","message":"Rendering template { name: activities-users-main, recipe: chrome-pdf, engine: handlebars, preview: true }","meta":{"rootId":"5k86sy4yk44zs5l","id":"5k86sy4yk44zs5l"},"id":"9enmjf57510ey1w","previousOperationId":"04rvbtedsu6d74n"}
{"type":"log","timestamp":1705074982930,"level":"debug","message":"Data item not defined for this template.","meta":{"rootId":"5k86sy4yk44zs5l","id":"5k86sy4yk44zs5l"},"id":"rt7txrjuighx5mh","previousOperationId":"04rvbtedsu6d74n"}
{"type":"log","timestamp":1705074982931,"level":"debug","message":"Base url not specified, skipping its injection.","meta":{"rootId":"5k86sy4yk44zs5l","id":"5k86sy4yk44zs5l"},"id":"m6w53uneepk0oe6","previousOperationId":"04rvbtedsu6d74n"}
{"type":"operationStart","subtype":"engine","name":"handlebars","timestamp":1705074982931,"id":"b8s5xnean9ky1m4","previousEventId":"9hr87w0hkzcdbp1","operationId":"9lgd039n03g173x","previousOperationId":"04rvbtedsu6d74n"}
{"type":"log","timestamp":1705074982931,"level":"debug","message":"Rendering engine handlebars","meta":{"rootId":"5k86sy4yk44zs5l","id":"5k86sy4yk44zs5l"},"id":"4jmp7p6ef026aaf","previousOperationId":"9lgd039n03g173x"}
{"type":"operationEnd","operationId":"9lgd039n03g173x","timestamp":1705074982937,"id":"t9jt4bxte8rf0cm","previousEventId":"b8s5xnean9ky1m4","previousOperationId":"9lgd039n03g173x"}
{"type":"operationStart","subtype":"recipe","name":"chrome-pdf","timestamp":1705074982937,"id":"httcwib15v5u0or","previousEventId":"t9jt4bxte8rf0cm","operationId":"58v1ua8jk9twu3b","previousOperationId":"9lgd039n03g173x"}
{"type":"log","timestamp":1705074982937,"level":"debug","message":"Executing recipe chrome-pdf","meta":{"rootId":"5k86sy4yk44zs5l","id":"5k86sy4yk44zs5l"},"id":"hqcbizzwz8vm61y","previousOperationId":"58v1ua8jk9twu3b"}
{"type":"log","timestamp":1705074982938,"level":"debug","message":"Converting with chrome HeadlessChrome/117.0.5938.149 using chrome-pool strategy","meta":{"rootId":"5k86sy4yk44zs5l","id":"5k86sy4yk44zs5l"},"id":"kewiyddb601a9n9","previousOperationId":"58v1ua8jk9twu3b"}
{"type":"log","timestamp":1705074982959,"level":"debug","message":"Page request: GET (document) file:///tmp/jsreport/autocleanup/2c0fb2de-8dd4-468e-bc92-f07e02e93924-chrome-pdf.html","meta":{"rootId":"5k86sy4yk44zs5l","id":"5k86sy4yk44zs5l"},"id":"j5nhn1zc44x7hch","previousOperationId":"58v1ua8jk9twu3b"}
{"type":"log","timestamp":1705074982963,"level":"debug","message":"Page request: GET (stylesheet) https://cdnjs.cloudflare.com/ajax/libs/metro/4.1.5/css/metro.min.css","meta":{"rootId":"5k86sy4yk44zs5l","id":"5k86sy4yk44zs5l"},"id":"pfd03lo9tbagw5f","previousOperationId":"58v1ua8jk9twu3b"}
{"type":"log","timestamp":1705074982964,"level":"debug","message":"Page request: GET (script) https://cdnjs.cloudflare.com/ajax/libs/Chart.js/2.7.2/Chart.min.js","meta":{"rootId":"5k86sy4yk44zs5l","id":"5k86sy4yk44zs5l"},"id":"stugecvs4tac87f","previousOperationId":"58v1ua8jk9twu3b"}
{"type":"log","timestamp":1705074982964,"level":"debug","message":"Page request finished: GET (document) 200 file:///tmp/jsreport/autocleanup/2c0fb2de-8dd4-468e-bc92-f07e02e93924-chrome-pdf.html","meta":{"rootId":"5k86sy4yk44zs5l","id":"5k86sy4yk44zs5l"},"id":"4460oqc479guwl5","previousOperationId":"58v1ua8jk9twu3b"}
{"type":"log","timestamp":1705074982967,"level":"debug","message":"Page request finished: GET (script) 200 https://cdnjs.cloudflare.com/ajax/libs/Chart.js/2.7.2/Chart.min.js","meta":{"rootId":"5k86sy4yk44zs5l","id":"5k86sy4yk44zs5l"},"id":"pktieaxadl6gva5","previousOperationId":"58v1ua8jk9twu3b"}
{"type":"log","timestamp":1705074982976,"level":"debug","message":"Page request finished: GET (stylesheet) 200 https://cdnjs.cloudflare.com/ajax/libs/metro/4.1.5/css/metro.min.css","meta":{"rootId":"5k86sy4yk44zs5l","id":"5k86sy4yk44zs5l"},"id":"j5pdslhkrir3rh8","previousOperationId":"58v1ua8jk9twu3b"}
{"type":"log","timestamp":1705074982983,"level":"debug","message":"Running chrome with params {\"printBackground\":true,\"timeout\":59987,\"margin\":{}}","meta":{"rootId":"5k86sy4yk44zs5l","id":"5k86sy4yk44zs5l"},"id":"wbhgrmv0neclfqi","previousOperationId":"58v1ua8jk9twu3b"}
{"type":"operationEnd","operationId":"58v1ua8jk9twu3b","timestamp":1705074982995,"id":"jp9icm8xnk5crwg","previousEventId":"httcwib15v5u0or","previousOperationId":"58v1ua8jk9twu3b"}
{"type":"log","timestamp":1705074982996,"level":"debug","message":"Skipping storing report.","meta":{"rootId":"5k86sy4yk44zs5l","id":"5k86sy4yk44zs5l"},"id":"xyj5ppxkc0v0dpz","previousOperationId":"58v1ua8jk9twu3b"}
{"type":"log","timestamp":1705074982996,"level":"info","message":"Rendering request 15 finished in 71 ms","meta":{"rootId":"5k86sy4yk44zs5l","id":"5k86sy4yk44zs5l"},"id":"ihpox77h1qstpsv","previousOperationId":"58v1ua8jk9twu3b"}
{"type":"operationEnd","subtype":"render","operationId":"04rvbtedsu6d74n","timestamp":1705074982996,"id":"ibmljgisp5w52af","previousEventId":"jp9icm8xnk5crwg","previousOperationId":"58v1ua8jk9twu3b"}
{"type":"operationEnd","doDiffs":false,"previousEventId":"8a7rurx5ylq9xup","previousOperationId":"jt7zi1q8e7qsgsq","operationId":"jt7zi1q8e7qsgsq","timestamp":1705074982998,"id":"2hrafv0asluc6d2"}
