{"type":"operationStart","subtype":"profile","data":{"_id":"g5PcuTKbvf3sp1KT","timestamp":"2024-01-14T23:55:55.919Z","state":"queued","mode":"standard","creationDate":"2024-01-14T23:55:55.920Z","modificationDate":"2024-01-14T23:55:55.920Z","shortid":"73aQFfE","$entitySet":"profiles"},"doDiffs":false,"timestamp":1705276555919,"id":"irf24ssf3e9suk3","previousOperationId":null,"operationId":"qmdefltlxgq4iat"}
{"type":"log","level":"info","message":"Render request 10 queued for execution and waiting for available worker","previousOperationId":"qmdefltlxgq4iat","timestamp":1705276555919,"id":"az6ggniwzhqz847"}
{"type":"operationStart","subtype":"render","name":"activities-users-main","previousOperationId":"qmdefltlxgq4iat","timestamp":1705276555926,"id":"8x3loz2wa98ediz","previousEventId":"irf24ssf3e9suk3","operationId":"fk7lgcxuf3je6ee"}
{"type":"log","timestamp":1705276555926,"level":"info","message":"Starting rendering request 10","meta":{"rootId":"6xidwpsm951caem","id":"6xidwpsm951caem"},"id":"30pdghr0eq0mmcr","previousOperationId":"fk7lgcxuf3je6ee"}
{"type":"log","timestamp":1705276555926,"level":"info","message":"Rendering template { name: activities-users-main, recipe: chrome-pdf, engine: handlebars, preview: true }","meta":{"rootId":"6xidwpsm951caem","id":"6xidwpsm951caem"},"id":"uu69bhfa3efwmnu","previousOperationId":"fk7lgcxuf3je6ee"}
{"type":"log","timestamp":1705276555926,"level":"debug","message":"Data item not defined for this template.","meta":{"rootId":"6xidwpsm951caem","id":"6xidwpsm951caem"},"id":"hj6jmwyykxy5cyp","previousOperationId":"fk7lgcxuf3je6ee"}
{"type":"log","timestamp":1705276555927,"level":"debug","message":"Executing script users-script (beforeRender)","meta":{"rootId":"6xidwpsm951caem","id":"6xidwpsm951caem"},"id":"a7k0i6cjpr2v5yc","previousOperationId":"fk7lgcxuf3je6ee"}
{"type":"operationStart","subtype":"scriptsBeforeRender","name":"scripts beforeRender","timestamp":1705276555937,"id":"lcegb10esko995v","previousEventId":"8x3loz2wa98ediz","operationId":"saodcw9a39a9el1","previousOperationId":"fk7lgcxuf3je6ee"}
{"type":"operationStart","subtype":"script","name":"scripts users-script","previousOperationId":"saodcw9a39a9el1","timestamp":1705276555937,"id":"7urgp8p6g8jcz7d","previousEventId":"lcegb10esko995v","operationId":"avcmj9hm729najv"}
{"type":"log","timestamp":1705276555981,"level":"debug","message":"(console:error) Error fetching activities: ReferenceError: helpers is not defined\n    at Object.beforeRender (sandbox.js:15:28)\n    at process.processTicksAndRejections (node:internal/process/task_queues:95:5)\n    at async executionFn (/home/ruby/workspace/React_RoR/jsreportapp/node_modules/@jsreport/jsreport-scripts/lib/executeScript.js:67:11)\n    at async run (/home/ruby/workspace/React_RoR/jsreportapp/node_modules/@jsreport/jsreport-core/lib/worker/sandbox/createSandbox.js:137:16)\n    at async WorkerReporter.runInSandbox [as _runInSandbox] (/home/ruby/workspace/React_RoR/jsreportapp/node_modules/@jsreport/jsreport-core/lib/worker/sandbox/runInSandbox.js:195:14)\n    at async executeScript (/home/ruby/workspace/React_RoR/jsreportapp/node_modules/@jsreport/jsreport-scripts/lib/executeScript.js:122:12)\n    at async Scripts._runScript (/home/ruby/workspace/React_RoR/jsreportapp/node_modules/@jsreport/jsreport-scripts/lib/worker.js:140:30)\n    at async Scripts.handleBeforeRender (/home/ruby/workspace/React_RoR/jsreportapp/node_modules/@jsreport/jsreport-scripts/lib/worker.js:64:7)\n    at async ListenerCollection.fire (/home/ruby/workspace/React_RoR/jsreportapp/node_modules/@jsreport/jsreport-core/lib/shared/listenerCollection.js:157:21)\n    at async beforeRender (/home/ruby/workspace/React_RoR/jsreportapp/node_modules/@jsreport/jsreport-core/lib/worker/render/render.js:24:5)","meta":{"userLevel":true,"rootId":"6xidwpsm951caem","id":"6xidwpsm951caem"},"id":"7xq3g4rohc41uwz","previousOperationId":"avcmj9hm729najv"}
{"type":"operationEnd","operationId":"avcmj9hm729najv","timestamp":1705276555982,"id":"o2nj9hl36rx6az5","previousEventId":"8x3loz2wa98ediz","previousOperationId":"fk7lgcxuf3je6ee"}
{"type":"operationEnd","operationId":"saodcw9a39a9el1","timestamp":1705276555982,"id":"l7198bdzjky9u0v","previousEventId":"o2nj9hl36rx6az5","previousOperationId":"fk7lgcxuf3je6ee"}
{"type":"log","timestamp":1705276555982,"level":"debug","message":"Base url not specified, skipping its injection.","meta":{"rootId":"6xidwpsm951caem","id":"6xidwpsm951caem"},"id":"f0c8n7kxhjecy3a","previousOperationId":"saodcw9a39a9el1"}
{"type":"operationStart","subtype":"engine","name":"handlebars","timestamp":1705276555982,"id":"0z9orvxbrv1go9g","previousEventId":"l7198bdzjky9u0v","operationId":"svwwzobjvjihf33","previousOperationId":"saodcw9a39a9el1"}
{"type":"log","timestamp":1705276555982,"level":"debug","message":"Rendering engine handlebars","meta":{"rootId":"6xidwpsm951caem","id":"6xidwpsm951caem"},"id":"4d4caf64epz9i8x","previousOperationId":"svwwzobjvjihf33"}
{"type":"operationEnd","operationId":"svwwzobjvjihf33","timestamp":1705276555988,"id":"w85gh0mla3ypb04","previousEventId":"0z9orvxbrv1go9g","previousOperationId":"svwwzobjvjihf33"}
{"type":"operationStart","subtype":"recipe","name":"chrome-pdf","timestamp":1705276555988,"id":"9eya7t1ao5lslfz","previousEventId":"w85gh0mla3ypb04","operationId":"d8rpiyj1tsc67cs","previousOperationId":"svwwzobjvjihf33"}
{"type":"log","timestamp":1705276555988,"level":"debug","message":"Executing recipe chrome-pdf","meta":{"rootId":"6xidwpsm951caem","id":"6xidwpsm951caem"},"id":"ymi8eu3jlj63wz6","previousOperationId":"d8rpiyj1tsc67cs"}
{"type":"log","timestamp":1705276555990,"level":"debug","message":"Converting with chrome HeadlessChrome/117.0.5938.149 using chrome-pool strategy","meta":{"rootId":"6xidwpsm951caem","id":"6xidwpsm951caem"},"id":"0w9abo8xilfih29","previousOperationId":"d8rpiyj1tsc67cs"}
{"type":"log","timestamp":1705276556011,"level":"debug","message":"Page request: GET (document) file:///tmp/jsreport/autocleanup/90e73d50-7ca8-4810-ab09-85e5d1141ba2-chrome-pdf.html","meta":{"rootId":"6xidwpsm951caem","id":"6xidwpsm951caem"},"id":"b8ougqnj8kcm18q","previousOperationId":"d8rpiyj1tsc67cs"}
{"type":"log","timestamp":1705276556017,"level":"debug","message":"Page request: GET (stylesheet) https://cdn.jsdelivr.net/chartist.js/latest/chartist.min.css","meta":{"rootId":"6xidwpsm951caem","id":"6xidwpsm951caem"},"id":"q57ix8i8omwfbir","previousOperationId":"d8rpiyj1tsc67cs"}
{"type":"log","timestamp":1705276556017,"level":"debug","message":"Page request: GET (script) https://cdn.jsdelivr.net/chartist.js/latest/chartist.min.js","meta":{"rootId":"6xidwpsm951caem","id":"6xidwpsm951caem"},"id":"af7c3rzs46wf0rs","previousOperationId":"d8rpiyj1tsc67cs"}
{"type":"log","timestamp":1705276556017,"level":"debug","message":"Page request finished: GET (document) 200 file:///tmp/jsreport/autocleanup/90e73d50-7ca8-4810-ab09-85e5d1141ba2-chrome-pdf.html","meta":{"rootId":"6xidwpsm951caem","id":"6xidwpsm951caem"},"id":"gvu4skdrv5hkkyd","previousOperationId":"d8rpiyj1tsc67cs"}
{"type":"log","timestamp":1705276556019,"level":"debug","message":"Page request finished: GET (stylesheet) 200 https://cdn.jsdelivr.net/chartist.js/latest/chartist.min.css","meta":{"rootId":"6xidwpsm951caem","id":"6xidwpsm951caem"},"id":"ckimytmerz4iw6v","previousOperationId":"d8rpiyj1tsc67cs"}
{"type":"log","timestamp":1705276556020,"level":"debug","message":"Page request finished: GET (script) 200 https://cdn.jsdelivr.net/chartist.js/latest/chartist.min.js","meta":{"rootId":"6xidwpsm951caem","id":"6xidwpsm951caem"},"id":"c07ts87y7fi7byp","previousOperationId":"d8rpiyj1tsc67cs"}
{"type":"log","timestamp":1705276556031,"level":"debug","message":"Running chrome with params {\"printBackground\":true,\"timeout\":59929,\"margin\":{}}","meta":{"rootId":"6xidwpsm951caem","id":"6xidwpsm951caem"},"id":"wkyu4adha3ee1la","previousOperationId":"d8rpiyj1tsc67cs"}
{"type":"operationEnd","operationId":"d8rpiyj1tsc67cs","timestamp":1705276556042,"id":"jg661tm6d9r3evj","previousEventId":"9eya7t1ao5lslfz","previousOperationId":"d8rpiyj1tsc67cs"}
{"type":"log","timestamp":1705276556042,"level":"debug","message":"Skipping storing report.","meta":{"rootId":"6xidwpsm951caem","id":"6xidwpsm951caem"},"id":"o1sjj930zyzw9fp","previousOperationId":"d8rpiyj1tsc67cs"}
{"type":"log","timestamp":1705276556042,"level":"info","message":"Rendering request 10 finished in 124 ms","meta":{"rootId":"6xidwpsm951caem","id":"6xidwpsm951caem"},"id":"avuztb7nkozxy2u","previousOperationId":"d8rpiyj1tsc67cs"}
{"type":"operationEnd","subtype":"render","operationId":"fk7lgcxuf3je6ee","timestamp":1705276556042,"id":"1ycb40g5s72ynm1","previousEventId":"jg661tm6d9r3evj","previousOperationId":"d8rpiyj1tsc67cs"}
{"type":"operationEnd","doDiffs":false,"previousEventId":"irf24ssf3e9suk3","previousOperationId":"qmdefltlxgq4iat","operationId":"qmdefltlxgq4iat","timestamp":1705276556047,"id":"p6pb9mp0lby2t26"}
