{"type":"operationStart","subtype":"profile","data":{"_id":"fuZFaMTWSm5qZv9d","timestamp":"2024-01-12T23:27:44.869Z","state":"queued","mode":"standard","creationDate":"2024-01-12T23:27:44.872Z","modificationDate":"2024-01-12T23:27:44.872Z","shortid":"M784_CA","$entitySet":"profiles"},"doDiffs":false,"timestamp":1705102064871,"id":"p6ddqwf61zimy1z","previousOperationId":null,"operationId":"on11sewpltzt4p6"}
{"type":"log","level":"info","message":"Render request 9 queued for execution and waiting for available worker","previousOperationId":"on11sewpltzt4p6","timestamp":1705102064871,"id":"x07rrxl3boa8bdb"}
{"type":"operationStart","subtype":"render","name":"activities-users-main","previousOperationId":"on11sewpltzt4p6","timestamp":1705102064883,"id":"fo2nxd6aducx67e","previousEventId":"p6ddqwf61zimy1z","operationId":"uvj2dwqaw4p7xpu"}
{"type":"log","timestamp":1705102064884,"level":"info","message":"Starting rendering request 9","meta":{"rootId":"7586k101ym7fib2","id":"7586k101ym7fib2"},"id":"hovizj4uxp48gst","previousOperationId":"uvj2dwqaw4p7xpu"}
{"type":"log","timestamp":1705102064884,"level":"info","message":"Rendering template { name: activities-users-main, recipe: chrome-pdf, engine: handlebars, preview: true }","meta":{"rootId":"7586k101ym7fib2","id":"7586k101ym7fib2"},"id":"zk6vufqlorayyjk","previousOperationId":"uvj2dwqaw4p7xpu"}
{"type":"log","timestamp":1705102064885,"level":"debug","message":"Data item not defined for this template.","meta":{"rootId":"7586k101ym7fib2","id":"7586k101ym7fib2"},"id":"k5jdwq3fkmik8ho","previousOperationId":"uvj2dwqaw4p7xpu"}
{"type":"log","timestamp":1705102064887,"level":"debug","message":"Executing script users-script (beforeRender)","meta":{"rootId":"7586k101ym7fib2","id":"7586k101ym7fib2"},"id":"zgxgp41f5st81hv","previousOperationId":"uvj2dwqaw4p7xpu"}
{"type":"operationStart","subtype":"scriptsBeforeRender","name":"scripts beforeRender","timestamp":1705102064900,"id":"4tfsl1rk7w855hk","previousEventId":"fo2nxd6aducx67e","operationId":"bq9yqf8u3nes7up","previousOperationId":"uvj2dwqaw4p7xpu"}
{"type":"operationStart","subtype":"script","name":"scripts users-script","previousOperationId":"bq9yqf8u3nes7up","timestamp":1705102064901,"id":"swx7q4xswg8mp3d","previousEventId":"4tfsl1rk7w855hk","operationId":"r7bkl19k0intc9s"}
{"type":"log","timestamp":1705102064901,"level":"debug","message":"(console:log) hora","meta":{"userLevel":true,"rootId":"7586k101ym7fib2","id":"7586k101ym7fib2"},"id":"6mvouvh7k87f4e7","previousOperationId":"r7bkl19k0intc9s"}
{"type":"log","timestamp":1705102065026,"level":"debug","message":"(console:log) activities------------------------------------","meta":{"userLevel":true,"rootId":"7586k101ym7fib2","id":"7586k101ym7fib2"},"id":"x2kz6wig75rtkjv","previousOperationId":"r7bkl19k0intc9s"}
{"type":"log","timestamp":1705102065026,"level":"debug","message":"(console:log) undefined","meta":{"userLevel":true,"rootId":"7586k101ym7fib2","id":"7586k101ym7fib2"},"id":"5r64jdahiawkgcr","previousOperationId":"r7bkl19k0intc9s"}
{"type":"log","timestamp":1705102065026,"level":"debug","message":"(console:log) activities------------------------------------","meta":{"userLevel":true,"rootId":"7586k101ym7fib2","id":"7586k101ym7fib2"},"id":"eowqecyf5mh2fl2","previousOperationId":"r7bkl19k0intc9s"}
{"type":"operationEnd","operationId":"r7bkl19k0intc9s","timestamp":1705102065027,"id":"l399tklooc8dnv4","previousEventId":"fo2nxd6aducx67e","previousOperationId":"uvj2dwqaw4p7xpu"}
{"type":"operationEnd","operationId":"bq9yqf8u3nes7up","timestamp":1705102065027,"id":"9bauf9u7tfavp2m","previousEventId":"l399tklooc8dnv4","previousOperationId":"uvj2dwqaw4p7xpu"}
{"type":"log","timestamp":1705102065027,"level":"debug","message":"Base url not specified, skipping its injection.","meta":{"rootId":"7586k101ym7fib2","id":"7586k101ym7fib2"},"id":"cbknm9a41ub9y18","previousOperationId":"bq9yqf8u3nes7up"}
{"type":"operationStart","subtype":"engine","name":"handlebars","timestamp":1705102065027,"id":"z343oizsd4vdstu","previousEventId":"9bauf9u7tfavp2m","operationId":"0t844ug0bzhg4ye","previousOperationId":"bq9yqf8u3nes7up"}
{"type":"log","timestamp":1705102065027,"level":"debug","message":"Rendering engine handlebars","meta":{"rootId":"7586k101ym7fib2","id":"7586k101ym7fib2"},"id":"g9sgp7r2qm0at2b","previousOperationId":"0t844ug0bzhg4ye"}
{"type":"operationEnd","operationId":"0t844ug0bzhg4ye","timestamp":1705102065048,"id":"4jq2d9tlvgw5qly","previousEventId":"z343oizsd4vdstu","previousOperationId":"0t844ug0bzhg4ye"}
{"type":"operationStart","subtype":"recipe","name":"chrome-pdf","timestamp":1705102065048,"id":"gjbwjquuy4xmug4","previousEventId":"4jq2d9tlvgw5qly","operationId":"xewpdr5vnt4kwoj","previousOperationId":"0t844ug0bzhg4ye"}
{"type":"log","timestamp":1705102065048,"level":"debug","message":"Executing recipe chrome-pdf","meta":{"rootId":"7586k101ym7fib2","id":"7586k101ym7fib2"},"id":"wf5hzrxnjmaob5u","previousOperationId":"xewpdr5vnt4kwoj"}
{"type":"log","timestamp":1705102065051,"level":"debug","message":"Converting with chrome HeadlessChrome/117.0.5938.149 using chrome-pool strategy","meta":{"rootId":"7586k101ym7fib2","id":"7586k101ym7fib2"},"id":"l96xafr43u1fsvf","previousOperationId":"xewpdr5vnt4kwoj"}
{"type":"log","timestamp":1705102065105,"level":"debug","message":"Page request: GET (document) file:///tmp/jsreport/autocleanup/7356e86a-67b1-43bb-a5f2-f46fa0d029a6-chrome-pdf.html","meta":{"rootId":"7586k101ym7fib2","id":"7586k101ym7fib2"},"id":"ooi8iiwfyyq5wus","previousOperationId":"xewpdr5vnt4kwoj"}
{"type":"log","timestamp":1705102065119,"level":"debug","message":"Page request: GET (stylesheet) https://cdnjs.cloudflare.com/ajax/libs/metro/4.1.5/css/metro.min.css","meta":{"rootId":"7586k101ym7fib2","id":"7586k101ym7fib2"},"id":"0l0qtuxrjbxvkwv","previousOperationId":"xewpdr5vnt4kwoj"}
{"type":"log","timestamp":1705102065120,"level":"debug","message":"Page request: GET (script) https://cdnjs.cloudflare.com/ajax/libs/Chart.js/2.7.2/Chart.min.js","meta":{"rootId":"7586k101ym7fib2","id":"7586k101ym7fib2"},"id":"gmdt8a500skmd80","previousOperationId":"xewpdr5vnt4kwoj"}
{"type":"log","timestamp":1705102065121,"level":"debug","message":"Page request finished: GET (document) 200 file:///tmp/jsreport/autocleanup/7356e86a-67b1-43bb-a5f2-f46fa0d029a6-chrome-pdf.html","meta":{"rootId":"7586k101ym7fib2","id":"7586k101ym7fib2"},"id":"95w6ua7ufdamqmz","previousOperationId":"xewpdr5vnt4kwoj"}
{"type":"log","timestamp":1705102065146,"level":"debug","message":"Page request finished: GET (stylesheet) 200 https://cdnjs.cloudflare.com/ajax/libs/metro/4.1.5/css/metro.min.css","meta":{"rootId":"7586k101ym7fib2","id":"7586k101ym7fib2"},"id":"wttygkxvc0aqk30","previousOperationId":"xewpdr5vnt4kwoj"}
{"type":"log","timestamp":1705102065146,"level":"debug","message":"Page request finished: GET (script) 200 https://cdnjs.cloudflare.com/ajax/libs/Chart.js/2.7.2/Chart.min.js","meta":{"rootId":"7586k101ym7fib2","id":"7586k101ym7fib2"},"id":"nel0b1tqkyg83e5","previousOperationId":"xewpdr5vnt4kwoj"}
{"type":"log","timestamp":1705102065174,"level":"debug","message":"Running chrome with params {\"printBackground\":true,\"timeout\":59819,\"margin\":{}}","meta":{"rootId":"7586k101ym7fib2","id":"7586k101ym7fib2"},"id":"ya9qb6p9km7o54b","previousOperationId":"xewpdr5vnt4kwoj"}
{"type":"operationEnd","operationId":"xewpdr5vnt4kwoj","timestamp":1705102065203,"id":"15q9v2jncadzijv","previousEventId":"gjbwjquuy4xmug4","previousOperationId":"xewpdr5vnt4kwoj"}
{"type":"log","timestamp":1705102065203,"level":"debug","message":"Skipping storing report.","meta":{"rootId":"7586k101ym7fib2","id":"7586k101ym7fib2"},"id":"v0jo1d6sv2qycy2","previousOperationId":"xewpdr5vnt4kwoj"}
{"type":"log","timestamp":1705102065203,"level":"info","message":"Rendering request 9 finished in 334 ms","meta":{"rootId":"7586k101ym7fib2","id":"7586k101ym7fib2"},"id":"u4c0bcxyijsg7hf","previousOperationId":"xewpdr5vnt4kwoj"}
{"type":"operationEnd","subtype":"render","operationId":"uvj2dwqaw4p7xpu","timestamp":1705102065203,"id":"cxaugt2cwamnxji","previousEventId":"15q9v2jncadzijv","previousOperationId":"xewpdr5vnt4kwoj"}
{"type":"operationEnd","doDiffs":false,"previousEventId":"p6ddqwf61zimy1z","previousOperationId":"on11sewpltzt4p6","operationId":"on11sewpltzt4p6","timestamp":1705102065214,"id":"y77ktwsqjb4oapw"}
