{"type":"operationStart","subtype":"profile","data":{"_id":"gOd1oWQEE6T9ojzO","timestamp":"2024-01-14T23:25:26.827Z","state":"queued","mode":"standard","creationDate":"2024-01-14T23:25:26.828Z","modificationDate":"2024-01-14T23:25:26.828Z","shortid":"TfDG53E","$entitySet":"profiles"},"doDiffs":false,"timestamp":1705274726827,"id":"evg3h6wk65ffgl3","previousOperationId":null,"operationId":"hoz8i63eqeh095u"}
{"type":"log","level":"info","message":"Render request 193 queued for execution and waiting for available worker","previousOperationId":"hoz8i63eqeh095u","timestamp":1705274726828,"id":"ud0nprtcuxcf1oq"}
{"type":"operationStart","subtype":"render","name":"activities-users-main","previousOperationId":"hoz8i63eqeh095u","timestamp":1705274726832,"id":"yj7disz0pyuwom8","previousEventId":"evg3h6wk65ffgl3","operationId":"h5szxdvz9c1g2vg"}
{"type":"log","timestamp":1705274726832,"level":"info","message":"Starting rendering request 193","meta":{"rootId":"7efauesilmg536t","id":"7efauesilmg536t"},"id":"9iasi9aabhsrid3","previousOperationId":"h5szxdvz9c1g2vg"}
{"type":"log","timestamp":1705274726832,"level":"info","message":"Rendering template { name: activities-users-main, recipe: chrome-pdf, engine: handlebars, preview: true }","meta":{"rootId":"7efauesilmg536t","id":"7efauesilmg536t"},"id":"tqq3yphi1c1i4lz","previousOperationId":"h5szxdvz9c1g2vg"}
{"type":"log","timestamp":1705274726833,"level":"debug","message":"Data item not defined for this template.","meta":{"rootId":"7efauesilmg536t","id":"7efauesilmg536t"},"id":"klurkx31eei8qzm","previousOperationId":"h5szxdvz9c1g2vg"}
{"type":"log","timestamp":1705274726834,"level":"debug","message":"Executing script users-script (beforeRender)","meta":{"rootId":"7efauesilmg536t","id":"7efauesilmg536t"},"id":"4ji2gdktnsdpa01","previousOperationId":"h5szxdvz9c1g2vg"}
{"type":"operationStart","subtype":"scriptsBeforeRender","name":"scripts beforeRender","timestamp":1705274726843,"id":"3ydzcvdo2xa0ndd","previousEventId":"yj7disz0pyuwom8","operationId":"xuglkl9mxk7m8jb","previousOperationId":"h5szxdvz9c1g2vg"}
{"type":"operationStart","subtype":"script","name":"scripts users-script","previousOperationId":"xuglkl9mxk7m8jb","timestamp":1705274726843,"id":"d9bqjluvenk5p16","previousEventId":"3ydzcvdo2xa0ndd","operationId":"5210ufxkhuf8ouz"}
{"type":"log","timestamp":1705274726887,"level":"debug","message":"(console:log) Activities in beforeRender: [\n  {\n    id: 14,\n    name: 'Actvitidad2',\n    description: 'Actividad2',\n    date: '2023-12-15',\n    image: {\n      url: 'http://localhost:4000/rails/active_storage/blobs/redirect/eyJfcmFpbHMiOnsiZGF0YSI6NjEsInB1ciI6ImJsb2JfaWQifX0=--5a501cf3cc73364820b9664b12ee2d712465f229/rectangular-26361_960_720.png'\n    },\n    places: 0,\n    coordinator: {\n      id: 1,\n      nickname: 'Aisha',\n      email: 'prueba@stillhigher.es',\n      admin: true,\n      image: [Object]\n    },\n    assistants: [ [Object] ],\n    clients: [ [Object] ]\n  },\n  {\n    id: 15,\n    name: 'puentein122',\n    description: 'Saltar de un puente sin cuerda',\n    date: '2023-01-17',\n    image: {\n      url: 'http://localhost:4000/rails/active_storage/blobs/redirect/eyJfcmFpbHMiOnsiZGF0YSI6NjIsInB1ciI6ImJsb2JfaWQifX0=--63e5c6d63b9b83291f6f0d448c0a3b03202e86b6/rectangular-26361_960_720.png'\n    },\n    places: 551,\n    coordinator: {\n      id: 1,\n      nickname: 'Aisha',\n      email: 'prueba@stillhigher.es',\n      admin: true,\n      image: [Object]\n    },\n    assistants: [ [Object] ],\n    clients: []\n  },\n  {\n    id: 16,\n    name: 'Actvitidad',\n    description: 'Actividad',\n    date: '2023-12-18',\n    image: null,\n    places: 0,\n    coordinator: {\n      id: 1,\n      nickname: 'Aisha',\n      email: 'prueba@stillhigher.es',\n      admin: true,\n      image: [Object]\n    },\n    assistants: [ [Object] ],\n    clients: []\n  }\n]","meta":{"userLevel":true,"rootId":"7efauesilmg536t","id":"7efauesilmg536t"},"id":"0svyaup9sq7oght","previousOperationId":"5210ufxkhuf8ouz"}
{"type":"operationEnd","operationId":"5210ufxkhuf8ouz","timestamp":1705274726888,"id":"ml3dg5ipexk1fue","previousEventId":"yj7disz0pyuwom8","previousOperationId":"h5szxdvz9c1g2vg"}
{"type":"operationEnd","operationId":"xuglkl9mxk7m8jb","timestamp":1705274726888,"id":"aosdfsiweto5yds","previousEventId":"ml3dg5ipexk1fue","previousOperationId":"h5szxdvz9c1g2vg"}
{"type":"log","timestamp":1705274726888,"level":"debug","message":"Base url not specified, skipping its injection.","meta":{"rootId":"7efauesilmg536t","id":"7efauesilmg536t"},"id":"9crd6ye219r449o","previousOperationId":"xuglkl9mxk7m8jb"}
{"type":"operationStart","subtype":"engine","name":"handlebars","timestamp":1705274726888,"id":"20yjvm93qdjkdnu","previousEventId":"aosdfsiweto5yds","operationId":"398c62pjumxg261","previousOperationId":"xuglkl9mxk7m8jb"}
{"type":"log","timestamp":1705274726888,"level":"debug","message":"Rendering engine handlebars","meta":{"rootId":"7efauesilmg536t","id":"7efauesilmg536t"},"id":"uuol306bxktj0b8","previousOperationId":"398c62pjumxg261"}
{"type":"operationEnd","operationId":"398c62pjumxg261","timestamp":1705274726900,"id":"3jhd7090vvrfgtd","previousEventId":"20yjvm93qdjkdnu","previousOperationId":"398c62pjumxg261"}
{"type":"operationStart","subtype":"recipe","name":"chrome-pdf","timestamp":1705274726900,"id":"970149tpcvdoxbl","previousEventId":"3jhd7090vvrfgtd","operationId":"sqnx2ngpypsd7aa","previousOperationId":"398c62pjumxg261"}
{"type":"log","timestamp":1705274726900,"level":"debug","message":"Executing recipe chrome-pdf","meta":{"rootId":"7efauesilmg536t","id":"7efauesilmg536t"},"id":"i05oxmaqmnvmaxl","previousOperationId":"sqnx2ngpypsd7aa"}
{"type":"log","timestamp":1705274726902,"level":"debug","message":"Converting with chrome HeadlessChrome/117.0.5938.149 using chrome-pool strategy","meta":{"rootId":"7efauesilmg536t","id":"7efauesilmg536t"},"id":"dazb1bhuj54ob99","previousOperationId":"sqnx2ngpypsd7aa"}
{"type":"log","timestamp":1705274726925,"level":"debug","message":"Page request: GET (document) file:///tmp/jsreport/autocleanup/93d48837-9d69-4a45-8b55-9ffdde46b5bb-chrome-pdf.html","meta":{"rootId":"7efauesilmg536t","id":"7efauesilmg536t"},"id":"84rf7lfg2cs0uh0","previousOperationId":"sqnx2ngpypsd7aa"}
{"type":"log","timestamp":1705274726931,"level":"debug","message":"Page request: GET (stylesheet) https://cdn.jsdelivr.net/chartist.js/latest/chartist.min.css","meta":{"rootId":"7efauesilmg536t","id":"7efauesilmg536t"},"id":"45wt78o071ldfof","previousOperationId":"sqnx2ngpypsd7aa"}
{"type":"log","timestamp":1705274726931,"level":"debug","message":"Page request: GET (script) https://cdn.jsdelivr.net/chartist.js/latest/chartist.min.js","meta":{"rootId":"7efauesilmg536t","id":"7efauesilmg536t"},"id":"amoxvxpuion6dyc","previousOperationId":"sqnx2ngpypsd7aa"}
{"type":"log","timestamp":1705274726931,"level":"debug","message":"Page request finished: GET (document) 200 file:///tmp/jsreport/autocleanup/93d48837-9d69-4a45-8b55-9ffdde46b5bb-chrome-pdf.html","meta":{"rootId":"7efauesilmg536t","id":"7efauesilmg536t"},"id":"lquqmiybq3xwb0s","previousOperationId":"sqnx2ngpypsd7aa"}
{"type":"log","timestamp":1705274726933,"level":"debug","message":"Page request finished: GET (stylesheet) 200 https://cdn.jsdelivr.net/chartist.js/latest/chartist.min.css","meta":{"rootId":"7efauesilmg536t","id":"7efauesilmg536t"},"id":"cjmy0fsh7etjgay","previousOperationId":"sqnx2ngpypsd7aa"}
{"type":"log","timestamp":1705274726933,"level":"debug","message":"Page request finished: GET (script) 200 https://cdn.jsdelivr.net/chartist.js/latest/chartist.min.js","meta":{"rootId":"7efauesilmg536t","id":"7efauesilmg536t"},"id":"pm0hn8hawe4ht0a","previousOperationId":"sqnx2ngpypsd7aa"}
{"type":"log","timestamp":1705274726941,"level":"debug","message":"Running chrome with params {\"printBackground\":true,\"timeout\":59926,\"margin\":{}}","meta":{"rootId":"7efauesilmg536t","id":"7efauesilmg536t"},"id":"1jtb3eghdeclw5y","previousOperationId":"sqnx2ngpypsd7aa"}
{"type":"operationEnd","operationId":"sqnx2ngpypsd7aa","timestamp":1705274726953,"id":"tg19f319t922yro","previousEventId":"970149tpcvdoxbl","previousOperationId":"sqnx2ngpypsd7aa"}
{"type":"log","timestamp":1705274726953,"level":"debug","message":"Skipping storing report.","meta":{"rootId":"7efauesilmg536t","id":"7efauesilmg536t"},"id":"mk95jbnw18s3amb","previousOperationId":"sqnx2ngpypsd7aa"}
{"type":"log","timestamp":1705274726953,"level":"info","message":"Rendering request 193 finished in 126 ms","meta":{"rootId":"7efauesilmg536t","id":"7efauesilmg536t"},"id":"fqdspjl0s587v7b","previousOperationId":"sqnx2ngpypsd7aa"}
{"type":"operationEnd","subtype":"render","operationId":"h5szxdvz9c1g2vg","timestamp":1705274726953,"id":"5lmnmnubfgsng8a","previousEventId":"tg19f319t922yro","previousOperationId":"sqnx2ngpypsd7aa"}
{"type":"operationEnd","doDiffs":false,"previousEventId":"evg3h6wk65ffgl3","previousOperationId":"hoz8i63eqeh095u","operationId":"hoz8i63eqeh095u","timestamp":1705274726956,"id":"uitl1xxfqe6owy5"}
