{"type":"operationStart","subtype":"profile","data":{"_id":"p1SzxDoktBIQYxVl","timestamp":"2024-01-12T15:52:27.373Z","state":"queued","mode":"standard","creationDate":"2024-01-12T15:52:27.374Z","modificationDate":"2024-01-12T15:52:27.374Z","shortid":"JEQKeJb","$entitySet":"profiles"},"doDiffs":false,"timestamp":1705074747374,"id":"s8raearcaoi67m0","previousOperationId":null,"operationId":"na8x94xh7i30xfd"}
{"type":"log","level":"info","message":"Render request 4 queued for execution and waiting for available worker","previousOperationId":"na8x94xh7i30xfd","timestamp":1705074747374,"id":"2g4gx48o2y76fzb"}
{"type":"operationStart","subtype":"render","name":"activities-users-main","previousOperationId":"na8x94xh7i30xfd","timestamp":1705074747379,"id":"kzkbh64mzu903oc","previousEventId":"s8raearcaoi67m0","operationId":"ind2f6szvxxxy9j"}
{"type":"log","timestamp":1705074747379,"level":"info","message":"Starting rendering request 4","meta":{"rootId":"7ybzqil6tqp5drk","id":"7ybzqil6tqp5drk"},"id":"7ahl2k3aobzvuss","previousOperationId":"ind2f6szvxxxy9j"}
{"type":"log","timestamp":1705074747379,"level":"info","message":"Rendering template { name: activities-users-main, recipe: chrome-pdf, engine: handlebars, preview: true }","meta":{"rootId":"7ybzqil6tqp5drk","id":"7ybzqil6tqp5drk"},"id":"d8ux83kquq4ywww","previousOperationId":"ind2f6szvxxxy9j"}
{"type":"log","timestamp":1705074747379,"level":"debug","message":"Data item not defined for this template.","meta":{"rootId":"7ybzqil6tqp5drk","id":"7ybzqil6tqp5drk"},"id":"ub1eay23kaz3u71","previousOperationId":"ind2f6szvxxxy9j"}
{"type":"log","timestamp":1705074747380,"level":"debug","message":"Base url not specified, skipping its injection.","meta":{"rootId":"7ybzqil6tqp5drk","id":"7ybzqil6tqp5drk"},"id":"5u5wtg70h47dbmj","previousOperationId":"ind2f6szvxxxy9j"}
{"type":"operationStart","subtype":"engine","name":"handlebars","timestamp":1705074747381,"id":"zwveb3zllwwmshk","previousEventId":"kzkbh64mzu903oc","operationId":"ackfns866nvksk9","previousOperationId":"ind2f6szvxxxy9j"}
{"type":"log","timestamp":1705074747381,"level":"debug","message":"Rendering engine handlebars","meta":{"rootId":"7ybzqil6tqp5drk","id":"7ybzqil6tqp5drk"},"id":"06g5v5tlo4zagml","previousOperationId":"ackfns866nvksk9"}
{"type":"operationEnd","operationId":"ackfns866nvksk9","timestamp":1705074747389,"id":"465kk9euu8gzhja","previousEventId":"zwveb3zllwwmshk","previousOperationId":"ackfns866nvksk9"}
{"type":"operationStart","subtype":"recipe","name":"chrome-pdf","timestamp":1705074747389,"id":"8jwzi7otuh4r7bw","previousEventId":"465kk9euu8gzhja","operationId":"x6i61oqmoyjgc2p","previousOperationId":"ackfns866nvksk9"}
{"type":"log","timestamp":1705074747390,"level":"debug","message":"Executing recipe chrome-pdf","meta":{"rootId":"7ybzqil6tqp5drk","id":"7ybzqil6tqp5drk"},"id":"7etxk718dkk290e","previousOperationId":"x6i61oqmoyjgc2p"}
{"type":"log","timestamp":1705074747654,"level":"debug","message":"Converting with chrome HeadlessChrome/117.0.5938.149 using chrome-pool strategy","meta":{"rootId":"7ybzqil6tqp5drk","id":"7ybzqil6tqp5drk"},"id":"8jsag4347ylu9e1","previousOperationId":"x6i61oqmoyjgc2p"}
{"type":"log","timestamp":1705074747692,"level":"debug","message":"Page request: GET (document) file:///tmp/jsreport/autocleanup/8c2c2917-387d-4813-973c-85c1f2bcfda1-chrome-pdf.html","meta":{"rootId":"7ybzqil6tqp5drk","id":"7ybzqil6tqp5drk"},"id":"aaj8tqkjqx5071f","previousOperationId":"x6i61oqmoyjgc2p"}
{"type":"log","timestamp":1705074747698,"level":"debug","message":"Page request: GET (stylesheet) https://cdnjs.cloudflare.com/ajax/libs/metro/4.1.5/css/metro.min.css","meta":{"rootId":"7ybzqil6tqp5drk","id":"7ybzqil6tqp5drk"},"id":"51qz6eiur6q9ej5","previousOperationId":"x6i61oqmoyjgc2p"}
{"type":"log","timestamp":1705074747699,"level":"debug","message":"Page request: GET (script) https://cdnjs.cloudflare.com/ajax/libs/Chart.js/2.7.2/Chart.min.js","meta":{"rootId":"7ybzqil6tqp5drk","id":"7ybzqil6tqp5drk"},"id":"3lrlcyep9zp36ju","previousOperationId":"x6i61oqmoyjgc2p"}
{"type":"log","timestamp":1705074747699,"level":"debug","message":"Page request finished: GET (document) 200 file:///tmp/jsreport/autocleanup/8c2c2917-387d-4813-973c-85c1f2bcfda1-chrome-pdf.html","meta":{"rootId":"7ybzqil6tqp5drk","id":"7ybzqil6tqp5drk"},"id":"ezey0xyzjnu5tqy","previousOperationId":"x6i61oqmoyjgc2p"}
{"type":"log","timestamp":1705074747828,"level":"debug","message":"Page request finished: GET (stylesheet) 200 https://cdnjs.cloudflare.com/ajax/libs/metro/4.1.5/css/metro.min.css","meta":{"rootId":"7ybzqil6tqp5drk","id":"7ybzqil6tqp5drk"},"id":"mwa8jiyq221cj42","previousOperationId":"x6i61oqmoyjgc2p"}
{"type":"log","timestamp":1705074747851,"level":"debug","message":"Page request finished: GET (script) 200 https://cdnjs.cloudflare.com/ajax/libs/Chart.js/2.7.2/Chart.min.js","meta":{"rootId":"7ybzqil6tqp5drk","id":"7ybzqil6tqp5drk"},"id":"hwcirnxflmpiwcn","previousOperationId":"x6i61oqmoyjgc2p"}
{"type":"log","timestamp":1705074747859,"level":"debug","message":"Running chrome with params {\"printBackground\":true,\"timeout\":59843,\"margin\":{}}","meta":{"rootId":"7ybzqil6tqp5drk","id":"7ybzqil6tqp5drk"},"id":"hq4wjm2pbdlwjbu","previousOperationId":"x6i61oqmoyjgc2p"}
{"type":"operationEnd","operationId":"x6i61oqmoyjgc2p","timestamp":1705074747872,"id":"3zexnfxkrxcjclo","previousEventId":"8jwzi7otuh4r7bw","previousOperationId":"x6i61oqmoyjgc2p"}
{"type":"log","timestamp":1705074747872,"level":"debug","message":"Skipping storing report.","meta":{"rootId":"7ybzqil6tqp5drk","id":"7ybzqil6tqp5drk"},"id":"glbztv1n4smjmfk","previousOperationId":"x6i61oqmoyjgc2p"}
{"type":"log","timestamp":1705074747873,"level":"info","message":"Rendering request 4 finished in 500 ms","meta":{"rootId":"7ybzqil6tqp5drk","id":"7ybzqil6tqp5drk"},"id":"5wslowdepb3dzt9","previousOperationId":"x6i61oqmoyjgc2p"}
{"type":"operationEnd","subtype":"render","operationId":"ind2f6szvxxxy9j","timestamp":1705074747873,"id":"zk6a1tk7h74doto","previousEventId":"3zexnfxkrxcjclo","previousOperationId":"x6i61oqmoyjgc2p"}
{"type":"operationEnd","doDiffs":false,"previousEventId":"s8raearcaoi67m0","previousOperationId":"na8x94xh7i30xfd","operationId":"na8x94xh7i30xfd","timestamp":1705074747876,"id":"438lahqt6nzgm8a"}
