{"type":"operationStart","subtype":"profile","data":{"_id":"vewXF1OqmBLChxUH","timestamp":"2024-01-14T23:11:13.712Z","state":"queued","mode":"standard","creationDate":"2024-01-14T23:11:13.713Z","modificationDate":"2024-01-14T23:11:13.713Z","shortid":"1xF7hsC","$entitySet":"profiles"},"doDiffs":false,"timestamp":1705273873712,"id":"yg86cq9e0w53kqd","previousOperationId":null,"operationId":"d7ipjcq9j468pc5"}
{"type":"log","level":"info","message":"Render request 168 queued for execution and waiting for available worker","previousOperationId":"d7ipjcq9j468pc5","timestamp":1705273873712,"id":"emqw9py7do8bwuq"}
{"type":"operationStart","subtype":"render","name":"activities-users-main","previousOperationId":"d7ipjcq9j468pc5","timestamp":1705273873717,"id":"kw14qraxftm5drm","previousEventId":"yg86cq9e0w53kqd","operationId":"ht35xj00hm9fyoe"}
{"type":"log","timestamp":1705273873717,"level":"info","message":"Starting rendering request 168","meta":{"rootId":"89c3h7dt6nw929s","id":"89c3h7dt6nw929s"},"id":"mdz63qdafxifu5r","previousOperationId":"ht35xj00hm9fyoe"}
{"type":"log","timestamp":1705273873717,"level":"info","message":"Rendering template { name: activities-users-main, recipe: chrome-pdf, engine: handlebars, preview: true }","meta":{"rootId":"89c3h7dt6nw929s","id":"89c3h7dt6nw929s"},"id":"0l10ny85cv5dust","previousOperationId":"ht35xj00hm9fyoe"}
{"type":"log","timestamp":1705273873717,"level":"debug","message":"Data item not defined for this template.","meta":{"rootId":"89c3h7dt6nw929s","id":"89c3h7dt6nw929s"},"id":"ugu5molo8lj68e0","previousOperationId":"ht35xj00hm9fyoe"}
{"type":"log","timestamp":1705273873718,"level":"debug","message":"Executing script users-script (beforeRender)","meta":{"rootId":"89c3h7dt6nw929s","id":"89c3h7dt6nw929s"},"id":"yiqztdimmgtchnx","previousOperationId":"ht35xj00hm9fyoe"}
{"type":"operationStart","subtype":"scriptsBeforeRender","name":"scripts beforeRender","timestamp":1705273873722,"id":"6hxihd7yhv1cdx4","previousEventId":"kw14qraxftm5drm","operationId":"3pno16tuix8j8w4","previousOperationId":"ht35xj00hm9fyoe"}
{"type":"operationStart","subtype":"script","name":"scripts users-script","previousOperationId":"3pno16tuix8j8w4","timestamp":1705273873722,"id":"w6iyxc68nqqeeec","previousEventId":"6hxihd7yhv1cdx4","operationId":"tpcdm5b87il7huh"}
{"type":"log","timestamp":1705273873722,"level":"debug","message":"(console:error) Error fetching activities: ReferenceError: fetch is not defined\n    at fetchActivities (sandbox.js:4:5)\n    at Object.beforeRender (sandbox.js:19:31)\n    at executionFn (/home/ruby/workspace/React_RoR/jsreportapp/node_modules/@jsreport/jsreport-scripts/lib/executeScript.js:67:35)\n    at sandbox.js:37:18\n    at async run (/home/ruby/workspace/React_RoR/jsreportapp/node_modules/@jsreport/jsreport-core/lib/worker/sandbox/createSandbox.js:137:16)\n    at async WorkerReporter.runInSandbox [as _runInSandbox] (/home/ruby/workspace/React_RoR/jsreportapp/node_modules/@jsreport/jsreport-core/lib/worker/sandbox/runInSandbox.js:195:14)\n    at async executeScript (/home/ruby/workspace/React_RoR/jsreportapp/node_modules/@jsreport/jsreport-scripts/lib/executeScript.js:122:12)\n    at async Scripts._runScript (/home/ruby/workspace/React_RoR/jsreportapp/node_modules/@jsreport/jsreport-scripts/lib/worker.js:140:30)\n    at async Scripts.handleBeforeRender (/home/ruby/workspace/React_RoR/jsreportapp/node_modules/@jsreport/jsreport-scripts/lib/worker.js:64:7)\n    at async ListenerCollection.fire (/home/ruby/workspace/React_RoR/jsreportapp/node_modules/@jsreport/jsreport-core/lib/shared/listenerCollection.js:157:21)","meta":{"userLevel":true,"rootId":"89c3h7dt6nw929s","id":"89c3h7dt6nw929s"},"id":"br14ovz5oooqurg","previousOperationId":"tpcdm5b87il7huh"}
{"type":"operationEnd","operationId":"tpcdm5b87il7huh","timestamp":1705273873723,"id":"cm3zryrw2w1ig00","previousEventId":"kw14qraxftm5drm","previousOperationId":"ht35xj00hm9fyoe"}
{"type":"operationEnd","operationId":"3pno16tuix8j8w4","timestamp":1705273873723,"id":"euftfgnszv76owj","previousEventId":"cm3zryrw2w1ig00","previousOperationId":"ht35xj00hm9fyoe"}
{"type":"log","timestamp":1705273873723,"level":"debug","message":"Base url not specified, skipping its injection.","meta":{"rootId":"89c3h7dt6nw929s","id":"89c3h7dt6nw929s"},"id":"5lpqe27ey6gkx5b","previousOperationId":"3pno16tuix8j8w4"}
{"type":"operationStart","subtype":"engine","name":"handlebars","timestamp":1705273873723,"id":"8hupuz0kunmont9","previousEventId":"euftfgnszv76owj","operationId":"fikt2my7l0unwj0","previousOperationId":"3pno16tuix8j8w4"}
{"type":"log","timestamp":1705273873723,"level":"debug","message":"Rendering engine handlebars","meta":{"rootId":"89c3h7dt6nw929s","id":"89c3h7dt6nw929s"},"id":"2pnzm86tuihh8jq","previousOperationId":"fikt2my7l0unwj0"}
{"type":"operationEnd","operationId":"fikt2my7l0unwj0","timestamp":1705273873729,"id":"8x2ymrqkxly0ket","previousEventId":"8hupuz0kunmont9","previousOperationId":"fikt2my7l0unwj0"}
{"type":"operationStart","subtype":"recipe","name":"chrome-pdf","timestamp":1705273873729,"id":"zr66tqkckqd0fa2","previousEventId":"8x2ymrqkxly0ket","operationId":"k0rnq8sty0sf2hi","previousOperationId":"fikt2my7l0unwj0"}
{"type":"log","timestamp":1705273873729,"level":"debug","message":"Executing recipe chrome-pdf","meta":{"rootId":"89c3h7dt6nw929s","id":"89c3h7dt6nw929s"},"id":"hzu080k5iao60kg","previousOperationId":"k0rnq8sty0sf2hi"}
{"type":"log","timestamp":1705273873731,"level":"debug","message":"Converting with chrome HeadlessChrome/117.0.5938.149 using chrome-pool strategy","meta":{"rootId":"89c3h7dt6nw929s","id":"89c3h7dt6nw929s"},"id":"vokhrpfrlbjlp7r","previousOperationId":"k0rnq8sty0sf2hi"}
{"type":"log","timestamp":1705273873753,"level":"debug","message":"Page request: GET (document) file:///tmp/jsreport/autocleanup/2f2dbf2d-b51d-4f88-80fb-f31d981418dd-chrome-pdf.html","meta":{"rootId":"89c3h7dt6nw929s","id":"89c3h7dt6nw929s"},"id":"a0ooa3m68jgovs0","previousOperationId":"k0rnq8sty0sf2hi"}
{"type":"log","timestamp":1705273873759,"level":"debug","message":"Page request: GET (stylesheet) https://cdn.jsdelivr.net/chartist.js/latest/chartist.min.css","meta":{"rootId":"89c3h7dt6nw929s","id":"89c3h7dt6nw929s"},"id":"1kw2ji9dyj3o8u0","previousOperationId":"k0rnq8sty0sf2hi"}
{"type":"log","timestamp":1705273873759,"level":"debug","message":"Page request: GET (script) https://cdn.jsdelivr.net/chartist.js/latest/chartist.min.js","meta":{"rootId":"89c3h7dt6nw929s","id":"89c3h7dt6nw929s"},"id":"n1q1rykjfhwb74x","previousOperationId":"k0rnq8sty0sf2hi"}
{"type":"log","timestamp":1705273873759,"level":"debug","message":"Page request finished: GET (document) 200 file:///tmp/jsreport/autocleanup/2f2dbf2d-b51d-4f88-80fb-f31d981418dd-chrome-pdf.html","meta":{"rootId":"89c3h7dt6nw929s","id":"89c3h7dt6nw929s"},"id":"wnftrzm14qco0ty","previousOperationId":"k0rnq8sty0sf2hi"}
{"type":"log","timestamp":1705273873761,"level":"debug","message":"Page request finished: GET (stylesheet) 200 https://cdn.jsdelivr.net/chartist.js/latest/chartist.min.css","meta":{"rootId":"89c3h7dt6nw929s","id":"89c3h7dt6nw929s"},"id":"kqgtdiyrab1m6ne","previousOperationId":"k0rnq8sty0sf2hi"}
{"type":"log","timestamp":1705273873761,"level":"debug","message":"Page request finished: GET (script) 200 https://cdn.jsdelivr.net/chartist.js/latest/chartist.min.js","meta":{"rootId":"89c3h7dt6nw929s","id":"89c3h7dt6nw929s"},"id":"t279h5v2oxwe8t3","previousOperationId":"k0rnq8sty0sf2hi"}
{"type":"log","timestamp":1705273873768,"level":"debug","message":"Running chrome with params {\"printBackground\":true,\"timeout\":59982,\"margin\":{}}","meta":{"rootId":"89c3h7dt6nw929s","id":"89c3h7dt6nw929s"},"id":"foe3se4uzidy8la","previousOperationId":"k0rnq8sty0sf2hi"}
{"type":"operationEnd","operationId":"k0rnq8sty0sf2hi","timestamp":1705273873778,"id":"px8bae1ecw5gsed","previousEventId":"zr66tqkckqd0fa2","previousOperationId":"k0rnq8sty0sf2hi"}
{"type":"log","timestamp":1705273873778,"level":"debug","message":"Skipping storing report.","meta":{"rootId":"89c3h7dt6nw929s","id":"89c3h7dt6nw929s"},"id":"1tk1219rmf8kin7","previousOperationId":"k0rnq8sty0sf2hi"}
{"type":"log","timestamp":1705273873778,"level":"info","message":"Rendering request 168 finished in 66 ms","meta":{"rootId":"89c3h7dt6nw929s","id":"89c3h7dt6nw929s"},"id":"l428u04pjipp02i","previousOperationId":"k0rnq8sty0sf2hi"}
{"type":"operationEnd","subtype":"render","operationId":"ht35xj00hm9fyoe","timestamp":1705273873778,"id":"3xgu32082245tna","previousEventId":"px8bae1ecw5gsed","previousOperationId":"k0rnq8sty0sf2hi"}
{"type":"operationEnd","doDiffs":false,"previousEventId":"yg86cq9e0w53kqd","previousOperationId":"d7ipjcq9j468pc5","operationId":"d7ipjcq9j468pc5","timestamp":1705273873782,"id":"3ghg8yaht3y1bkt"}
