{"type":"operationStart","subtype":"profile","data":{"_id":"MM5DuiVJkxl4LW9S","timestamp":"2024-01-14T23:09:53.484Z","state":"queued","mode":"standard","creationDate":"2024-01-14T23:09:53.485Z","modificationDate":"2024-01-14T23:09:53.485Z","shortid":"XS1HHog","$entitySet":"profiles"},"doDiffs":false,"timestamp":1705273793485,"id":"90vo2if255geivi","previousOperationId":null,"operationId":"wjzrbg7xs93cakj"}
{"type":"log","level":"info","message":"Render request 159 queued for execution and waiting for available worker","previousOperationId":"wjzrbg7xs93cakj","timestamp":1705273793485,"id":"1n0yf32pkitfkxs"}
{"type":"operationStart","subtype":"render","name":"activities-users-main","previousOperationId":"wjzrbg7xs93cakj","timestamp":1705273793490,"id":"v3m565ezm9cdgzj","previousEventId":"90vo2if255geivi","operationId":"jo5ohcguhdejam1"}
{"type":"log","timestamp":1705273793490,"level":"info","message":"Starting rendering request 159","meta":{"rootId":"9g0hi2qyg8zkzby","id":"9g0hi2qyg8zkzby"},"id":"rv04ughosbx9hrc","previousOperationId":"jo5ohcguhdejam1"}
{"type":"log","timestamp":1705273793490,"level":"info","message":"Rendering template { name: activities-users-main, recipe: chrome-pdf, engine: handlebars, preview: true }","meta":{"rootId":"9g0hi2qyg8zkzby","id":"9g0hi2qyg8zkzby"},"id":"2mzwei5xp03sltr","previousOperationId":"jo5ohcguhdejam1"}
{"type":"log","timestamp":1705273793490,"level":"debug","message":"Data item not defined for this template.","meta":{"rootId":"9g0hi2qyg8zkzby","id":"9g0hi2qyg8zkzby"},"id":"vl4yqtm5qcftxo5","previousOperationId":"jo5ohcguhdejam1"}
{"type":"log","timestamp":1705273793491,"level":"debug","message":"Executing script users-script (beforeRender)","meta":{"rootId":"9g0hi2qyg8zkzby","id":"9g0hi2qyg8zkzby"},"id":"3fhxfvlp85syucx","previousOperationId":"jo5ohcguhdejam1"}
{"type":"operationStart","subtype":"scriptsBeforeRender","name":"scripts beforeRender","timestamp":1705273793494,"id":"5m6jctbbl542dv8","previousEventId":"v3m565ezm9cdgzj","operationId":"ik7wijxaqvs9n68","previousOperationId":"jo5ohcguhdejam1"}
{"type":"operationStart","subtype":"script","name":"scripts users-script","previousOperationId":"ik7wijxaqvs9n68","timestamp":1705273793494,"id":"10dzpbxmvv2y7az","previousEventId":"5m6jctbbl542dv8","operationId":"e88y4h4p8rintus"}
{"type":"log","timestamp":1705273793494,"level":"debug","message":"(console:error) Error fetching activities: ReferenceError: fetch is not defined\n    at fetchActivities (sandbox.js:4:5)\n    at Object.beforeRender (sandbox.js:25:37)\n    at executionFn (/home/ruby/workspace/React_RoR/jsreportapp/node_modules/@jsreport/jsreport-scripts/lib/executeScript.js:67:35)\n    at sandbox.js:43:18\n    at async run (/home/ruby/workspace/React_RoR/jsreportapp/node_modules/@jsreport/jsreport-core/lib/worker/sandbox/createSandbox.js:137:16)\n    at async WorkerReporter.runInSandbox [as _runInSandbox] (/home/ruby/workspace/React_RoR/jsreportapp/node_modules/@jsreport/jsreport-core/lib/worker/sandbox/runInSandbox.js:195:14)\n    at async executeScript (/home/ruby/workspace/React_RoR/jsreportapp/node_modules/@jsreport/jsreport-scripts/lib/executeScript.js:122:12)\n    at async Scripts._runScript (/home/ruby/workspace/React_RoR/jsreportapp/node_modules/@jsreport/jsreport-scripts/lib/worker.js:140:30)\n    at async Scripts.handleBeforeRender (/home/ruby/workspace/React_RoR/jsreportapp/node_modules/@jsreport/jsreport-scripts/lib/worker.js:64:7)\n    at async ListenerCollection.fire (/home/ruby/workspace/React_RoR/jsreportapp/node_modules/@jsreport/jsreport-core/lib/shared/listenerCollection.js:157:21)","meta":{"userLevel":true,"rootId":"9g0hi2qyg8zkzby","id":"9g0hi2qyg8zkzby"},"id":"udbuvv8rhtgsxy3","previousOperationId":"e88y4h4p8rintus"}
{"type":"operationEnd","operationId":"e88y4h4p8rintus","timestamp":1705273793494,"id":"tqxipuq7x7bil2d","previousEventId":"v3m565ezm9cdgzj","previousOperationId":"jo5ohcguhdejam1"}
{"type":"operationEnd","operationId":"ik7wijxaqvs9n68","timestamp":1705273793494,"id":"wujcsbdqo49dywj","previousEventId":"tqxipuq7x7bil2d","previousOperationId":"jo5ohcguhdejam1"}
{"type":"log","timestamp":1705273793494,"level":"debug","message":"Base url not specified, skipping its injection.","meta":{"rootId":"9g0hi2qyg8zkzby","id":"9g0hi2qyg8zkzby"},"id":"c5j9swhlemlcl1l","previousOperationId":"ik7wijxaqvs9n68"}
{"type":"operationStart","subtype":"engine","name":"handlebars","timestamp":1705273793494,"id":"4f34dgu9xunqcw5","previousEventId":"wujcsbdqo49dywj","operationId":"gv8173mgb75k5zr","previousOperationId":"ik7wijxaqvs9n68"}
{"type":"log","timestamp":1705273793494,"level":"debug","message":"Rendering engine handlebars","meta":{"rootId":"9g0hi2qyg8zkzby","id":"9g0hi2qyg8zkzby"},"id":"obrmsbt3w2nz0rm","previousOperationId":"gv8173mgb75k5zr"}
{"type":"operationEnd","operationId":"gv8173mgb75k5zr","timestamp":1705273793501,"id":"eajmfcdndsshi66","previousEventId":"4f34dgu9xunqcw5","previousOperationId":"gv8173mgb75k5zr"}
{"type":"operationStart","subtype":"recipe","name":"chrome-pdf","timestamp":1705273793501,"id":"pm7s4u2hukj7t38","previousEventId":"eajmfcdndsshi66","operationId":"qc096hjv09q9v38","previousOperationId":"gv8173mgb75k5zr"}
{"type":"log","timestamp":1705273793501,"level":"debug","message":"Executing recipe chrome-pdf","meta":{"rootId":"9g0hi2qyg8zkzby","id":"9g0hi2qyg8zkzby"},"id":"bp2atrr7tzyxfjn","previousOperationId":"qc096hjv09q9v38"}
{"type":"log","timestamp":1705273793502,"level":"debug","message":"Converting with chrome HeadlessChrome/117.0.5938.149 using chrome-pool strategy","meta":{"rootId":"9g0hi2qyg8zkzby","id":"9g0hi2qyg8zkzby"},"id":"7d6qz4miok5vwso","previousOperationId":"qc096hjv09q9v38"}
{"type":"log","timestamp":1705273793524,"level":"debug","message":"Page request: GET (document) file:///tmp/jsreport/autocleanup/251adcdb-0c9e-450e-acb1-c8caea4c45b1-chrome-pdf.html","meta":{"rootId":"9g0hi2qyg8zkzby","id":"9g0hi2qyg8zkzby"},"id":"wipafmt6oj1mrdt","previousOperationId":"qc096hjv09q9v38"}
{"type":"log","timestamp":1705273793529,"level":"debug","message":"Page request: GET (stylesheet) https://cdn.jsdelivr.net/chartist.js/latest/chartist.min.css","meta":{"rootId":"9g0hi2qyg8zkzby","id":"9g0hi2qyg8zkzby"},"id":"rm31hqe1nciwtcj","previousOperationId":"qc096hjv09q9v38"}
{"type":"log","timestamp":1705273793530,"level":"debug","message":"Page request: GET (script) https://cdn.jsdelivr.net/chartist.js/latest/chartist.min.js","meta":{"rootId":"9g0hi2qyg8zkzby","id":"9g0hi2qyg8zkzby"},"id":"q8svsrf1em7tetl","previousOperationId":"qc096hjv09q9v38"}
{"type":"log","timestamp":1705273793530,"level":"debug","message":"Page request finished: GET (document) 200 file:///tmp/jsreport/autocleanup/251adcdb-0c9e-450e-acb1-c8caea4c45b1-chrome-pdf.html","meta":{"rootId":"9g0hi2qyg8zkzby","id":"9g0hi2qyg8zkzby"},"id":"gf0beo0dov6vp04","previousOperationId":"qc096hjv09q9v38"}
{"type":"log","timestamp":1705273793531,"level":"debug","message":"Page request finished: GET (stylesheet) 200 https://cdn.jsdelivr.net/chartist.js/latest/chartist.min.css","meta":{"rootId":"9g0hi2qyg8zkzby","id":"9g0hi2qyg8zkzby"},"id":"l33682qa877b76x","previousOperationId":"qc096hjv09q9v38"}
{"type":"log","timestamp":1705273793532,"level":"debug","message":"Page request finished: GET (script) 200 https://cdn.jsdelivr.net/chartist.js/latest/chartist.min.js","meta":{"rootId":"9g0hi2qyg8zkzby","id":"9g0hi2qyg8zkzby"},"id":"66z26ms9nlu5caq","previousOperationId":"qc096hjv09q9v38"}
{"type":"log","timestamp":1705273793538,"level":"debug","message":"Running chrome with params {\"printBackground\":true,\"timeout\":59982,\"margin\":{}}","meta":{"rootId":"9g0hi2qyg8zkzby","id":"9g0hi2qyg8zkzby"},"id":"2yeht5g12o4iv3z","previousOperationId":"qc096hjv09q9v38"}
{"type":"operationEnd","operationId":"qc096hjv09q9v38","timestamp":1705273793547,"id":"jjy1uqnjvi2suxd","previousEventId":"pm7s4u2hukj7t38","previousOperationId":"qc096hjv09q9v38"}
{"type":"log","timestamp":1705273793548,"level":"debug","message":"Skipping storing report.","meta":{"rootId":"9g0hi2qyg8zkzby","id":"9g0hi2qyg8zkzby"},"id":"02cifpa5uetieoy","previousOperationId":"qc096hjv09q9v38"}
{"type":"log","timestamp":1705273793548,"level":"info","message":"Rendering request 159 finished in 64 ms","meta":{"rootId":"9g0hi2qyg8zkzby","id":"9g0hi2qyg8zkzby"},"id":"3swsn9siryhnnc5","previousOperationId":"qc096hjv09q9v38"}
{"type":"operationEnd","subtype":"render","operationId":"jo5ohcguhdejam1","timestamp":1705273793548,"id":"168ngcdteoj8hee","previousEventId":"jjy1uqnjvi2suxd","previousOperationId":"qc096hjv09q9v38"}
{"type":"operationEnd","doDiffs":false,"previousEventId":"90vo2if255geivi","previousOperationId":"wjzrbg7xs93cakj","operationId":"wjzrbg7xs93cakj","timestamp":1705273793550,"id":"eftnrdctw4yg5qy"}
