{"type":"operationStart","subtype":"profile","data":{"_id":"YJSiQTe2DAJO6QCb","timestamp":"2024-01-12T23:40:56.539Z","state":"queued","mode":"standard","creationDate":"2024-01-12T23:40:56.542Z","modificationDate":"2024-01-12T23:40:56.542Z","shortid":"i6dr8VU","$entitySet":"profiles"},"doDiffs":false,"timestamp":1705102856541,"id":"6hzmca92a567vuy","previousOperationId":null,"operationId":"2ltwrco76xnl7fe"}
{"type":"log","level":"info","message":"Render request 8 queued for execution and waiting for available worker","previousOperationId":"2ltwrco76xnl7fe","timestamp":1705102856541,"id":"35zmqf8oafuibmj"}
{"type":"operationStart","subtype":"render","name":"activities-users-main","previousOperationId":"2ltwrco76xnl7fe","timestamp":1705102856574,"id":"dtis1q35xazj3rm","previousEventId":"6hzmca92a567vuy","operationId":"dwib5olvhhizn0d"}
{"type":"log","timestamp":1705102856574,"level":"info","message":"Starting rendering request 8","meta":{"rootId":"9zc8gsuaw9plk41","id":"9zc8gsuaw9plk41"},"id":"2j1knrb8dlegwd8","previousOperationId":"dwib5olvhhizn0d"}
{"type":"log","timestamp":1705102856574,"level":"info","message":"Rendering template { name: activities-users-main, recipe: chrome-pdf, engine: handlebars, preview: true }","meta":{"rootId":"9zc8gsuaw9plk41","id":"9zc8gsuaw9plk41"},"id":"rsawx9mtkvcls7v","previousOperationId":"dwib5olvhhizn0d"}
{"type":"log","timestamp":1705102856575,"level":"debug","message":"Data item not defined for this template.","meta":{"rootId":"9zc8gsuaw9plk41","id":"9zc8gsuaw9plk41"},"id":"ghodm962lotc92o","previousOperationId":"dwib5olvhhizn0d"}
{"type":"log","timestamp":1705102856580,"level":"debug","message":"Executing script users-script (beforeRender)","meta":{"rootId":"9zc8gsuaw9plk41","id":"9zc8gsuaw9plk41"},"id":"lldjwu4c398m4pc","previousOperationId":"dwib5olvhhizn0d"}
{"type":"operationStart","subtype":"scriptsBeforeRender","name":"scripts beforeRender","timestamp":1705102856588,"id":"9rzcc3iodipjhbd","previousEventId":"dtis1q35xazj3rm","operationId":"iixi4sl4qpdcia3","previousOperationId":"dwib5olvhhizn0d"}
{"type":"operationStart","subtype":"script","name":"scripts users-script","previousOperationId":"iixi4sl4qpdcia3","timestamp":1705102856588,"id":"k5gbo5cyfvzezz4","previousEventId":"9rzcc3iodipjhbd","operationId":"0ni1hbt7u1as0ew"}
{"type":"operationEnd","operationId":"0ni1hbt7u1as0ew","timestamp":1705102856706,"id":"kkcs7qs2dyolhji","previousEventId":"dtis1q35xazj3rm","previousOperationId":"dwib5olvhhizn0d"}
{"type":"operationEnd","operationId":"iixi4sl4qpdcia3","timestamp":1705102856706,"id":"k8qk9p531lsa3gw","previousEventId":"kkcs7qs2dyolhji","previousOperationId":"dwib5olvhhizn0d"}
{"type":"log","timestamp":1705102856706,"level":"debug","message":"Base url not specified, skipping its injection.","meta":{"rootId":"9zc8gsuaw9plk41","id":"9zc8gsuaw9plk41"},"id":"nonm19rzrgxxjlx","previousOperationId":"iixi4sl4qpdcia3"}
{"type":"operationStart","subtype":"engine","name":"handlebars","timestamp":1705102856706,"id":"4nkvwex6vpn4b03","previousEventId":"k8qk9p531lsa3gw","operationId":"lizoc9cf75wv4og","previousOperationId":"iixi4sl4qpdcia3"}
{"type":"log","timestamp":1705102856706,"level":"debug","message":"Rendering engine handlebars","meta":{"rootId":"9zc8gsuaw9plk41","id":"9zc8gsuaw9plk41"},"id":"ij5e9d9i7atuua5","previousOperationId":"lizoc9cf75wv4og"}
{"type":"operationEnd","operationId":"lizoc9cf75wv4og","timestamp":1705102856720,"id":"0qmt3o7ugvcamuv","previousEventId":"4nkvwex6vpn4b03","previousOperationId":"lizoc9cf75wv4og"}
{"type":"operationStart","subtype":"recipe","name":"chrome-pdf","timestamp":1705102856721,"id":"cigbeemjy0daw3p","previousEventId":"0qmt3o7ugvcamuv","operationId":"2wnaitavbr24ju0","previousOperationId":"lizoc9cf75wv4og"}
{"type":"log","timestamp":1705102856721,"level":"debug","message":"Executing recipe chrome-pdf","meta":{"rootId":"9zc8gsuaw9plk41","id":"9zc8gsuaw9plk41"},"id":"4mzwv338qp8daf9","previousOperationId":"2wnaitavbr24ju0"}
{"type":"log","timestamp":1705102856724,"level":"debug","message":"Converting with chrome HeadlessChrome/117.0.5938.149 using chrome-pool strategy","meta":{"rootId":"9zc8gsuaw9plk41","id":"9zc8gsuaw9plk41"},"id":"r24wwazm5dm6rzv","previousOperationId":"2wnaitavbr24ju0"}
{"type":"log","timestamp":1705102856779,"level":"debug","message":"Page request: GET (document) file:///tmp/jsreport/autocleanup/ce9e99dc-7a21-4fd3-a523-20b2c16b7625-chrome-pdf.html","meta":{"rootId":"9zc8gsuaw9plk41","id":"9zc8gsuaw9plk41"},"id":"ii12xlrpkuvq0az","previousOperationId":"2wnaitavbr24ju0"}
{"type":"log","timestamp":1705102856792,"level":"debug","message":"Page request: GET (stylesheet) https://cdnjs.cloudflare.com/ajax/libs/metro/4.1.5/css/metro.min.css","meta":{"rootId":"9zc8gsuaw9plk41","id":"9zc8gsuaw9plk41"},"id":"my4l0ejmtlb6v66","previousOperationId":"2wnaitavbr24ju0"}
{"type":"log","timestamp":1705102856793,"level":"debug","message":"Page request: GET (script) https://cdnjs.cloudflare.com/ajax/libs/Chart.js/2.7.2/Chart.min.js","meta":{"rootId":"9zc8gsuaw9plk41","id":"9zc8gsuaw9plk41"},"id":"4arm6nmm02h964o","previousOperationId":"2wnaitavbr24ju0"}
{"type":"log","timestamp":1705102856794,"level":"debug","message":"Page request finished: GET (document) 200 file:///tmp/jsreport/autocleanup/ce9e99dc-7a21-4fd3-a523-20b2c16b7625-chrome-pdf.html","meta":{"rootId":"9zc8gsuaw9plk41","id":"9zc8gsuaw9plk41"},"id":"6bys5h9ycpbw8zo","previousOperationId":"2wnaitavbr24ju0"}
{"type":"log","timestamp":1705102856803,"level":"debug","message":"Page request finished: GET (script) 200 https://cdnjs.cloudflare.com/ajax/libs/Chart.js/2.7.2/Chart.min.js","meta":{"rootId":"9zc8gsuaw9plk41","id":"9zc8gsuaw9plk41"},"id":"vkwyp7iahf99jih","previousOperationId":"2wnaitavbr24ju0"}
{"type":"log","timestamp":1705102856824,"level":"debug","message":"Page request finished: GET (stylesheet) 200 https://cdnjs.cloudflare.com/ajax/libs/metro/4.1.5/css/metro.min.css","meta":{"rootId":"9zc8gsuaw9plk41","id":"9zc8gsuaw9plk41"},"id":"3lrgde67nr765cq","previousOperationId":"2wnaitavbr24ju0"}
{"type":"log","timestamp":1705102856831,"level":"debug","message":"(console:log) activities------------------------------------","meta":{"userLevel":true,"rootId":"9zc8gsuaw9plk41","id":"9zc8gsuaw9plk41"},"id":"jyju6osquuwhlfo","previousOperationId":"2wnaitavbr24ju0"}
{"type":"log","timestamp":1705102856832,"level":"warn","message":"Page error: Cannot read properties of undefined (reading '0') , stack: TypeError: Cannot read properties of undefined (reading '0')\n    at <anonymous> (file:///tmp/jsreport/autocleanup/ce9e99dc-7a21-4fd3-a523-20b2c16b7625-chrome-pdf.html:15:31)","meta":{"rootId":"9zc8gsuaw9plk41","id":"9zc8gsuaw9plk41"},"id":"y7hwqnvrqirz3uy","previousOperationId":"2wnaitavbr24ju0"}
{"type":"log","timestamp":1705102856847,"level":"debug","message":"Running chrome with params {\"printBackground\":true,\"timeout\":59816,\"margin\":{}}","meta":{"rootId":"9zc8gsuaw9plk41","id":"9zc8gsuaw9plk41"},"id":"j7yyi8uqiqkmhj5","previousOperationId":"2wnaitavbr24ju0"}
{"type":"operationEnd","operationId":"2wnaitavbr24ju0","timestamp":1705102856878,"id":"49sbrp3580ombxq","previousEventId":"cigbeemjy0daw3p","previousOperationId":"2wnaitavbr24ju0"}
{"type":"log","timestamp":1705102856878,"level":"debug","message":"Skipping storing report.","meta":{"rootId":"9zc8gsuaw9plk41","id":"9zc8gsuaw9plk41"},"id":"38pl5lrrgezc0jn","previousOperationId":"2wnaitavbr24ju0"}
{"type":"log","timestamp":1705102856878,"level":"info","message":"Rendering request 8 finished in 339 ms","meta":{"rootId":"9zc8gsuaw9plk41","id":"9zc8gsuaw9plk41"},"id":"j933avdr3okka3h","previousOperationId":"2wnaitavbr24ju0"}
{"type":"operationEnd","subtype":"render","operationId":"dwib5olvhhizn0d","timestamp":1705102856878,"id":"vk8jib8tb3vl0zs","previousEventId":"49sbrp3580ombxq","previousOperationId":"2wnaitavbr24ju0"}
{"type":"operationEnd","doDiffs":false,"previousEventId":"6hzmca92a567vuy","previousOperationId":"2ltwrco76xnl7fe","operationId":"2ltwrco76xnl7fe","timestamp":1705102856890,"id":"zs1o1i3x10qcwfy"}
