{"type":"operationStart","subtype":"profile","data":{"_id":"gvzJMBlBWh1VWA7g","timestamp":"2024-01-15T17:16:40.034Z","state":"queued","mode":"standard","creationDate":"2024-01-15T17:16:40.035Z","modificationDate":"2024-01-15T17:16:40.035Z","shortid":"CKN0bdD","$entitySet":"profiles"},"doDiffs":false,"timestamp":1705339000034,"id":"zi7dysuwpuzuje4","previousOperationId":null,"operationId":"lahlydzj8lbyzaj"}
{"type":"log","level":"info","message":"Render request 3 queued for execution and waiting for available worker","previousOperationId":"lahlydzj8lbyzaj","timestamp":1705339000034,"id":"vmwloony0g7lumd"}
{"type":"operationStart","subtype":"render","name":"activities-users-main","previousOperationId":"lahlydzj8lbyzaj","timestamp":1705339000040,"id":"yh7gw5ineajrj4e","previousEventId":"zi7dysuwpuzuje4","operationId":"m3p1vd6omvm3eji"}
{"type":"log","timestamp":1705339000040,"level":"info","message":"Starting rendering request 3","meta":{"rootId":"a9bazdmod9a6f1i","id":"a9bazdmod9a6f1i"},"id":"n4kuxyq84iwffdy","previousOperationId":"m3p1vd6omvm3eji"}
{"type":"log","timestamp":1705339000040,"level":"info","message":"Rendering template { name: activities-users-main, recipe: chrome-pdf, engine: handlebars, preview: true }","meta":{"rootId":"a9bazdmod9a6f1i","id":"a9bazdmod9a6f1i"},"id":"bhk4xsc4oebdnq2","previousOperationId":"m3p1vd6omvm3eji"}
{"type":"log","timestamp":1705339000040,"level":"debug","message":"Data item not defined for this template.","meta":{"rootId":"a9bazdmod9a6f1i","id":"a9bazdmod9a6f1i"},"id":"1q9puz09itbphlw","previousOperationId":"m3p1vd6omvm3eji"}
{"type":"log","timestamp":1705339000041,"level":"debug","message":"Executing script users-script (beforeRender)","meta":{"rootId":"a9bazdmod9a6f1i","id":"a9bazdmod9a6f1i"},"id":"ctvpbwgwdrtqihp","previousOperationId":"m3p1vd6omvm3eji"}
{"type":"operationStart","subtype":"scriptsBeforeRender","name":"scripts beforeRender","timestamp":1705339000058,"id":"tw8l6o20h5x4xnm","previousEventId":"yh7gw5ineajrj4e","operationId":"v0reyvsoe551z7d","previousOperationId":"m3p1vd6omvm3eji"}
{"type":"operationStart","subtype":"script","name":"scripts users-script","previousOperationId":"v0reyvsoe551z7d","timestamp":1705339000058,"id":"68zl1wdv73pgdg1","previousEventId":"tw8l6o20h5x4xnm","operationId":"pu1js2saou9m4mw"}
{"type":"operationEnd","operationId":"pu1js2saou9m4mw","timestamp":1705339000100,"id":"ge9ch6fzi3lx5cx","previousEventId":"yh7gw5ineajrj4e","previousOperationId":"m3p1vd6omvm3eji"}
{"type":"operationEnd","operationId":"v0reyvsoe551z7d","timestamp":1705339000100,"id":"usdu5090xezhuge","previousEventId":"ge9ch6fzi3lx5cx","previousOperationId":"m3p1vd6omvm3eji"}
{"type":"log","timestamp":1705339000100,"level":"debug","message":"Base url not specified, skipping its injection.","meta":{"rootId":"a9bazdmod9a6f1i","id":"a9bazdmod9a6f1i"},"id":"v8kkpgts22icvmw","previousOperationId":"v0reyvsoe551z7d"}
{"type":"operationStart","subtype":"engine","name":"handlebars","timestamp":1705339000100,"id":"0m2exd761eoney9","previousEventId":"usdu5090xezhuge","operationId":"2di7kgr13oiil6q","previousOperationId":"v0reyvsoe551z7d"}
{"type":"log","timestamp":1705339000100,"level":"debug","message":"Rendering engine handlebars","meta":{"rootId":"a9bazdmod9a6f1i","id":"a9bazdmod9a6f1i"},"id":"t04s16iic38tqan","previousOperationId":"2di7kgr13oiil6q"}
{"type":"operationEnd","operationId":"2di7kgr13oiil6q","timestamp":1705339000113,"id":"ocpn6p65gyq60zx","previousEventId":"0m2exd761eoney9","previousOperationId":"2di7kgr13oiil6q"}
{"type":"operationStart","subtype":"recipe","name":"chrome-pdf","timestamp":1705339000113,"id":"m49eulog438g7lq","previousEventId":"ocpn6p65gyq60zx","operationId":"rwsoitcver896oj","previousOperationId":"2di7kgr13oiil6q"}
{"type":"log","timestamp":1705339000113,"level":"debug","message":"Executing recipe chrome-pdf","meta":{"rootId":"a9bazdmod9a6f1i","id":"a9bazdmod9a6f1i"},"id":"5o2smvti55kucwb","previousOperationId":"rwsoitcver896oj"}
{"type":"log","timestamp":1705339000114,"level":"debug","message":"Converting with chrome HeadlessChrome/117.0.5938.149 using chrome-pool strategy","meta":{"rootId":"a9bazdmod9a6f1i","id":"a9bazdmod9a6f1i"},"id":"at3qs5djrnlxycl","previousOperationId":"rwsoitcver896oj"}
{"type":"log","timestamp":1705339000137,"level":"debug","message":"Page request: GET (document) file:///tmp/jsreport/autocleanup/6dd09a86-ee34-4c5a-8cde-9eb3029992f8-chrome-pdf.html","meta":{"rootId":"a9bazdmod9a6f1i","id":"a9bazdmod9a6f1i"},"id":"hz9fi5gvey9mk66","previousOperationId":"rwsoitcver896oj"}
{"type":"log","timestamp":1705339000143,"level":"debug","message":"Page request: GET (stylesheet) https://cdn.jsdelivr.net/chartist.js/latest/chartist.min.css","meta":{"rootId":"a9bazdmod9a6f1i","id":"a9bazdmod9a6f1i"},"id":"qwumj49bfeo98bs","previousOperationId":"rwsoitcver896oj"}
{"type":"log","timestamp":1705339000143,"level":"debug","message":"Page request: GET (script) https://cdn.jsdelivr.net/chartist.js/latest/chartist.min.js","meta":{"rootId":"a9bazdmod9a6f1i","id":"a9bazdmod9a6f1i"},"id":"h4447wbqlvrnwsa","previousOperationId":"rwsoitcver896oj"}
{"type":"log","timestamp":1705339000143,"level":"debug","message":"Page request finished: GET (document) 200 file:///tmp/jsreport/autocleanup/6dd09a86-ee34-4c5a-8cde-9eb3029992f8-chrome-pdf.html","meta":{"rootId":"a9bazdmod9a6f1i","id":"a9bazdmod9a6f1i"},"id":"j4az1o4crku7qzm","previousOperationId":"rwsoitcver896oj"}
{"type":"log","timestamp":1705339000145,"level":"debug","message":"Page request finished: GET (stylesheet) 200 https://cdn.jsdelivr.net/chartist.js/latest/chartist.min.css","meta":{"rootId":"a9bazdmod9a6f1i","id":"a9bazdmod9a6f1i"},"id":"mumovocyu4syhjt","previousOperationId":"rwsoitcver896oj"}
{"type":"log","timestamp":1705339000146,"level":"debug","message":"Page request finished: GET (script) 200 https://cdn.jsdelivr.net/chartist.js/latest/chartist.min.js","meta":{"rootId":"a9bazdmod9a6f1i","id":"a9bazdmod9a6f1i"},"id":"zbhgocmz08gqjq0","previousOperationId":"rwsoitcver896oj"}
{"type":"log","timestamp":1705339000160,"level":"debug","message":"Running chrome with params {\"printBackground\":true,\"timeout\":59921,\"margin\":{}}","meta":{"rootId":"a9bazdmod9a6f1i","id":"a9bazdmod9a6f1i"},"id":"7l4xoxo6cf9qnhn","previousOperationId":"rwsoitcver896oj"}
{"type":"operationEnd","operationId":"rwsoitcver896oj","timestamp":1705339000172,"id":"ooxp869t1evrysg","previousEventId":"m49eulog438g7lq","previousOperationId":"rwsoitcver896oj"}
{"type":"log","timestamp":1705339000172,"level":"debug","message":"Executing script users-script (afterRender)","meta":{"rootId":"a9bazdmod9a6f1i","id":"a9bazdmod9a6f1i"},"id":"vhjuaqkqcc1xxr5","previousOperationId":"rwsoitcver896oj"}
{"type":"operationStart","subtype":"scriptsAfterRender","name":"scripts afterRender","timestamp":1705339000176,"id":"bgfnr2yt3nqpopz","previousEventId":"ooxp869t1evrysg","operationId":"uyl4xj47ulj5ycq","previousOperationId":"rwsoitcver896oj"}
{"type":"operationStart","subtype":"script","name":"scripts users-script","previousOperationId":"uyl4xj47ulj5ycq","timestamp":1705339000176,"id":"1ftemxp7ntgsdb4","previousEventId":"bgfnr2yt3nqpopz","operationId":"vj9yywhsw3pcl3z"}
{"type":"operationEnd","operationId":"vj9yywhsw3pcl3z","timestamp":1705339000178,"id":"ze2c8bgknpg67fm","previousEventId":"ooxp869t1evrysg","previousOperationId":"rwsoitcver896oj"}
{"type":"operationEnd","operationId":"uyl4xj47ulj5ycq","timestamp":1705339000178,"id":"m7qsonemsgdowr5","previousEventId":"ze2c8bgknpg67fm","previousOperationId":"rwsoitcver896oj"}
{"type":"log","timestamp":1705339000178,"level":"debug","message":"Skipping storing report.","meta":{"rootId":"a9bazdmod9a6f1i","id":"a9bazdmod9a6f1i"},"id":"ymj3zffz21uqty7","previousOperationId":"uyl4xj47ulj5ycq"}
{"type":"log","timestamp":1705339000178,"level":"info","message":"Rendering request 3 finished in 144 ms","meta":{"rootId":"a9bazdmod9a6f1i","id":"a9bazdmod9a6f1i"},"id":"mf38oy3pxau3a5c","previousOperationId":"uyl4xj47ulj5ycq"}
{"type":"operationEnd","subtype":"render","operationId":"m3p1vd6omvm3eji","timestamp":1705339000178,"id":"8j9t6r9bk1x5xbf","previousEventId":"m7qsonemsgdowr5","previousOperationId":"uyl4xj47ulj5ycq"}
{"type":"operationEnd","doDiffs":false,"previousEventId":"zi7dysuwpuzuje4","previousOperationId":"lahlydzj8lbyzaj","operationId":"lahlydzj8lbyzaj","timestamp":1705339000182,"id":"9fo4pq3lbv5hdvm"}
