{"type":"operationStart","subtype":"profile","data":{"_id":"L1fkjkGYGMPrxXJR","timestamp":"2024-01-12T15:52:32.226Z","state":"queued","mode":"standard","creationDate":"2024-01-12T15:52:32.227Z","modificationDate":"2024-01-12T15:52:32.227Z","shortid":"IL8q52s","$entitySet":"profiles"},"doDiffs":false,"timestamp":1705074752227,"id":"mgbjcq882ozqski","previousOperationId":null,"operationId":"z399lmu8u6u7wov"}
{"type":"log","level":"info","message":"Render request 7 queued for execution and waiting for available worker","previousOperationId":"z399lmu8u6u7wov","timestamp":1705074752227,"id":"3prw93ua9ahh3ph"}
{"type":"operationStart","subtype":"render","name":"activities-users-main","previousOperationId":"z399lmu8u6u7wov","timestamp":1705074752232,"id":"g3utaolt0rey0um","previousEventId":"mgbjcq882ozqski","operationId":"feixrf5r9oswrre"}
{"type":"log","timestamp":1705074752232,"level":"info","message":"Starting rendering request 7","meta":{"rootId":"bdkb5ht9cc234q0","id":"bdkb5ht9cc234q0"},"id":"l1uy2ek9ghw9pe1","previousOperationId":"feixrf5r9oswrre"}
{"type":"log","timestamp":1705074752232,"level":"info","message":"Rendering template { name: activities-users-main, recipe: chrome-pdf, engine: handlebars, preview: true }","meta":{"rootId":"bdkb5ht9cc234q0","id":"bdkb5ht9cc234q0"},"id":"wjz04vrk8dx0oil","previousOperationId":"feixrf5r9oswrre"}
{"type":"log","timestamp":1705074752232,"level":"debug","message":"Data item not defined for this template.","meta":{"rootId":"bdkb5ht9cc234q0","id":"bdkb5ht9cc234q0"},"id":"xgubhu7ybc5aqam","previousOperationId":"feixrf5r9oswrre"}
{"type":"log","timestamp":1705074752234,"level":"debug","message":"Base url not specified, skipping its injection.","meta":{"rootId":"bdkb5ht9cc234q0","id":"bdkb5ht9cc234q0"},"id":"6q3slrpabqya7c1","previousOperationId":"feixrf5r9oswrre"}
{"type":"operationStart","subtype":"engine","name":"handlebars","timestamp":1705074752234,"id":"touebzmoguellx5","previousEventId":"g3utaolt0rey0um","operationId":"7k8go57y186y6cq","previousOperationId":"feixrf5r9oswrre"}
{"type":"log","timestamp":1705074752234,"level":"debug","message":"Rendering engine handlebars","meta":{"rootId":"bdkb5ht9cc234q0","id":"bdkb5ht9cc234q0"},"id":"hr6swmn4h7cyc85","previousOperationId":"7k8go57y186y6cq"}
{"type":"operationEnd","operationId":"7k8go57y186y6cq","timestamp":1705074752241,"id":"oy4wfqw3cndvhuz","previousEventId":"touebzmoguellx5","previousOperationId":"7k8go57y186y6cq"}
{"type":"operationStart","subtype":"recipe","name":"chrome-pdf","timestamp":1705074752241,"id":"hrybdsuszriuscs","previousEventId":"oy4wfqw3cndvhuz","operationId":"xj2xvrwnol4s8g5","previousOperationId":"7k8go57y186y6cq"}
{"type":"log","timestamp":1705074752241,"level":"debug","message":"Executing recipe chrome-pdf","meta":{"rootId":"bdkb5ht9cc234q0","id":"bdkb5ht9cc234q0"},"id":"bgymwpvc10ovu3d","previousOperationId":"xj2xvrwnol4s8g5"}
{"type":"log","timestamp":1705074752242,"level":"debug","message":"Converting with chrome HeadlessChrome/117.0.5938.149 using chrome-pool strategy","meta":{"rootId":"bdkb5ht9cc234q0","id":"bdkb5ht9cc234q0"},"id":"kyu7duay46kfmtu","previousOperationId":"xj2xvrwnol4s8g5"}
{"type":"log","timestamp":1705074752262,"level":"debug","message":"Page request: GET (document) file:///tmp/jsreport/autocleanup/4cb2fd95-e594-4c0a-87bf-a8a91522a277-chrome-pdf.html","meta":{"rootId":"bdkb5ht9cc234q0","id":"bdkb5ht9cc234q0"},"id":"ez6ywzvcw9w9c0m","previousOperationId":"xj2xvrwnol4s8g5"}
{"type":"log","timestamp":1705074752267,"level":"debug","message":"Page request: GET (stylesheet) https://cdnjs.cloudflare.com/ajax/libs/metro/4.1.5/css/metro.min.css","meta":{"rootId":"bdkb5ht9cc234q0","id":"bdkb5ht9cc234q0"},"id":"jll2ffjqc5f4j46","previousOperationId":"xj2xvrwnol4s8g5"}
{"type":"log","timestamp":1705074752267,"level":"debug","message":"Page request: GET (script) https://cdnjs.cloudflare.com/ajax/libs/Chart.js/2.7.2/Chart.min.js","meta":{"rootId":"bdkb5ht9cc234q0","id":"bdkb5ht9cc234q0"},"id":"34fscj16c2v3r1a","previousOperationId":"xj2xvrwnol4s8g5"}
{"type":"log","timestamp":1705074752268,"level":"debug","message":"Page request finished: GET (document) 200 file:///tmp/jsreport/autocleanup/4cb2fd95-e594-4c0a-87bf-a8a91522a277-chrome-pdf.html","meta":{"rootId":"bdkb5ht9cc234q0","id":"bdkb5ht9cc234q0"},"id":"mbep1vyw9wlnh07","previousOperationId":"xj2xvrwnol4s8g5"}
{"type":"log","timestamp":1705074752271,"level":"debug","message":"Page request finished: GET (script) 200 https://cdnjs.cloudflare.com/ajax/libs/Chart.js/2.7.2/Chart.min.js","meta":{"rootId":"bdkb5ht9cc234q0","id":"bdkb5ht9cc234q0"},"id":"x0puyukgk78vcke","previousOperationId":"xj2xvrwnol4s8g5"}
{"type":"log","timestamp":1705074752278,"level":"debug","message":"Page request finished: GET (stylesheet) 200 https://cdnjs.cloudflare.com/ajax/libs/metro/4.1.5/css/metro.min.css","meta":{"rootId":"bdkb5ht9cc234q0","id":"bdkb5ht9cc234q0"},"id":"kqqh8kegj77lmrq","previousOperationId":"xj2xvrwnol4s8g5"}
{"type":"log","timestamp":1705074752283,"level":"debug","message":"Running chrome with params {\"printBackground\":true,\"timeout\":59984,\"margin\":{}}","meta":{"rootId":"bdkb5ht9cc234q0","id":"bdkb5ht9cc234q0"},"id":"p4im0lkavy8tjl9","previousOperationId":"xj2xvrwnol4s8g5"}
{"type":"operationEnd","operationId":"xj2xvrwnol4s8g5","timestamp":1705074752295,"id":"4erxfekyagnmjtz","previousEventId":"hrybdsuszriuscs","previousOperationId":"xj2xvrwnol4s8g5"}
{"type":"log","timestamp":1705074752295,"level":"debug","message":"Skipping storing report.","meta":{"rootId":"bdkb5ht9cc234q0","id":"bdkb5ht9cc234q0"},"id":"wxjeels6szf78lt","previousOperationId":"xj2xvrwnol4s8g5"}
{"type":"log","timestamp":1705074752296,"level":"info","message":"Rendering request 7 finished in 69 ms","meta":{"rootId":"bdkb5ht9cc234q0","id":"bdkb5ht9cc234q0"},"id":"y3sd1fufkdxe28s","previousOperationId":"xj2xvrwnol4s8g5"}
{"type":"operationEnd","subtype":"render","operationId":"feixrf5r9oswrre","timestamp":1705074752296,"id":"lib9mdvc1h72jnq","previousEventId":"4erxfekyagnmjtz","previousOperationId":"xj2xvrwnol4s8g5"}
{"type":"operationEnd","doDiffs":false,"previousEventId":"mgbjcq882ozqski","previousOperationId":"z399lmu8u6u7wov","operationId":"z399lmu8u6u7wov","timestamp":1705074752300,"id":"clx4d5685pozd48"}
