{"type":"operationStart","subtype":"profile","data":{"_id":"lxOYARhcDKarkxKs","timestamp":"2024-01-12T23:38:25.889Z","state":"queued","mode":"standard","creationDate":"2024-01-12T23:38:25.891Z","modificationDate":"2024-01-12T23:38:25.891Z","shortid":"ZGaKtEM","$entitySet":"profiles"},"doDiffs":false,"timestamp":1705102705890,"id":"dma3uaeu2tgox6l","previousOperationId":null,"operationId":"dusvd3tcyzdhvwd"}
{"type":"log","level":"info","message":"Render request 3 queued for execution and waiting for available worker","previousOperationId":"dusvd3tcyzdhvwd","timestamp":1705102705891,"id":"kpel01561nrtx33"}
{"type":"operationStart","subtype":"render","name":"activities-users-main","previousOperationId":"dusvd3tcyzdhvwd","timestamp":1705102705906,"id":"grwi2dpds5ueco8","previousEventId":"dma3uaeu2tgox6l","operationId":"wguhsevtxqhrun3"}
{"type":"log","timestamp":1705102705906,"level":"info","message":"Starting rendering request 3","meta":{"rootId":"bdzjjv35nvsb8if","id":"bdzjjv35nvsb8if"},"id":"lvuv83m0g3m1hls","previousOperationId":"wguhsevtxqhrun3"}
{"type":"log","timestamp":1705102705906,"level":"info","message":"Rendering template { name: activities-users-main, recipe: chrome-pdf, engine: handlebars, preview: true }","meta":{"rootId":"bdzjjv35nvsb8if","id":"bdzjjv35nvsb8if"},"id":"v6v2415z2l53lrl","previousOperationId":"wguhsevtxqhrun3"}
{"type":"log","timestamp":1705102705907,"level":"debug","message":"Data item not defined for this template.","meta":{"rootId":"bdzjjv35nvsb8if","id":"bdzjjv35nvsb8if"},"id":"70ygfmml9sbzsbc","previousOperationId":"wguhsevtxqhrun3"}
{"type":"log","timestamp":1705102705913,"level":"debug","message":"Executing script users-script (beforeRender)","meta":{"rootId":"bdzjjv35nvsb8if","id":"bdzjjv35nvsb8if"},"id":"qukb5vfog4y7gcy","previousOperationId":"wguhsevtxqhrun3"}
{"type":"operationStart","subtype":"scriptsBeforeRender","name":"scripts beforeRender","timestamp":1705102705923,"id":"8gg9xq6leam55m2","previousEventId":"grwi2dpds5ueco8","operationId":"h857anjz4ndjl3m","previousOperationId":"wguhsevtxqhrun3"}
{"type":"operationStart","subtype":"script","name":"scripts users-script","previousOperationId":"h857anjz4ndjl3m","timestamp":1705102705923,"id":"eokleldvcyneoos","previousEventId":"8gg9xq6leam55m2","operationId":"yersa2u9htysks7"}
{"type":"operationEnd","operationId":"yersa2u9htysks7","timestamp":1705102706049,"id":"4kxbkg7x7a1g651","previousEventId":"grwi2dpds5ueco8","previousOperationId":"wguhsevtxqhrun3"}
{"type":"operationEnd","operationId":"h857anjz4ndjl3m","timestamp":1705102706049,"id":"xluloyoyli1bsyh","previousEventId":"4kxbkg7x7a1g651","previousOperationId":"wguhsevtxqhrun3"}
{"type":"log","timestamp":1705102706049,"level":"debug","message":"Base url not specified, skipping its injection.","meta":{"rootId":"bdzjjv35nvsb8if","id":"bdzjjv35nvsb8if"},"id":"gmdwsncljtx5elq","previousOperationId":"h857anjz4ndjl3m"}
{"type":"operationStart","subtype":"engine","name":"handlebars","timestamp":1705102706049,"id":"39ycmnkig59s2s7","previousEventId":"xluloyoyli1bsyh","operationId":"yg5pmvw2x7ikpzq","previousOperationId":"h857anjz4ndjl3m"}
{"type":"log","timestamp":1705102706049,"level":"debug","message":"Rendering engine handlebars","meta":{"rootId":"bdzjjv35nvsb8if","id":"bdzjjv35nvsb8if"},"id":"str0m0kiy712hbo","previousOperationId":"yg5pmvw2x7ikpzq"}
{"type":"operationEnd","operationId":"yg5pmvw2x7ikpzq","timestamp":1705102706068,"id":"ovzd8v5fluy0nbc","previousEventId":"39ycmnkig59s2s7","previousOperationId":"yg5pmvw2x7ikpzq"}
{"type":"operationStart","subtype":"recipe","name":"chrome-pdf","timestamp":1705102706069,"id":"99fimvgn3t4v5rx","previousEventId":"ovzd8v5fluy0nbc","operationId":"ko237dbauidg8nu","previousOperationId":"yg5pmvw2x7ikpzq"}
{"type":"log","timestamp":1705102706069,"level":"debug","message":"Executing recipe chrome-pdf","meta":{"rootId":"bdzjjv35nvsb8if","id":"bdzjjv35nvsb8if"},"id":"fzymiayfvbdmbjk","previousOperationId":"ko237dbauidg8nu"}
{"type":"log","timestamp":1705102706074,"level":"debug","message":"Converting with chrome HeadlessChrome/117.0.5938.149 using chrome-pool strategy","meta":{"rootId":"bdzjjv35nvsb8if","id":"bdzjjv35nvsb8if"},"id":"axhz4uupi0t52ra","previousOperationId":"ko237dbauidg8nu"}
{"type":"log","timestamp":1705102706125,"level":"debug","message":"Page request: GET (document) file:///tmp/jsreport/autocleanup/682f9315-1536-4e74-ad92-d9e2166f898c-chrome-pdf.html","meta":{"rootId":"bdzjjv35nvsb8if","id":"bdzjjv35nvsb8if"},"id":"zqk0eqw4iuaq3at","previousOperationId":"ko237dbauidg8nu"}
{"type":"log","timestamp":1705102706139,"level":"debug","message":"Page request: GET (stylesheet) https://cdnjs.cloudflare.com/ajax/libs/metro/4.1.5/css/metro.min.css","meta":{"rootId":"bdzjjv35nvsb8if","id":"bdzjjv35nvsb8if"},"id":"lckadwzziubn2s1","previousOperationId":"ko237dbauidg8nu"}
{"type":"log","timestamp":1705102706140,"level":"debug","message":"Page request: GET (script) https://cdnjs.cloudflare.com/ajax/libs/Chart.js/2.7.2/Chart.min.js","meta":{"rootId":"bdzjjv35nvsb8if","id":"bdzjjv35nvsb8if"},"id":"76eb6fh9pnfiwqe","previousOperationId":"ko237dbauidg8nu"}
{"type":"log","timestamp":1705102706140,"level":"debug","message":"Page request finished: GET (document) 200 file:///tmp/jsreport/autocleanup/682f9315-1536-4e74-ad92-d9e2166f898c-chrome-pdf.html","meta":{"rootId":"bdzjjv35nvsb8if","id":"bdzjjv35nvsb8if"},"id":"uc0vuszdje0ufte","previousOperationId":"ko237dbauidg8nu"}
{"type":"log","timestamp":1705102706167,"level":"debug","message":"Page request finished: GET (stylesheet) 200 https://cdnjs.cloudflare.com/ajax/libs/metro/4.1.5/css/metro.min.css","meta":{"rootId":"bdzjjv35nvsb8if","id":"bdzjjv35nvsb8if"},"id":"pfrb53ii2le69qw","previousOperationId":"ko237dbauidg8nu"}
{"type":"log","timestamp":1705102706167,"level":"debug","message":"Page request finished: GET (script) 200 https://cdnjs.cloudflare.com/ajax/libs/Chart.js/2.7.2/Chart.min.js","meta":{"rootId":"bdzjjv35nvsb8if","id":"bdzjjv35nvsb8if"},"id":"4gqsax9j0vfzy84","previousOperationId":"ko237dbauidg8nu"}
{"type":"log","timestamp":1705102706186,"level":"warn","message":"Page error: Unexpected token ';' , stack: SyntaxError: Unexpected token ';'","meta":{"rootId":"bdzjjv35nvsb8if","id":"bdzjjv35nvsb8if"},"id":"c48nflkd91im64e","previousOperationId":"ko237dbauidg8nu"}
{"type":"log","timestamp":1705102706233,"level":"debug","message":"Running chrome with params {\"printBackground\":true,\"timeout\":59817,\"margin\":{}}","meta":{"rootId":"bdzjjv35nvsb8if","id":"bdzjjv35nvsb8if"},"id":"u6u682f9e5uajwl","previousOperationId":"ko237dbauidg8nu"}
{"type":"operationEnd","operationId":"ko237dbauidg8nu","timestamp":1705102706266,"id":"dgfjylomjxtkr7m","previousEventId":"99fimvgn3t4v5rx","previousOperationId":"ko237dbauidg8nu"}
{"type":"log","timestamp":1705102706266,"level":"debug","message":"Skipping storing report.","meta":{"rootId":"bdzjjv35nvsb8if","id":"bdzjjv35nvsb8if"},"id":"ybtxboj7ph43awu","previousOperationId":"ko237dbauidg8nu"}
{"type":"log","timestamp":1705102706266,"level":"info","message":"Rendering request 3 finished in 377 ms","meta":{"rootId":"bdzjjv35nvsb8if","id":"bdzjjv35nvsb8if"},"id":"tih5spqpqc7x64l","previousOperationId":"ko237dbauidg8nu"}
{"type":"operationEnd","subtype":"render","operationId":"wguhsevtxqhrun3","timestamp":1705102706266,"id":"jg1carmht9ol57x","previousEventId":"dgfjylomjxtkr7m","previousOperationId":"ko237dbauidg8nu"}
{"type":"operationEnd","doDiffs":false,"previousEventId":"dma3uaeu2tgox6l","previousOperationId":"dusvd3tcyzdhvwd","operationId":"dusvd3tcyzdhvwd","timestamp":1705102706272,"id":"rn07uzmsp982ldu"}
