{"type":"operationStart","subtype":"profile","data":{"_id":"Wgymb50Faa4M8bq3","timestamp":"2024-01-14T23:56:29.590Z","state":"queued","mode":"standard","creationDate":"2024-01-14T23:56:29.590Z","modificationDate":"2024-01-14T23:56:29.590Z","shortid":"AsQHqbX","$entitySet":"profiles"},"doDiffs":false,"timestamp":1705276589590,"id":"zn4qhwa7nw9vwi6","previousOperationId":null,"operationId":"ko12nkg85bfwphx"}
{"type":"log","level":"info","message":"Render request 10 queued for execution and waiting for available worker","previousOperationId":"ko12nkg85bfwphx","timestamp":1705276589590,"id":"o06icqev00ycc5p"}
{"type":"operationStart","subtype":"render","name":"activities-users-main","previousOperationId":"ko12nkg85bfwphx","timestamp":1705276589594,"id":"pf3ur3fejg3hq7o","previousEventId":"zn4qhwa7nw9vwi6","operationId":"d0410wktuztkf1o"}
{"type":"log","timestamp":1705276589594,"level":"info","message":"Starting rendering request 10","meta":{"rootId":"c7igd46nz9sfoac","id":"c7igd46nz9sfoac"},"id":"54i1s59kpcxq96d","previousOperationId":"d0410wktuztkf1o"}
{"type":"log","timestamp":1705276589594,"level":"info","message":"Rendering template { name: activities-users-main, recipe: chrome-pdf, engine: handlebars, preview: true }","meta":{"rootId":"c7igd46nz9sfoac","id":"c7igd46nz9sfoac"},"id":"47lld54hruitazm","previousOperationId":"d0410wktuztkf1o"}
{"type":"log","timestamp":1705276589595,"level":"debug","message":"Data item not defined for this template.","meta":{"rootId":"c7igd46nz9sfoac","id":"c7igd46nz9sfoac"},"id":"lv42h0vkkubiuqo","previousOperationId":"d0410wktuztkf1o"}
{"type":"log","timestamp":1705276589597,"level":"debug","message":"Executing script users-script (beforeRender)","meta":{"rootId":"c7igd46nz9sfoac","id":"c7igd46nz9sfoac"},"id":"194j3jdoacamnn6","previousOperationId":"d0410wktuztkf1o"}
{"type":"operationStart","subtype":"scriptsBeforeRender","name":"scripts beforeRender","timestamp":1705276589604,"id":"rryq5u0ombezlvx","previousEventId":"pf3ur3fejg3hq7o","operationId":"lp4esxw2qh6l7ac","previousOperationId":"d0410wktuztkf1o"}
{"type":"operationStart","subtype":"script","name":"scripts users-script","previousOperationId":"lp4esxw2qh6l7ac","timestamp":1705276589604,"id":"vakymcg7u8opqgd","previousEventId":"rryq5u0ombezlvx","operationId":"w77s3l1f1k12yy2"}
{"type":"operationEnd","operationId":"w77s3l1f1k12yy2","timestamp":1705276589650,"id":"rhj338b2luzqmuu","previousEventId":"pf3ur3fejg3hq7o","previousOperationId":"d0410wktuztkf1o"}
{"type":"operationEnd","operationId":"lp4esxw2qh6l7ac","timestamp":1705276589650,"id":"3jd4gxd60bfi7y4","previousEventId":"rhj338b2luzqmuu","previousOperationId":"d0410wktuztkf1o"}
{"type":"log","timestamp":1705276589650,"level":"debug","message":"Base url not specified, skipping its injection.","meta":{"rootId":"c7igd46nz9sfoac","id":"c7igd46nz9sfoac"},"id":"cx4wvg9a9fm0ybj","previousOperationId":"lp4esxw2qh6l7ac"}
{"type":"operationStart","subtype":"engine","name":"handlebars","timestamp":1705276589650,"id":"hxt7f8571rcc34u","previousEventId":"3jd4gxd60bfi7y4","operationId":"d06x8v8newfll04","previousOperationId":"lp4esxw2qh6l7ac"}
{"type":"log","timestamp":1705276589650,"level":"debug","message":"Rendering engine handlebars","meta":{"rootId":"c7igd46nz9sfoac","id":"c7igd46nz9sfoac"},"id":"r8vi2qcbmqgs0fe","previousOperationId":"d06x8v8newfll04"}
{"type":"operationEnd","operationId":"d06x8v8newfll04","timestamp":1705276589656,"id":"fxnaafhuzr33t15","previousEventId":"hxt7f8571rcc34u","previousOperationId":"d06x8v8newfll04"}
{"type":"operationStart","subtype":"recipe","name":"chrome-pdf","timestamp":1705276589656,"id":"96kcs8agy1vp0gq","previousEventId":"fxnaafhuzr33t15","operationId":"tn357lwm99obz6o","previousOperationId":"d06x8v8newfll04"}
{"type":"log","timestamp":1705276589656,"level":"debug","message":"Executing recipe chrome-pdf","meta":{"rootId":"c7igd46nz9sfoac","id":"c7igd46nz9sfoac"},"id":"48bnlk7j7idp5o4","previousOperationId":"tn357lwm99obz6o"}
{"type":"log","timestamp":1705276589657,"level":"debug","message":"Converting with chrome HeadlessChrome/117.0.5938.149 using chrome-pool strategy","meta":{"rootId":"c7igd46nz9sfoac","id":"c7igd46nz9sfoac"},"id":"p2v5v3f5ilkyoap","previousOperationId":"tn357lwm99obz6o"}
{"type":"log","timestamp":1705276589680,"level":"debug","message":"Page request: GET (document) file:///tmp/jsreport/autocleanup/fc41b8ca-3263-4db4-b5c4-8dc3bce56e7f-chrome-pdf.html","meta":{"rootId":"c7igd46nz9sfoac","id":"c7igd46nz9sfoac"},"id":"4hskgqvf699h70c","previousOperationId":"tn357lwm99obz6o"}
{"type":"log","timestamp":1705276589686,"level":"debug","message":"Page request: GET (stylesheet) https://cdn.jsdelivr.net/chartist.js/latest/chartist.min.css","meta":{"rootId":"c7igd46nz9sfoac","id":"c7igd46nz9sfoac"},"id":"3cht2d7j0e1u0uc","previousOperationId":"tn357lwm99obz6o"}
{"type":"log","timestamp":1705276589687,"level":"debug","message":"Page request: GET (script) https://cdn.jsdelivr.net/chartist.js/latest/chartist.min.js","meta":{"rootId":"c7igd46nz9sfoac","id":"c7igd46nz9sfoac"},"id":"a3qih00zmpczflq","previousOperationId":"tn357lwm99obz6o"}
{"type":"log","timestamp":1705276589687,"level":"debug","message":"Page request finished: GET (document) 200 file:///tmp/jsreport/autocleanup/fc41b8ca-3263-4db4-b5c4-8dc3bce56e7f-chrome-pdf.html","meta":{"rootId":"c7igd46nz9sfoac","id":"c7igd46nz9sfoac"},"id":"h52rrsaabc3bmzi","previousOperationId":"tn357lwm99obz6o"}
{"type":"log","timestamp":1705276589688,"level":"debug","message":"Page request finished: GET (stylesheet) 200 https://cdn.jsdelivr.net/chartist.js/latest/chartist.min.css","meta":{"rootId":"c7igd46nz9sfoac","id":"c7igd46nz9sfoac"},"id":"m10x7o2r31xmtbx","previousOperationId":"tn357lwm99obz6o"}
{"type":"log","timestamp":1705276589689,"level":"debug","message":"Page request finished: GET (script) 200 https://cdn.jsdelivr.net/chartist.js/latest/chartist.min.js","meta":{"rootId":"c7igd46nz9sfoac","id":"c7igd46nz9sfoac"},"id":"4iexets0rk3vnq6","previousOperationId":"tn357lwm99obz6o"}
{"type":"log","timestamp":1705276589698,"level":"debug","message":"Running chrome with params {\"printBackground\":true,\"timeout\":59934,\"margin\":{}}","meta":{"rootId":"c7igd46nz9sfoac","id":"c7igd46nz9sfoac"},"id":"23xuua4wf7h9flw","previousOperationId":"tn357lwm99obz6o"}
{"type":"operationEnd","operationId":"tn357lwm99obz6o","timestamp":1705276589710,"id":"jex7hkg7xtyqbyl","previousEventId":"96kcs8agy1vp0gq","previousOperationId":"tn357lwm99obz6o"}
{"type":"log","timestamp":1705276589710,"level":"debug","message":"Skipping storing report.","meta":{"rootId":"c7igd46nz9sfoac","id":"c7igd46nz9sfoac"},"id":"xfapibktovy8ds9","previousOperationId":"tn357lwm99obz6o"}
{"type":"log","timestamp":1705276589710,"level":"info","message":"Rendering request 10 finished in 120 ms","meta":{"rootId":"c7igd46nz9sfoac","id":"c7igd46nz9sfoac"},"id":"1nukdw7ml2mmyg2","previousOperationId":"tn357lwm99obz6o"}
{"type":"operationEnd","subtype":"render","operationId":"d0410wktuztkf1o","timestamp":1705276589710,"id":"kj04w8zqzxfm1f3","previousEventId":"jex7hkg7xtyqbyl","previousOperationId":"tn357lwm99obz6o"}
{"type":"operationEnd","doDiffs":false,"previousEventId":"zn4qhwa7nw9vwi6","previousOperationId":"ko12nkg85bfwphx","operationId":"ko12nkg85bfwphx","timestamp":1705276589712,"id":"3mw19la4c0y9s7a"}
