{"type":"operationStart","subtype":"profile","data":{"_id":"waY2pTR1yXxwv95R","timestamp":"2024-01-14T23:55:43.489Z","state":"queued","mode":"standard","creationDate":"2024-01-14T23:55:43.490Z","modificationDate":"2024-01-14T23:55:43.490Z","shortid":"c6jxLmY","$entitySet":"profiles"},"doDiffs":false,"timestamp":1705276543490,"id":"9ow5e3hebw3njx6","previousOperationId":null,"operationId":"6k7vllutdsok7pv"}
{"type":"log","level":"info","message":"Render request 9 queued for execution and waiting for available worker","previousOperationId":"6k7vllutdsok7pv","timestamp":1705276543490,"id":"pqrmj2jdk1a74am"}
{"type":"operationStart","subtype":"render","name":"activities-users-main","previousOperationId":"6k7vllutdsok7pv","timestamp":1705276543496,"id":"i7dqi5iu9c5lweh","previousEventId":"9ow5e3hebw3njx6","operationId":"jdlhs5cjvvq1jzv"}
{"type":"log","timestamp":1705276543496,"level":"info","message":"Starting rendering request 9","meta":{"rootId":"ccl2f2oh1qd7gnt","id":"ccl2f2oh1qd7gnt"},"id":"mlbspx85w7rmd54","previousOperationId":"jdlhs5cjvvq1jzv"}
{"type":"log","timestamp":1705276543496,"level":"info","message":"Rendering template { name: activities-users-main, recipe: chrome-pdf, engine: handlebars, preview: true }","meta":{"rootId":"ccl2f2oh1qd7gnt","id":"ccl2f2oh1qd7gnt"},"id":"7xiz5auuydsndoq","previousOperationId":"jdlhs5cjvvq1jzv"}
{"type":"log","timestamp":1705276543496,"level":"debug","message":"Data item not defined for this template.","meta":{"rootId":"ccl2f2oh1qd7gnt","id":"ccl2f2oh1qd7gnt"},"id":"q4dg1udzhh73tkt","previousOperationId":"jdlhs5cjvvq1jzv"}
{"type":"log","timestamp":1705276543497,"level":"debug","message":"Executing script users-script (beforeRender)","meta":{"rootId":"ccl2f2oh1qd7gnt","id":"ccl2f2oh1qd7gnt"},"id":"asdcvqm10wkj0f3","previousOperationId":"jdlhs5cjvvq1jzv"}
{"type":"operationStart","subtype":"scriptsBeforeRender","name":"scripts beforeRender","timestamp":1705276543516,"id":"8wtwx6v4u0dqhqu","previousEventId":"i7dqi5iu9c5lweh","operationId":"jhbxilhiaemn3rq","previousOperationId":"jdlhs5cjvvq1jzv"}
{"type":"operationStart","subtype":"script","name":"scripts users-script","previousOperationId":"jhbxilhiaemn3rq","timestamp":1705276543516,"id":"4vubnkcs02zmc5l","previousEventId":"8wtwx6v4u0dqhqu","operationId":"8xpnvxezmrsnjl0"}
{"type":"log","timestamp":1705276543573,"level":"debug","message":"(console:error) Error fetching activities: ReferenceError: helpers is not defined\n    at Object.beforeRender (sandbox.js:15:28)\n    at process.processTicksAndRejections (node:internal/process/task_queues:95:5)\n    at async executionFn (/home/ruby/workspace/React_RoR/jsreportapp/node_modules/@jsreport/jsreport-scripts/lib/executeScript.js:67:11)\n    at async run (/home/ruby/workspace/React_RoR/jsreportapp/node_modules/@jsreport/jsreport-core/lib/worker/sandbox/createSandbox.js:137:16)\n    at async WorkerReporter.runInSandbox [as _runInSandbox] (/home/ruby/workspace/React_RoR/jsreportapp/node_modules/@jsreport/jsreport-core/lib/worker/sandbox/runInSandbox.js:195:14)\n    at async executeScript (/home/ruby/workspace/React_RoR/jsreportapp/node_modules/@jsreport/jsreport-scripts/lib/executeScript.js:122:12)\n    at async Scripts._runScript (/home/ruby/workspace/React_RoR/jsreportapp/node_modules/@jsreport/jsreport-scripts/lib/worker.js:140:30)\n    at async Scripts.handleBeforeRender (/home/ruby/workspace/React_RoR/jsreportapp/node_modules/@jsreport/jsreport-scripts/lib/worker.js:64:7)\n    at async ListenerCollection.fire (/home/ruby/workspace/React_RoR/jsreportapp/node_modules/@jsreport/jsreport-core/lib/shared/listenerCollection.js:157:21)\n    at async beforeRender (/home/ruby/workspace/React_RoR/jsreportapp/node_modules/@jsreport/jsreport-core/lib/worker/render/render.js:24:5)","meta":{"userLevel":true,"rootId":"ccl2f2oh1qd7gnt","id":"ccl2f2oh1qd7gnt"},"id":"04fdaqb5zgqe07f","previousOperationId":"8xpnvxezmrsnjl0"}
{"type":"operationEnd","operationId":"8xpnvxezmrsnjl0","timestamp":1705276543574,"id":"f6wkysgloejsrjs","previousEventId":"i7dqi5iu9c5lweh","previousOperationId":"jdlhs5cjvvq1jzv"}
{"type":"operationEnd","operationId":"jhbxilhiaemn3rq","timestamp":1705276543574,"id":"pt3wfoxf4x4q3pc","previousEventId":"f6wkysgloejsrjs","previousOperationId":"jdlhs5cjvvq1jzv"}
{"type":"log","timestamp":1705276543574,"level":"debug","message":"Base url not specified, skipping its injection.","meta":{"rootId":"ccl2f2oh1qd7gnt","id":"ccl2f2oh1qd7gnt"},"id":"k9ovby148zesw2t","previousOperationId":"jhbxilhiaemn3rq"}
{"type":"operationStart","subtype":"engine","name":"handlebars","timestamp":1705276543574,"id":"2av6z4igidhgd6s","previousEventId":"pt3wfoxf4x4q3pc","operationId":"wlj0za2jfvtzzpu","previousOperationId":"jhbxilhiaemn3rq"}
{"type":"log","timestamp":1705276543574,"level":"debug","message":"Rendering engine handlebars","meta":{"rootId":"ccl2f2oh1qd7gnt","id":"ccl2f2oh1qd7gnt"},"id":"qlcgxjuy3nrnsvv","previousOperationId":"wlj0za2jfvtzzpu"}
{"type":"operationEnd","operationId":"wlj0za2jfvtzzpu","timestamp":1705276543727,"id":"thfavnxzj3bsb0e","previousEventId":"2av6z4igidhgd6s","previousOperationId":"wlj0za2jfvtzzpu"}
{"type":"operationStart","subtype":"recipe","name":"chrome-pdf","timestamp":1705276543728,"id":"chl65h5y2tnjyk7","previousEventId":"thfavnxzj3bsb0e","operationId":"vcv7ht5c3pi5s08","previousOperationId":"wlj0za2jfvtzzpu"}
{"type":"log","timestamp":1705276543728,"level":"debug","message":"Executing recipe chrome-pdf","meta":{"rootId":"ccl2f2oh1qd7gnt","id":"ccl2f2oh1qd7gnt"},"id":"bdpatorlx9iii6p","previousOperationId":"vcv7ht5c3pi5s08"}
{"type":"log","timestamp":1705276543956,"level":"debug","message":"Converting with chrome HeadlessChrome/117.0.5938.149 using chrome-pool strategy","meta":{"rootId":"ccl2f2oh1qd7gnt","id":"ccl2f2oh1qd7gnt"},"id":"7ehb2hr80j822ug","previousOperationId":"vcv7ht5c3pi5s08"}
{"type":"log","timestamp":1705276543998,"level":"debug","message":"Page request: GET (document) file:///tmp/jsreport/autocleanup/2534da70-972b-4804-ac7c-f007c39d044f-chrome-pdf.html","meta":{"rootId":"ccl2f2oh1qd7gnt","id":"ccl2f2oh1qd7gnt"},"id":"igybnmsotpwp0wg","previousOperationId":"vcv7ht5c3pi5s08"}
{"type":"log","timestamp":1705276544004,"level":"debug","message":"Page request: GET (stylesheet) https://cdn.jsdelivr.net/chartist.js/latest/chartist.min.css","meta":{"rootId":"ccl2f2oh1qd7gnt","id":"ccl2f2oh1qd7gnt"},"id":"yywz2248dyg7cuh","previousOperationId":"vcv7ht5c3pi5s08"}
{"type":"log","timestamp":1705276544004,"level":"debug","message":"Page request: GET (script) https://cdn.jsdelivr.net/chartist.js/latest/chartist.min.js","meta":{"rootId":"ccl2f2oh1qd7gnt","id":"ccl2f2oh1qd7gnt"},"id":"tr57uktxos6vs6u","previousOperationId":"vcv7ht5c3pi5s08"}
{"type":"log","timestamp":1705276544005,"level":"debug","message":"Page request finished: GET (document) 200 file:///tmp/jsreport/autocleanup/2534da70-972b-4804-ac7c-f007c39d044f-chrome-pdf.html","meta":{"rootId":"ccl2f2oh1qd7gnt","id":"ccl2f2oh1qd7gnt"},"id":"yzec20i6i8q4uhf","previousOperationId":"vcv7ht5c3pi5s08"}
{"type":"log","timestamp":1705276544105,"level":"debug","message":"Page request finished: GET (stylesheet) 200 https://cdn.jsdelivr.net/chartist.js/latest/chartist.min.css","meta":{"rootId":"ccl2f2oh1qd7gnt","id":"ccl2f2oh1qd7gnt"},"id":"wcxbsy06lo4kai6","previousOperationId":"vcv7ht5c3pi5s08"}
{"type":"log","timestamp":1705276544105,"level":"debug","message":"Page request finished: GET (script) 200 https://cdn.jsdelivr.net/chartist.js/latest/chartist.min.js","meta":{"rootId":"ccl2f2oh1qd7gnt","id":"ccl2f2oh1qd7gnt"},"id":"ca32ztkx0ds2eb2","previousOperationId":"vcv7ht5c3pi5s08"}
{"type":"log","timestamp":1705276544116,"level":"debug","message":"Running chrome with params {\"printBackground\":true,\"timeout\":59627,\"margin\":{}}","meta":{"rootId":"ccl2f2oh1qd7gnt","id":"ccl2f2oh1qd7gnt"},"id":"smjm0aksdhz4fbq","previousOperationId":"vcv7ht5c3pi5s08"}
{"type":"operationEnd","operationId":"vcv7ht5c3pi5s08","timestamp":1705276544130,"id":"o2oz920dk5gn74t","previousEventId":"chl65h5y2tnjyk7","previousOperationId":"vcv7ht5c3pi5s08"}
{"type":"log","timestamp":1705276544131,"level":"debug","message":"Skipping storing report.","meta":{"rootId":"ccl2f2oh1qd7gnt","id":"ccl2f2oh1qd7gnt"},"id":"l69hx7bmcwnexaa","previousOperationId":"vcv7ht5c3pi5s08"}
{"type":"log","timestamp":1705276544131,"level":"info","message":"Rendering request 9 finished in 642 ms","meta":{"rootId":"ccl2f2oh1qd7gnt","id":"ccl2f2oh1qd7gnt"},"id":"v5tajyceosrzr67","previousOperationId":"vcv7ht5c3pi5s08"}
{"type":"operationEnd","subtype":"render","operationId":"jdlhs5cjvvq1jzv","timestamp":1705276544131,"id":"i0szq4exhic1snt","previousEventId":"o2oz920dk5gn74t","previousOperationId":"vcv7ht5c3pi5s08"}
{"type":"operationEnd","doDiffs":false,"previousEventId":"9ow5e3hebw3njx6","previousOperationId":"6k7vllutdsok7pv","operationId":"6k7vllutdsok7pv","timestamp":1705276544135,"id":"i3tuot70mgjm0ot"}
