{"type":"operationStart","subtype":"profile","data":{"_id":"qTcaLYSZ5mUMFQHz","timestamp":"2024-01-14T23:56:09.663Z","state":"queued","mode":"standard","creationDate":"2024-01-14T23:56:09.664Z","modificationDate":"2024-01-14T23:56:09.664Z","shortid":"STBHrDk","$entitySet":"profiles"},"doDiffs":false,"timestamp":1705276569663,"id":"hj929z0ew3cq07d","previousOperationId":null,"operationId":"lyu4h4zrwqxwtj5"}
{"type":"log","level":"info","message":"Render request 2 queued for execution and waiting for available worker","previousOperationId":"lyu4h4zrwqxwtj5","timestamp":1705276569664,"id":"n79fvilapglcf92"}
{"type":"operationStart","subtype":"render","name":"activities-users-main","previousOperationId":"lyu4h4zrwqxwtj5","timestamp":1705276569670,"id":"5fgz8qv28c6hjan","previousEventId":"hj929z0ew3cq07d","operationId":"omip49knqchczte"}
{"type":"log","timestamp":1705276569670,"level":"info","message":"Starting rendering request 2","meta":{"rootId":"cqp6fd36swh57fw","id":"cqp6fd36swh57fw"},"id":"2v3g2d8bmm16mmm","previousOperationId":"omip49knqchczte"}
{"type":"log","timestamp":1705276569671,"level":"info","message":"Rendering template { name: activities-users-main, recipe: chrome-pdf, engine: handlebars, preview: true }","meta":{"rootId":"cqp6fd36swh57fw","id":"cqp6fd36swh57fw"},"id":"al19vzjjj712god","previousOperationId":"omip49knqchczte"}
{"type":"log","timestamp":1705276569671,"level":"debug","message":"Data item not defined for this template.","meta":{"rootId":"cqp6fd36swh57fw","id":"cqp6fd36swh57fw"},"id":"2781h3kw1lci83l","previousOperationId":"omip49knqchczte"}
{"type":"log","timestamp":1705276569673,"level":"debug","message":"Executing script users-script (beforeRender)","meta":{"rootId":"cqp6fd36swh57fw","id":"cqp6fd36swh57fw"},"id":"hwn49dtiaebqim3","previousOperationId":"omip49knqchczte"}
{"type":"operationStart","subtype":"scriptsBeforeRender","name":"scripts beforeRender","timestamp":1705276569785,"id":"bukkdho6s7k66o2","previousEventId":"5fgz8qv28c6hjan","operationId":"kx1yf2w0dcl2dt0","previousOperationId":"omip49knqchczte"}
{"type":"operationStart","subtype":"script","name":"scripts users-script","previousOperationId":"kx1yf2w0dcl2dt0","timestamp":1705276569785,"id":"e7ccomohvlwsjy9","previousEventId":"bukkdho6s7k66o2","operationId":"8p415nbqva8mpck"}
{"type":"log","timestamp":1705276569845,"level":"debug","message":"(console:error) Error fetching activities: ReferenceError: helpers is not defined\n    at Object.beforeRender (sandbox.js:15:28)\n    at process.processTicksAndRejections (node:internal/process/task_queues:95:5)\n    at async executionFn (/home/ruby/workspace/React_RoR/jsreportapp/node_modules/@jsreport/jsreport-scripts/lib/executeScript.js:67:11)\n    at async run (/home/ruby/workspace/React_RoR/jsreportapp/node_modules/@jsreport/jsreport-core/lib/worker/sandbox/createSandbox.js:137:16)\n    at async WorkerReporter.runInSandbox [as _runInSandbox] (/home/ruby/workspace/React_RoR/jsreportapp/node_modules/@jsreport/jsreport-core/lib/worker/sandbox/runInSandbox.js:195:14)\n    at async executeScript (/home/ruby/workspace/React_RoR/jsreportapp/node_modules/@jsreport/jsreport-scripts/lib/executeScript.js:122:12)\n    at async Scripts._runScript (/home/ruby/workspace/React_RoR/jsreportapp/node_modules/@jsreport/jsreport-scripts/lib/worker.js:140:30)\n    at async Scripts.handleBeforeRender (/home/ruby/workspace/React_RoR/jsreportapp/node_modules/@jsreport/jsreport-scripts/lib/worker.js:64:7)\n    at async ListenerCollection.fire (/home/ruby/workspace/React_RoR/jsreportapp/node_modules/@jsreport/jsreport-core/lib/shared/listenerCollection.js:157:21)\n    at async beforeRender (/home/ruby/workspace/React_RoR/jsreportapp/node_modules/@jsreport/jsreport-core/lib/worker/render/render.js:24:5)","meta":{"userLevel":true,"rootId":"cqp6fd36swh57fw","id":"cqp6fd36swh57fw"},"id":"2in1ea9sj2nby69","previousOperationId":"8p415nbqva8mpck"}
{"type":"operationEnd","operationId":"8p415nbqva8mpck","timestamp":1705276569846,"id":"xp2ebvwbxy2t54e","previousEventId":"5fgz8qv28c6hjan","previousOperationId":"omip49knqchczte"}
{"type":"operationEnd","operationId":"kx1yf2w0dcl2dt0","timestamp":1705276569846,"id":"vyqh24yoqecqhqm","previousEventId":"xp2ebvwbxy2t54e","previousOperationId":"omip49knqchczte"}
{"type":"log","timestamp":1705276569846,"level":"debug","message":"Base url not specified, skipping its injection.","meta":{"rootId":"cqp6fd36swh57fw","id":"cqp6fd36swh57fw"},"id":"lbjp6ch3xlyez4x","previousOperationId":"kx1yf2w0dcl2dt0"}
{"type":"operationStart","subtype":"engine","name":"handlebars","timestamp":1705276569846,"id":"s3g2wghyj9ipy2x","previousEventId":"vyqh24yoqecqhqm","operationId":"juhzcd04l5u4v6s","previousOperationId":"kx1yf2w0dcl2dt0"}
{"type":"log","timestamp":1705276569846,"level":"debug","message":"Rendering engine handlebars","meta":{"rootId":"cqp6fd36swh57fw","id":"cqp6fd36swh57fw"},"id":"1rcaolig0ftbc86","previousOperationId":"juhzcd04l5u4v6s"}
{"type":"operationEnd","operationId":"juhzcd04l5u4v6s","timestamp":1705276569992,"id":"g19dpwocdfn8mj9","previousEventId":"s3g2wghyj9ipy2x","previousOperationId":"juhzcd04l5u4v6s"}
{"type":"operationStart","subtype":"recipe","name":"chrome-pdf","timestamp":1705276569993,"id":"i4b3m3ch0eaghmz","previousEventId":"g19dpwocdfn8mj9","operationId":"1e86i0jlyifwypa","previousOperationId":"juhzcd04l5u4v6s"}
{"type":"log","timestamp":1705276569993,"level":"debug","message":"Executing recipe chrome-pdf","meta":{"rootId":"cqp6fd36swh57fw","id":"cqp6fd36swh57fw"},"id":"2d2ftbk5gcn8pzq","previousOperationId":"1e86i0jlyifwypa"}
{"type":"log","timestamp":1705276570230,"level":"debug","message":"Converting with chrome HeadlessChrome/117.0.5938.149 using chrome-pool strategy","meta":{"rootId":"cqp6fd36swh57fw","id":"cqp6fd36swh57fw"},"id":"y0x10mhqom3y2m0","previousOperationId":"1e86i0jlyifwypa"}
{"type":"log","timestamp":1705276570269,"level":"debug","message":"Page request: GET (document) file:///tmp/jsreport/autocleanup/08c4c94d-25d7-461d-9048-b4f4ee6ba1b1-chrome-pdf.html","meta":{"rootId":"cqp6fd36swh57fw","id":"cqp6fd36swh57fw"},"id":"p1l9hu4c3js0v4p","previousOperationId":"1e86i0jlyifwypa"}
{"type":"log","timestamp":1705276570275,"level":"debug","message":"Page request: GET (stylesheet) https://cdn.jsdelivr.net/chartist.js/latest/chartist.min.css","meta":{"rootId":"cqp6fd36swh57fw","id":"cqp6fd36swh57fw"},"id":"50yehz5hrwmmyau","previousOperationId":"1e86i0jlyifwypa"}
{"type":"log","timestamp":1705276570276,"level":"debug","message":"Page request: GET (script) https://cdn.jsdelivr.net/chartist.js/latest/chartist.min.js","meta":{"rootId":"cqp6fd36swh57fw","id":"cqp6fd36swh57fw"},"id":"zjt9smtz4onej8j","previousOperationId":"1e86i0jlyifwypa"}
{"type":"log","timestamp":1705276570276,"level":"debug","message":"Page request finished: GET (document) 200 file:///tmp/jsreport/autocleanup/08c4c94d-25d7-461d-9048-b4f4ee6ba1b1-chrome-pdf.html","meta":{"rootId":"cqp6fd36swh57fw","id":"cqp6fd36swh57fw"},"id":"di1jmd3gggi75pw","previousOperationId":"1e86i0jlyifwypa"}
{"type":"log","timestamp":1705276570372,"level":"debug","message":"Page request finished: GET (stylesheet) 200 https://cdn.jsdelivr.net/chartist.js/latest/chartist.min.css","meta":{"rootId":"cqp6fd36swh57fw","id":"cqp6fd36swh57fw"},"id":"hlyhumkov8kz6yo","previousOperationId":"1e86i0jlyifwypa"}
{"type":"log","timestamp":1705276570374,"level":"debug","message":"Page request finished: GET (script) 200 https://cdn.jsdelivr.net/chartist.js/latest/chartist.min.js","meta":{"rootId":"cqp6fd36swh57fw","id":"cqp6fd36swh57fw"},"id":"hrzk0mlnzppghs3","previousOperationId":"1e86i0jlyifwypa"}
{"type":"log","timestamp":1705276570388,"level":"debug","message":"Running chrome with params {\"printBackground\":true,\"timeout\":59538,\"margin\":{}}","meta":{"rootId":"cqp6fd36swh57fw","id":"cqp6fd36swh57fw"},"id":"ozu8wju0joksgiy","previousOperationId":"1e86i0jlyifwypa"}
{"type":"operationEnd","operationId":"1e86i0jlyifwypa","timestamp":1705276570402,"id":"b9f12hy5l6hgd13","previousEventId":"i4b3m3ch0eaghmz","previousOperationId":"1e86i0jlyifwypa"}
{"type":"log","timestamp":1705276570403,"level":"debug","message":"Skipping storing report.","meta":{"rootId":"cqp6fd36swh57fw","id":"cqp6fd36swh57fw"},"id":"yilbxkn0hyc8y8m","previousOperationId":"1e86i0jlyifwypa"}
{"type":"log","timestamp":1705276570403,"level":"info","message":"Rendering request 2 finished in 740 ms","meta":{"rootId":"cqp6fd36swh57fw","id":"cqp6fd36swh57fw"},"id":"kykicf3vvvcbj0j","previousOperationId":"1e86i0jlyifwypa"}
{"type":"operationEnd","subtype":"render","operationId":"omip49knqchczte","timestamp":1705276570403,"id":"c95ug3esubhpkjf","previousEventId":"b9f12hy5l6hgd13","previousOperationId":"1e86i0jlyifwypa"}
{"type":"operationEnd","doDiffs":false,"previousEventId":"hj929z0ew3cq07d","previousOperationId":"lyu4h4zrwqxwtj5","operationId":"lyu4h4zrwqxwtj5","timestamp":1705276570408,"id":"4298hdbtv3m70r8"}
