{"type":"operationStart","subtype":"profile","data":{"_id":"Ng1Tda9PFkPHst2I","timestamp":"2024-01-12T23:30:40.423Z","state":"queued","mode":"standard","creationDate":"2024-01-12T23:30:40.425Z","modificationDate":"2024-01-12T23:30:40.425Z","shortid":"WZxZWmM","$entitySet":"profiles"},"doDiffs":false,"timestamp":1705102240424,"id":"hjpphn19eohxcoz","previousOperationId":null,"operationId":"33emrp1s0wjiakc"}
{"type":"log","level":"info","message":"Render request 11 queued for execution and waiting for available worker","previousOperationId":"33emrp1s0wjiakc","timestamp":1705102240425,"id":"flg04f1t9xr3y7h"}
{"type":"operationStart","subtype":"render","name":"activities-users-main","previousOperationId":"33emrp1s0wjiakc","timestamp":1705102240438,"id":"k8l2lotc3l0jh8h","previousEventId":"hjpphn19eohxcoz","operationId":"ozl52nx7edk8swm"}
{"type":"log","timestamp":1705102240438,"level":"info","message":"Starting rendering request 11","meta":{"rootId":"d1v27r4vjxe9ar6","id":"d1v27r4vjxe9ar6"},"id":"exkylgl1zkmwzst","previousOperationId":"ozl52nx7edk8swm"}
{"type":"log","timestamp":1705102240439,"level":"info","message":"Rendering template { name: activities-users-main, recipe: chrome-pdf, engine: handlebars, preview: true }","meta":{"rootId":"d1v27r4vjxe9ar6","id":"d1v27r4vjxe9ar6"},"id":"e49zd2y7asgeq54","previousOperationId":"ozl52nx7edk8swm"}
{"type":"log","timestamp":1705102240440,"level":"debug","message":"Data item not defined for this template.","meta":{"rootId":"d1v27r4vjxe9ar6","id":"d1v27r4vjxe9ar6"},"id":"x7jzwmtgyar8xci","previousOperationId":"ozl52nx7edk8swm"}
{"type":"log","timestamp":1705102240442,"level":"debug","message":"Executing script users-script (beforeRender)","meta":{"rootId":"d1v27r4vjxe9ar6","id":"d1v27r4vjxe9ar6"},"id":"80vmr7u9p47lomj","previousOperationId":"ozl52nx7edk8swm"}
{"type":"operationStart","subtype":"scriptsBeforeRender","name":"scripts beforeRender","timestamp":1705102240454,"id":"y1o9yk7rgaql9uu","previousEventId":"k8l2lotc3l0jh8h","operationId":"0dd69d5et8urch4","previousOperationId":"ozl52nx7edk8swm"}
{"type":"operationStart","subtype":"script","name":"scripts users-script","previousOperationId":"0dd69d5et8urch4","timestamp":1705102240454,"id":"vs02t3oqbid5wlp","previousEventId":"y1o9yk7rgaql9uu","operationId":"4wc81slpwboivcm"}
{"type":"log","timestamp":1705102240454,"level":"debug","message":"(console:log) activities------------------------------------","meta":{"userLevel":true,"rootId":"d1v27r4vjxe9ar6","id":"d1v27r4vjxe9ar6"},"id":"ywl7b1j733rhmrt","previousOperationId":"4wc81slpwboivcm"}
{"type":"log","timestamp":1705102240458,"level":"debug","message":"(console:log) Promise { <pending> }","meta":{"userLevel":true,"rootId":"d1v27r4vjxe9ar6","id":"d1v27r4vjxe9ar6"},"id":"fyypzpsco875sio","previousOperationId":"4wc81slpwboivcm"}
{"type":"log","timestamp":1705102240458,"level":"debug","message":"(console:log) activities------------------------------------","meta":{"userLevel":true,"rootId":"d1v27r4vjxe9ar6","id":"d1v27r4vjxe9ar6"},"id":"7603opc5c8x3kza","previousOperationId":"4wc81slpwboivcm"}
{"type":"operationEnd","operationId":"4wc81slpwboivcm","timestamp":1705102240458,"id":"krfjzvulem0o7qn","previousEventId":"k8l2lotc3l0jh8h","previousOperationId":"ozl52nx7edk8swm"}
{"type":"operationEnd","operationId":"0dd69d5et8urch4","timestamp":1705102240459,"id":"98d8y23ak785uka","previousEventId":"krfjzvulem0o7qn","previousOperationId":"ozl52nx7edk8swm"}
{"type":"log","timestamp":1705102240459,"level":"debug","message":"Base url not specified, skipping its injection.","meta":{"rootId":"d1v27r4vjxe9ar6","id":"d1v27r4vjxe9ar6"},"id":"hrhv4uhjnn6lg3n","previousOperationId":"0dd69d5et8urch4"}
{"type":"operationStart","subtype":"engine","name":"handlebars","timestamp":1705102240459,"id":"caio7j55fspde8l","previousEventId":"98d8y23ak785uka","operationId":"y32smcjztbc2l87","previousOperationId":"0dd69d5et8urch4"}
{"type":"log","timestamp":1705102240459,"level":"debug","message":"Rendering engine handlebars","meta":{"rootId":"d1v27r4vjxe9ar6","id":"d1v27r4vjxe9ar6"},"id":"d51prt9e2wf8go1","previousOperationId":"y32smcjztbc2l87"}
{"type":"operationEnd","operationId":"y32smcjztbc2l87","timestamp":1705102240480,"id":"wfhtvzvgb3afzyr","previousEventId":"caio7j55fspde8l","previousOperationId":"y32smcjztbc2l87"}
{"type":"operationStart","subtype":"recipe","name":"chrome-pdf","timestamp":1705102240481,"id":"srrioxo8k3yjvkb","previousEventId":"wfhtvzvgb3afzyr","operationId":"d53mdp0ez1wi1bt","previousOperationId":"y32smcjztbc2l87"}
{"type":"log","timestamp":1705102240481,"level":"debug","message":"Executing recipe chrome-pdf","meta":{"rootId":"d1v27r4vjxe9ar6","id":"d1v27r4vjxe9ar6"},"id":"zs97hnjios37562","previousOperationId":"d53mdp0ez1wi1bt"}
{"type":"log","timestamp":1705102240483,"level":"debug","message":"Converting with chrome HeadlessChrome/117.0.5938.149 using chrome-pool strategy","meta":{"rootId":"d1v27r4vjxe9ar6","id":"d1v27r4vjxe9ar6"},"id":"vajqka3krinix3y","previousOperationId":"d53mdp0ez1wi1bt"}
{"type":"log","timestamp":1705102240556,"level":"debug","message":"Page request: GET (document) file:///tmp/jsreport/autocleanup/4d28ff36-30e3-4114-8c3c-bc9132958bb2-chrome-pdf.html","meta":{"rootId":"d1v27r4vjxe9ar6","id":"d1v27r4vjxe9ar6"},"id":"dnuco2caxc346vk","previousOperationId":"d53mdp0ez1wi1bt"}
{"type":"log","timestamp":1705102240574,"level":"debug","message":"Page request: GET (stylesheet) https://cdnjs.cloudflare.com/ajax/libs/metro/4.1.5/css/metro.min.css","meta":{"rootId":"d1v27r4vjxe9ar6","id":"d1v27r4vjxe9ar6"},"id":"t5xox1utsg35pit","previousOperationId":"d53mdp0ez1wi1bt"}
{"type":"log","timestamp":1705102240575,"level":"debug","message":"Page request: GET (script) https://cdnjs.cloudflare.com/ajax/libs/Chart.js/2.7.2/Chart.min.js","meta":{"rootId":"d1v27r4vjxe9ar6","id":"d1v27r4vjxe9ar6"},"id":"s71h3mo7f7nsh18","previousOperationId":"d53mdp0ez1wi1bt"}
{"type":"log","timestamp":1705102240575,"level":"debug","message":"Page request finished: GET (document) 200 file:///tmp/jsreport/autocleanup/4d28ff36-30e3-4114-8c3c-bc9132958bb2-chrome-pdf.html","meta":{"rootId":"d1v27r4vjxe9ar6","id":"d1v27r4vjxe9ar6"},"id":"28uyw9rdd34cuwb","previousOperationId":"d53mdp0ez1wi1bt"}
{"type":"log","timestamp":1705102240583,"level":"debug","message":"Page request finished: GET (script) 200 https://cdnjs.cloudflare.com/ajax/libs/Chart.js/2.7.2/Chart.min.js","meta":{"rootId":"d1v27r4vjxe9ar6","id":"d1v27r4vjxe9ar6"},"id":"uan766dkw3uu1aj","previousOperationId":"d53mdp0ez1wi1bt"}
{"type":"log","timestamp":1705102240609,"level":"debug","message":"Page request finished: GET (stylesheet) 200 https://cdnjs.cloudflare.com/ajax/libs/metro/4.1.5/css/metro.min.css","meta":{"rootId":"d1v27r4vjxe9ar6","id":"d1v27r4vjxe9ar6"},"id":"my4852eazghg5qb","previousOperationId":"d53mdp0ez1wi1bt"}
{"type":"log","timestamp":1705102240627,"level":"debug","message":"Running chrome with params {\"printBackground\":true,\"timeout\":59941,\"margin\":{}}","meta":{"rootId":"d1v27r4vjxe9ar6","id":"d1v27r4vjxe9ar6"},"id":"9ar6ra9ai9w0guc","previousOperationId":"d53mdp0ez1wi1bt"}
{"type":"operationEnd","operationId":"d53mdp0ez1wi1bt","timestamp":1705102240656,"id":"ycjwni4lrrwm7qx","previousEventId":"srrioxo8k3yjvkb","previousOperationId":"d53mdp0ez1wi1bt"}
{"type":"log","timestamp":1705102240657,"level":"debug","message":"Skipping storing report.","meta":{"rootId":"d1v27r4vjxe9ar6","id":"d1v27r4vjxe9ar6"},"id":"lilin924so27xid","previousOperationId":"d53mdp0ez1wi1bt"}
{"type":"log","timestamp":1705102240657,"level":"info","message":"Rendering request 11 finished in 234 ms","meta":{"rootId":"d1v27r4vjxe9ar6","id":"d1v27r4vjxe9ar6"},"id":"hwufryf0w77el42","previousOperationId":"d53mdp0ez1wi1bt"}
{"type":"operationEnd","subtype":"render","operationId":"ozl52nx7edk8swm","timestamp":1705102240657,"id":"2mb9z9gn0t4loew","previousEventId":"ycjwni4lrrwm7qx","previousOperationId":"d53mdp0ez1wi1bt"}
{"type":"operationEnd","doDiffs":false,"previousEventId":"hjpphn19eohxcoz","previousOperationId":"33emrp1s0wjiakc","operationId":"33emrp1s0wjiakc","timestamp":1705102240664,"id":"64y46xjh66jc8p4"}
