{"type":"operationStart","subtype":"profile","data":{"_id":"zyPDkiS0xAVy0twP","timestamp":"2024-01-12T15:52:32.796Z","state":"queued","mode":"standard","creationDate":"2024-01-12T15:52:32.797Z","modificationDate":"2024-01-12T15:52:32.797Z","shortid":"a2cKs0Q","$entitySet":"profiles"},"doDiffs":false,"timestamp":1705074752796,"id":"jtf3wpqnw9nrl2i","previousOperationId":null,"operationId":"s2dfw6ta2f1919f"}
{"type":"log","level":"info","message":"Render request 8 queued for execution and waiting for available worker","previousOperationId":"s2dfw6ta2f1919f","timestamp":1705074752796,"id":"6ya82musvrdeysk"}
{"type":"operationStart","subtype":"render","name":"activities-users-main","previousOperationId":"s2dfw6ta2f1919f","timestamp":1705074752800,"id":"u8b72w1cqzomj06","previousEventId":"jtf3wpqnw9nrl2i","operationId":"z5ikaqjsbdk6zvn"}
{"type":"log","timestamp":1705074752800,"level":"info","message":"Starting rendering request 8","meta":{"rootId":"dbne3jz7jrwixl0","id":"dbne3jz7jrwixl0"},"id":"6ppickat9rw5ayz","previousOperationId":"z5ikaqjsbdk6zvn"}
{"type":"log","timestamp":1705074752801,"level":"info","message":"Rendering template { name: activities-users-main, recipe: chrome-pdf, engine: handlebars, preview: true }","meta":{"rootId":"dbne3jz7jrwixl0","id":"dbne3jz7jrwixl0"},"id":"9qmfwepjybgy6ti","previousOperationId":"z5ikaqjsbdk6zvn"}
{"type":"log","timestamp":1705074752801,"level":"debug","message":"Data item not defined for this template.","meta":{"rootId":"dbne3jz7jrwixl0","id":"dbne3jz7jrwixl0"},"id":"q9wzl2rjmgz5nmp","previousOperationId":"z5ikaqjsbdk6zvn"}
{"type":"log","timestamp":1705074752802,"level":"debug","message":"Base url not specified, skipping its injection.","meta":{"rootId":"dbne3jz7jrwixl0","id":"dbne3jz7jrwixl0"},"id":"zdokq340gsesfue","previousOperationId":"z5ikaqjsbdk6zvn"}
{"type":"operationStart","subtype":"engine","name":"handlebars","timestamp":1705074752802,"id":"l0jm56wsr1i42a0","previousEventId":"u8b72w1cqzomj06","operationId":"i6v62x6f3kzyfy5","previousOperationId":"z5ikaqjsbdk6zvn"}
{"type":"log","timestamp":1705074752802,"level":"debug","message":"Rendering engine handlebars","meta":{"rootId":"dbne3jz7jrwixl0","id":"dbne3jz7jrwixl0"},"id":"c2po4vh8ikdlwrk","previousOperationId":"i6v62x6f3kzyfy5"}
{"type":"operationEnd","operationId":"i6v62x6f3kzyfy5","timestamp":1705074752807,"id":"blvmuo66s9f72ju","previousEventId":"l0jm56wsr1i42a0","previousOperationId":"i6v62x6f3kzyfy5"}
{"type":"operationStart","subtype":"recipe","name":"chrome-pdf","timestamp":1705074752808,"id":"aao22y9eahq0dph","previousEventId":"blvmuo66s9f72ju","operationId":"s60qv4z7dx9p2av","previousOperationId":"i6v62x6f3kzyfy5"}
{"type":"log","timestamp":1705074752808,"level":"debug","message":"Executing recipe chrome-pdf","meta":{"rootId":"dbne3jz7jrwixl0","id":"dbne3jz7jrwixl0"},"id":"uecsvldsexmi586","previousOperationId":"s60qv4z7dx9p2av"}
{"type":"log","timestamp":1705074752808,"level":"debug","message":"Converting with chrome HeadlessChrome/117.0.5938.149 using chrome-pool strategy","meta":{"rootId":"dbne3jz7jrwixl0","id":"dbne3jz7jrwixl0"},"id":"iwy00c2vsjiyr4u","previousOperationId":"s60qv4z7dx9p2av"}
{"type":"log","timestamp":1705074752828,"level":"debug","message":"Page request: GET (document) file:///tmp/jsreport/autocleanup/99da0b15-8bcc-4d12-8ba0-89fe65c72a66-chrome-pdf.html","meta":{"rootId":"dbne3jz7jrwixl0","id":"dbne3jz7jrwixl0"},"id":"s00nvot8fd0xqfc","previousOperationId":"s60qv4z7dx9p2av"}
{"type":"log","timestamp":1705074752833,"level":"debug","message":"Page request: GET (stylesheet) https://cdnjs.cloudflare.com/ajax/libs/metro/4.1.5/css/metro.min.css","meta":{"rootId":"dbne3jz7jrwixl0","id":"dbne3jz7jrwixl0"},"id":"bbrg8spn7bnmw8a","previousOperationId":"s60qv4z7dx9p2av"}
{"type":"log","timestamp":1705074752833,"level":"debug","message":"Page request: GET (script) https://cdnjs.cloudflare.com/ajax/libs/Chart.js/2.7.2/Chart.min.js","meta":{"rootId":"dbne3jz7jrwixl0","id":"dbne3jz7jrwixl0"},"id":"1hxxgot8u82au4s","previousOperationId":"s60qv4z7dx9p2av"}
{"type":"log","timestamp":1705074752833,"level":"debug","message":"Page request finished: GET (document) 200 file:///tmp/jsreport/autocleanup/99da0b15-8bcc-4d12-8ba0-89fe65c72a66-chrome-pdf.html","meta":{"rootId":"dbne3jz7jrwixl0","id":"dbne3jz7jrwixl0"},"id":"7owpaapvhv9fzvv","previousOperationId":"s60qv4z7dx9p2av"}
{"type":"log","timestamp":1705074752837,"level":"debug","message":"Page request finished: GET (script) 200 https://cdnjs.cloudflare.com/ajax/libs/Chart.js/2.7.2/Chart.min.js","meta":{"rootId":"dbne3jz7jrwixl0","id":"dbne3jz7jrwixl0"},"id":"3yzgykptw33ivfl","previousOperationId":"s60qv4z7dx9p2av"}
{"type":"log","timestamp":1705074752844,"level":"debug","message":"Page request finished: GET (stylesheet) 200 https://cdnjs.cloudflare.com/ajax/libs/metro/4.1.5/css/metro.min.css","meta":{"rootId":"dbne3jz7jrwixl0","id":"dbne3jz7jrwixl0"},"id":"wi03vxjwoosxgde","previousOperationId":"s60qv4z7dx9p2av"}
{"type":"log","timestamp":1705074752849,"level":"debug","message":"Running chrome with params {\"printBackground\":true,\"timeout\":59988,\"margin\":{}}","meta":{"rootId":"dbne3jz7jrwixl0","id":"dbne3jz7jrwixl0"},"id":"62lp8g87onpsgip","previousOperationId":"s60qv4z7dx9p2av"}
{"type":"operationEnd","operationId":"s60qv4z7dx9p2av","timestamp":1705074752861,"id":"o9hicnsme6ki4w1","previousEventId":"aao22y9eahq0dph","previousOperationId":"s60qv4z7dx9p2av"}
{"type":"log","timestamp":1705074752861,"level":"debug","message":"Skipping storing report.","meta":{"rootId":"dbne3jz7jrwixl0","id":"dbne3jz7jrwixl0"},"id":"h5tkhq7abnvt91k","previousOperationId":"s60qv4z7dx9p2av"}
{"type":"log","timestamp":1705074752861,"level":"info","message":"Rendering request 8 finished in 65 ms","meta":{"rootId":"dbne3jz7jrwixl0","id":"dbne3jz7jrwixl0"},"id":"36i934a8qifvqj1","previousOperationId":"s60qv4z7dx9p2av"}
{"type":"operationEnd","subtype":"render","operationId":"z5ikaqjsbdk6zvn","timestamp":1705074752861,"id":"90mslduz15p4btx","previousEventId":"o9hicnsme6ki4w1","previousOperationId":"s60qv4z7dx9p2av"}
{"type":"operationEnd","doDiffs":false,"previousEventId":"jtf3wpqnw9nrl2i","previousOperationId":"s2dfw6ta2f1919f","operationId":"s2dfw6ta2f1919f","timestamp":1705074752864,"id":"om8k9io0nw5z0mo"}
