{"type":"operationStart","subtype":"profile","data":{"_id":"nt5PH9YaaKymJSAu","timestamp":"2024-01-14T23:56:16.681Z","state":"queued","mode":"standard","creationDate":"2024-01-14T23:56:16.682Z","modificationDate":"2024-01-14T23:56:16.682Z","shortid":"o4ePfjO","$entitySet":"profiles"},"doDiffs":false,"timestamp":1705276576681,"id":"jovz485lj1h25vi","previousOperationId":null,"operationId":"g2f8xk58efvi7wt"}
{"type":"log","level":"info","message":"Render request 6 queued for execution and waiting for available worker","previousOperationId":"g2f8xk58efvi7wt","timestamp":1705276576681,"id":"l5i8tmwxteynq58"}
{"type":"operationStart","subtype":"render","name":"activities-users-main","previousOperationId":"g2f8xk58efvi7wt","timestamp":1705276576687,"id":"3ljvi28orxcxu1a","previousEventId":"jovz485lj1h25vi","operationId":"uk9kgbi3gk2ln94"}
{"type":"log","timestamp":1705276576687,"level":"info","message":"Starting rendering request 6","meta":{"rootId":"dy132qknk2jfw2l","id":"dy132qknk2jfw2l"},"id":"6o5vi2o2zd2f43k","previousOperationId":"uk9kgbi3gk2ln94"}
{"type":"log","timestamp":1705276576687,"level":"info","message":"Rendering template { name: activities-users-main, recipe: chrome-pdf, engine: handlebars, preview: true }","meta":{"rootId":"dy132qknk2jfw2l","id":"dy132qknk2jfw2l"},"id":"31oqoikztecq2nm","previousOperationId":"uk9kgbi3gk2ln94"}
{"type":"log","timestamp":1705276576687,"level":"debug","message":"Data item not defined for this template.","meta":{"rootId":"dy132qknk2jfw2l","id":"dy132qknk2jfw2l"},"id":"3l8mhlez6x2pjtp","previousOperationId":"uk9kgbi3gk2ln94"}
{"type":"log","timestamp":1705276576689,"level":"debug","message":"Executing script users-script (beforeRender)","meta":{"rootId":"dy132qknk2jfw2l","id":"dy132qknk2jfw2l"},"id":"68j540b92d10gng","previousOperationId":"uk9kgbi3gk2ln94"}
{"type":"operationStart","subtype":"scriptsBeforeRender","name":"scripts beforeRender","timestamp":1705276576695,"id":"w300qmsgq8rf9cb","previousEventId":"3ljvi28orxcxu1a","operationId":"s4oor1yzmzorn80","previousOperationId":"uk9kgbi3gk2ln94"}
{"type":"operationStart","subtype":"script","name":"scripts users-script","previousOperationId":"s4oor1yzmzorn80","timestamp":1705276576695,"id":"h6b00ewbcjmun4g","previousEventId":"w300qmsgq8rf9cb","operationId":"gnn1kd12tjraj3o"}
{"type":"log","timestamp":1705276576740,"level":"debug","message":"(console:error) Error fetching activities: ReferenceError: helpers is not defined\n    at Object.beforeRender (sandbox.js:15:28)\n    at process.processTicksAndRejections (node:internal/process/task_queues:95:5)\n    at async executionFn (/home/ruby/workspace/React_RoR/jsreportapp/node_modules/@jsreport/jsreport-scripts/lib/executeScript.js:67:11)\n    at async run (/home/ruby/workspace/React_RoR/jsreportapp/node_modules/@jsreport/jsreport-core/lib/worker/sandbox/createSandbox.js:137:16)\n    at async WorkerReporter.runInSandbox [as _runInSandbox] (/home/ruby/workspace/React_RoR/jsreportapp/node_modules/@jsreport/jsreport-core/lib/worker/sandbox/runInSandbox.js:195:14)\n    at async executeScript (/home/ruby/workspace/React_RoR/jsreportapp/node_modules/@jsreport/jsreport-scripts/lib/executeScript.js:122:12)\n    at async Scripts._runScript (/home/ruby/workspace/React_RoR/jsreportapp/node_modules/@jsreport/jsreport-scripts/lib/worker.js:140:30)\n    at async Scripts.handleBeforeRender (/home/ruby/workspace/React_RoR/jsreportapp/node_modules/@jsreport/jsreport-scripts/lib/worker.js:64:7)\n    at async ListenerCollection.fire (/home/ruby/workspace/React_RoR/jsreportapp/node_modules/@jsreport/jsreport-core/lib/shared/listenerCollection.js:157:21)\n    at async beforeRender (/home/ruby/workspace/React_RoR/jsreportapp/node_modules/@jsreport/jsreport-core/lib/worker/render/render.js:24:5)","meta":{"userLevel":true,"rootId":"dy132qknk2jfw2l","id":"dy132qknk2jfw2l"},"id":"0c353tolqm6wnt0","previousOperationId":"gnn1kd12tjraj3o"}
{"type":"operationEnd","operationId":"gnn1kd12tjraj3o","timestamp":1705276576740,"id":"sd0k4pkv1lsktyg","previousEventId":"3ljvi28orxcxu1a","previousOperationId":"uk9kgbi3gk2ln94"}
{"type":"operationEnd","operationId":"s4oor1yzmzorn80","timestamp":1705276576740,"id":"mgthwxpu5w8151p","previousEventId":"sd0k4pkv1lsktyg","previousOperationId":"uk9kgbi3gk2ln94"}
{"type":"log","timestamp":1705276576740,"level":"debug","message":"Base url not specified, skipping its injection.","meta":{"rootId":"dy132qknk2jfw2l","id":"dy132qknk2jfw2l"},"id":"by2loz5cf1rgwog","previousOperationId":"s4oor1yzmzorn80"}
{"type":"operationStart","subtype":"engine","name":"handlebars","timestamp":1705276576740,"id":"t4fwkpvdbed6huh","previousEventId":"mgthwxpu5w8151p","operationId":"mh3eux73eq0o577","previousOperationId":"s4oor1yzmzorn80"}
{"type":"log","timestamp":1705276576740,"level":"debug","message":"Rendering engine handlebars","meta":{"rootId":"dy132qknk2jfw2l","id":"dy132qknk2jfw2l"},"id":"bev4lieqz5r9j28","previousOperationId":"mh3eux73eq0o577"}
{"type":"operationEnd","operationId":"mh3eux73eq0o577","timestamp":1705276576747,"id":"8o72lfyxczuzjg6","previousEventId":"t4fwkpvdbed6huh","previousOperationId":"mh3eux73eq0o577"}
{"type":"operationStart","subtype":"recipe","name":"chrome-pdf","timestamp":1705276576747,"id":"w4865je9635nz5n","previousEventId":"8o72lfyxczuzjg6","operationId":"wuknipl3p8m1b2i","previousOperationId":"mh3eux73eq0o577"}
{"type":"log","timestamp":1705276576747,"level":"debug","message":"Executing recipe chrome-pdf","meta":{"rootId":"dy132qknk2jfw2l","id":"dy132qknk2jfw2l"},"id":"yuc4s5babi8z31l","previousOperationId":"wuknipl3p8m1b2i"}
{"type":"log","timestamp":1705276576748,"level":"debug","message":"Converting with chrome HeadlessChrome/117.0.5938.149 using chrome-pool strategy","meta":{"rootId":"dy132qknk2jfw2l","id":"dy132qknk2jfw2l"},"id":"qmq29r6mivm7nl3","previousOperationId":"wuknipl3p8m1b2i"}
{"type":"log","timestamp":1705276576772,"level":"debug","message":"Page request: GET (document) file:///tmp/jsreport/autocleanup/4893a2c8-3272-4fe0-94f0-7ba5c73e7948-chrome-pdf.html","meta":{"rootId":"dy132qknk2jfw2l","id":"dy132qknk2jfw2l"},"id":"pd9la5wmbgksfsk","previousOperationId":"wuknipl3p8m1b2i"}
{"type":"log","timestamp":1705276576779,"level":"debug","message":"Page request: GET (stylesheet) https://cdn.jsdelivr.net/chartist.js/latest/chartist.min.css","meta":{"rootId":"dy132qknk2jfw2l","id":"dy132qknk2jfw2l"},"id":"ifikigwnw0lfb2v","previousOperationId":"wuknipl3p8m1b2i"}
{"type":"log","timestamp":1705276576779,"level":"debug","message":"Page request: GET (script) https://cdn.jsdelivr.net/chartist.js/latest/chartist.min.js","meta":{"rootId":"dy132qknk2jfw2l","id":"dy132qknk2jfw2l"},"id":"lkuil341fre052n","previousOperationId":"wuknipl3p8m1b2i"}
{"type":"log","timestamp":1705276576779,"level":"debug","message":"Page request finished: GET (document) 200 file:///tmp/jsreport/autocleanup/4893a2c8-3272-4fe0-94f0-7ba5c73e7948-chrome-pdf.html","meta":{"rootId":"dy132qknk2jfw2l","id":"dy132qknk2jfw2l"},"id":"adk9m2wq0zwja5e","previousOperationId":"wuknipl3p8m1b2i"}
{"type":"log","timestamp":1705276576781,"level":"debug","message":"Page request finished: GET (stylesheet) 200 https://cdn.jsdelivr.net/chartist.js/latest/chartist.min.css","meta":{"rootId":"dy132qknk2jfw2l","id":"dy132qknk2jfw2l"},"id":"ddy061ay3p1ldt7","previousOperationId":"wuknipl3p8m1b2i"}
{"type":"log","timestamp":1705276576781,"level":"debug","message":"Page request finished: GET (script) 200 https://cdn.jsdelivr.net/chartist.js/latest/chartist.min.js","meta":{"rootId":"dy132qknk2jfw2l","id":"dy132qknk2jfw2l"},"id":"avm5dhsx8bldhg4","previousOperationId":"wuknipl3p8m1b2i"}
{"type":"log","timestamp":1705276576790,"level":"debug","message":"Running chrome with params {\"printBackground\":true,\"timeout\":59934,\"margin\":{}}","meta":{"rootId":"dy132qknk2jfw2l","id":"dy132qknk2jfw2l"},"id":"er9c5ryjydcuxq3","previousOperationId":"wuknipl3p8m1b2i"}
{"type":"operationEnd","operationId":"wuknipl3p8m1b2i","timestamp":1705276576802,"id":"vu512fmmyq5istc","previousEventId":"w4865je9635nz5n","previousOperationId":"wuknipl3p8m1b2i"}
{"type":"log","timestamp":1705276576802,"level":"debug","message":"Skipping storing report.","meta":{"rootId":"dy132qknk2jfw2l","id":"dy132qknk2jfw2l"},"id":"d7evog7c485ufm4","previousOperationId":"wuknipl3p8m1b2i"}
{"type":"log","timestamp":1705276576802,"level":"info","message":"Rendering request 6 finished in 121 ms","meta":{"rootId":"dy132qknk2jfw2l","id":"dy132qknk2jfw2l"},"id":"etcdge7o8xz4e6p","previousOperationId":"wuknipl3p8m1b2i"}
{"type":"operationEnd","subtype":"render","operationId":"uk9kgbi3gk2ln94","timestamp":1705276576802,"id":"kb5fti13vlo7dxi","previousEventId":"vu512fmmyq5istc","previousOperationId":"wuknipl3p8m1b2i"}
{"type":"operationEnd","doDiffs":false,"previousEventId":"jovz485lj1h25vi","previousOperationId":"g2f8xk58efvi7wt","operationId":"g2f8xk58efvi7wt","timestamp":1705276576807,"id":"ypytrmvufl2ty5a"}
