{"type":"operationStart","subtype":"profile","data":{"_id":"Cb7DYrQAFukHmWns","timestamp":"2024-01-14T23:55:34.707Z","state":"queued","mode":"standard","creationDate":"2024-01-14T23:55:34.708Z","modificationDate":"2024-01-14T23:55:34.708Z","shortid":"wEOgHpA","$entitySet":"profiles"},"doDiffs":false,"timestamp":1705276534708,"id":"q44b9jk3g0i4dp7","previousOperationId":null,"operationId":"mcw8swrwi5uwu5l"}
{"type":"log","level":"info","message":"Render request 8 queued for execution and waiting for available worker","previousOperationId":"mcw8swrwi5uwu5l","timestamp":1705276534708,"id":"ytshmfu0m5uo9ui"}
{"type":"operationStart","subtype":"render","name":"activities-users-main","previousOperationId":"mcw8swrwi5uwu5l","timestamp":1705276534713,"id":"yo5rgfn3nee2fjy","previousEventId":"q44b9jk3g0i4dp7","operationId":"kjuh40e7y367sec"}
{"type":"log","timestamp":1705276534713,"level":"info","message":"Starting rendering request 8","meta":{"rootId":"ez86i70rmarregw","id":"ez86i70rmarregw"},"id":"fjqk98a5fv6gscw","previousOperationId":"kjuh40e7y367sec"}
{"type":"log","timestamp":1705276534713,"level":"info","message":"Rendering template { name: activities-users-main, recipe: chrome-pdf, engine: handlebars, preview: true }","meta":{"rootId":"ez86i70rmarregw","id":"ez86i70rmarregw"},"id":"prctgc373edhf84","previousOperationId":"kjuh40e7y367sec"}
{"type":"log","timestamp":1705276534713,"level":"debug","message":"Data item not defined for this template.","meta":{"rootId":"ez86i70rmarregw","id":"ez86i70rmarregw"},"id":"xkidafr3iz092h4","previousOperationId":"kjuh40e7y367sec"}
{"type":"log","timestamp":1705276534715,"level":"debug","message":"Executing script users-script (beforeRender)","meta":{"rootId":"ez86i70rmarregw","id":"ez86i70rmarregw"},"id":"h65l6vgowna2la3","previousOperationId":"kjuh40e7y367sec"}
{"type":"operationStart","subtype":"scriptsBeforeRender","name":"scripts beforeRender","timestamp":1705276534734,"id":"4d8mrn6p0ndips4","previousEventId":"yo5rgfn3nee2fjy","operationId":"gbtisuaduavjfle","previousOperationId":"kjuh40e7y367sec"}
{"type":"operationStart","subtype":"script","name":"scripts users-script","previousOperationId":"gbtisuaduavjfle","timestamp":1705276534734,"id":"i3kyfdzqsf7mb4t","previousEventId":"4d8mrn6p0ndips4","operationId":"o28c1ptvumz9cx7"}
{"type":"log","timestamp":1705276534804,"level":"debug","message":"(console:error) Error fetching activities: ReferenceError: helpers is not defined\n    at Object.beforeRender (sandbox.js:15:28)\n    at process.processTicksAndRejections (node:internal/process/task_queues:95:5)\n    at async executionFn (/home/ruby/workspace/React_RoR/jsreportapp/node_modules/@jsreport/jsreport-scripts/lib/executeScript.js:67:11)\n    at async run (/home/ruby/workspace/React_RoR/jsreportapp/node_modules/@jsreport/jsreport-core/lib/worker/sandbox/createSandbox.js:137:16)\n    at async WorkerReporter.runInSandbox [as _runInSandbox] (/home/ruby/workspace/React_RoR/jsreportapp/node_modules/@jsreport/jsreport-core/lib/worker/sandbox/runInSandbox.js:195:14)\n    at async executeScript (/home/ruby/workspace/React_RoR/jsreportapp/node_modules/@jsreport/jsreport-scripts/lib/executeScript.js:122:12)\n    at async Scripts._runScript (/home/ruby/workspace/React_RoR/jsreportapp/node_modules/@jsreport/jsreport-scripts/lib/worker.js:140:30)\n    at async Scripts.handleBeforeRender (/home/ruby/workspace/React_RoR/jsreportapp/node_modules/@jsreport/jsreport-scripts/lib/worker.js:64:7)\n    at async ListenerCollection.fire (/home/ruby/workspace/React_RoR/jsreportapp/node_modules/@jsreport/jsreport-core/lib/shared/listenerCollection.js:157:21)\n    at async beforeRender (/home/ruby/workspace/React_RoR/jsreportapp/node_modules/@jsreport/jsreport-core/lib/worker/render/render.js:24:5)","meta":{"userLevel":true,"rootId":"ez86i70rmarregw","id":"ez86i70rmarregw"},"id":"4xyif4vmdq3ww9g","previousOperationId":"o28c1ptvumz9cx7"}
{"type":"operationEnd","operationId":"o28c1ptvumz9cx7","timestamp":1705276534804,"id":"sys8jc5x7hr9ld0","previousEventId":"yo5rgfn3nee2fjy","previousOperationId":"kjuh40e7y367sec"}
{"type":"operationEnd","operationId":"gbtisuaduavjfle","timestamp":1705276534804,"id":"q78asbjk1y3skab","previousEventId":"sys8jc5x7hr9ld0","previousOperationId":"kjuh40e7y367sec"}
{"type":"log","timestamp":1705276534804,"level":"debug","message":"Base url not specified, skipping its injection.","meta":{"rootId":"ez86i70rmarregw","id":"ez86i70rmarregw"},"id":"teox0pwi9476ox7","previousOperationId":"gbtisuaduavjfle"}
{"type":"operationStart","subtype":"engine","name":"handlebars","timestamp":1705276534805,"id":"3zk4sxphdf8flld","previousEventId":"q78asbjk1y3skab","operationId":"s7k18by7k0hcjic","previousOperationId":"gbtisuaduavjfle"}
{"type":"log","timestamp":1705276534805,"level":"debug","message":"Rendering engine handlebars","meta":{"rootId":"ez86i70rmarregw","id":"ez86i70rmarregw"},"id":"oll11q2x99csk43","previousOperationId":"s7k18by7k0hcjic"}
{"type":"operationEnd","operationId":"s7k18by7k0hcjic","timestamp":1705276534960,"id":"8zjrshfgf4scwza","previousEventId":"3zk4sxphdf8flld","previousOperationId":"s7k18by7k0hcjic"}
{"type":"operationStart","subtype":"recipe","name":"chrome-pdf","timestamp":1705276534960,"id":"5sfbuduhmr9f77u","previousEventId":"8zjrshfgf4scwza","operationId":"0xi6hci9tzpfujr","previousOperationId":"s7k18by7k0hcjic"}
{"type":"log","timestamp":1705276534960,"level":"debug","message":"Executing recipe chrome-pdf","meta":{"rootId":"ez86i70rmarregw","id":"ez86i70rmarregw"},"id":"xax1loxoynu2kgl","previousOperationId":"0xi6hci9tzpfujr"}
{"type":"log","timestamp":1705276535186,"level":"debug","message":"Converting with chrome HeadlessChrome/117.0.5938.149 using chrome-pool strategy","meta":{"rootId":"ez86i70rmarregw","id":"ez86i70rmarregw"},"id":"9re5vy3my48tgtv","previousOperationId":"0xi6hci9tzpfujr"}
{"type":"log","timestamp":1705276535226,"level":"debug","message":"Page request: GET (document) file:///tmp/jsreport/autocleanup/6654fe7c-d9a2-4837-aea4-1a3cab9eca13-chrome-pdf.html","meta":{"rootId":"ez86i70rmarregw","id":"ez86i70rmarregw"},"id":"l1hsn8cffnzgwyh","previousOperationId":"0xi6hci9tzpfujr"}
{"type":"log","timestamp":1705276535233,"level":"debug","message":"Page request: GET (stylesheet) https://cdn.jsdelivr.net/chartist.js/latest/chartist.min.css","meta":{"rootId":"ez86i70rmarregw","id":"ez86i70rmarregw"},"id":"zffqv5ffw2ed305","previousOperationId":"0xi6hci9tzpfujr"}
{"type":"log","timestamp":1705276535234,"level":"debug","message":"Page request: GET (script) https://cdn.jsdelivr.net/chartist.js/latest/chartist.min.js","meta":{"rootId":"ez86i70rmarregw","id":"ez86i70rmarregw"},"id":"y9ys10tq4eoardi","previousOperationId":"0xi6hci9tzpfujr"}
{"type":"log","timestamp":1705276535234,"level":"debug","message":"Page request finished: GET (document) 200 file:///tmp/jsreport/autocleanup/6654fe7c-d9a2-4837-aea4-1a3cab9eca13-chrome-pdf.html","meta":{"rootId":"ez86i70rmarregw","id":"ez86i70rmarregw"},"id":"0e4uz122tf2ffmy","previousOperationId":"0xi6hci9tzpfujr"}
{"type":"log","timestamp":1705276535362,"level":"debug","message":"Page request finished: GET (stylesheet) 200 https://cdn.jsdelivr.net/chartist.js/latest/chartist.min.css","meta":{"rootId":"ez86i70rmarregw","id":"ez86i70rmarregw"},"id":"qt7z935iwgttx5r","previousOperationId":"0xi6hci9tzpfujr"}
{"type":"log","timestamp":1705276535363,"level":"debug","message":"Page request finished: GET (script) 200 https://cdn.jsdelivr.net/chartist.js/latest/chartist.min.js","meta":{"rootId":"ez86i70rmarregw","id":"ez86i70rmarregw"},"id":"orbno53vubj6e9s","previousOperationId":"0xi6hci9tzpfujr"}
{"type":"log","timestamp":1705276535376,"level":"debug","message":"Running chrome with params {\"printBackground\":true,\"timeout\":59611,\"margin\":{}}","meta":{"rootId":"ez86i70rmarregw","id":"ez86i70rmarregw"},"id":"ef84i8tpyg3h6vt","previousOperationId":"0xi6hci9tzpfujr"}
{"type":"operationEnd","operationId":"0xi6hci9tzpfujr","timestamp":1705276535388,"id":"denjxizvfq3q3c2","previousEventId":"5sfbuduhmr9f77u","previousOperationId":"0xi6hci9tzpfujr"}
{"type":"log","timestamp":1705276535389,"level":"debug","message":"Skipping storing report.","meta":{"rootId":"ez86i70rmarregw","id":"ez86i70rmarregw"},"id":"yritmt4gnguol31","previousOperationId":"0xi6hci9tzpfujr"}
{"type":"log","timestamp":1705276535389,"level":"info","message":"Rendering request 8 finished in 682 ms","meta":{"rootId":"ez86i70rmarregw","id":"ez86i70rmarregw"},"id":"26vldz1t9hm302i","previousOperationId":"0xi6hci9tzpfujr"}
{"type":"operationEnd","subtype":"render","operationId":"kjuh40e7y367sec","timestamp":1705276535389,"id":"govpdc0ixyndzum","previousEventId":"denjxizvfq3q3c2","previousOperationId":"0xi6hci9tzpfujr"}
{"type":"operationEnd","doDiffs":false,"previousEventId":"q44b9jk3g0i4dp7","previousOperationId":"mcw8swrwi5uwu5l","operationId":"mcw8swrwi5uwu5l","timestamp":1705276535392,"id":"locf8nw2jwm7pxu"}
