{"type":"operationStart","subtype":"profile","data":{"_id":"4fCEw7queF9PzGVf","timestamp":"2024-01-14T23:10:57.830Z","state":"queued","mode":"standard","creationDate":"2024-01-14T23:10:57.831Z","modificationDate":"2024-01-14T23:10:57.831Z","shortid":"eILLBDJ","$entitySet":"profiles"},"doDiffs":false,"timestamp":1705273857831,"id":"ywtu3luifmixfxo","previousOperationId":null,"operationId":"10bfp8al6vaqovw"}
{"type":"log","level":"info","message":"Render request 167 queued for execution and waiting for available worker","previousOperationId":"10bfp8al6vaqovw","timestamp":1705273857831,"id":"025crmnb9regizn"}
{"type":"operationStart","subtype":"render","name":"activities-users-main","previousOperationId":"10bfp8al6vaqovw","timestamp":1705273857834,"id":"4znovu2gs5gun46","previousEventId":"ywtu3luifmixfxo","operationId":"krnp6d3ncf4i2aw"}
{"type":"log","timestamp":1705273857834,"level":"info","message":"Starting rendering request 167","meta":{"rootId":"f10vgpfnnm8ll0h","id":"f10vgpfnnm8ll0h"},"id":"yeof0ur4ha4k2yo","previousOperationId":"krnp6d3ncf4i2aw"}
{"type":"log","timestamp":1705273857834,"level":"info","message":"Rendering template { name: activities-users-main, recipe: chrome-pdf, engine: handlebars, preview: true }","meta":{"rootId":"f10vgpfnnm8ll0h","id":"f10vgpfnnm8ll0h"},"id":"b5au5ncf6cn6ffs","previousOperationId":"krnp6d3ncf4i2aw"}
{"type":"log","timestamp":1705273857834,"level":"debug","message":"Data item not defined for this template.","meta":{"rootId":"f10vgpfnnm8ll0h","id":"f10vgpfnnm8ll0h"},"id":"bvna49em9f07kqt","previousOperationId":"krnp6d3ncf4i2aw"}
{"type":"log","timestamp":1705273857835,"level":"debug","message":"Executing script users-script (beforeRender)","meta":{"rootId":"f10vgpfnnm8ll0h","id":"f10vgpfnnm8ll0h"},"id":"zju0mk0163zphsb","previousOperationId":"krnp6d3ncf4i2aw"}
{"type":"operationStart","subtype":"scriptsBeforeRender","name":"scripts beforeRender","timestamp":1705273857838,"id":"xpwwng5dsgxo18y","previousEventId":"4znovu2gs5gun46","operationId":"5c1pw8xbarjeu55","previousOperationId":"krnp6d3ncf4i2aw"}
{"type":"operationStart","subtype":"script","name":"scripts users-script","previousOperationId":"5c1pw8xbarjeu55","timestamp":1705273857838,"id":"w491gawasw8ba1h","previousEventId":"xpwwng5dsgxo18y","operationId":"228vtdgi1dm9d9g"}
{"type":"log","timestamp":1705273857838,"level":"debug","message":"(console:error) Error fetching activities: ReferenceError: fetch is not defined\n    at fetchActivities (sandbox.js:4:5)\n    at Object.beforeRender (sandbox.js:19:37)\n    at executionFn (/home/ruby/workspace/React_RoR/jsreportapp/node_modules/@jsreport/jsreport-scripts/lib/executeScript.js:67:35)\n    at sandbox.js:37:18\n    at async run (/home/ruby/workspace/React_RoR/jsreportapp/node_modules/@jsreport/jsreport-core/lib/worker/sandbox/createSandbox.js:137:16)\n    at async WorkerReporter.runInSandbox [as _runInSandbox] (/home/ruby/workspace/React_RoR/jsreportapp/node_modules/@jsreport/jsreport-core/lib/worker/sandbox/runInSandbox.js:195:14)\n    at async executeScript (/home/ruby/workspace/React_RoR/jsreportapp/node_modules/@jsreport/jsreport-scripts/lib/executeScript.js:122:12)\n    at async Scripts._runScript (/home/ruby/workspace/React_RoR/jsreportapp/node_modules/@jsreport/jsreport-scripts/lib/worker.js:140:30)\n    at async Scripts.handleBeforeRender (/home/ruby/workspace/React_RoR/jsreportapp/node_modules/@jsreport/jsreport-scripts/lib/worker.js:64:7)\n    at async ListenerCollection.fire (/home/ruby/workspace/React_RoR/jsreportapp/node_modules/@jsreport/jsreport-core/lib/shared/listenerCollection.js:157:21)","meta":{"userLevel":true,"rootId":"f10vgpfnnm8ll0h","id":"f10vgpfnnm8ll0h"},"id":"68m3zc97rl8391d","previousOperationId":"228vtdgi1dm9d9g"}
{"type":"operationEnd","operationId":"228vtdgi1dm9d9g","timestamp":1705273857838,"id":"77tmdwqq9muastn","previousEventId":"4znovu2gs5gun46","previousOperationId":"krnp6d3ncf4i2aw"}
{"type":"operationEnd","operationId":"5c1pw8xbarjeu55","timestamp":1705273857839,"id":"0q0knjtprx62f3k","previousEventId":"77tmdwqq9muastn","previousOperationId":"krnp6d3ncf4i2aw"}
{"type":"log","timestamp":1705273857839,"level":"debug","message":"Base url not specified, skipping its injection.","meta":{"rootId":"f10vgpfnnm8ll0h","id":"f10vgpfnnm8ll0h"},"id":"kyi6yo03hxtmozm","previousOperationId":"5c1pw8xbarjeu55"}
{"type":"operationStart","subtype":"engine","name":"handlebars","timestamp":1705273857839,"id":"dvovigitaxtzpmy","previousEventId":"0q0knjtprx62f3k","operationId":"dycy5xsoy1xgzww","previousOperationId":"5c1pw8xbarjeu55"}
{"type":"log","timestamp":1705273857839,"level":"debug","message":"Rendering engine handlebars","meta":{"rootId":"f10vgpfnnm8ll0h","id":"f10vgpfnnm8ll0h"},"id":"k19p5veovmpkxib","previousOperationId":"dycy5xsoy1xgzww"}
{"type":"operationEnd","operationId":"dycy5xsoy1xgzww","timestamp":1705273857845,"id":"8rnvsmq08wubeud","previousEventId":"dvovigitaxtzpmy","previousOperationId":"dycy5xsoy1xgzww"}
{"type":"operationStart","subtype":"recipe","name":"chrome-pdf","timestamp":1705273857845,"id":"ufgfp4bvxg2wfjf","previousEventId":"8rnvsmq08wubeud","operationId":"y2kkgix1zi4xfri","previousOperationId":"dycy5xsoy1xgzww"}
{"type":"log","timestamp":1705273857845,"level":"debug","message":"Executing recipe chrome-pdf","meta":{"rootId":"f10vgpfnnm8ll0h","id":"f10vgpfnnm8ll0h"},"id":"b4ij13lomwjfzpo","previousOperationId":"y2kkgix1zi4xfri"}
{"type":"log","timestamp":1705273857846,"level":"debug","message":"Converting with chrome HeadlessChrome/117.0.5938.149 using chrome-pool strategy","meta":{"rootId":"f10vgpfnnm8ll0h","id":"f10vgpfnnm8ll0h"},"id":"wyr1rcn1jboamsd","previousOperationId":"y2kkgix1zi4xfri"}
{"type":"log","timestamp":1705273857867,"level":"debug","message":"Page request: GET (document) file:///tmp/jsreport/autocleanup/0c0511a1-c130-4352-be21-c8623feb1a58-chrome-pdf.html","meta":{"rootId":"f10vgpfnnm8ll0h","id":"f10vgpfnnm8ll0h"},"id":"ox3mhprai2usgsu","previousOperationId":"y2kkgix1zi4xfri"}
{"type":"log","timestamp":1705273857872,"level":"debug","message":"Page request: GET (stylesheet) https://cdn.jsdelivr.net/chartist.js/latest/chartist.min.css","meta":{"rootId":"f10vgpfnnm8ll0h","id":"f10vgpfnnm8ll0h"},"id":"kn3dnktyplhp4kh","previousOperationId":"y2kkgix1zi4xfri"}
{"type":"log","timestamp":1705273857872,"level":"debug","message":"Page request: GET (script) https://cdn.jsdelivr.net/chartist.js/latest/chartist.min.js","meta":{"rootId":"f10vgpfnnm8ll0h","id":"f10vgpfnnm8ll0h"},"id":"epukzs7ub0vz8kq","previousOperationId":"y2kkgix1zi4xfri"}
{"type":"log","timestamp":1705273857872,"level":"debug","message":"Page request finished: GET (document) 200 file:///tmp/jsreport/autocleanup/0c0511a1-c130-4352-be21-c8623feb1a58-chrome-pdf.html","meta":{"rootId":"f10vgpfnnm8ll0h","id":"f10vgpfnnm8ll0h"},"id":"92elsgm8e9hadz8","previousOperationId":"y2kkgix1zi4xfri"}
{"type":"log","timestamp":1705273857874,"level":"debug","message":"Page request finished: GET (stylesheet) 200 https://cdn.jsdelivr.net/chartist.js/latest/chartist.min.css","meta":{"rootId":"f10vgpfnnm8ll0h","id":"f10vgpfnnm8ll0h"},"id":"keve4xhxh28wa8e","previousOperationId":"y2kkgix1zi4xfri"}
{"type":"log","timestamp":1705273857874,"level":"debug","message":"Page request finished: GET (script) 200 https://cdn.jsdelivr.net/chartist.js/latest/chartist.min.js","meta":{"rootId":"f10vgpfnnm8ll0h","id":"f10vgpfnnm8ll0h"},"id":"4n597vdazj6ppcl","previousOperationId":"y2kkgix1zi4xfri"}
{"type":"log","timestamp":1705273857882,"level":"debug","message":"Running chrome with params {\"printBackground\":true,\"timeout\":59984,\"margin\":{}}","meta":{"rootId":"f10vgpfnnm8ll0h","id":"f10vgpfnnm8ll0h"},"id":"cjkrv8bhmrwri9t","previousOperationId":"y2kkgix1zi4xfri"}
{"type":"operationEnd","operationId":"y2kkgix1zi4xfri","timestamp":1705273857891,"id":"letwkn2luax7lxe","previousEventId":"ufgfp4bvxg2wfjf","previousOperationId":"y2kkgix1zi4xfri"}
{"type":"log","timestamp":1705273857891,"level":"debug","message":"Skipping storing report.","meta":{"rootId":"f10vgpfnnm8ll0h","id":"f10vgpfnnm8ll0h"},"id":"jj006tjfq0nlf3t","previousOperationId":"y2kkgix1zi4xfri"}
{"type":"log","timestamp":1705273857891,"level":"info","message":"Rendering request 167 finished in 61 ms","meta":{"rootId":"f10vgpfnnm8ll0h","id":"f10vgpfnnm8ll0h"},"id":"ojsv25hd30krlx8","previousOperationId":"y2kkgix1zi4xfri"}
{"type":"operationEnd","subtype":"render","operationId":"krnp6d3ncf4i2aw","timestamp":1705273857891,"id":"b6hz42of59vfcgo","previousEventId":"letwkn2luax7lxe","previousOperationId":"y2kkgix1zi4xfri"}
{"type":"operationEnd","doDiffs":false,"previousEventId":"ywtu3luifmixfxo","previousOperationId":"10bfp8al6vaqovw","operationId":"10bfp8al6vaqovw","timestamp":1705273857894,"id":"k4famyej2jad9q6"}
