{"type":"operationStart","subtype":"profile","data":{"_id":"WRnyKO8ZLVu5xu0p","timestamp":"2024-01-15T17:36:00.962Z","state":"queued","mode":"standard","creationDate":"2024-01-15T17:36:00.964Z","modificationDate":"2024-01-15T17:36:00.964Z","shortid":"zPZel51","$entitySet":"profiles"},"doDiffs":false,"timestamp":1705340160963,"id":"v38mpf8od3f7yyb","previousOperationId":null,"operationId":"7d6o0kigdk6s4nk"}
{"type":"log","level":"info","message":"Render request 4 queued for execution and waiting for available worker","previousOperationId":"7d6o0kigdk6s4nk","timestamp":1705340160963,"id":"ndhbixmsomwcy0u"}
{"type":"operationStart","subtype":"render","name":"activities-users-main","previousOperationId":"7d6o0kigdk6s4nk","timestamp":1705340160968,"id":"yjgf5xj8buvkhfc","previousEventId":"v38mpf8od3f7yyb","operationId":"c90lukxabbrxh3y"}
{"type":"log","timestamp":1705340160968,"level":"info","message":"Starting rendering request 4","meta":{"rootId":"fh4yw9rswddnm1k","id":"fh4yw9rswddnm1k"},"id":"wwo9jvjzvxta4v0","previousOperationId":"c90lukxabbrxh3y"}
{"type":"log","timestamp":1705340160968,"level":"info","message":"Rendering template { name: activities-users-main, recipe: chrome-pdf, engine: handlebars, preview: false }","meta":{"rootId":"fh4yw9rswddnm1k","id":"fh4yw9rswddnm1k"},"id":"dpq04ss869qitt4","previousOperationId":"c90lukxabbrxh3y"}
{"type":"log","timestamp":1705340160969,"level":"debug","message":"Data item not defined for this template.","meta":{"rootId":"fh4yw9rswddnm1k","id":"fh4yw9rswddnm1k"},"id":"449hfezrkjo422a","previousOperationId":"c90lukxabbrxh3y"}
{"type":"log","timestamp":1705340160971,"level":"debug","message":"Executing script users-script (beforeRender)","meta":{"rootId":"fh4yw9rswddnm1k","id":"fh4yw9rswddnm1k"},"id":"bh0d4cay9vfkzbi","previousOperationId":"c90lukxabbrxh3y"}
{"type":"operationStart","subtype":"scriptsBeforeRender","name":"scripts beforeRender","timestamp":1705340160986,"id":"0lg2yi0g7psg5hl","previousEventId":"yjgf5xj8buvkhfc","operationId":"iyh44e2mxvf2vgw","previousOperationId":"c90lukxabbrxh3y"}
{"type":"operationStart","subtype":"script","name":"scripts users-script","previousOperationId":"iyh44e2mxvf2vgw","timestamp":1705340160986,"id":"d5amlw36zkxbxe9","previousEventId":"0lg2yi0g7psg5hl","operationId":"idkbyl0q9qe2m74"}
{"type":"operationEnd","operationId":"idkbyl0q9qe2m74","timestamp":1705340161073,"id":"gol10l6wyhtog21","previousEventId":"yjgf5xj8buvkhfc","previousOperationId":"c90lukxabbrxh3y"}
{"type":"operationEnd","operationId":"iyh44e2mxvf2vgw","timestamp":1705340161073,"id":"oluusx36jppnruk","previousEventId":"gol10l6wyhtog21","previousOperationId":"c90lukxabbrxh3y"}
{"type":"log","timestamp":1705340161073,"level":"debug","message":"Base url not specified, skipping its injection.","meta":{"rootId":"fh4yw9rswddnm1k","id":"fh4yw9rswddnm1k"},"id":"6njyvbrw6ye3cr5","previousOperationId":"iyh44e2mxvf2vgw"}
{"type":"operationStart","subtype":"engine","name":"handlebars","timestamp":1705340161073,"id":"6m59f2k27a6nrb2","previousEventId":"oluusx36jppnruk","operationId":"p445sm1iha6tbxz","previousOperationId":"iyh44e2mxvf2vgw"}
{"type":"log","timestamp":1705340161073,"level":"debug","message":"Rendering engine handlebars","meta":{"rootId":"fh4yw9rswddnm1k","id":"fh4yw9rswddnm1k"},"id":"inxtwrwa7qvhxsl","previousOperationId":"p445sm1iha6tbxz"}
{"type":"operationEnd","operationId":"p445sm1iha6tbxz","timestamp":1705340161096,"id":"j3lhy8mrsaz64w6","previousEventId":"6m59f2k27a6nrb2","previousOperationId":"p445sm1iha6tbxz"}
{"type":"operationStart","subtype":"recipe","name":"chrome-pdf","timestamp":1705340161097,"id":"ehz0c9rtnroxb0e","previousEventId":"j3lhy8mrsaz64w6","operationId":"rbiz3p0em8bro3m","previousOperationId":"p445sm1iha6tbxz"}
{"type":"log","timestamp":1705340161097,"level":"debug","message":"Executing recipe chrome-pdf","meta":{"rootId":"fh4yw9rswddnm1k","id":"fh4yw9rswddnm1k"},"id":"uu26e7d0bk981b3","previousOperationId":"rbiz3p0em8bro3m"}
{"type":"log","timestamp":1705340161559,"level":"debug","message":"Converting with chrome HeadlessChrome/117.0.5938.149 using chrome-pool strategy","meta":{"rootId":"fh4yw9rswddnm1k","id":"fh4yw9rswddnm1k"},"id":"aaebz0kaqpg94wz","previousOperationId":"rbiz3p0em8bro3m"}
{"type":"log","timestamp":1705340161607,"level":"debug","message":"Page request: GET (document) file:///tmp/jsreport/autocleanup/0322a62d-f9a7-4222-b2fd-811acc3e9087-chrome-pdf.html","meta":{"rootId":"fh4yw9rswddnm1k","id":"fh4yw9rswddnm1k"},"id":"j1y4b39qod2srgo","previousOperationId":"rbiz3p0em8bro3m"}
{"type":"log","timestamp":1705340161614,"level":"debug","message":"Page request: GET (stylesheet) https://cdn.jsdelivr.net/chartist.js/latest/chartist.min.css","meta":{"rootId":"fh4yw9rswddnm1k","id":"fh4yw9rswddnm1k"},"id":"b755dzfevm0qtrz","previousOperationId":"rbiz3p0em8bro3m"}
{"type":"log","timestamp":1705340161614,"level":"debug","message":"Page request: GET (script) https://cdn.jsdelivr.net/chartist.js/latest/chartist.min.js","meta":{"rootId":"fh4yw9rswddnm1k","id":"fh4yw9rswddnm1k"},"id":"0p9sk4mwpnkz5ov","previousOperationId":"rbiz3p0em8bro3m"}
{"type":"log","timestamp":1705340161615,"level":"debug","message":"Page request finished: GET (document) 200 file:///tmp/jsreport/autocleanup/0322a62d-f9a7-4222-b2fd-811acc3e9087-chrome-pdf.html","meta":{"rootId":"fh4yw9rswddnm1k","id":"fh4yw9rswddnm1k"},"id":"wiawch0w02mczlu","previousOperationId":"rbiz3p0em8bro3m"}
{"type":"log","timestamp":1705340161801,"level":"debug","message":"Page request finished: GET (stylesheet) 200 https://cdn.jsdelivr.net/chartist.js/latest/chartist.min.css","meta":{"rootId":"fh4yw9rswddnm1k","id":"fh4yw9rswddnm1k"},"id":"unudul9q3a6dnn0","previousOperationId":"rbiz3p0em8bro3m"}
{"type":"log","timestamp":1705340161802,"level":"debug","message":"Page request finished: GET (script) 200 https://cdn.jsdelivr.net/chartist.js/latest/chartist.min.js","meta":{"rootId":"fh4yw9rswddnm1k","id":"fh4yw9rswddnm1k"},"id":"0azx6vydr0nk0zr","previousOperationId":"rbiz3p0em8bro3m"}
{"type":"log","timestamp":1705340161818,"level":"debug","message":"Running chrome with params {\"printBackground\":true,\"timeout\":59648,\"margin\":{}}","meta":{"rootId":"fh4yw9rswddnm1k","id":"fh4yw9rswddnm1k"},"id":"6kyi9mfoo6bqgks","previousOperationId":"rbiz3p0em8bro3m"}
{"type":"operationEnd","operationId":"rbiz3p0em8bro3m","timestamp":1705340161833,"id":"waqe06w0rmigsxh","previousEventId":"ehz0c9rtnroxb0e","previousOperationId":"rbiz3p0em8bro3m"}
{"type":"log","timestamp":1705340161833,"level":"debug","message":"Executing script users-script (afterRender)","meta":{"rootId":"fh4yw9rswddnm1k","id":"fh4yw9rswddnm1k"},"id":"rdibmjv6m9dbx8r","previousOperationId":"rbiz3p0em8bro3m"}
{"type":"operationStart","subtype":"scriptsAfterRender","name":"scripts afterRender","timestamp":1705340161836,"id":"x1ll1a9s8znx93p","previousEventId":"waqe06w0rmigsxh","operationId":"m22578bez754ot3","previousOperationId":"rbiz3p0em8bro3m"}
{"type":"operationStart","subtype":"script","name":"scripts users-script","previousOperationId":"m22578bez754ot3","timestamp":1705340161837,"id":"i1trxf82m1asdq2","previousEventId":"x1ll1a9s8znx93p","operationId":"v799ee6c6n83ndf"}
{"type":"operationEnd","operationId":"v799ee6c6n83ndf","timestamp":1705340161841,"id":"wzkzwp6nx82c1u9","previousEventId":"waqe06w0rmigsxh","previousOperationId":"rbiz3p0em8bro3m"}
{"type":"operationEnd","operationId":"m22578bez754ot3","timestamp":1705340161841,"id":"3kxmxwxoqqvb9gw","previousEventId":"wzkzwp6nx82c1u9","previousOperationId":"rbiz3p0em8bro3m"}
{"type":"log","timestamp":1705340161841,"level":"debug","message":"Skipping storing report.","meta":{"rootId":"fh4yw9rswddnm1k","id":"fh4yw9rswddnm1k"},"id":"fjendqg1h33qoxv","previousOperationId":"m22578bez754ot3"}
{"type":"log","timestamp":1705340161841,"level":"info","message":"Rendering request 4 finished in 880 ms","meta":{"rootId":"fh4yw9rswddnm1k","id":"fh4yw9rswddnm1k"},"id":"0i7psuc61jem4l3","previousOperationId":"m22578bez754ot3"}
{"type":"operationEnd","subtype":"render","operationId":"c90lukxabbrxh3y","timestamp":1705340161841,"id":"q8a27j4qxi6pe9a","previousEventId":"3kxmxwxoqqvb9gw","previousOperationId":"m22578bez754ot3"}
{"type":"operationEnd","doDiffs":false,"previousEventId":"v38mpf8od3f7yyb","previousOperationId":"7d6o0kigdk6s4nk","operationId":"7d6o0kigdk6s4nk","timestamp":1705340161843,"id":"vt6lgdvwa5bhsas"}
