{"type":"operationStart","subtype":"profile","data":{"_id":"25JvrLgJ8zwTC0NM","timestamp":"2024-01-12T15:40:18.321Z","state":"queued","mode":"standard","creationDate":"2024-01-12T15:40:18.323Z","modificationDate":"2024-01-12T15:40:18.323Z","shortid":"z2XdHdq","$entitySet":"profiles"},"doDiffs":false,"timestamp":1705074018322,"id":"vl1xt39r8ceb2t8","previousOperationId":null,"operationId":"rzro0h52qosz86h"}
{"type":"log","level":"info","message":"Render request 1 queued for execution and waiting for available worker","previousOperationId":"rzro0h52qosz86h","timestamp":1705074018323,"id":"wnahoqxkgoosjyg"}
{"type":"operationStart","subtype":"render","name":"activities-users-main","previousOperationId":"rzro0h52qosz86h","timestamp":1705074018331,"id":"weouu3cr5npdvwb","previousEventId":"vl1xt39r8ceb2t8","operationId":"s2o136xm5x59cn8"}
{"type":"log","timestamp":1705074018332,"level":"info","message":"Starting rendering request 1","meta":{"rootId":"g5ue76i6ffxclae","id":"g5ue76i6ffxclae"},"id":"av6jgqginxcngv3","previousOperationId":"s2o136xm5x59cn8"}
{"type":"log","timestamp":1705074018333,"level":"info","message":"Rendering template { name: activities-users-main, recipe: chrome-pdf, engine: handlebars, preview: true }","meta":{"rootId":"g5ue76i6ffxclae","id":"g5ue76i6ffxclae"},"id":"f499ze3oybhe4nd","previousOperationId":"s2o136xm5x59cn8"}
{"type":"log","timestamp":1705074018334,"level":"debug","message":"Data item not defined for this template.","meta":{"rootId":"g5ue76i6ffxclae","id":"g5ue76i6ffxclae"},"id":"zt73n89gbg29wid","previousOperationId":"s2o136xm5x59cn8"}
{"type":"log","timestamp":1705074018335,"level":"debug","message":"Base url not specified, skipping its injection.","meta":{"rootId":"g5ue76i6ffxclae","id":"g5ue76i6ffxclae"},"id":"wl2tehb1ouuope9","previousOperationId":"s2o136xm5x59cn8"}
{"type":"operationStart","subtype":"engine","name":"handlebars","timestamp":1705074018336,"id":"qeewise509izpvc","previousEventId":"weouu3cr5npdvwb","operationId":"0u7rx8nxniyk10l","previousOperationId":"s2o136xm5x59cn8"}
{"type":"log","timestamp":1705074018336,"level":"debug","message":"Rendering engine handlebars","meta":{"rootId":"g5ue76i6ffxclae","id":"g5ue76i6ffxclae"},"id":"qloen9qfu0lsg1x","previousOperationId":"0u7rx8nxniyk10l"}
{"type":"operationEnd","operationId":"0u7rx8nxniyk10l","timestamp":1705074018578,"id":"w93x8npeoqw8z3w","previousEventId":"qeewise509izpvc","previousOperationId":"0u7rx8nxniyk10l"}
{"type":"operationStart","subtype":"recipe","name":"chrome-pdf","timestamp":1705074018578,"id":"b5n44ni79cc3254","previousEventId":"w93x8npeoqw8z3w","operationId":"4gqeuh23825lf8k","previousOperationId":"0u7rx8nxniyk10l"}
{"type":"log","timestamp":1705074018578,"level":"debug","message":"Executing recipe chrome-pdf","meta":{"rootId":"g5ue76i6ffxclae","id":"g5ue76i6ffxclae"},"id":"ep67u6qn9imh56c","previousOperationId":"4gqeuh23825lf8k"}
{"type":"log","timestamp":1705074019020,"level":"debug","message":"Converting with chrome HeadlessChrome/117.0.5938.149 using chrome-pool strategy","meta":{"rootId":"g5ue76i6ffxclae","id":"g5ue76i6ffxclae"},"id":"n0qiy2tx5upg0yb","previousOperationId":"4gqeuh23825lf8k"}
{"type":"log","timestamp":1705074019171,"level":"debug","message":"Page request: GET (document) file:///tmp/jsreport/autocleanup/d82da594-e16c-4c52-bcb4-5553fe9b009f-chrome-pdf.html","meta":{"rootId":"g5ue76i6ffxclae","id":"g5ue76i6ffxclae"},"id":"7npcb8ggc25cpvd","previousOperationId":"4gqeuh23825lf8k"}
{"type":"log","timestamp":1705074019184,"level":"debug","message":"Page request: GET (stylesheet) https://cdnjs.cloudflare.com/ajax/libs/metro/4.1.5/css/metro.min.css","meta":{"rootId":"g5ue76i6ffxclae","id":"g5ue76i6ffxclae"},"id":"gytemxb5rggx0ix","previousOperationId":"4gqeuh23825lf8k"}
{"type":"log","timestamp":1705074019184,"level":"debug","message":"Page request: GET (script) https://cdnjs.cloudflare.com/ajax/libs/Chart.js/2.7.2/Chart.min.js","meta":{"rootId":"g5ue76i6ffxclae","id":"g5ue76i6ffxclae"},"id":"ogo3jz4l147tmzp","previousOperationId":"4gqeuh23825lf8k"}
{"type":"log","timestamp":1705074019184,"level":"debug","message":"Page request finished: GET (document) 200 file:///tmp/jsreport/autocleanup/d82da594-e16c-4c52-bcb4-5553fe9b009f-chrome-pdf.html","meta":{"rootId":"g5ue76i6ffxclae","id":"g5ue76i6ffxclae"},"id":"rxih8739i5d75up","previousOperationId":"4gqeuh23825lf8k"}
{"type":"log","timestamp":1705074019358,"level":"debug","message":"Page request finished: GET (script) 200 https://cdnjs.cloudflare.com/ajax/libs/Chart.js/2.7.2/Chart.min.js","meta":{"rootId":"g5ue76i6ffxclae","id":"g5ue76i6ffxclae"},"id":"tqat6cyxemfbaay","previousOperationId":"4gqeuh23825lf8k"}
{"type":"log","timestamp":1705074019392,"level":"debug","message":"Page request finished: GET (stylesheet) 200 https://cdnjs.cloudflare.com/ajax/libs/metro/4.1.5/css/metro.min.css","meta":{"rootId":"g5ue76i6ffxclae","id":"g5ue76i6ffxclae"},"id":"44bgyt2n5stoekz","previousOperationId":"4gqeuh23825lf8k"}
{"type":"log","timestamp":1705074019410,"level":"debug","message":"Running chrome with params {\"printBackground\":true,\"timeout\":59737,\"margin\":{}}","meta":{"rootId":"g5ue76i6ffxclae","id":"g5ue76i6ffxclae"},"id":"92bglr3dnqcykmq","previousOperationId":"4gqeuh23825lf8k"}
{"type":"operationEnd","operationId":"4gqeuh23825lf8k","timestamp":1705074019441,"id":"u05alqc3fu5q0qj","previousEventId":"b5n44ni79cc3254","previousOperationId":"4gqeuh23825lf8k"}
{"type":"log","timestamp":1705074019441,"level":"debug","message":"Skipping storing report.","meta":{"rootId":"g5ue76i6ffxclae","id":"g5ue76i6ffxclae"},"id":"z4univ3y8n8vxox","previousOperationId":"4gqeuh23825lf8k"}
{"type":"log","timestamp":1705074019441,"level":"info","message":"Rendering request 1 finished in 1120 ms","meta":{"rootId":"g5ue76i6ffxclae","id":"g5ue76i6ffxclae"},"id":"1b2aoot7zjm4qzu","previousOperationId":"4gqeuh23825lf8k"}
{"type":"operationEnd","subtype":"render","operationId":"s2o136xm5x59cn8","timestamp":1705074019441,"id":"4ntwb5kbse3oda7","previousEventId":"u05alqc3fu5q0qj","previousOperationId":"4gqeuh23825lf8k"}
{"type":"operationEnd","doDiffs":false,"previousEventId":"vl1xt39r8ceb2t8","previousOperationId":"rzro0h52qosz86h","operationId":"rzro0h52qosz86h","timestamp":1705074019445,"id":"u1alrvo5vp8bljf"}
