{"type":"operationStart","subtype":"profile","data":{"_id":"oyB4zdycua7i52QD","timestamp":"2024-01-12T23:47:53.378Z","state":"queued","mode":"standard","creationDate":"2024-01-12T23:47:53.381Z","modificationDate":"2024-01-12T23:47:53.381Z","shortid":"GcKGO1j","$entitySet":"profiles"},"doDiffs":false,"timestamp":1705103273379,"id":"numbdnafmjskuig","previousOperationId":null,"operationId":"0qm1obwhwmyw0vy"}
{"type":"log","level":"info","message":"Render request 2 queued for execution and waiting for available worker","previousOperationId":"0qm1obwhwmyw0vy","timestamp":1705103273380,"id":"vca191965gp2ymn"}
{"type":"operationStart","subtype":"render","name":"activities-users-main","previousOperationId":"0qm1obwhwmyw0vy","timestamp":1705103273399,"id":"eonwh2d0mqvsx66","previousEventId":"numbdnafmjskuig","operationId":"s1csfjiv8ylt6jt"}
{"type":"log","timestamp":1705103273400,"level":"info","message":"Starting rendering request 2","meta":{"rootId":"g97kq513zn6bjjk","id":"g97kq513zn6bjjk"},"id":"stcq3t3dz0xkoqi","previousOperationId":"s1csfjiv8ylt6jt"}
{"type":"log","timestamp":1705103273402,"level":"info","message":"Rendering template { name: activities-users-main, recipe: chrome-pdf, engine: handlebars, preview: true }","meta":{"rootId":"g97kq513zn6bjjk","id":"g97kq513zn6bjjk"},"id":"xbmad3kw6ut1qk1","previousOperationId":"s1csfjiv8ylt6jt"}
{"type":"log","timestamp":1705103273405,"level":"debug","message":"Data item not defined for this template.","meta":{"rootId":"g97kq513zn6bjjk","id":"g97kq513zn6bjjk"},"id":"dr2afn7qajxzz3n","previousOperationId":"s1csfjiv8ylt6jt"}
{"type":"log","timestamp":1705103273410,"level":"debug","message":"Executing script users-script (beforeRender)","meta":{"rootId":"g97kq513zn6bjjk","id":"g97kq513zn6bjjk"},"id":"8ef6t66xe1wd7rs","previousOperationId":"s1csfjiv8ylt6jt"}
{"type":"operationStart","subtype":"scriptsBeforeRender","name":"scripts beforeRender","timestamp":1705103273663,"id":"qet2ta98oj67hk2","previousEventId":"eonwh2d0mqvsx66","operationId":"ejyscbnv2hioqyr","previousOperationId":"s1csfjiv8ylt6jt"}
{"type":"operationStart","subtype":"script","name":"scripts users-script","previousOperationId":"ejyscbnv2hioqyr","timestamp":1705103273663,"id":"1m323bbwsr5ntd3","previousEventId":"qet2ta98oj67hk2","operationId":"gqsarg6p93cm6yz"}
{"type":"log","timestamp":1705103273794,"level":"debug","message":"(console:log) Fetched activities: undefined","meta":{"userLevel":true,"rootId":"g97kq513zn6bjjk","id":"g97kq513zn6bjjk"},"id":"8h5rs6pop2na8fi","previousOperationId":"gqsarg6p93cm6yz"}
{"type":"log","timestamp":1705103273796,"level":"debug","message":"(console:log) Activities in beforeRender: undefined","meta":{"userLevel":true,"rootId":"g97kq513zn6bjjk","id":"g97kq513zn6bjjk"},"id":"82qwbjbat9iqs7r","previousOperationId":"gqsarg6p93cm6yz"}
{"type":"operationEnd","operationId":"gqsarg6p93cm6yz","timestamp":1705103273798,"id":"onpbhlprcy9155m","previousEventId":"eonwh2d0mqvsx66","previousOperationId":"s1csfjiv8ylt6jt"}
{"type":"operationEnd","operationId":"ejyscbnv2hioqyr","timestamp":1705103273798,"id":"cyjgujtnhzuw17z","previousEventId":"onpbhlprcy9155m","previousOperationId":"s1csfjiv8ylt6jt"}
{"type":"log","timestamp":1705103273798,"level":"debug","message":"Base url not specified, skipping its injection.","meta":{"rootId":"g97kq513zn6bjjk","id":"g97kq513zn6bjjk"},"id":"gdh3lf7rshqq83d","previousOperationId":"ejyscbnv2hioqyr"}
{"type":"operationStart","subtype":"engine","name":"handlebars","timestamp":1705103273799,"id":"8169pev28qyrfjw","previousEventId":"cyjgujtnhzuw17z","operationId":"gnuah5m6d54ec7i","previousOperationId":"ejyscbnv2hioqyr"}
{"type":"log","timestamp":1705103273799,"level":"debug","message":"Rendering engine handlebars","meta":{"rootId":"g97kq513zn6bjjk","id":"g97kq513zn6bjjk"},"id":"wo1sjql2aj4ccjo","previousOperationId":"gnuah5m6d54ec7i"}
{"type":"operationEnd","operationId":"gnuah5m6d54ec7i","timestamp":1705103274150,"id":"qs6gbkwd1d3vatn","previousEventId":"8169pev28qyrfjw","previousOperationId":"gnuah5m6d54ec7i"}
{"type":"operationStart","subtype":"recipe","name":"chrome-pdf","timestamp":1705103274151,"id":"ivwwuz7ie5zwseu","previousEventId":"qs6gbkwd1d3vatn","operationId":"cfb2ujvbwi9k69h","previousOperationId":"gnuah5m6d54ec7i"}
{"type":"log","timestamp":1705103274151,"level":"debug","message":"Executing recipe chrome-pdf","meta":{"rootId":"g97kq513zn6bjjk","id":"g97kq513zn6bjjk"},"id":"q05wywnjmv61teq","previousOperationId":"cfb2ujvbwi9k69h"}
{"type":"log","timestamp":1705103274666,"level":"debug","message":"Converting with chrome HeadlessChrome/117.0.5938.149 using chrome-pool strategy","meta":{"rootId":"g97kq513zn6bjjk","id":"g97kq513zn6bjjk"},"id":"uks7mkhwfmg6bud","previousOperationId":"cfb2ujvbwi9k69h"}
{"type":"log","timestamp":1705103274803,"level":"debug","message":"Page request: GET (document) file:///tmp/jsreport/autocleanup/41c19563-91f8-412d-af92-ecfdbf9b2978-chrome-pdf.html","meta":{"rootId":"g97kq513zn6bjjk","id":"g97kq513zn6bjjk"},"id":"2jvcqukmhezf7k2","previousOperationId":"cfb2ujvbwi9k69h"}
{"type":"log","timestamp":1705103274818,"level":"debug","message":"Page request: GET (stylesheet) https://cdnjs.cloudflare.com/ajax/libs/metro/4.1.5/css/metro.min.css","meta":{"rootId":"g97kq513zn6bjjk","id":"g97kq513zn6bjjk"},"id":"cv4xatdxnvx8kun","previousOperationId":"cfb2ujvbwi9k69h"}
{"type":"log","timestamp":1705103274818,"level":"debug","message":"Page request: GET (script) https://cdnjs.cloudflare.com/ajax/libs/Chart.js/2.7.2/Chart.min.js","meta":{"rootId":"g97kq513zn6bjjk","id":"g97kq513zn6bjjk"},"id":"50e95qngeh2z907","previousOperationId":"cfb2ujvbwi9k69h"}
{"type":"log","timestamp":1705103274820,"level":"debug","message":"Page request finished: GET (document) 200 file:///tmp/jsreport/autocleanup/41c19563-91f8-412d-af92-ecfdbf9b2978-chrome-pdf.html","meta":{"rootId":"g97kq513zn6bjjk","id":"g97kq513zn6bjjk"},"id":"c0t641y2q1pf8oe","previousOperationId":"cfb2ujvbwi9k69h"}
{"type":"log","timestamp":1705103274974,"level":"debug","message":"Page request finished: GET (stylesheet) 200 https://cdnjs.cloudflare.com/ajax/libs/metro/4.1.5/css/metro.min.css","meta":{"rootId":"g97kq513zn6bjjk","id":"g97kq513zn6bjjk"},"id":"m6d7ijm6h7lxvvh","previousOperationId":"cfb2ujvbwi9k69h"}
{"type":"log","timestamp":1705103274987,"level":"debug","message":"Page request finished: GET (script) 200 https://cdnjs.cloudflare.com/ajax/libs/Chart.js/2.7.2/Chart.min.js","meta":{"rootId":"g97kq513zn6bjjk","id":"g97kq513zn6bjjk"},"id":"2e8fm7b16zfa47n","previousOperationId":"cfb2ujvbwi9k69h"}
{"type":"log","timestamp":1705103275008,"level":"debug","message":"Running chrome with params {\"printBackground\":true,\"timeout\":58939,\"margin\":{}}","meta":{"rootId":"g97kq513zn6bjjk","id":"g97kq513zn6bjjk"},"id":"5cn1j606utlfq75","previousOperationId":"cfb2ujvbwi9k69h"}
{"type":"operationEnd","operationId":"cfb2ujvbwi9k69h","timestamp":1705103275040,"id":"j63171c98qw9r5q","previousEventId":"ivwwuz7ie5zwseu","previousOperationId":"cfb2ujvbwi9k69h"}
{"type":"log","timestamp":1705103275042,"level":"debug","message":"Skipping storing report.","meta":{"rootId":"g97kq513zn6bjjk","id":"g97kq513zn6bjjk"},"id":"pq1jbu6qf83gpne","previousOperationId":"cfb2ujvbwi9k69h"}
{"type":"log","timestamp":1705103275042,"level":"info","message":"Rendering request 2 finished in 1664 ms","meta":{"rootId":"g97kq513zn6bjjk","id":"g97kq513zn6bjjk"},"id":"ovgn2ewcjywal1m","previousOperationId":"cfb2ujvbwi9k69h"}
{"type":"operationEnd","subtype":"render","operationId":"s1csfjiv8ylt6jt","timestamp":1705103275042,"id":"1knlbor8hp19tsy","previousEventId":"j63171c98qw9r5q","previousOperationId":"cfb2ujvbwi9k69h"}
{"type":"operationEnd","doDiffs":false,"previousEventId":"numbdnafmjskuig","previousOperationId":"0qm1obwhwmyw0vy","operationId":"0qm1obwhwmyw0vy","timestamp":1705103275050,"id":"m7tonrr6ddcjxvk"}
