{"type":"operationStart","subtype":"profile","data":{"_id":"UsFVYeNJ83jSePWR","timestamp":"2024-01-12T23:46:05.015Z","state":"queued","mode":"standard","creationDate":"2024-01-12T23:46:05.018Z","modificationDate":"2024-01-12T23:46:05.018Z","shortid":"RQ5Hn8F","$entitySet":"profiles"},"doDiffs":false,"timestamp":1705103165016,"id":"4tuinv5c8n7xur9","previousOperationId":null,"operationId":"xj3bj4hnwi07vy0"}
{"type":"log","level":"info","message":"Render request 12 queued for execution and waiting for available worker","previousOperationId":"xj3bj4hnwi07vy0","timestamp":1705103165017,"id":"rivd783k3h4g4na"}
{"type":"operationStart","subtype":"render","name":"activities-users-main","previousOperationId":"xj3bj4hnwi07vy0","timestamp":1705103165047,"id":"v0o1kf6fdyr38dk","previousEventId":"4tuinv5c8n7xur9","operationId":"anr55k859vynzwp"}
{"type":"log","timestamp":1705103165048,"level":"info","message":"Starting rendering request 12","meta":{"rootId":"gyicsqrm6lpz3rl","id":"gyicsqrm6lpz3rl"},"id":"2b4k19ufb4bnqxa","previousOperationId":"anr55k859vynzwp"}
{"type":"log","timestamp":1705103165048,"level":"info","message":"Rendering template { name: activities-users-main, recipe: chrome-pdf, engine: handlebars, preview: true }","meta":{"rootId":"gyicsqrm6lpz3rl","id":"gyicsqrm6lpz3rl"},"id":"07vrpl3ym7snl0q","previousOperationId":"anr55k859vynzwp"}
{"type":"log","timestamp":1705103165049,"level":"debug","message":"Data item not defined for this template.","meta":{"rootId":"gyicsqrm6lpz3rl","id":"gyicsqrm6lpz3rl"},"id":"n7isvewznmzd906","previousOperationId":"anr55k859vynzwp"}
{"type":"log","timestamp":1705103165051,"level":"debug","message":"Executing script users-script (beforeRender)","meta":{"rootId":"gyicsqrm6lpz3rl","id":"gyicsqrm6lpz3rl"},"id":"13fmhg2nqb5yvx2","previousOperationId":"anr55k859vynzwp"}
{"type":"operationStart","subtype":"scriptsBeforeRender","name":"scripts beforeRender","timestamp":1705103165067,"id":"3dsh6zheh5nwtj2","previousEventId":"v0o1kf6fdyr38dk","operationId":"r6239y38m8ajw9r","previousOperationId":"anr55k859vynzwp"}
{"type":"operationStart","subtype":"script","name":"scripts users-script","previousOperationId":"r6239y38m8ajw9r","timestamp":1705103165067,"id":"70nd89pw0xpyu3b","previousEventId":"3dsh6zheh5nwtj2","operationId":"apd8wrellawjood"}
{"type":"log","timestamp":1705103165188,"level":"debug","message":"(console:log) Activities in beforeRender: undefined","meta":{"userLevel":true,"rootId":"gyicsqrm6lpz3rl","id":"gyicsqrm6lpz3rl"},"id":"5oytjz373fq5vbg","previousOperationId":"apd8wrellawjood"}
{"type":"operationEnd","operationId":"apd8wrellawjood","timestamp":1705103165189,"id":"vu19jsv2hke0gnj","previousEventId":"v0o1kf6fdyr38dk","previousOperationId":"anr55k859vynzwp"}
{"type":"operationEnd","operationId":"r6239y38m8ajw9r","timestamp":1705103165189,"id":"aoiaexlhq7jae6n","previousEventId":"vu19jsv2hke0gnj","previousOperationId":"anr55k859vynzwp"}
{"type":"log","timestamp":1705103165189,"level":"debug","message":"Base url not specified, skipping its injection.","meta":{"rootId":"gyicsqrm6lpz3rl","id":"gyicsqrm6lpz3rl"},"id":"dzfsx02onx2vybx","previousOperationId":"r6239y38m8ajw9r"}
{"type":"operationStart","subtype":"engine","name":"handlebars","timestamp":1705103165189,"id":"um3kgfv5al09gm9","previousEventId":"aoiaexlhq7jae6n","operationId":"epkovfmynj08rne","previousOperationId":"r6239y38m8ajw9r"}
{"type":"log","timestamp":1705103165189,"level":"debug","message":"Rendering engine handlebars","meta":{"rootId":"gyicsqrm6lpz3rl","id":"gyicsqrm6lpz3rl"},"id":"zd4fe2tlr7leqwy","previousOperationId":"epkovfmynj08rne"}
{"type":"operationEnd","operationId":"epkovfmynj08rne","timestamp":1705103165205,"id":"27utuad4msytxut","previousEventId":"um3kgfv5al09gm9","previousOperationId":"epkovfmynj08rne"}
{"type":"operationStart","subtype":"recipe","name":"chrome-pdf","timestamp":1705103165205,"id":"5m0rdlouylrfejo","previousEventId":"27utuad4msytxut","operationId":"u93x5k4eskj1lgz","previousOperationId":"epkovfmynj08rne"}
{"type":"log","timestamp":1705103165205,"level":"debug","message":"Executing recipe chrome-pdf","meta":{"rootId":"gyicsqrm6lpz3rl","id":"gyicsqrm6lpz3rl"},"id":"efjyhb3vk43u4ar","previousOperationId":"u93x5k4eskj1lgz"}
{"type":"log","timestamp":1705103165208,"level":"debug","message":"Converting with chrome HeadlessChrome/117.0.5938.149 using chrome-pool strategy","meta":{"rootId":"gyicsqrm6lpz3rl","id":"gyicsqrm6lpz3rl"},"id":"q30ws0m0trugdkk","previousOperationId":"u93x5k4eskj1lgz"}
{"type":"log","timestamp":1705103165260,"level":"debug","message":"Page request: GET (document) file:///tmp/jsreport/autocleanup/702d47f6-aa87-4af8-baf7-74506715beb1-chrome-pdf.html","meta":{"rootId":"gyicsqrm6lpz3rl","id":"gyicsqrm6lpz3rl"},"id":"r4cgyqzq88yevxz","previousOperationId":"u93x5k4eskj1lgz"}
{"type":"log","timestamp":1705103165273,"level":"debug","message":"Page request: GET (stylesheet) https://cdnjs.cloudflare.com/ajax/libs/metro/4.1.5/css/metro.min.css","meta":{"rootId":"gyicsqrm6lpz3rl","id":"gyicsqrm6lpz3rl"},"id":"6yccx72xwerhild","previousOperationId":"u93x5k4eskj1lgz"}
{"type":"log","timestamp":1705103165274,"level":"debug","message":"Page request: GET (script) https://cdnjs.cloudflare.com/ajax/libs/Chart.js/2.7.2/Chart.min.js","meta":{"rootId":"gyicsqrm6lpz3rl","id":"gyicsqrm6lpz3rl"},"id":"hkrbsrhqvnl9ko1","previousOperationId":"u93x5k4eskj1lgz"}
{"type":"log","timestamp":1705103165274,"level":"debug","message":"Page request finished: GET (document) 200 file:///tmp/jsreport/autocleanup/702d47f6-aa87-4af8-baf7-74506715beb1-chrome-pdf.html","meta":{"rootId":"gyicsqrm6lpz3rl","id":"gyicsqrm6lpz3rl"},"id":"qjkt4m4nhefeu8h","previousOperationId":"u93x5k4eskj1lgz"}
{"type":"log","timestamp":1705103165282,"level":"debug","message":"Page request finished: GET (script) 200 https://cdnjs.cloudflare.com/ajax/libs/Chart.js/2.7.2/Chart.min.js","meta":{"rootId":"gyicsqrm6lpz3rl","id":"gyicsqrm6lpz3rl"},"id":"6zrc40bpz62l2pk","previousOperationId":"u93x5k4eskj1lgz"}
{"type":"log","timestamp":1705103165305,"level":"debug","message":"Page request finished: GET (stylesheet) 200 https://cdnjs.cloudflare.com/ajax/libs/metro/4.1.5/css/metro.min.css","meta":{"rootId":"gyicsqrm6lpz3rl","id":"gyicsqrm6lpz3rl"},"id":"qyqc78n23bb34uz","previousOperationId":"u93x5k4eskj1lgz"}
{"type":"log","timestamp":1705103165323,"level":"debug","message":"Running chrome with params {\"printBackground\":true,\"timeout\":59808,\"margin\":{}}","meta":{"rootId":"gyicsqrm6lpz3rl","id":"gyicsqrm6lpz3rl"},"id":"9ktrptfg35034y8","previousOperationId":"u93x5k4eskj1lgz"}
{"type":"operationEnd","operationId":"u93x5k4eskj1lgz","timestamp":1705103165353,"id":"x8lpdboocxylhu6","previousEventId":"5m0rdlouylrfejo","previousOperationId":"u93x5k4eskj1lgz"}
{"type":"log","timestamp":1705103165354,"level":"debug","message":"Skipping storing report.","meta":{"rootId":"gyicsqrm6lpz3rl","id":"gyicsqrm6lpz3rl"},"id":"weq1ul4x25e3m1u","previousOperationId":"u93x5k4eskj1lgz"}
{"type":"log","timestamp":1705103165354,"level":"info","message":"Rendering request 12 finished in 339 ms","meta":{"rootId":"gyicsqrm6lpz3rl","id":"gyicsqrm6lpz3rl"},"id":"adr1le187dum6si","previousOperationId":"u93x5k4eskj1lgz"}
{"type":"operationEnd","subtype":"render","operationId":"anr55k859vynzwp","timestamp":1705103165354,"id":"x0ez9nl8aq5j5ph","previousEventId":"x8lpdboocxylhu6","previousOperationId":"u93x5k4eskj1lgz"}
{"type":"operationEnd","doDiffs":false,"previousEventId":"4tuinv5c8n7xur9","previousOperationId":"xj3bj4hnwi07vy0","operationId":"xj3bj4hnwi07vy0","timestamp":1705103165360,"id":"7xvekz6v180lpdk"}
