{"type":"operationStart","subtype":"profile","data":{"_id":"Qpc6Zj29PJSBbRR5","timestamp":"2024-01-12T23:40:42.533Z","state":"queued","mode":"standard","creationDate":"2024-01-12T23:40:42.535Z","modificationDate":"2024-01-12T23:40:42.535Z","shortid":"0U5OBlt","$entitySet":"profiles"},"doDiffs":false,"timestamp":1705102842534,"id":"j26gw8eid5d71kx","previousOperationId":null,"operationId":"rmg4zcn64j5siqe"}
{"type":"log","level":"info","message":"Render request 7 queued for execution and waiting for available worker","previousOperationId":"rmg4zcn64j5siqe","timestamp":1705102842534,"id":"bh67vl413prx4sl"}
{"type":"operationStart","subtype":"render","name":"activities-users-main","previousOperationId":"rmg4zcn64j5siqe","timestamp":1705102842546,"id":"8pvmyzcq8p6mpde","previousEventId":"j26gw8eid5d71kx","operationId":"g5q5tr8v9a63kkw"}
{"type":"log","timestamp":1705102842546,"level":"info","message":"Starting rendering request 7","meta":{"rootId":"h74n458k13wgqrh","id":"h74n458k13wgqrh"},"id":"2pf9dapf388ibvq","previousOperationId":"g5q5tr8v9a63kkw"}
{"type":"log","timestamp":1705102842546,"level":"info","message":"Rendering template { name: activities-users-main, recipe: chrome-pdf, engine: handlebars, preview: true }","meta":{"rootId":"h74n458k13wgqrh","id":"h74n458k13wgqrh"},"id":"c9gt0ybm395p5eq","previousOperationId":"g5q5tr8v9a63kkw"}
{"type":"log","timestamp":1705102842547,"level":"debug","message":"Data item not defined for this template.","meta":{"rootId":"h74n458k13wgqrh","id":"h74n458k13wgqrh"},"id":"de78zx8b7aqfhwh","previousOperationId":"g5q5tr8v9a63kkw"}
{"type":"log","timestamp":1705102842550,"level":"debug","message":"Executing script users-script (beforeRender)","meta":{"rootId":"h74n458k13wgqrh","id":"h74n458k13wgqrh"},"id":"twwajnyidadpf2s","previousOperationId":"g5q5tr8v9a63kkw"}
{"type":"operationStart","subtype":"scriptsBeforeRender","name":"scripts beforeRender","timestamp":1705102842558,"id":"ygyu93kzbnvncy2","previousEventId":"8pvmyzcq8p6mpde","operationId":"wdqrkhzho601dy0","previousOperationId":"g5q5tr8v9a63kkw"}
{"type":"operationStart","subtype":"script","name":"scripts users-script","previousOperationId":"wdqrkhzho601dy0","timestamp":1705102842558,"id":"w25qjl8ik2zu9bl","previousEventId":"ygyu93kzbnvncy2","operationId":"qa8nzp07cflh6iw"}
{"type":"operationEnd","operationId":"qa8nzp07cflh6iw","timestamp":1705102842685,"id":"22hup8v8ubvisij","previousEventId":"8pvmyzcq8p6mpde","previousOperationId":"g5q5tr8v9a63kkw"}
{"type":"operationEnd","operationId":"wdqrkhzho601dy0","timestamp":1705102842685,"id":"8i7enwm5gtg8cht","previousEventId":"22hup8v8ubvisij","previousOperationId":"g5q5tr8v9a63kkw"}
{"type":"log","timestamp":1705102842685,"level":"debug","message":"Base url not specified, skipping its injection.","meta":{"rootId":"h74n458k13wgqrh","id":"h74n458k13wgqrh"},"id":"sugsa6vgwe59342","previousOperationId":"wdqrkhzho601dy0"}
{"type":"operationStart","subtype":"engine","name":"handlebars","timestamp":1705102842685,"id":"97137l5drou91oo","previousEventId":"8i7enwm5gtg8cht","operationId":"c3cnpyl16fvzpji","previousOperationId":"wdqrkhzho601dy0"}
{"type":"log","timestamp":1705102842685,"level":"debug","message":"Rendering engine handlebars","meta":{"rootId":"h74n458k13wgqrh","id":"h74n458k13wgqrh"},"id":"39nyf2k4td33ja1","previousOperationId":"c3cnpyl16fvzpji"}
{"type":"operationEnd","operationId":"c3cnpyl16fvzpji","timestamp":1705102842701,"id":"rckyjsyk4c2owgd","previousEventId":"97137l5drou91oo","previousOperationId":"c3cnpyl16fvzpji"}
{"type":"operationStart","subtype":"recipe","name":"chrome-pdf","timestamp":1705102842701,"id":"50hg5hq9mpoyvmz","previousEventId":"rckyjsyk4c2owgd","operationId":"fpe419dham3m2jh","previousOperationId":"c3cnpyl16fvzpji"}
{"type":"log","timestamp":1705102842701,"level":"debug","message":"Executing recipe chrome-pdf","meta":{"rootId":"h74n458k13wgqrh","id":"h74n458k13wgqrh"},"id":"crkf5lbyoqn14ia","previousOperationId":"fpe419dham3m2jh"}
{"type":"log","timestamp":1705102842704,"level":"debug","message":"Converting with chrome HeadlessChrome/117.0.5938.149 using chrome-pool strategy","meta":{"rootId":"h74n458k13wgqrh","id":"h74n458k13wgqrh"},"id":"1jc0gx2o6aoy40d","previousOperationId":"fpe419dham3m2jh"}
{"type":"log","timestamp":1705102842757,"level":"debug","message":"Page request: GET (document) file:///tmp/jsreport/autocleanup/2c3dff6c-6593-491a-965e-2f60a74fe6c3-chrome-pdf.html","meta":{"rootId":"h74n458k13wgqrh","id":"h74n458k13wgqrh"},"id":"z4ch66pfvpcgs6u","previousOperationId":"fpe419dham3m2jh"}
{"type":"log","timestamp":1705102842771,"level":"debug","message":"Page request: GET (stylesheet) https://cdnjs.cloudflare.com/ajax/libs/metro/4.1.5/css/metro.min.css","meta":{"rootId":"h74n458k13wgqrh","id":"h74n458k13wgqrh"},"id":"6fcp2pi8rb78lpa","previousOperationId":"fpe419dham3m2jh"}
{"type":"log","timestamp":1705102842772,"level":"debug","message":"Page request: GET (script) https://cdnjs.cloudflare.com/ajax/libs/Chart.js/2.7.2/Chart.min.js","meta":{"rootId":"h74n458k13wgqrh","id":"h74n458k13wgqrh"},"id":"aksp1b8lqz26ig6","previousOperationId":"fpe419dham3m2jh"}
{"type":"log","timestamp":1705102842772,"level":"debug","message":"Page request finished: GET (document) 200 file:///tmp/jsreport/autocleanup/2c3dff6c-6593-491a-965e-2f60a74fe6c3-chrome-pdf.html","meta":{"rootId":"h74n458k13wgqrh","id":"h74n458k13wgqrh"},"id":"qtluekt9nifkamr","previousOperationId":"fpe419dham3m2jh"}
{"type":"log","timestamp":1705102842780,"level":"debug","message":"Page request finished: GET (script) 200 https://cdnjs.cloudflare.com/ajax/libs/Chart.js/2.7.2/Chart.min.js","meta":{"rootId":"h74n458k13wgqrh","id":"h74n458k13wgqrh"},"id":"qhu51kw1w8z93ht","previousOperationId":"fpe419dham3m2jh"}
{"type":"log","timestamp":1705102842796,"level":"debug","message":"Page request finished: GET (stylesheet) 200 https://cdnjs.cloudflare.com/ajax/libs/metro/4.1.5/css/metro.min.css","meta":{"rootId":"h74n458k13wgqrh","id":"h74n458k13wgqrh"},"id":"ol3ul9mv9x663c8","previousOperationId":"fpe419dham3m2jh"}
{"type":"log","timestamp":1705102842803,"level":"debug","message":"(console:log) activities------------------------------------","meta":{"userLevel":true,"rootId":"h74n458k13wgqrh","id":"h74n458k13wgqrh"},"id":"4lkz0herdspuv21","previousOperationId":"fpe419dham3m2jh"}
{"type":"log","timestamp":1705102842804,"level":"warn","message":"Page error: Cannot read properties of undefined (reading '0') , stack: TypeError: Cannot read properties of undefined (reading '0')\n    at <anonymous> (file:///tmp/jsreport/autocleanup/2c3dff6c-6593-491a-965e-2f60a74fe6c3-chrome-pdf.html:15:31)","meta":{"rootId":"h74n458k13wgqrh","id":"h74n458k13wgqrh"},"id":"y6ec8hycsb09sys","previousOperationId":"fpe419dham3m2jh"}
{"type":"log","timestamp":1705102842816,"level":"debug","message":"Running chrome with params {\"printBackground\":true,\"timeout\":59831,\"margin\":{}}","meta":{"rootId":"h74n458k13wgqrh","id":"h74n458k13wgqrh"},"id":"rnuqslgv5jfloks","previousOperationId":"fpe419dham3m2jh"}
{"type":"operationEnd","operationId":"fpe419dham3m2jh","timestamp":1705102842847,"id":"dhofe9p57oend7v","previousEventId":"50hg5hq9mpoyvmz","previousOperationId":"fpe419dham3m2jh"}
{"type":"log","timestamp":1705102842847,"level":"debug","message":"Skipping storing report.","meta":{"rootId":"h74n458k13wgqrh","id":"h74n458k13wgqrh"},"id":"2tnakficriq4jb8","previousOperationId":"fpe419dham3m2jh"}
{"type":"log","timestamp":1705102842847,"level":"info","message":"Rendering request 7 finished in 314 ms","meta":{"rootId":"h74n458k13wgqrh","id":"h74n458k13wgqrh"},"id":"0sscrwsbqg7tq3q","previousOperationId":"fpe419dham3m2jh"}
{"type":"operationEnd","subtype":"render","operationId":"g5q5tr8v9a63kkw","timestamp":1705102842847,"id":"2lmpcet1bkh7yei","previousEventId":"dhofe9p57oend7v","previousOperationId":"fpe419dham3m2jh"}
{"type":"operationEnd","doDiffs":false,"previousEventId":"j26gw8eid5d71kx","previousOperationId":"rmg4zcn64j5siqe","operationId":"rmg4zcn64j5siqe","timestamp":1705102842852,"id":"n6z3n7q2girj2v8"}
