{"type":"operationStart","subtype":"profile","data":{"_id":"GoBsUbllpgydvEMA","timestamp":"2024-01-12T23:39:10.344Z","state":"queued","mode":"standard","creationDate":"2024-01-12T23:39:10.346Z","modificationDate":"2024-01-12T23:39:10.346Z","shortid":"YbOdJdO","$entitySet":"profiles"},"doDiffs":false,"timestamp":1705102750345,"id":"nf9j6kjvmcd9tj1","previousOperationId":null,"operationId":"cc5wok59zf6mytb"}
{"type":"log","level":"info","message":"Render request 4 queued for execution and waiting for available worker","previousOperationId":"cc5wok59zf6mytb","timestamp":1705102750345,"id":"fsriofidlhlianr"}
{"type":"operationStart","subtype":"render","name":"activities-users-main","previousOperationId":"cc5wok59zf6mytb","timestamp":1705102750359,"id":"diraf25m2q8y6kr","previousEventId":"nf9j6kjvmcd9tj1","operationId":"fdkocyigdmzjw7d"}
{"type":"log","timestamp":1705102750359,"level":"info","message":"Starting rendering request 4","meta":{"rootId":"hgh87ehju26u36y","id":"hgh87ehju26u36y"},"id":"csjv3c9fw9qggzl","previousOperationId":"fdkocyigdmzjw7d"}
{"type":"log","timestamp":1705102750359,"level":"info","message":"Rendering template { name: activities-users-main, recipe: chrome-pdf, engine: handlebars, preview: true }","meta":{"rootId":"hgh87ehju26u36y","id":"hgh87ehju26u36y"},"id":"zijvoix392uqtc1","previousOperationId":"fdkocyigdmzjw7d"}
{"type":"log","timestamp":1705102750360,"level":"debug","message":"Data item not defined for this template.","meta":{"rootId":"hgh87ehju26u36y","id":"hgh87ehju26u36y"},"id":"7l31vuvdox52e6l","previousOperationId":"fdkocyigdmzjw7d"}
{"type":"log","timestamp":1705102750363,"level":"debug","message":"Executing script users-script (beforeRender)","meta":{"rootId":"hgh87ehju26u36y","id":"hgh87ehju26u36y"},"id":"02efoqgpp0wvnxg","previousOperationId":"fdkocyigdmzjw7d"}
{"type":"operationStart","subtype":"scriptsBeforeRender","name":"scripts beforeRender","timestamp":1705102750373,"id":"5023i5fonjc21hl","previousEventId":"diraf25m2q8y6kr","operationId":"7fvc90m1moqlmfe","previousOperationId":"fdkocyigdmzjw7d"}
{"type":"operationStart","subtype":"script","name":"scripts users-script","previousOperationId":"7fvc90m1moqlmfe","timestamp":1705102750374,"id":"fi3m14jl79ji25m","previousEventId":"5023i5fonjc21hl","operationId":"sgl0wjmthhxmsvv"}
{"type":"operationEnd","operationId":"sgl0wjmthhxmsvv","timestamp":1705102750512,"id":"axc0cvcya5jggap","previousEventId":"diraf25m2q8y6kr","previousOperationId":"fdkocyigdmzjw7d"}
{"type":"operationEnd","operationId":"7fvc90m1moqlmfe","timestamp":1705102750512,"id":"ujbsx5sii88uqil","previousEventId":"axc0cvcya5jggap","previousOperationId":"fdkocyigdmzjw7d"}
{"type":"log","timestamp":1705102750512,"level":"debug","message":"Base url not specified, skipping its injection.","meta":{"rootId":"hgh87ehju26u36y","id":"hgh87ehju26u36y"},"id":"yfawz2qk6pm7dwx","previousOperationId":"7fvc90m1moqlmfe"}
{"type":"operationStart","subtype":"engine","name":"handlebars","timestamp":1705102750512,"id":"3byvmt40xfweu8r","previousEventId":"ujbsx5sii88uqil","operationId":"p7i8oqy27bfe61l","previousOperationId":"7fvc90m1moqlmfe"}
{"type":"log","timestamp":1705102750512,"level":"debug","message":"Rendering engine handlebars","meta":{"rootId":"hgh87ehju26u36y","id":"hgh87ehju26u36y"},"id":"c2v3nr8rbt2twkn","previousOperationId":"p7i8oqy27bfe61l"}
{"type":"operationEnd","operationId":"p7i8oqy27bfe61l","timestamp":1705102750529,"id":"tvm9hkjl1bkl5aw","previousEventId":"3byvmt40xfweu8r","previousOperationId":"p7i8oqy27bfe61l"}
{"type":"operationStart","subtype":"recipe","name":"chrome-pdf","timestamp":1705102750530,"id":"ka2ysp9wx95rkqy","previousEventId":"tvm9hkjl1bkl5aw","operationId":"8s8u5o258f4cmca","previousOperationId":"p7i8oqy27bfe61l"}
{"type":"log","timestamp":1705102750530,"level":"debug","message":"Executing recipe chrome-pdf","meta":{"rootId":"hgh87ehju26u36y","id":"hgh87ehju26u36y"},"id":"3nyap31ogvp1not","previousOperationId":"8s8u5o258f4cmca"}
{"type":"log","timestamp":1705102750534,"level":"debug","message":"Converting with chrome HeadlessChrome/117.0.5938.149 using chrome-pool strategy","meta":{"rootId":"hgh87ehju26u36y","id":"hgh87ehju26u36y"},"id":"rhgd9tk82x1y8ox","previousOperationId":"8s8u5o258f4cmca"}
{"type":"log","timestamp":1705102750585,"level":"debug","message":"Page request: GET (document) file:///tmp/jsreport/autocleanup/8a2a7373-c886-4e8a-9a86-981ad0d2e15b-chrome-pdf.html","meta":{"rootId":"hgh87ehju26u36y","id":"hgh87ehju26u36y"},"id":"1zuud2s2ht17fs9","previousOperationId":"8s8u5o258f4cmca"}
{"type":"log","timestamp":1705102750599,"level":"debug","message":"Page request: GET (stylesheet) https://cdnjs.cloudflare.com/ajax/libs/metro/4.1.5/css/metro.min.css","meta":{"rootId":"hgh87ehju26u36y","id":"hgh87ehju26u36y"},"id":"w63wzorlfvc1wpc","previousOperationId":"8s8u5o258f4cmca"}
{"type":"log","timestamp":1705102750600,"level":"debug","message":"Page request: GET (script) https://cdnjs.cloudflare.com/ajax/libs/Chart.js/2.7.2/Chart.min.js","meta":{"rootId":"hgh87ehju26u36y","id":"hgh87ehju26u36y"},"id":"pvsohuyj03f67iz","previousOperationId":"8s8u5o258f4cmca"}
{"type":"log","timestamp":1705102750600,"level":"debug","message":"Page request finished: GET (document) 200 file:///tmp/jsreport/autocleanup/8a2a7373-c886-4e8a-9a86-981ad0d2e15b-chrome-pdf.html","meta":{"rootId":"hgh87ehju26u36y","id":"hgh87ehju26u36y"},"id":"tde8dc5c47xjlof","previousOperationId":"8s8u5o258f4cmca"}
{"type":"log","timestamp":1705102750627,"level":"debug","message":"Page request finished: GET (stylesheet) 200 https://cdnjs.cloudflare.com/ajax/libs/metro/4.1.5/css/metro.min.css","meta":{"rootId":"hgh87ehju26u36y","id":"hgh87ehju26u36y"},"id":"vbwewhlmc17xurk","previousOperationId":"8s8u5o258f4cmca"}
{"type":"log","timestamp":1705102750628,"level":"debug","message":"Page request finished: GET (script) 200 https://cdnjs.cloudflare.com/ajax/libs/Chart.js/2.7.2/Chart.min.js","meta":{"rootId":"hgh87ehju26u36y","id":"hgh87ehju26u36y"},"id":"j90eg6zrju25akx","previousOperationId":"8s8u5o258f4cmca"}
{"type":"log","timestamp":1705102750645,"level":"warn","message":"Page error: Unexpected token ';' , stack: SyntaxError: Unexpected token ';'","meta":{"rootId":"hgh87ehju26u36y","id":"hgh87ehju26u36y"},"id":"jbsfczpsifgktth","previousOperationId":"8s8u5o258f4cmca"}
{"type":"log","timestamp":1705102750659,"level":"debug","message":"Running chrome with params {\"printBackground\":true,\"timeout\":59811,\"margin\":{}}","meta":{"rootId":"hgh87ehju26u36y","id":"hgh87ehju26u36y"},"id":"dxswflu8eat688p","previousOperationId":"8s8u5o258f4cmca"}
{"type":"operationEnd","operationId":"8s8u5o258f4cmca","timestamp":1705102750690,"id":"ld07qjn93idf46r","previousEventId":"ka2ysp9wx95rkqy","previousOperationId":"8s8u5o258f4cmca"}
{"type":"log","timestamp":1705102750690,"level":"debug","message":"Skipping storing report.","meta":{"rootId":"hgh87ehju26u36y","id":"hgh87ehju26u36y"},"id":"szqt6hv6abn7pnb","previousOperationId":"8s8u5o258f4cmca"}
{"type":"log","timestamp":1705102750690,"level":"info","message":"Rendering request 4 finished in 346 ms","meta":{"rootId":"hgh87ehju26u36y","id":"hgh87ehju26u36y"},"id":"py4w3i9l18vbvhb","previousOperationId":"8s8u5o258f4cmca"}
{"type":"operationEnd","subtype":"render","operationId":"fdkocyigdmzjw7d","timestamp":1705102750690,"id":"wxyxd9cw47eqw2z","previousEventId":"ld07qjn93idf46r","previousOperationId":"8s8u5o258f4cmca"}
{"type":"operationEnd","doDiffs":false,"previousEventId":"nf9j6kjvmcd9tj1","previousOperationId":"cc5wok59zf6mytb","operationId":"cc5wok59zf6mytb","timestamp":1705102750700,"id":"8oyyka3mfx07baq"}
