{"type":"operationStart","subtype":"profile","data":{"_id":"YwR5Zq2MOZCALAf1","timestamp":"2024-01-12T23:26:13.099Z","state":"queued","mode":"standard","creationDate":"2024-01-12T23:26:13.102Z","modificationDate":"2024-01-12T23:26:13.102Z","shortid":"RRKET13","$entitySet":"profiles"},"doDiffs":false,"timestamp":1705101973100,"id":"slmfdq7yawfjfpf","previousOperationId":null,"operationId":"ce0nyaz9zkno2ib"}
{"type":"log","level":"info","message":"Render request 4 queued for execution and waiting for available worker","previousOperationId":"ce0nyaz9zkno2ib","timestamp":1705101973101,"id":"eqw8uv0vcfakozy"}
{"type":"operationStart","subtype":"render","name":"activities-users-main","previousOperationId":"ce0nyaz9zkno2ib","timestamp":1705101973117,"id":"s91obuhkd24mm2o","previousEventId":"slmfdq7yawfjfpf","operationId":"4058ilrbyqclj3y"}
{"type":"log","timestamp":1705101973118,"level":"info","message":"Starting rendering request 4","meta":{"rootId":"jhocei8971o07ch","id":"jhocei8971o07ch"},"id":"6vc32pydlna6y1c","previousOperationId":"4058ilrbyqclj3y"}
{"type":"log","timestamp":1705101973120,"level":"info","message":"Rendering template { name: activities-users-main, recipe: chrome-pdf, engine: handlebars, preview: true }","meta":{"rootId":"jhocei8971o07ch","id":"jhocei8971o07ch"},"id":"vuy2qbvc4uuiimx","previousOperationId":"4058ilrbyqclj3y"}
{"type":"log","timestamp":1705101973123,"level":"debug","message":"Data item not defined for this template.","meta":{"rootId":"jhocei8971o07ch","id":"jhocei8971o07ch"},"id":"5lih31ej8nog5lr","previousOperationId":"4058ilrbyqclj3y"}
{"type":"log","timestamp":1705101973131,"level":"debug","message":"Executing script users-script (beforeRender)","meta":{"rootId":"jhocei8971o07ch","id":"jhocei8971o07ch"},"id":"7oo0lkhd3kobxy7","previousOperationId":"4058ilrbyqclj3y"}
{"type":"operationStart","subtype":"scriptsBeforeRender","name":"scripts beforeRender","timestamp":1705101973392,"id":"dr5lygh6zs4i2tb","previousEventId":"s91obuhkd24mm2o","operationId":"xy5q6xfmnosjg8o","previousOperationId":"4058ilrbyqclj3y"}
{"type":"operationStart","subtype":"script","name":"scripts users-script","previousOperationId":"xy5q6xfmnosjg8o","timestamp":1705101973392,"id":"rz6ikc85h2oumbo","previousEventId":"dr5lygh6zs4i2tb","operationId":"shzblr2im9snqoj"}
{"type":"log","timestamp":1705101973393,"level":"debug","message":"(console:log) hora","meta":{"userLevel":true,"rootId":"jhocei8971o07ch","id":"jhocei8971o07ch"},"id":"qv9kypdirasi52i","previousOperationId":"shzblr2im9snqoj"}
{"type":"operationEnd","operationId":"shzblr2im9snqoj","timestamp":1705101973557,"id":"pref50uliocu5v4","previousEventId":"s91obuhkd24mm2o","previousOperationId":"4058ilrbyqclj3y"}
{"type":"operationEnd","operationId":"xy5q6xfmnosjg8o","timestamp":1705101973557,"id":"fsrppc66032ndg0","previousEventId":"pref50uliocu5v4","previousOperationId":"4058ilrbyqclj3y"}
{"type":"log","timestamp":1705101973557,"level":"debug","message":"Base url not specified, skipping its injection.","meta":{"rootId":"jhocei8971o07ch","id":"jhocei8971o07ch"},"id":"t6a6cunyx1nt6la","previousOperationId":"xy5q6xfmnosjg8o"}
{"type":"operationStart","subtype":"engine","name":"handlebars","timestamp":1705101973559,"id":"7gq0xjq90fcjq3b","previousEventId":"fsrppc66032ndg0","operationId":"b6kdf8vbkxei30a","previousOperationId":"xy5q6xfmnosjg8o"}
{"type":"log","timestamp":1705101973559,"level":"debug","message":"Rendering engine handlebars","meta":{"rootId":"jhocei8971o07ch","id":"jhocei8971o07ch"},"id":"j0kore0fmw4ckg1","previousOperationId":"b6kdf8vbkxei30a"}
{"type":"operationEnd","operationId":"b6kdf8vbkxei30a","timestamp":1705101973926,"id":"v5f0au3wxfsa83e","previousEventId":"7gq0xjq90fcjq3b","previousOperationId":"b6kdf8vbkxei30a"}
{"type":"operationStart","subtype":"recipe","name":"chrome-pdf","timestamp":1705101973926,"id":"vf779wdzv2xqu55","previousEventId":"v5f0au3wxfsa83e","operationId":"fcp69l4g3v7l20g","previousOperationId":"b6kdf8vbkxei30a"}
{"type":"log","timestamp":1705101973926,"level":"debug","message":"Executing recipe chrome-pdf","meta":{"rootId":"jhocei8971o07ch","id":"jhocei8971o07ch"},"id":"p1yhif2w6mbewwf","previousOperationId":"fcp69l4g3v7l20g"}
{"type":"log","timestamp":1705101974401,"level":"debug","message":"Converting with chrome HeadlessChrome/117.0.5938.149 using chrome-pool strategy","meta":{"rootId":"jhocei8971o07ch","id":"jhocei8971o07ch"},"id":"6tlp9wcje06qyjn","previousOperationId":"fcp69l4g3v7l20g"}
{"type":"log","timestamp":1705101974550,"level":"debug","message":"Page request: GET (document) file:///tmp/jsreport/autocleanup/d4511a34-5a05-4ce0-b27f-b96be68a255b-chrome-pdf.html","meta":{"rootId":"jhocei8971o07ch","id":"jhocei8971o07ch"},"id":"aj7fg0ydyx1j76c","previousOperationId":"fcp69l4g3v7l20g"}
{"type":"log","timestamp":1705101974566,"level":"debug","message":"Page request: GET (stylesheet) https://cdnjs.cloudflare.com/ajax/libs/metro/4.1.5/css/metro.min.css","meta":{"rootId":"jhocei8971o07ch","id":"jhocei8971o07ch"},"id":"lg76ypm17ofhnn6","previousOperationId":"fcp69l4g3v7l20g"}
{"type":"log","timestamp":1705101974566,"level":"debug","message":"Page request: GET (script) https://cdnjs.cloudflare.com/ajax/libs/Chart.js/2.7.2/Chart.min.js","meta":{"rootId":"jhocei8971o07ch","id":"jhocei8971o07ch"},"id":"2hp28mmq4kuowb1","previousOperationId":"fcp69l4g3v7l20g"}
{"type":"log","timestamp":1705101974567,"level":"debug","message":"Page request finished: GET (document) 200 file:///tmp/jsreport/autocleanup/d4511a34-5a05-4ce0-b27f-b96be68a255b-chrome-pdf.html","meta":{"rootId":"jhocei8971o07ch","id":"jhocei8971o07ch"},"id":"pmy9zzuwzfambkr","previousOperationId":"fcp69l4g3v7l20g"}
{"type":"log","timestamp":1705101974691,"level":"debug","message":"Page request finished: GET (script) 200 https://cdnjs.cloudflare.com/ajax/libs/Chart.js/2.7.2/Chart.min.js","meta":{"rootId":"jhocei8971o07ch","id":"jhocei8971o07ch"},"id":"tvq6n48739mdh63","previousOperationId":"fcp69l4g3v7l20g"}
{"type":"log","timestamp":1705101974726,"level":"debug","message":"Page request finished: GET (stylesheet) 200 https://cdnjs.cloudflare.com/ajax/libs/metro/4.1.5/css/metro.min.css","meta":{"rootId":"jhocei8971o07ch","id":"jhocei8971o07ch"},"id":"kp5hmlhmamrra4f","previousOperationId":"fcp69l4g3v7l20g"}
{"type":"log","timestamp":1705101974786,"level":"debug","message":"Running chrome with params {\"printBackground\":true,\"timeout\":58886,\"margin\":{}}","meta":{"rootId":"jhocei8971o07ch","id":"jhocei8971o07ch"},"id":"2k0ct36hix16vlz","previousOperationId":"fcp69l4g3v7l20g"}
{"type":"operationEnd","operationId":"fcp69l4g3v7l20g","timestamp":1705101974821,"id":"xdwlb91wcjva8a4","previousEventId":"vf779wdzv2xqu55","previousOperationId":"fcp69l4g3v7l20g"}
{"type":"log","timestamp":1705101974822,"level":"debug","message":"Skipping storing report.","meta":{"rootId":"jhocei8971o07ch","id":"jhocei8971o07ch"},"id":"lqyya99s1yiz4oy","previousOperationId":"fcp69l4g3v7l20g"}
{"type":"log","timestamp":1705101974822,"level":"info","message":"Rendering request 4 finished in 1723 ms","meta":{"rootId":"jhocei8971o07ch","id":"jhocei8971o07ch"},"id":"f08occuznad0lnh","previousOperationId":"fcp69l4g3v7l20g"}
{"type":"operationEnd","subtype":"render","operationId":"4058ilrbyqclj3y","timestamp":1705101974822,"id":"j6iwtz5l9mf3pqk","previousEventId":"xdwlb91wcjva8a4","previousOperationId":"fcp69l4g3v7l20g"}
{"type":"operationEnd","doDiffs":false,"previousEventId":"slmfdq7yawfjfpf","previousOperationId":"ce0nyaz9zkno2ib","operationId":"ce0nyaz9zkno2ib","timestamp":1705101974829,"id":"6hdkhzsuuf6hkhd"}
