{"type":"operationStart","subtype":"profile","data":{"_id":"jxC3Le6GLiX0OPEO","timestamp":"2024-01-12T23:35:33.712Z","state":"queued","mode":"standard","creationDate":"2024-01-12T23:35:33.716Z","modificationDate":"2024-01-12T23:35:33.716Z","shortid":"-ACXSYd","$entitySet":"profiles"},"doDiffs":false,"timestamp":1705102533714,"id":"wpk3e54whiq7hx1","previousOperationId":null,"operationId":"389v7tbrq4w6pgn"}
{"type":"log","level":"info","message":"Render request 2 queued for execution and waiting for available worker","previousOperationId":"389v7tbrq4w6pgn","timestamp":1705102533714,"id":"0k0o7zw73qx004h"}
{"type":"operationStart","subtype":"render","name":"activities-users-main","previousOperationId":"389v7tbrq4w6pgn","timestamp":1705102533760,"id":"lut0yvxdsotv609","previousEventId":"wpk3e54whiq7hx1","operationId":"flzoalbn5ps6duw"}
{"type":"log","timestamp":1705102533761,"level":"info","message":"Starting rendering request 2","meta":{"rootId":"jiu9a5smlxksuhh","id":"jiu9a5smlxksuhh"},"id":"3utq7tps6uxww33","previousOperationId":"flzoalbn5ps6duw"}
{"type":"log","timestamp":1705102533763,"level":"info","message":"Rendering template { name: activities-users-main, recipe: chrome-pdf, engine: handlebars, preview: true }","meta":{"rootId":"jiu9a5smlxksuhh","id":"jiu9a5smlxksuhh"},"id":"xlpwh3mpltxmi7s","previousOperationId":"flzoalbn5ps6duw"}
{"type":"log","timestamp":1705102533765,"level":"debug","message":"Data item not defined for this template.","meta":{"rootId":"jiu9a5smlxksuhh","id":"jiu9a5smlxksuhh"},"id":"elrzlbe1sbp12uq","previousOperationId":"flzoalbn5ps6duw"}
{"type":"log","timestamp":1705102533772,"level":"debug","message":"Executing script users-script (beforeRender)","meta":{"rootId":"jiu9a5smlxksuhh","id":"jiu9a5smlxksuhh"},"id":"jtjo1hhomdhpuih","previousOperationId":"flzoalbn5ps6duw"}
{"type":"operationStart","subtype":"scriptsBeforeRender","name":"scripts beforeRender","timestamp":1705102534015,"id":"ydwn03zzigubnzc","previousEventId":"lut0yvxdsotv609","operationId":"ryquj498rynq92q","previousOperationId":"flzoalbn5ps6duw"}
{"type":"operationStart","subtype":"script","name":"scripts users-script","previousOperationId":"ryquj498rynq92q","timestamp":1705102534015,"id":"qh7a6fbfqu8i5hu","previousEventId":"ydwn03zzigubnzc","operationId":"d0u7x2drw2lg5yy"}
{"type":"operationEnd","operationId":"d0u7x2drw2lg5yy","timestamp":1705102534162,"id":"5y0da6lnlatcxzw","previousEventId":"lut0yvxdsotv609","previousOperationId":"flzoalbn5ps6duw"}
{"type":"operationEnd","operationId":"ryquj498rynq92q","timestamp":1705102534162,"id":"po5gp6qt6in93ck","previousEventId":"5y0da6lnlatcxzw","previousOperationId":"flzoalbn5ps6duw"}
{"type":"log","timestamp":1705102534162,"level":"debug","message":"Base url not specified, skipping its injection.","meta":{"rootId":"jiu9a5smlxksuhh","id":"jiu9a5smlxksuhh"},"id":"jowu7dz0banstv3","previousOperationId":"ryquj498rynq92q"}
{"type":"operationStart","subtype":"engine","name":"handlebars","timestamp":1705102534163,"id":"8qlgmlxxvih7a1f","previousEventId":"po5gp6qt6in93ck","operationId":"1sk5lbsxr7l79x1","previousOperationId":"ryquj498rynq92q"}
{"type":"log","timestamp":1705102534163,"level":"debug","message":"Rendering engine handlebars","meta":{"rootId":"jiu9a5smlxksuhh","id":"jiu9a5smlxksuhh"},"id":"jdaixmhh0ps7tum","previousOperationId":"1sk5lbsxr7l79x1"}
{"type":"operationEnd","operationId":"1sk5lbsxr7l79x1","timestamp":1705102534515,"id":"wwpcs2ch8ndurys","previousEventId":"8qlgmlxxvih7a1f","previousOperationId":"1sk5lbsxr7l79x1"}
{"type":"operationStart","subtype":"recipe","name":"chrome-pdf","timestamp":1705102534515,"id":"1c7uuwkw02lj8q3","previousEventId":"wwpcs2ch8ndurys","operationId":"swr1gtwsjjclvi7","previousOperationId":"1sk5lbsxr7l79x1"}
{"type":"log","timestamp":1705102534515,"level":"debug","message":"Executing recipe chrome-pdf","meta":{"rootId":"jiu9a5smlxksuhh","id":"jiu9a5smlxksuhh"},"id":"9f7repd4niffl0s","previousOperationId":"swr1gtwsjjclvi7"}
{"type":"log","timestamp":1705102534985,"level":"debug","message":"Converting with chrome HeadlessChrome/117.0.5938.149 using chrome-pool strategy","meta":{"rootId":"jiu9a5smlxksuhh","id":"jiu9a5smlxksuhh"},"id":"4ltzv116827744e","previousOperationId":"swr1gtwsjjclvi7"}
{"type":"log","timestamp":1705102535130,"level":"debug","message":"Page request: GET (document) file:///tmp/jsreport/autocleanup/00c598df-c72c-46ab-93de-eb40845c9ebd-chrome-pdf.html","meta":{"rootId":"jiu9a5smlxksuhh","id":"jiu9a5smlxksuhh"},"id":"m9yvizukr4osd9g","previousOperationId":"swr1gtwsjjclvi7"}
{"type":"log","timestamp":1705102535145,"level":"debug","message":"Page request: GET (stylesheet) https://cdnjs.cloudflare.com/ajax/libs/metro/4.1.5/css/metro.min.css","meta":{"rootId":"jiu9a5smlxksuhh","id":"jiu9a5smlxksuhh"},"id":"p38imhnczh0ze0s","previousOperationId":"swr1gtwsjjclvi7"}
{"type":"log","timestamp":1705102535146,"level":"debug","message":"Page request: GET (script) https://cdnjs.cloudflare.com/ajax/libs/Chart.js/2.7.2/Chart.min.js","meta":{"rootId":"jiu9a5smlxksuhh","id":"jiu9a5smlxksuhh"},"id":"xsmj2vhuw107mdx","previousOperationId":"swr1gtwsjjclvi7"}
{"type":"log","timestamp":1705102535146,"level":"debug","message":"Page request finished: GET (document) 200 file:///tmp/jsreport/autocleanup/00c598df-c72c-46ab-93de-eb40845c9ebd-chrome-pdf.html","meta":{"rootId":"jiu9a5smlxksuhh","id":"jiu9a5smlxksuhh"},"id":"q24fl7nfdjh8dyj","previousOperationId":"swr1gtwsjjclvi7"}
{"type":"log","timestamp":1705102535308,"level":"debug","message":"Page request finished: GET (script) 200 https://cdnjs.cloudflare.com/ajax/libs/Chart.js/2.7.2/Chart.min.js","meta":{"rootId":"jiu9a5smlxksuhh","id":"jiu9a5smlxksuhh"},"id":"l2med2ulvnzylxu","previousOperationId":"swr1gtwsjjclvi7"}
{"type":"log","timestamp":1705102535343,"level":"debug","message":"Page request finished: GET (stylesheet) 200 https://cdnjs.cloudflare.com/ajax/libs/metro/4.1.5/css/metro.min.css","meta":{"rootId":"jiu9a5smlxksuhh","id":"jiu9a5smlxksuhh"},"id":"1ikyp0iz2ioj8rd","previousOperationId":"swr1gtwsjjclvi7"}
{"type":"log","timestamp":1705102535356,"level":"warn","message":"Page error: Unexpected token ';' , stack: SyntaxError: Unexpected token ';'","meta":{"rootId":"jiu9a5smlxksuhh","id":"jiu9a5smlxksuhh"},"id":"g9c6vhowgq4wl64","previousOperationId":"swr1gtwsjjclvi7"}
{"type":"log","timestamp":1705102535370,"level":"debug","message":"Running chrome with params {\"printBackground\":true,\"timeout\":58915,\"margin\":{}}","meta":{"rootId":"jiu9a5smlxksuhh","id":"jiu9a5smlxksuhh"},"id":"rrwgds6ursjlc2u","previousOperationId":"swr1gtwsjjclvi7"}
{"type":"operationEnd","operationId":"swr1gtwsjjclvi7","timestamp":1705102535404,"id":"0mdbw1btaxr9td1","previousEventId":"1c7uuwkw02lj8q3","previousOperationId":"swr1gtwsjjclvi7"}
{"type":"log","timestamp":1705102535406,"level":"debug","message":"Skipping storing report.","meta":{"rootId":"jiu9a5smlxksuhh","id":"jiu9a5smlxksuhh"},"id":"t5ua0nbsa8lhclz","previousOperationId":"swr1gtwsjjclvi7"}
{"type":"log","timestamp":1705102535406,"level":"info","message":"Rendering request 2 finished in 1694 ms","meta":{"rootId":"jiu9a5smlxksuhh","id":"jiu9a5smlxksuhh"},"id":"ugmrcdvk4o9600d","previousOperationId":"swr1gtwsjjclvi7"}
{"type":"operationEnd","subtype":"render","operationId":"flzoalbn5ps6duw","timestamp":1705102535406,"id":"04ma8edmrmr6bq2","previousEventId":"0mdbw1btaxr9td1","previousOperationId":"swr1gtwsjjclvi7"}
{"type":"operationEnd","doDiffs":false,"previousEventId":"wpk3e54whiq7hx1","previousOperationId":"389v7tbrq4w6pgn","operationId":"389v7tbrq4w6pgn","timestamp":1705102535413,"id":"x0efpflwde8ri24"}
