{"type":"operationStart","subtype":"profile","data":{"_id":"DM4O1SmRVU9ecHCM","timestamp":"2024-01-14T23:56:13.285Z","state":"queued","mode":"standard","creationDate":"2024-01-14T23:56:13.286Z","modificationDate":"2024-01-14T23:56:13.286Z","shortid":"uMgTT8u","$entitySet":"profiles"},"doDiffs":false,"timestamp":1705276573286,"id":"8ch6d3f0s8kyztg","previousOperationId":null,"operationId":"kr35w6yp3pkua5m"}
{"type":"log","level":"info","message":"Render request 5 queued for execution and waiting for available worker","previousOperationId":"kr35w6yp3pkua5m","timestamp":1705276573286,"id":"1nlt64tq7wzcnpn"}
{"type":"operationStart","subtype":"render","name":"activities-users-main","previousOperationId":"kr35w6yp3pkua5m","timestamp":1705276573292,"id":"f3hwz51an115k46","previousEventId":"8ch6d3f0s8kyztg","operationId":"d73c84u07hq0z0e"}
{"type":"log","timestamp":1705276573292,"level":"info","message":"Starting rendering request 5","meta":{"rootId":"k5un3ek2y699dxr","id":"k5un3ek2y699dxr"},"id":"6w0sff88xa1sl5w","previousOperationId":"d73c84u07hq0z0e"}
{"type":"log","timestamp":1705276573292,"level":"info","message":"Rendering template { name: activities-users-main, recipe: chrome-pdf, engine: handlebars, preview: true }","meta":{"rootId":"k5un3ek2y699dxr","id":"k5un3ek2y699dxr"},"id":"5ql4e534ly19cgd","previousOperationId":"d73c84u07hq0z0e"}
{"type":"log","timestamp":1705276573292,"level":"debug","message":"Data item not defined for this template.","meta":{"rootId":"k5un3ek2y699dxr","id":"k5un3ek2y699dxr"},"id":"ja5y3wxcdxdywte","previousOperationId":"d73c84u07hq0z0e"}
{"type":"log","timestamp":1705276573294,"level":"debug","message":"Executing script users-script (beforeRender)","meta":{"rootId":"k5un3ek2y699dxr","id":"k5un3ek2y699dxr"},"id":"83q83nzy7k5swg9","previousOperationId":"d73c84u07hq0z0e"}
{"type":"operationStart","subtype":"scriptsBeforeRender","name":"scripts beforeRender","timestamp":1705276573302,"id":"18yswcixu2n4mom","previousEventId":"f3hwz51an115k46","operationId":"9t6ficuwsxj2dmq","previousOperationId":"d73c84u07hq0z0e"}
{"type":"operationStart","subtype":"script","name":"scripts users-script","previousOperationId":"9t6ficuwsxj2dmq","timestamp":1705276573302,"id":"jvh18iwovp6mooz","previousEventId":"18yswcixu2n4mom","operationId":"qfezcqv79kqr4i2"}
{"type":"log","timestamp":1705276573347,"level":"debug","message":"(console:error) Error fetching activities: ReferenceError: helpers is not defined\n    at Object.beforeRender (sandbox.js:15:28)\n    at process.processTicksAndRejections (node:internal/process/task_queues:95:5)\n    at async executionFn (/home/ruby/workspace/React_RoR/jsreportapp/node_modules/@jsreport/jsreport-scripts/lib/executeScript.js:67:11)\n    at async run (/home/ruby/workspace/React_RoR/jsreportapp/node_modules/@jsreport/jsreport-core/lib/worker/sandbox/createSandbox.js:137:16)\n    at async WorkerReporter.runInSandbox [as _runInSandbox] (/home/ruby/workspace/React_RoR/jsreportapp/node_modules/@jsreport/jsreport-core/lib/worker/sandbox/runInSandbox.js:195:14)\n    at async executeScript (/home/ruby/workspace/React_RoR/jsreportapp/node_modules/@jsreport/jsreport-scripts/lib/executeScript.js:122:12)\n    at async Scripts._runScript (/home/ruby/workspace/React_RoR/jsreportapp/node_modules/@jsreport/jsreport-scripts/lib/worker.js:140:30)\n    at async Scripts.handleBeforeRender (/home/ruby/workspace/React_RoR/jsreportapp/node_modules/@jsreport/jsreport-scripts/lib/worker.js:64:7)\n    at async ListenerCollection.fire (/home/ruby/workspace/React_RoR/jsreportapp/node_modules/@jsreport/jsreport-core/lib/shared/listenerCollection.js:157:21)\n    at async beforeRender (/home/ruby/workspace/React_RoR/jsreportapp/node_modules/@jsreport/jsreport-core/lib/worker/render/render.js:24:5)","meta":{"userLevel":true,"rootId":"k5un3ek2y699dxr","id":"k5un3ek2y699dxr"},"id":"0ptbl6wm5emx5b9","previousOperationId":"qfezcqv79kqr4i2"}
{"type":"operationEnd","operationId":"qfezcqv79kqr4i2","timestamp":1705276573347,"id":"hrm9zx7f33t1ett","previousEventId":"f3hwz51an115k46","previousOperationId":"d73c84u07hq0z0e"}
{"type":"operationEnd","operationId":"9t6ficuwsxj2dmq","timestamp":1705276573347,"id":"h77qgk8mdrpeprc","previousEventId":"hrm9zx7f33t1ett","previousOperationId":"d73c84u07hq0z0e"}
{"type":"log","timestamp":1705276573347,"level":"debug","message":"Base url not specified, skipping its injection.","meta":{"rootId":"k5un3ek2y699dxr","id":"k5un3ek2y699dxr"},"id":"xk9q9aosrr8fjip","previousOperationId":"9t6ficuwsxj2dmq"}
{"type":"operationStart","subtype":"engine","name":"handlebars","timestamp":1705276573347,"id":"o1di6k3sa1jc2zf","previousEventId":"h77qgk8mdrpeprc","operationId":"yh1ygp5wpg0pqge","previousOperationId":"9t6ficuwsxj2dmq"}
{"type":"log","timestamp":1705276573347,"level":"debug","message":"Rendering engine handlebars","meta":{"rootId":"k5un3ek2y699dxr","id":"k5un3ek2y699dxr"},"id":"os6hrodwy0hhd7o","previousOperationId":"yh1ygp5wpg0pqge"}
{"type":"operationEnd","operationId":"yh1ygp5wpg0pqge","timestamp":1705276573354,"id":"tj2k6ivon1mnatq","previousEventId":"o1di6k3sa1jc2zf","previousOperationId":"yh1ygp5wpg0pqge"}
{"type":"operationStart","subtype":"recipe","name":"chrome-pdf","timestamp":1705276573354,"id":"pamo0wvtzbh50fe","previousEventId":"tj2k6ivon1mnatq","operationId":"3p62e9cnoakcyip","previousOperationId":"yh1ygp5wpg0pqge"}
{"type":"log","timestamp":1705276573354,"level":"debug","message":"Executing recipe chrome-pdf","meta":{"rootId":"k5un3ek2y699dxr","id":"k5un3ek2y699dxr"},"id":"0i5z327r5ob1hm5","previousOperationId":"3p62e9cnoakcyip"}
{"type":"log","timestamp":1705276573355,"level":"debug","message":"Converting with chrome HeadlessChrome/117.0.5938.149 using chrome-pool strategy","meta":{"rootId":"k5un3ek2y699dxr","id":"k5un3ek2y699dxr"},"id":"7zqj37egj5btd1q","previousOperationId":"3p62e9cnoakcyip"}
{"type":"log","timestamp":1705276573376,"level":"debug","message":"Page request: GET (document) file:///tmp/jsreport/autocleanup/67b30910-eb23-4bbb-bcee-a26e7413601a-chrome-pdf.html","meta":{"rootId":"k5un3ek2y699dxr","id":"k5un3ek2y699dxr"},"id":"oc2wzops3ohnriu","previousOperationId":"3p62e9cnoakcyip"}
{"type":"log","timestamp":1705276573382,"level":"debug","message":"Page request: GET (stylesheet) https://cdn.jsdelivr.net/chartist.js/latest/chartist.min.css","meta":{"rootId":"k5un3ek2y699dxr","id":"k5un3ek2y699dxr"},"id":"oi5rnhqmm00ympn","previousOperationId":"3p62e9cnoakcyip"}
{"type":"log","timestamp":1705276573382,"level":"debug","message":"Page request: GET (script) https://cdn.jsdelivr.net/chartist.js/latest/chartist.min.js","meta":{"rootId":"k5un3ek2y699dxr","id":"k5un3ek2y699dxr"},"id":"s2omye6l7zenmk0","previousOperationId":"3p62e9cnoakcyip"}
{"type":"log","timestamp":1705276573382,"level":"debug","message":"Page request finished: GET (document) 200 file:///tmp/jsreport/autocleanup/67b30910-eb23-4bbb-bcee-a26e7413601a-chrome-pdf.html","meta":{"rootId":"k5un3ek2y699dxr","id":"k5un3ek2y699dxr"},"id":"r1vjv3w5ew7uxt2","previousOperationId":"3p62e9cnoakcyip"}
{"type":"log","timestamp":1705276573384,"level":"debug","message":"Page request finished: GET (stylesheet) 200 https://cdn.jsdelivr.net/chartist.js/latest/chartist.min.css","meta":{"rootId":"k5un3ek2y699dxr","id":"k5un3ek2y699dxr"},"id":"lrloh588lthlam0","previousOperationId":"3p62e9cnoakcyip"}
{"type":"log","timestamp":1705276573385,"level":"debug","message":"Page request finished: GET (script) 200 https://cdn.jsdelivr.net/chartist.js/latest/chartist.min.js","meta":{"rootId":"k5un3ek2y699dxr","id":"k5un3ek2y699dxr"},"id":"3183jfr70qynv18","previousOperationId":"3p62e9cnoakcyip"}
{"type":"log","timestamp":1705276573393,"level":"debug","message":"Running chrome with params {\"printBackground\":true,\"timeout\":59931,\"margin\":{}}","meta":{"rootId":"k5un3ek2y699dxr","id":"k5un3ek2y699dxr"},"id":"2eleqyldod6r8nd","previousOperationId":"3p62e9cnoakcyip"}
{"type":"operationEnd","operationId":"3p62e9cnoakcyip","timestamp":1705276573404,"id":"nm79i2ladaxtczw","previousEventId":"pamo0wvtzbh50fe","previousOperationId":"3p62e9cnoakcyip"}
{"type":"log","timestamp":1705276573404,"level":"debug","message":"Skipping storing report.","meta":{"rootId":"k5un3ek2y699dxr","id":"k5un3ek2y699dxr"},"id":"lbeedxragm1vsph","previousOperationId":"3p62e9cnoakcyip"}
{"type":"log","timestamp":1705276573404,"level":"info","message":"Rendering request 5 finished in 119 ms","meta":{"rootId":"k5un3ek2y699dxr","id":"k5un3ek2y699dxr"},"id":"qpqug8kzy2kqtdm","previousOperationId":"3p62e9cnoakcyip"}
{"type":"operationEnd","subtype":"render","operationId":"d73c84u07hq0z0e","timestamp":1705276573404,"id":"o061p2gs3pouzef","previousEventId":"nm79i2ladaxtczw","previousOperationId":"3p62e9cnoakcyip"}
{"type":"operationEnd","doDiffs":false,"previousEventId":"8ch6d3f0s8kyztg","previousOperationId":"kr35w6yp3pkua5m","operationId":"kr35w6yp3pkua5m","timestamp":1705276573409,"id":"cg69ohbahkepwsg"}
