{"type":"operationStart","subtype":"profile","data":{"_id":"gatTmixGBjpokUfP","timestamp":"2024-01-12T23:29:17.568Z","state":"queued","mode":"standard","creationDate":"2024-01-12T23:29:17.571Z","modificationDate":"2024-01-12T23:29:17.571Z","shortid":"kdOX_xf","$entitySet":"profiles"},"doDiffs":false,"timestamp":1705102157570,"id":"jkdyjyugm81lm5w","previousOperationId":null,"operationId":"5b88rgbordfgw1g"}
{"type":"log","level":"info","message":"Render request 10 queued for execution and waiting for available worker","previousOperationId":"5b88rgbordfgw1g","timestamp":1705102157571,"id":"b3god7kvyzej14q"}
{"type":"operationStart","subtype":"render","name":"activities-users-main","previousOperationId":"5b88rgbordfgw1g","timestamp":1705102157583,"id":"lq5zx0x8g09pqyy","previousEventId":"jkdyjyugm81lm5w","operationId":"fcstnxpn8yrr16m"}
{"type":"log","timestamp":1705102157583,"level":"info","message":"Starting rendering request 10","meta":{"rootId":"kxf5xvizkefmrc1","id":"kxf5xvizkefmrc1"},"id":"2w5as09tz3b6owr","previousOperationId":"fcstnxpn8yrr16m"}
{"type":"log","timestamp":1705102157584,"level":"info","message":"Rendering template { name: activities-users-main, recipe: chrome-pdf, engine: handlebars, preview: true }","meta":{"rootId":"kxf5xvizkefmrc1","id":"kxf5xvizkefmrc1"},"id":"ya8egu9xi8ob0ic","previousOperationId":"fcstnxpn8yrr16m"}
{"type":"log","timestamp":1705102157585,"level":"debug","message":"Data item not defined for this template.","meta":{"rootId":"kxf5xvizkefmrc1","id":"kxf5xvizkefmrc1"},"id":"ecdoc4d9ddpvcn8","previousOperationId":"fcstnxpn8yrr16m"}
{"type":"log","timestamp":1705102157587,"level":"debug","message":"Executing script users-script (beforeRender)","meta":{"rootId":"kxf5xvizkefmrc1","id":"kxf5xvizkefmrc1"},"id":"p56gakvt04v58j4","previousOperationId":"fcstnxpn8yrr16m"}
{"type":"operationStart","subtype":"scriptsBeforeRender","name":"scripts beforeRender","timestamp":1705102157601,"id":"2nyd1kidt8zmofu","previousEventId":"lq5zx0x8g09pqyy","operationId":"6jje8tjlgku1bgz","previousOperationId":"fcstnxpn8yrr16m"}
{"type":"operationStart","subtype":"script","name":"scripts users-script","previousOperationId":"6jje8tjlgku1bgz","timestamp":1705102157601,"id":"6ufginizp0o8g39","previousEventId":"2nyd1kidt8zmofu","operationId":"q2dfg7zlk2av6u4"}
{"type":"log","timestamp":1705102157601,"level":"debug","message":"(console:log) hora","meta":{"userLevel":true,"rootId":"kxf5xvizkefmrc1","id":"kxf5xvizkefmrc1"},"id":"cj8y644x3ju3a6g","previousOperationId":"q2dfg7zlk2av6u4"}
{"type":"log","timestamp":1705102157710,"level":"debug","message":"(console:log) activities------------------------------------","meta":{"userLevel":true,"rootId":"kxf5xvizkefmrc1","id":"kxf5xvizkefmrc1"},"id":"g9dep6alk6fbei7","previousOperationId":"q2dfg7zlk2av6u4"}
{"type":"log","timestamp":1705102157710,"level":"debug","message":"(console:log) undefined","meta":{"userLevel":true,"rootId":"kxf5xvizkefmrc1","id":"kxf5xvizkefmrc1"},"id":"2kqkssbvqmbkv4n","previousOperationId":"q2dfg7zlk2av6u4"}
{"type":"log","timestamp":1705102157710,"level":"debug","message":"(console:log) activities------------------------------------","meta":{"userLevel":true,"rootId":"kxf5xvizkefmrc1","id":"kxf5xvizkefmrc1"},"id":"eaw2poyd8qxmynj","previousOperationId":"q2dfg7zlk2av6u4"}
{"type":"operationEnd","operationId":"q2dfg7zlk2av6u4","timestamp":1705102157710,"id":"0kw66sgq3211jui","previousEventId":"lq5zx0x8g09pqyy","previousOperationId":"fcstnxpn8yrr16m"}
{"type":"operationEnd","operationId":"6jje8tjlgku1bgz","timestamp":1705102157710,"id":"3w55tpzpd4upxxs","previousEventId":"0kw66sgq3211jui","previousOperationId":"fcstnxpn8yrr16m"}
{"type":"log","timestamp":1705102157711,"level":"debug","message":"Base url not specified, skipping its injection.","meta":{"rootId":"kxf5xvizkefmrc1","id":"kxf5xvizkefmrc1"},"id":"sl3ofaz8v05ba25","previousOperationId":"6jje8tjlgku1bgz"}
{"type":"operationStart","subtype":"engine","name":"handlebars","timestamp":1705102157711,"id":"59e7cg9h9xuian6","previousEventId":"3w55tpzpd4upxxs","operationId":"gi0c8f0y2xe89ol","previousOperationId":"6jje8tjlgku1bgz"}
{"type":"log","timestamp":1705102157711,"level":"debug","message":"Rendering engine handlebars","meta":{"rootId":"kxf5xvizkefmrc1","id":"kxf5xvizkefmrc1"},"id":"irnihi60nifid8j","previousOperationId":"gi0c8f0y2xe89ol"}
{"type":"operationEnd","operationId":"gi0c8f0y2xe89ol","timestamp":1705102157725,"id":"qo3kwf2tjk7bcct","previousEventId":"59e7cg9h9xuian6","previousOperationId":"gi0c8f0y2xe89ol"}
{"type":"operationStart","subtype":"recipe","name":"chrome-pdf","timestamp":1705102157725,"id":"rja5ovj4heu2wnd","previousEventId":"qo3kwf2tjk7bcct","operationId":"euxrmr3345a08et","previousOperationId":"gi0c8f0y2xe89ol"}
{"type":"log","timestamp":1705102157725,"level":"debug","message":"Executing recipe chrome-pdf","meta":{"rootId":"kxf5xvizkefmrc1","id":"kxf5xvizkefmrc1"},"id":"s0suz22o8l766y6","previousOperationId":"euxrmr3345a08et"}
{"type":"log","timestamp":1705102157728,"level":"debug","message":"Converting with chrome HeadlessChrome/117.0.5938.149 using chrome-pool strategy","meta":{"rootId":"kxf5xvizkefmrc1","id":"kxf5xvizkefmrc1"},"id":"vx8yg3crqrxvvxp","previousOperationId":"euxrmr3345a08et"}
{"type":"log","timestamp":1705102157775,"level":"debug","message":"Page request: GET (document) file:///tmp/jsreport/autocleanup/2a97cfe6-b2f2-4a96-8fd0-b2577ff136a1-chrome-pdf.html","meta":{"rootId":"kxf5xvizkefmrc1","id":"kxf5xvizkefmrc1"},"id":"o0bu5h55n80h50w","previousOperationId":"euxrmr3345a08et"}
{"type":"log","timestamp":1705102157789,"level":"debug","message":"Page request: GET (stylesheet) https://cdnjs.cloudflare.com/ajax/libs/metro/4.1.5/css/metro.min.css","meta":{"rootId":"kxf5xvizkefmrc1","id":"kxf5xvizkefmrc1"},"id":"88pudtggd9env9s","previousOperationId":"euxrmr3345a08et"}
{"type":"log","timestamp":1705102157790,"level":"debug","message":"Page request: GET (script) https://cdnjs.cloudflare.com/ajax/libs/Chart.js/2.7.2/Chart.min.js","meta":{"rootId":"kxf5xvizkefmrc1","id":"kxf5xvizkefmrc1"},"id":"wkdrw8tcdslweb2","previousOperationId":"euxrmr3345a08et"}
{"type":"log","timestamp":1705102157790,"level":"debug","message":"Page request finished: GET (document) 200 file:///tmp/jsreport/autocleanup/2a97cfe6-b2f2-4a96-8fd0-b2577ff136a1-chrome-pdf.html","meta":{"rootId":"kxf5xvizkefmrc1","id":"kxf5xvizkefmrc1"},"id":"ko07tf3cjin4xtr","previousOperationId":"euxrmr3345a08et"}
{"type":"log","timestamp":1705102157798,"level":"debug","message":"Page request finished: GET (script) 200 https://cdnjs.cloudflare.com/ajax/libs/Chart.js/2.7.2/Chart.min.js","meta":{"rootId":"kxf5xvizkefmrc1","id":"kxf5xvizkefmrc1"},"id":"zp5ztr1xo6mjzxa","previousOperationId":"euxrmr3345a08et"}
{"type":"log","timestamp":1705102157819,"level":"debug","message":"Page request finished: GET (stylesheet) 200 https://cdnjs.cloudflare.com/ajax/libs/metro/4.1.5/css/metro.min.css","meta":{"rootId":"kxf5xvizkefmrc1","id":"kxf5xvizkefmrc1"},"id":"m8wxf34qrux506w","previousOperationId":"euxrmr3345a08et"}
{"type":"log","timestamp":1705102157838,"level":"debug","message":"Running chrome with params {\"printBackground\":true,\"timeout\":59841,\"margin\":{}}","meta":{"rootId":"kxf5xvizkefmrc1","id":"kxf5xvizkefmrc1"},"id":"2ktlud48cq1b3yv","previousOperationId":"euxrmr3345a08et"}
{"type":"operationEnd","operationId":"euxrmr3345a08et","timestamp":1705102157870,"id":"mniolka7zbvcykg","previousEventId":"rja5ovj4heu2wnd","previousOperationId":"euxrmr3345a08et"}
{"type":"log","timestamp":1705102157870,"level":"debug","message":"Skipping storing report.","meta":{"rootId":"kxf5xvizkefmrc1","id":"kxf5xvizkefmrc1"},"id":"azbw1tghnr3w4pv","previousOperationId":"euxrmr3345a08et"}
{"type":"log","timestamp":1705102157870,"level":"info","message":"Rendering request 10 finished in 302 ms","meta":{"rootId":"kxf5xvizkefmrc1","id":"kxf5xvizkefmrc1"},"id":"0ox7y6s4srt4l1v","previousOperationId":"euxrmr3345a08et"}
{"type":"operationEnd","subtype":"render","operationId":"fcstnxpn8yrr16m","timestamp":1705102157870,"id":"qhzm3iqprhs9z9m","previousEventId":"mniolka7zbvcykg","previousOperationId":"euxrmr3345a08et"}
{"type":"operationEnd","doDiffs":false,"previousEventId":"jkdyjyugm81lm5w","previousOperationId":"5b88rgbordfgw1g","operationId":"5b88rgbordfgw1g","timestamp":1705102157881,"id":"pqm0byiddw86dvm"}
