{"type":"operationStart","subtype":"profile","data":{"_id":"xcLqRdFKJUvLtwVF","timestamp":"2024-01-12T15:57:41.241Z","state":"queued","mode":"standard","creationDate":"2024-01-12T15:57:41.241Z","modificationDate":"2024-01-12T15:57:41.241Z","shortid":"CM8uqdF","$entitySet":"profiles"},"doDiffs":false,"timestamp":1705075061241,"id":"qw69ie97g8aenn3","previousOperationId":null,"operationId":"3uf4yehfdxgqpa6"}
{"type":"log","level":"info","message":"Render request 16 queued for execution and waiting for available worker","previousOperationId":"3uf4yehfdxgqpa6","timestamp":1705075061241,"id":"ib48p4j7luuucbe"}
{"type":"operationStart","subtype":"render","name":"activities-users-main","previousOperationId":"3uf4yehfdxgqpa6","timestamp":1705075061246,"id":"nk5ulizx1m03x16","previousEventId":"qw69ie97g8aenn3","operationId":"j44vv0yj5xi97ja"}
{"type":"log","timestamp":1705075061246,"level":"info","message":"Starting rendering request 16","meta":{"rootId":"l3axna9um1j54fn","id":"l3axna9um1j54fn"},"id":"m09qp48kmbnfd9e","previousOperationId":"j44vv0yj5xi97ja"}
{"type":"log","timestamp":1705075061246,"level":"info","message":"Rendering template { name: activities-users-main, recipe: chrome-pdf, engine: handlebars, preview: true }","meta":{"rootId":"l3axna9um1j54fn","id":"l3axna9um1j54fn"},"id":"68bprtbz366fax0","previousOperationId":"j44vv0yj5xi97ja"}
{"type":"log","timestamp":1705075061246,"level":"debug","message":"Data item not defined for this template.","meta":{"rootId":"l3axna9um1j54fn","id":"l3axna9um1j54fn"},"id":"zx7400n9hjmepoe","previousOperationId":"j44vv0yj5xi97ja"}
{"type":"log","timestamp":1705075061247,"level":"debug","message":"Base url not specified, skipping its injection.","meta":{"rootId":"l3axna9um1j54fn","id":"l3axna9um1j54fn"},"id":"pxb8a248x0n6mfd","previousOperationId":"j44vv0yj5xi97ja"}
{"type":"operationStart","subtype":"engine","name":"handlebars","timestamp":1705075061247,"id":"w9b8rli90flr18b","previousEventId":"nk5ulizx1m03x16","operationId":"vdnp7uqqxzuibvv","previousOperationId":"j44vv0yj5xi97ja"}
{"type":"log","timestamp":1705075061247,"level":"debug","message":"Rendering engine handlebars","meta":{"rootId":"l3axna9um1j54fn","id":"l3axna9um1j54fn"},"id":"0jzxge2793e562t","previousOperationId":"vdnp7uqqxzuibvv"}
{"type":"operationEnd","operationId":"vdnp7uqqxzuibvv","timestamp":1705075061253,"id":"7zip1iotslxka71","previousEventId":"w9b8rli90flr18b","previousOperationId":"vdnp7uqqxzuibvv"}
{"type":"operationStart","subtype":"recipe","name":"chrome-pdf","timestamp":1705075061253,"id":"i5utrj603t7lh5k","previousEventId":"7zip1iotslxka71","operationId":"gasl9qtwkn6bpis","previousOperationId":"vdnp7uqqxzuibvv"}
{"type":"log","timestamp":1705075061253,"level":"debug","message":"Executing recipe chrome-pdf","meta":{"rootId":"l3axna9um1j54fn","id":"l3axna9um1j54fn"},"id":"3lqbuowjldfkhyx","previousOperationId":"gasl9qtwkn6bpis"}
{"type":"log","timestamp":1705075061254,"level":"debug","message":"Converting with chrome HeadlessChrome/117.0.5938.149 using chrome-pool strategy","meta":{"rootId":"l3axna9um1j54fn","id":"l3axna9um1j54fn"},"id":"wwj1w5e62madqf0","previousOperationId":"gasl9qtwkn6bpis"}
{"type":"log","timestamp":1705075061274,"level":"debug","message":"Page request: GET (document) file:///tmp/jsreport/autocleanup/b25b51fa-4c33-4906-89b8-8f3f4cee9ed1-chrome-pdf.html","meta":{"rootId":"l3axna9um1j54fn","id":"l3axna9um1j54fn"},"id":"k31iaftuk2nf6ck","previousOperationId":"gasl9qtwkn6bpis"}
{"type":"log","timestamp":1705075061279,"level":"debug","message":"Page request: GET (stylesheet) https://cdnjs.cloudflare.com/ajax/libs/metro/4.1.5/css/metro.min.css","meta":{"rootId":"l3axna9um1j54fn","id":"l3axna9um1j54fn"},"id":"an6xh7viarj63bl","previousOperationId":"gasl9qtwkn6bpis"}
{"type":"log","timestamp":1705075061280,"level":"debug","message":"Page request: GET (script) https://cdnjs.cloudflare.com/ajax/libs/Chart.js/2.7.2/Chart.min.js","meta":{"rootId":"l3axna9um1j54fn","id":"l3axna9um1j54fn"},"id":"ldn1u5akfdreier","previousOperationId":"gasl9qtwkn6bpis"}
{"type":"log","timestamp":1705075061280,"level":"debug","message":"Page request finished: GET (document) 200 file:///tmp/jsreport/autocleanup/b25b51fa-4c33-4906-89b8-8f3f4cee9ed1-chrome-pdf.html","meta":{"rootId":"l3axna9um1j54fn","id":"l3axna9um1j54fn"},"id":"xtf8sxrekmyfimv","previousOperationId":"gasl9qtwkn6bpis"}
{"type":"log","timestamp":1705075061283,"level":"debug","message":"Page request finished: GET (script) 200 https://cdnjs.cloudflare.com/ajax/libs/Chart.js/2.7.2/Chart.min.js","meta":{"rootId":"l3axna9um1j54fn","id":"l3axna9um1j54fn"},"id":"vfxglozofma159t","previousOperationId":"gasl9qtwkn6bpis"}
{"type":"log","timestamp":1705075061290,"level":"debug","message":"Page request finished: GET (stylesheet) 200 https://cdnjs.cloudflare.com/ajax/libs/metro/4.1.5/css/metro.min.css","meta":{"rootId":"l3axna9um1j54fn","id":"l3axna9um1j54fn"},"id":"bh2hcy632889bfq","previousOperationId":"gasl9qtwkn6bpis"}
{"type":"log","timestamp":1705075061297,"level":"debug","message":"Running chrome with params {\"printBackground\":true,\"timeout\":59987,\"margin\":{}}","meta":{"rootId":"l3axna9um1j54fn","id":"l3axna9um1j54fn"},"id":"jbym3nwdicwpz1p","previousOperationId":"gasl9qtwkn6bpis"}
{"type":"operationEnd","operationId":"gasl9qtwkn6bpis","timestamp":1705075061310,"id":"1hk6r2rwqnver58","previousEventId":"i5utrj603t7lh5k","previousOperationId":"gasl9qtwkn6bpis"}
{"type":"log","timestamp":1705075061310,"level":"debug","message":"Skipping storing report.","meta":{"rootId":"l3axna9um1j54fn","id":"l3axna9um1j54fn"},"id":"zm59028rotyiaaw","previousOperationId":"gasl9qtwkn6bpis"}
{"type":"log","timestamp":1705075061310,"level":"info","message":"Rendering request 16 finished in 69 ms","meta":{"rootId":"l3axna9um1j54fn","id":"l3axna9um1j54fn"},"id":"j1iqyc5qt8e3mx2","previousOperationId":"gasl9qtwkn6bpis"}
{"type":"operationEnd","subtype":"render","operationId":"j44vv0yj5xi97ja","timestamp":1705075061310,"id":"gz5bopxynwdtnu6","previousEventId":"1hk6r2rwqnver58","previousOperationId":"gasl9qtwkn6bpis"}
{"type":"operationEnd","doDiffs":false,"previousEventId":"qw69ie97g8aenn3","previousOperationId":"3uf4yehfdxgqpa6","operationId":"3uf4yehfdxgqpa6","timestamp":1705075061314,"id":"889sa8xedoc22k7"}
