{"type":"operationStart","subtype":"profile","data":{"_id":"WFpc0xXgnuzeFqLM","timestamp":"2024-01-12T15:55:28.509Z","state":"queued","mode":"standard","creationDate":"2024-01-12T15:55:28.510Z","modificationDate":"2024-01-12T15:55:28.510Z","shortid":"ktnkzPF","$entitySet":"profiles"},"doDiffs":false,"timestamp":1705074928510,"id":"3gb6mj5j1n18nyb","previousOperationId":null,"operationId":"p1azyppsr3xrkpz"}
{"type":"log","level":"info","message":"Render request 13 queued for execution and waiting for available worker","previousOperationId":"p1azyppsr3xrkpz","timestamp":1705074928510,"id":"rq8iwt30i9ssh7s"}
{"type":"operationStart","subtype":"render","name":"activities-users-main","previousOperationId":"p1azyppsr3xrkpz","timestamp":1705074928514,"id":"zjvho8v3txn2yqs","previousEventId":"3gb6mj5j1n18nyb","operationId":"fabaav025ahrbx0"}
{"type":"log","timestamp":1705074928514,"level":"info","message":"Starting rendering request 13","meta":{"rootId":"lnz3klkw2zb77lw","id":"lnz3klkw2zb77lw"},"id":"oondykakitphat6","previousOperationId":"fabaav025ahrbx0"}
{"type":"log","timestamp":1705074928514,"level":"info","message":"Rendering template { name: activities-users-main, recipe: chrome-pdf, engine: handlebars, preview: true }","meta":{"rootId":"lnz3klkw2zb77lw","id":"lnz3klkw2zb77lw"},"id":"egopvu7z14dx3f8","previousOperationId":"fabaav025ahrbx0"}
{"type":"log","timestamp":1705074928514,"level":"debug","message":"Data item not defined for this template.","meta":{"rootId":"lnz3klkw2zb77lw","id":"lnz3klkw2zb77lw"},"id":"g6uvrabmrhbbo1g","previousOperationId":"fabaav025ahrbx0"}
{"type":"log","timestamp":1705074928515,"level":"debug","message":"Base url not specified, skipping its injection.","meta":{"rootId":"lnz3klkw2zb77lw","id":"lnz3klkw2zb77lw"},"id":"vuek32hdnglaebj","previousOperationId":"fabaav025ahrbx0"}
{"type":"operationStart","subtype":"engine","name":"handlebars","timestamp":1705074928516,"id":"ja1j5piu4eysaa4","previousEventId":"zjvho8v3txn2yqs","operationId":"8ah3x47zvqv1pz2","previousOperationId":"fabaav025ahrbx0"}
{"type":"log","timestamp":1705074928516,"level":"debug","message":"Rendering engine handlebars","meta":{"rootId":"lnz3klkw2zb77lw","id":"lnz3klkw2zb77lw"},"id":"31gpp3jkbow3mhl","previousOperationId":"8ah3x47zvqv1pz2"}
{"type":"operationEnd","operationId":"8ah3x47zvqv1pz2","timestamp":1705074928521,"id":"8z4v9zv3s2pihjn","previousEventId":"ja1j5piu4eysaa4","previousOperationId":"8ah3x47zvqv1pz2"}
{"type":"operationStart","subtype":"recipe","name":"chrome-pdf","timestamp":1705074928521,"id":"r5gef6r7dh7is4r","previousEventId":"8z4v9zv3s2pihjn","operationId":"gtboliaoabnxrhr","previousOperationId":"8ah3x47zvqv1pz2"}
{"type":"log","timestamp":1705074928521,"level":"debug","message":"Executing recipe chrome-pdf","meta":{"rootId":"lnz3klkw2zb77lw","id":"lnz3klkw2zb77lw"},"id":"p0lukum2rssas6q","previousOperationId":"gtboliaoabnxrhr"}
{"type":"log","timestamp":1705074928522,"level":"debug","message":"Converting with chrome HeadlessChrome/117.0.5938.149 using chrome-pool strategy","meta":{"rootId":"lnz3klkw2zb77lw","id":"lnz3klkw2zb77lw"},"id":"oucfpslcu5z4jg8","previousOperationId":"gtboliaoabnxrhr"}
{"type":"log","timestamp":1705074928542,"level":"debug","message":"Page request: GET (document) file:///tmp/jsreport/autocleanup/695ae226-df09-4345-acb8-5e9772fb2c57-chrome-pdf.html","meta":{"rootId":"lnz3klkw2zb77lw","id":"lnz3klkw2zb77lw"},"id":"lr7imzqraacrbga","previousOperationId":"gtboliaoabnxrhr"}
{"type":"log","timestamp":1705074928547,"level":"debug","message":"Page request: GET (stylesheet) https://cdnjs.cloudflare.com/ajax/libs/metro/4.1.5/css/metro.min.css","meta":{"rootId":"lnz3klkw2zb77lw","id":"lnz3klkw2zb77lw"},"id":"ruhx8ye0th258v4","previousOperationId":"gtboliaoabnxrhr"}
{"type":"log","timestamp":1705074928547,"level":"debug","message":"Page request: GET (script) https://cdnjs.cloudflare.com/ajax/libs/Chart.js/2.7.2/Chart.min.js","meta":{"rootId":"lnz3klkw2zb77lw","id":"lnz3klkw2zb77lw"},"id":"muz8zm7bkpw14ke","previousOperationId":"gtboliaoabnxrhr"}
{"type":"log","timestamp":1705074928548,"level":"debug","message":"Page request finished: GET (document) 200 file:///tmp/jsreport/autocleanup/695ae226-df09-4345-acb8-5e9772fb2c57-chrome-pdf.html","meta":{"rootId":"lnz3klkw2zb77lw","id":"lnz3klkw2zb77lw"},"id":"xfbofdphv253dcj","previousOperationId":"gtboliaoabnxrhr"}
{"type":"log","timestamp":1705074928551,"level":"debug","message":"Page request finished: GET (script) 200 https://cdnjs.cloudflare.com/ajax/libs/Chart.js/2.7.2/Chart.min.js","meta":{"rootId":"lnz3klkw2zb77lw","id":"lnz3klkw2zb77lw"},"id":"k6hic5gd5bxvrsu","previousOperationId":"gtboliaoabnxrhr"}
{"type":"log","timestamp":1705074928558,"level":"debug","message":"Page request finished: GET (stylesheet) 200 https://cdnjs.cloudflare.com/ajax/libs/metro/4.1.5/css/metro.min.css","meta":{"rootId":"lnz3klkw2zb77lw","id":"lnz3klkw2zb77lw"},"id":"512mdg99l5sdwvd","previousOperationId":"gtboliaoabnxrhr"}
{"type":"log","timestamp":1705074928564,"level":"debug","message":"Running chrome with params {\"printBackground\":true,\"timeout\":59987,\"margin\":{}}","meta":{"rootId":"lnz3klkw2zb77lw","id":"lnz3klkw2zb77lw"},"id":"ylg9r2yvdw2wdk5","previousOperationId":"gtboliaoabnxrhr"}
{"type":"operationEnd","operationId":"gtboliaoabnxrhr","timestamp":1705074928577,"id":"zexqtvwka1s1yv8","previousEventId":"r5gef6r7dh7is4r","previousOperationId":"gtboliaoabnxrhr"}
{"type":"log","timestamp":1705074928577,"level":"debug","message":"Skipping storing report.","meta":{"rootId":"lnz3klkw2zb77lw","id":"lnz3klkw2zb77lw"},"id":"wgzo2orzbmjaacg","previousOperationId":"gtboliaoabnxrhr"}
{"type":"log","timestamp":1705074928577,"level":"info","message":"Rendering request 13 finished in 68 ms","meta":{"rootId":"lnz3klkw2zb77lw","id":"lnz3klkw2zb77lw"},"id":"am47n5a6skd612g","previousOperationId":"gtboliaoabnxrhr"}
{"type":"operationEnd","subtype":"render","operationId":"fabaav025ahrbx0","timestamp":1705074928577,"id":"yylvbggvkjxh43q","previousEventId":"zexqtvwka1s1yv8","previousOperationId":"gtboliaoabnxrhr"}
{"type":"operationEnd","doDiffs":false,"previousEventId":"3gb6mj5j1n18nyb","previousOperationId":"p1azyppsr3xrkpz","operationId":"p1azyppsr3xrkpz","timestamp":1705074928581,"id":"3804756obi4host"}
