{"type":"operationStart","subtype":"profile","data":{"_id":"X3Y4eCVN7ttA1wg0","timestamp":"2024-01-12T23:40:06.149Z","state":"queued","mode":"standard","creationDate":"2024-01-12T23:40:06.151Z","modificationDate":"2024-01-12T23:40:06.151Z","shortid":"aKHe_I5","$entitySet":"profiles"},"doDiffs":false,"timestamp":1705102806150,"id":"msp55d8w3ogvorl","previousOperationId":null,"operationId":"1dmtjcswenuqb51"}
{"type":"log","level":"info","message":"Render request 6 queued for execution and waiting for available worker","previousOperationId":"1dmtjcswenuqb51","timestamp":1705102806150,"id":"bom5ht3s9nunt0a"}
{"type":"operationStart","subtype":"render","name":"activities-users-main","previousOperationId":"1dmtjcswenuqb51","timestamp":1705102806163,"id":"4zg8x08jp642e7t","previousEventId":"msp55d8w3ogvorl","operationId":"r2s30r25ryi7qhp"}
{"type":"log","timestamp":1705102806163,"level":"info","message":"Starting rendering request 6","meta":{"rootId":"lv0356ykqhn6ld5","id":"lv0356ykqhn6ld5"},"id":"9qf7kj5wtfwkznw","previousOperationId":"r2s30r25ryi7qhp"}
{"type":"log","timestamp":1705102806163,"level":"info","message":"Rendering template { name: activities-users-main, recipe: chrome-pdf, engine: handlebars, preview: true }","meta":{"rootId":"lv0356ykqhn6ld5","id":"lv0356ykqhn6ld5"},"id":"d96sjfapk1dkwmf","previousOperationId":"r2s30r25ryi7qhp"}
{"type":"log","timestamp":1705102806164,"level":"debug","message":"Data item not defined for this template.","meta":{"rootId":"lv0356ykqhn6ld5","id":"lv0356ykqhn6ld5"},"id":"sfxr0ppq8g0z82v","previousOperationId":"r2s30r25ryi7qhp"}
{"type":"log","timestamp":1705102806167,"level":"debug","message":"Executing script users-script (beforeRender)","meta":{"rootId":"lv0356ykqhn6ld5","id":"lv0356ykqhn6ld5"},"id":"d9o8fpa37g417w0","previousOperationId":"r2s30r25ryi7qhp"}
{"type":"operationStart","subtype":"scriptsBeforeRender","name":"scripts beforeRender","timestamp":1705102806176,"id":"af1lo05zr5b1orj","previousEventId":"4zg8x08jp642e7t","operationId":"zzq22mfehj9iwk4","previousOperationId":"r2s30r25ryi7qhp"}
{"type":"operationStart","subtype":"script","name":"scripts users-script","previousOperationId":"zzq22mfehj9iwk4","timestamp":1705102806176,"id":"76iv53w7arhhhts","previousEventId":"af1lo05zr5b1orj","operationId":"kyy431ilhd5wr0d"}
{"type":"operationEnd","operationId":"kyy431ilhd5wr0d","timestamp":1705102806309,"id":"h4ci59agwm8cewy","previousEventId":"4zg8x08jp642e7t","previousOperationId":"r2s30r25ryi7qhp"}
{"type":"operationEnd","operationId":"zzq22mfehj9iwk4","timestamp":1705102806309,"id":"2xssfoidazhmbvi","previousEventId":"h4ci59agwm8cewy","previousOperationId":"r2s30r25ryi7qhp"}
{"type":"log","timestamp":1705102806309,"level":"debug","message":"Base url not specified, skipping its injection.","meta":{"rootId":"lv0356ykqhn6ld5","id":"lv0356ykqhn6ld5"},"id":"te0zm6mufau2voh","previousOperationId":"zzq22mfehj9iwk4"}
{"type":"operationStart","subtype":"engine","name":"handlebars","timestamp":1705102806310,"id":"o76juzxa06mfx8d","previousEventId":"2xssfoidazhmbvi","operationId":"eet0xjykwx1oudp","previousOperationId":"zzq22mfehj9iwk4"}
{"type":"log","timestamp":1705102806310,"level":"debug","message":"Rendering engine handlebars","meta":{"rootId":"lv0356ykqhn6ld5","id":"lv0356ykqhn6ld5"},"id":"ha59pwyf41tjafr","previousOperationId":"eet0xjykwx1oudp"}
{"type":"operationEnd","operationId":"eet0xjykwx1oudp","timestamp":1705102806330,"id":"3m20n3h6tuz7d6q","previousEventId":"o76juzxa06mfx8d","previousOperationId":"eet0xjykwx1oudp"}
{"type":"operationStart","subtype":"recipe","name":"chrome-pdf","timestamp":1705102806330,"id":"pbjqcvf2framvw9","previousEventId":"3m20n3h6tuz7d6q","operationId":"y4mqymot0ab1r05","previousOperationId":"eet0xjykwx1oudp"}
{"type":"log","timestamp":1705102806330,"level":"debug","message":"Executing recipe chrome-pdf","meta":{"rootId":"lv0356ykqhn6ld5","id":"lv0356ykqhn6ld5"},"id":"errexetzmnsj4hf","previousOperationId":"y4mqymot0ab1r05"}
{"type":"log","timestamp":1705102806333,"level":"debug","message":"Converting with chrome HeadlessChrome/117.0.5938.149 using chrome-pool strategy","meta":{"rootId":"lv0356ykqhn6ld5","id":"lv0356ykqhn6ld5"},"id":"oa9lg3kbe242pwp","previousOperationId":"y4mqymot0ab1r05"}
{"type":"log","timestamp":1705102806385,"level":"debug","message":"Page request: GET (document) file:///tmp/jsreport/autocleanup/d0a6d404-edc3-4b68-afd6-44eee841e2dc-chrome-pdf.html","meta":{"rootId":"lv0356ykqhn6ld5","id":"lv0356ykqhn6ld5"},"id":"4c8iwq6emae5n21","previousOperationId":"y4mqymot0ab1r05"}
{"type":"log","timestamp":1705102806398,"level":"debug","message":"Page request: GET (stylesheet) https://cdnjs.cloudflare.com/ajax/libs/metro/4.1.5/css/metro.min.css","meta":{"rootId":"lv0356ykqhn6ld5","id":"lv0356ykqhn6ld5"},"id":"zy0yszvxf11wl26","previousOperationId":"y4mqymot0ab1r05"}
{"type":"log","timestamp":1705102806398,"level":"debug","message":"Page request: GET (script) https://cdnjs.cloudflare.com/ajax/libs/Chart.js/2.7.2/Chart.min.js","meta":{"rootId":"lv0356ykqhn6ld5","id":"lv0356ykqhn6ld5"},"id":"hkiw83f585rp50p","previousOperationId":"y4mqymot0ab1r05"}
{"type":"log","timestamp":1705102806399,"level":"debug","message":"Page request finished: GET (document) 200 file:///tmp/jsreport/autocleanup/d0a6d404-edc3-4b68-afd6-44eee841e2dc-chrome-pdf.html","meta":{"rootId":"lv0356ykqhn6ld5","id":"lv0356ykqhn6ld5"},"id":"gjs2lyq9v9h5k08","previousOperationId":"y4mqymot0ab1r05"}
{"type":"log","timestamp":1705102806407,"level":"debug","message":"Page request finished: GET (script) 200 https://cdnjs.cloudflare.com/ajax/libs/Chart.js/2.7.2/Chart.min.js","meta":{"rootId":"lv0356ykqhn6ld5","id":"lv0356ykqhn6ld5"},"id":"ffgzkusbh7ijqtl","previousOperationId":"y4mqymot0ab1r05"}
{"type":"log","timestamp":1705102806425,"level":"debug","message":"Page request finished: GET (stylesheet) 200 https://cdnjs.cloudflare.com/ajax/libs/metro/4.1.5/css/metro.min.css","meta":{"rootId":"lv0356ykqhn6ld5","id":"lv0356ykqhn6ld5"},"id":"jeu3zo6rkpunej6","previousOperationId":"y4mqymot0ab1r05"}
{"type":"log","timestamp":1705102806433,"level":"debug","message":"(console:log) activities------------------------------------","meta":{"userLevel":true,"rootId":"lv0356ykqhn6ld5","id":"lv0356ykqhn6ld5"},"id":"768hmfoam3jydav","previousOperationId":"y4mqymot0ab1r05"}
{"type":"log","timestamp":1705102806433,"level":"debug","message":"(console:log) ","meta":{"userLevel":true,"rootId":"lv0356ykqhn6ld5","id":"lv0356ykqhn6ld5"},"id":"qg64yuz3ekgmnce","previousOperationId":"y4mqymot0ab1r05"}
{"type":"log","timestamp":1705102806433,"level":"debug","message":"(console:log) activities------------------------------------","meta":{"userLevel":true,"rootId":"lv0356ykqhn6ld5","id":"lv0356ykqhn6ld5"},"id":"dovxpbrmuql5ee4","previousOperationId":"y4mqymot0ab1r05"}
{"type":"log","timestamp":1705102806443,"level":"debug","message":"Running chrome with params {\"printBackground\":true,\"timeout\":59817,\"margin\":{}}","meta":{"rootId":"lv0356ykqhn6ld5","id":"lv0356ykqhn6ld5"},"id":"wpnnnljqzwcej19","previousOperationId":"y4mqymot0ab1r05"}
{"type":"operationEnd","operationId":"y4mqymot0ab1r05","timestamp":1705102806475,"id":"ymkjf6slxvuhkpu","previousEventId":"pbjqcvf2framvw9","previousOperationId":"y4mqymot0ab1r05"}
{"type":"log","timestamp":1705102806475,"level":"debug","message":"Skipping storing report.","meta":{"rootId":"lv0356ykqhn6ld5","id":"lv0356ykqhn6ld5"},"id":"nc656uydz2ene1d","previousOperationId":"y4mqymot0ab1r05"}
{"type":"log","timestamp":1705102806475,"level":"info","message":"Rendering request 6 finished in 327 ms","meta":{"rootId":"lv0356ykqhn6ld5","id":"lv0356ykqhn6ld5"},"id":"mf0gkf7m198jwlz","previousOperationId":"y4mqymot0ab1r05"}
{"type":"operationEnd","subtype":"render","operationId":"r2s30r25ryi7qhp","timestamp":1705102806475,"id":"1onv9got6u1mqdv","previousEventId":"ymkjf6slxvuhkpu","previousOperationId":"y4mqymot0ab1r05"}
{"type":"operationEnd","doDiffs":false,"previousEventId":"msp55d8w3ogvorl","previousOperationId":"1dmtjcswenuqb51","operationId":"1dmtjcswenuqb51","timestamp":1705102806493,"id":"d4h9cc6pmt9g3sg"}
