{"type":"operationStart","subtype":"profile","data":{"_id":"sVEiXuLe7pPRvZyg","timestamp":"2024-01-12T15:52:31.802Z","state":"queued","mode":"standard","creationDate":"2024-01-12T15:52:31.803Z","modificationDate":"2024-01-12T15:52:31.803Z","shortid":"foAWRZd","$entitySet":"profiles"},"doDiffs":false,"timestamp":1705074751803,"id":"0fygjsbs4y5hmka","previousOperationId":null,"operationId":"fhxqqj55vuhtpeo"}
{"type":"log","level":"info","message":"Render request 6 queued for execution and waiting for available worker","previousOperationId":"fhxqqj55vuhtpeo","timestamp":1705074751803,"id":"lsjqobaw77jpjap"}
{"type":"operationStart","subtype":"render","name":"activities-users-main","previousOperationId":"fhxqqj55vuhtpeo","timestamp":1705074751808,"id":"zes4c7rp801uvrg","previousEventId":"0fygjsbs4y5hmka","operationId":"jtmu8eu5ivhh4vr"}
{"type":"log","timestamp":1705074751808,"level":"info","message":"Starting rendering request 6","meta":{"rootId":"mc88gl6slbk2iqk","id":"mc88gl6slbk2iqk"},"id":"dcfhgzsud6p9t0e","previousOperationId":"jtmu8eu5ivhh4vr"}
{"type":"log","timestamp":1705074751808,"level":"info","message":"Rendering template { name: activities-users-main, recipe: chrome-pdf, engine: handlebars, preview: true }","meta":{"rootId":"mc88gl6slbk2iqk","id":"mc88gl6slbk2iqk"},"id":"qnk6yvw83un0qcz","previousOperationId":"jtmu8eu5ivhh4vr"}
{"type":"log","timestamp":1705074751808,"level":"debug","message":"Data item not defined for this template.","meta":{"rootId":"mc88gl6slbk2iqk","id":"mc88gl6slbk2iqk"},"id":"wi1dfx3h8abn63g","previousOperationId":"jtmu8eu5ivhh4vr"}
{"type":"log","timestamp":1705074751810,"level":"debug","message":"Base url not specified, skipping its injection.","meta":{"rootId":"mc88gl6slbk2iqk","id":"mc88gl6slbk2iqk"},"id":"u33bnjzc9ufw5t7","previousOperationId":"jtmu8eu5ivhh4vr"}
{"type":"operationStart","subtype":"engine","name":"handlebars","timestamp":1705074751810,"id":"nxej3jlixv65k58","previousEventId":"zes4c7rp801uvrg","operationId":"tr8jbhv04eujca4","previousOperationId":"jtmu8eu5ivhh4vr"}
{"type":"log","timestamp":1705074751810,"level":"debug","message":"Rendering engine handlebars","meta":{"rootId":"mc88gl6slbk2iqk","id":"mc88gl6slbk2iqk"},"id":"jdvdh1ksim9uxnd","previousOperationId":"tr8jbhv04eujca4"}
{"type":"operationEnd","operationId":"tr8jbhv04eujca4","timestamp":1705074751817,"id":"5yi8qnfy3hlgmd5","previousEventId":"nxej3jlixv65k58","previousOperationId":"tr8jbhv04eujca4"}
{"type":"operationStart","subtype":"recipe","name":"chrome-pdf","timestamp":1705074751817,"id":"01byduyyz6wlwrj","previousEventId":"5yi8qnfy3hlgmd5","operationId":"a8vnvqf0abzambr","previousOperationId":"tr8jbhv04eujca4"}
{"type":"log","timestamp":1705074751817,"level":"debug","message":"Executing recipe chrome-pdf","meta":{"rootId":"mc88gl6slbk2iqk","id":"mc88gl6slbk2iqk"},"id":"pbbpavd3t461hli","previousOperationId":"a8vnvqf0abzambr"}
{"type":"log","timestamp":1705074751818,"level":"debug","message":"Converting with chrome HeadlessChrome/117.0.5938.149 using chrome-pool strategy","meta":{"rootId":"mc88gl6slbk2iqk","id":"mc88gl6slbk2iqk"},"id":"7889l33omsjxlqf","previousOperationId":"a8vnvqf0abzambr"}
{"type":"log","timestamp":1705074751838,"level":"debug","message":"Page request: GET (document) file:///tmp/jsreport/autocleanup/cc75b34b-e2cc-472e-85fe-aa3c4b0df8c7-chrome-pdf.html","meta":{"rootId":"mc88gl6slbk2iqk","id":"mc88gl6slbk2iqk"},"id":"9bernst29c6a3kg","previousOperationId":"a8vnvqf0abzambr"}
{"type":"log","timestamp":1705074751844,"level":"debug","message":"Page request: GET (stylesheet) https://cdnjs.cloudflare.com/ajax/libs/metro/4.1.5/css/metro.min.css","meta":{"rootId":"mc88gl6slbk2iqk","id":"mc88gl6slbk2iqk"},"id":"c3p1pa9es16qzcw","previousOperationId":"a8vnvqf0abzambr"}
{"type":"log","timestamp":1705074751844,"level":"debug","message":"Page request: GET (script) https://cdnjs.cloudflare.com/ajax/libs/Chart.js/2.7.2/Chart.min.js","meta":{"rootId":"mc88gl6slbk2iqk","id":"mc88gl6slbk2iqk"},"id":"dpouso839eetywf","previousOperationId":"a8vnvqf0abzambr"}
{"type":"log","timestamp":1705074751844,"level":"debug","message":"Page request finished: GET (document) 200 file:///tmp/jsreport/autocleanup/cc75b34b-e2cc-472e-85fe-aa3c4b0df8c7-chrome-pdf.html","meta":{"rootId":"mc88gl6slbk2iqk","id":"mc88gl6slbk2iqk"},"id":"yx2k7cgl6j7tf6v","previousOperationId":"a8vnvqf0abzambr"}
{"type":"log","timestamp":1705074751855,"level":"debug","message":"Page request finished: GET (stylesheet) 200 https://cdnjs.cloudflare.com/ajax/libs/metro/4.1.5/css/metro.min.css","meta":{"rootId":"mc88gl6slbk2iqk","id":"mc88gl6slbk2iqk"},"id":"4s3o7wiqzia2naa","previousOperationId":"a8vnvqf0abzambr"}
{"type":"log","timestamp":1705074751855,"level":"debug","message":"Page request finished: GET (script) 200 https://cdnjs.cloudflare.com/ajax/libs/Chart.js/2.7.2/Chart.min.js","meta":{"rootId":"mc88gl6slbk2iqk","id":"mc88gl6slbk2iqk"},"id":"guo5i79cqmj8n0f","previousOperationId":"a8vnvqf0abzambr"}
{"type":"log","timestamp":1705074751865,"level":"debug","message":"Running chrome with params {\"printBackground\":true,\"timeout\":59984,\"margin\":{}}","meta":{"rootId":"mc88gl6slbk2iqk","id":"mc88gl6slbk2iqk"},"id":"aa3ls2mtgjoygt4","previousOperationId":"a8vnvqf0abzambr"}
{"type":"operationEnd","operationId":"a8vnvqf0abzambr","timestamp":1705074751876,"id":"kjns1enmak1i2yr","previousEventId":"01byduyyz6wlwrj","previousOperationId":"a8vnvqf0abzambr"}
{"type":"log","timestamp":1705074751876,"level":"debug","message":"Skipping storing report.","meta":{"rootId":"mc88gl6slbk2iqk","id":"mc88gl6slbk2iqk"},"id":"7n7c7w93hw1tz31","previousOperationId":"a8vnvqf0abzambr"}
{"type":"log","timestamp":1705074751876,"level":"info","message":"Rendering request 6 finished in 74 ms","meta":{"rootId":"mc88gl6slbk2iqk","id":"mc88gl6slbk2iqk"},"id":"ul96etrvbwkcz6l","previousOperationId":"a8vnvqf0abzambr"}
{"type":"operationEnd","subtype":"render","operationId":"jtmu8eu5ivhh4vr","timestamp":1705074751876,"id":"70hzcsfcs78izle","previousEventId":"kjns1enmak1i2yr","previousOperationId":"a8vnvqf0abzambr"}
{"type":"operationEnd","doDiffs":false,"previousEventId":"0fygjsbs4y5hmka","previousOperationId":"fhxqqj55vuhtpeo","operationId":"fhxqqj55vuhtpeo","timestamp":1705074751880,"id":"g0l1qdq9n15n6nd"}
