{"type":"operationStart","subtype":"profile","data":{"_id":"PnwpjHmzJ6kWHXBd","timestamp":"2024-01-12T23:32:28.774Z","state":"queued","mode":"standard","creationDate":"2024-01-12T23:32:28.776Z","modificationDate":"2024-01-12T23:32:28.776Z","shortid":"1_jtZct","$entitySet":"profiles"},"doDiffs":false,"timestamp":1705102348775,"id":"f3o65ffyzv4uxjz","previousOperationId":null,"operationId":"amobg40lv8f5n3o"}
{"type":"log","level":"info","message":"Render request 12 queued for execution and waiting for available worker","previousOperationId":"amobg40lv8f5n3o","timestamp":1705102348775,"id":"0ub81ml8nbqdi9h"}
{"type":"operationStart","subtype":"render","name":"activities-users-main","previousOperationId":"amobg40lv8f5n3o","timestamp":1705102348786,"id":"capft61zf5rt1ow","previousEventId":"f3o65ffyzv4uxjz","operationId":"x5ae0kevjeh4t4y"}
{"type":"log","timestamp":1705102348786,"level":"info","message":"Starting rendering request 12","meta":{"rootId":"mmtxkbalkh4w8ui","id":"mmtxkbalkh4w8ui"},"id":"35g9aqs57104gp9","previousOperationId":"x5ae0kevjeh4t4y"}
{"type":"log","timestamp":1705102348787,"level":"info","message":"Rendering template { name: activities-users-main, recipe: chrome-pdf, engine: handlebars, preview: true }","meta":{"rootId":"mmtxkbalkh4w8ui","id":"mmtxkbalkh4w8ui"},"id":"bwkffap3jfl9i0j","previousOperationId":"x5ae0kevjeh4t4y"}
{"type":"log","timestamp":1705102348788,"level":"debug","message":"Data item not defined for this template.","meta":{"rootId":"mmtxkbalkh4w8ui","id":"mmtxkbalkh4w8ui"},"id":"tqm6gekvqf6wgo9","previousOperationId":"x5ae0kevjeh4t4y"}
{"type":"log","timestamp":1705102348791,"level":"debug","message":"Executing script users-script (beforeRender)","meta":{"rootId":"mmtxkbalkh4w8ui","id":"mmtxkbalkh4w8ui"},"id":"oagqk3r0yisy2ol","previousOperationId":"x5ae0kevjeh4t4y"}
{"type":"operationStart","subtype":"scriptsBeforeRender","name":"scripts beforeRender","timestamp":1705102348806,"id":"5qpasjfv95ezyld","previousEventId":"capft61zf5rt1ow","operationId":"tqe8q9yuj1s5y8z","previousOperationId":"x5ae0kevjeh4t4y"}
{"type":"operationStart","subtype":"script","name":"scripts users-script","previousOperationId":"tqe8q9yuj1s5y8z","timestamp":1705102348807,"id":"ryqk5hq809aqa67","previousEventId":"5qpasjfv95ezyld","operationId":"qag5wpr8reugev0"}
{"type":"log","timestamp":1705102348936,"level":"debug","message":"(console:log) activities------------------------------------","meta":{"userLevel":true,"rootId":"mmtxkbalkh4w8ui","id":"mmtxkbalkh4w8ui"},"id":"g1clc0326eeecrb","previousOperationId":"qag5wpr8reugev0"}
{"type":"log","timestamp":1705102348936,"level":"debug","message":"(console:log) undefined","meta":{"userLevel":true,"rootId":"mmtxkbalkh4w8ui","id":"mmtxkbalkh4w8ui"},"id":"pi4s0fry8tqx4e4","previousOperationId":"qag5wpr8reugev0"}
{"type":"log","timestamp":1705102348936,"level":"debug","message":"(console:log) activities------------------------------------","meta":{"userLevel":true,"rootId":"mmtxkbalkh4w8ui","id":"mmtxkbalkh4w8ui"},"id":"edfjsjc03d7ssf9","previousOperationId":"qag5wpr8reugev0"}
{"type":"operationEnd","operationId":"qag5wpr8reugev0","timestamp":1705102348937,"id":"1pprt5v17ezb3q5","previousEventId":"capft61zf5rt1ow","previousOperationId":"x5ae0kevjeh4t4y"}
{"type":"operationEnd","operationId":"tqe8q9yuj1s5y8z","timestamp":1705102348937,"id":"l6rjrn1zpy70z5n","previousEventId":"1pprt5v17ezb3q5","previousOperationId":"x5ae0kevjeh4t4y"}
{"type":"log","timestamp":1705102348937,"level":"debug","message":"Base url not specified, skipping its injection.","meta":{"rootId":"mmtxkbalkh4w8ui","id":"mmtxkbalkh4w8ui"},"id":"umj2j0wws408e2o","previousOperationId":"tqe8q9yuj1s5y8z"}
{"type":"operationStart","subtype":"engine","name":"handlebars","timestamp":1705102348937,"id":"sv5d6d42v6cc224","previousEventId":"l6rjrn1zpy70z5n","operationId":"md4zmy4itfmmx18","previousOperationId":"tqe8q9yuj1s5y8z"}
{"type":"log","timestamp":1705102348937,"level":"debug","message":"Rendering engine handlebars","meta":{"rootId":"mmtxkbalkh4w8ui","id":"mmtxkbalkh4w8ui"},"id":"sldk4vsyd8ob1sk","previousOperationId":"md4zmy4itfmmx18"}
{"type":"operationEnd","operationId":"md4zmy4itfmmx18","timestamp":1705102348951,"id":"ldnxx0e1g4cpul7","previousEventId":"sv5d6d42v6cc224","previousOperationId":"md4zmy4itfmmx18"}
{"type":"operationStart","subtype":"recipe","name":"chrome-pdf","timestamp":1705102348951,"id":"apii6yv755g6z7d","previousEventId":"ldnxx0e1g4cpul7","operationId":"ua2ov1xkzax9ft3","previousOperationId":"md4zmy4itfmmx18"}
{"type":"log","timestamp":1705102348951,"level":"debug","message":"Executing recipe chrome-pdf","meta":{"rootId":"mmtxkbalkh4w8ui","id":"mmtxkbalkh4w8ui"},"id":"1ks1f794rkf0zv3","previousOperationId":"ua2ov1xkzax9ft3"}
{"type":"log","timestamp":1705102348953,"level":"debug","message":"Converting with chrome HeadlessChrome/117.0.5938.149 using chrome-pool strategy","meta":{"rootId":"mmtxkbalkh4w8ui","id":"mmtxkbalkh4w8ui"},"id":"z75fhsf4a84770h","previousOperationId":"ua2ov1xkzax9ft3"}
{"type":"log","timestamp":1705102349008,"level":"debug","message":"Page request: GET (document) file:///tmp/jsreport/autocleanup/1433f9c6-d377-4c1c-838f-abdd21ee6732-chrome-pdf.html","meta":{"rootId":"mmtxkbalkh4w8ui","id":"mmtxkbalkh4w8ui"},"id":"p5xptoxq6liaqlg","previousOperationId":"ua2ov1xkzax9ft3"}
{"type":"log","timestamp":1705102349022,"level":"debug","message":"Page request: GET (stylesheet) https://cdnjs.cloudflare.com/ajax/libs/metro/4.1.5/css/metro.min.css","meta":{"rootId":"mmtxkbalkh4w8ui","id":"mmtxkbalkh4w8ui"},"id":"nc8kfjzy5whfsnx","previousOperationId":"ua2ov1xkzax9ft3"}
{"type":"log","timestamp":1705102349022,"level":"debug","message":"Page request: GET (script) https://cdnjs.cloudflare.com/ajax/libs/Chart.js/2.7.2/Chart.min.js","meta":{"rootId":"mmtxkbalkh4w8ui","id":"mmtxkbalkh4w8ui"},"id":"zt8cqrafmqji5ae","previousOperationId":"ua2ov1xkzax9ft3"}
{"type":"log","timestamp":1705102349023,"level":"debug","message":"Page request finished: GET (document) 200 file:///tmp/jsreport/autocleanup/1433f9c6-d377-4c1c-838f-abdd21ee6732-chrome-pdf.html","meta":{"rootId":"mmtxkbalkh4w8ui","id":"mmtxkbalkh4w8ui"},"id":"zd4r4uaannke2mf","previousOperationId":"ua2ov1xkzax9ft3"}
{"type":"log","timestamp":1705102349030,"level":"debug","message":"Page request finished: GET (script) 200 https://cdnjs.cloudflare.com/ajax/libs/Chart.js/2.7.2/Chart.min.js","meta":{"rootId":"mmtxkbalkh4w8ui","id":"mmtxkbalkh4w8ui"},"id":"iqt8f56ityefq8n","previousOperationId":"ua2ov1xkzax9ft3"}
{"type":"log","timestamp":1705102349048,"level":"debug","message":"Page request finished: GET (stylesheet) 200 https://cdnjs.cloudflare.com/ajax/libs/metro/4.1.5/css/metro.min.css","meta":{"rootId":"mmtxkbalkh4w8ui","id":"mmtxkbalkh4w8ui"},"id":"cq605m5lfqg7ul1","previousOperationId":"ua2ov1xkzax9ft3"}
{"type":"log","timestamp":1705102349065,"level":"debug","message":"Running chrome with params {\"printBackground\":true,\"timeout\":59822,\"margin\":{}}","meta":{"rootId":"mmtxkbalkh4w8ui","id":"mmtxkbalkh4w8ui"},"id":"2fui5nudv6eomb5","previousOperationId":"ua2ov1xkzax9ft3"}
{"type":"operationEnd","operationId":"ua2ov1xkzax9ft3","timestamp":1705102349097,"id":"6b90ivefcddtpev","previousEventId":"apii6yv755g6z7d","previousOperationId":"ua2ov1xkzax9ft3"}
{"type":"log","timestamp":1705102349097,"level":"debug","message":"Skipping storing report.","meta":{"rootId":"mmtxkbalkh4w8ui","id":"mmtxkbalkh4w8ui"},"id":"3xkdf6ekdxj4hyd","previousOperationId":"ua2ov1xkzax9ft3"}
{"type":"log","timestamp":1705102349098,"level":"info","message":"Rendering request 12 finished in 324 ms","meta":{"rootId":"mmtxkbalkh4w8ui","id":"mmtxkbalkh4w8ui"},"id":"cmn9j6zx926u8el","previousOperationId":"ua2ov1xkzax9ft3"}
{"type":"operationEnd","subtype":"render","operationId":"x5ae0kevjeh4t4y","timestamp":1705102349098,"id":"quq5t9b42frw4o3","previousEventId":"6b90ivefcddtpev","previousOperationId":"ua2ov1xkzax9ft3"}
{"type":"operationEnd","doDiffs":false,"previousEventId":"f3o65ffyzv4uxjz","previousOperationId":"amobg40lv8f5n3o","operationId":"amobg40lv8f5n3o","timestamp":1705102349102,"id":"ntzuiuj870e0uka"}
