{"type":"operationStart","subtype":"profile","data":{"_id":"K2A860ZeWz6WSQG4","timestamp":"2024-01-12T15:55:15.715Z","state":"queued","mode":"standard","creationDate":"2024-01-12T15:55:15.715Z","modificationDate":"2024-01-12T15:55:15.715Z","shortid":"HN8CQEY","$entitySet":"profiles"},"doDiffs":false,"timestamp":1705074915715,"id":"cuazzp5rdrue4ub","previousOperationId":null,"operationId":"vk02zstgp1na3kt"}
{"type":"log","level":"info","message":"Render request 12 queued for execution and waiting for available worker","previousOperationId":"vk02zstgp1na3kt","timestamp":1705074915715,"id":"zcf4lowxj4gbxyv"}
{"type":"operationStart","subtype":"render","name":"activities-users-main","previousOperationId":"vk02zstgp1na3kt","timestamp":1705074915719,"id":"d3dv489lqhi5s8c","previousEventId":"cuazzp5rdrue4ub","operationId":"3wv85pswyl2u9f1"}
{"type":"log","timestamp":1705074915719,"level":"info","message":"Starting rendering request 12","meta":{"rootId":"n1hc58siqtj39cq","id":"n1hc58siqtj39cq"},"id":"exzfpu8pn1vfpgg","previousOperationId":"3wv85pswyl2u9f1"}
{"type":"log","timestamp":1705074915719,"level":"info","message":"Rendering template { name: activities-users-main, recipe: chrome-pdf, engine: handlebars, preview: true }","meta":{"rootId":"n1hc58siqtj39cq","id":"n1hc58siqtj39cq"},"id":"ggitwd2c7ykwgby","previousOperationId":"3wv85pswyl2u9f1"}
{"type":"log","timestamp":1705074915719,"level":"debug","message":"Data item not defined for this template.","meta":{"rootId":"n1hc58siqtj39cq","id":"n1hc58siqtj39cq"},"id":"01k5s3oxyv3g1pr","previousOperationId":"3wv85pswyl2u9f1"}
{"type":"log","timestamp":1705074915721,"level":"debug","message":"Base url not specified, skipping its injection.","meta":{"rootId":"n1hc58siqtj39cq","id":"n1hc58siqtj39cq"},"id":"w8t00w5xkhd4i0r","previousOperationId":"3wv85pswyl2u9f1"}
{"type":"operationStart","subtype":"engine","name":"handlebars","timestamp":1705074915721,"id":"jfjoey1v8i9qozt","previousEventId":"d3dv489lqhi5s8c","operationId":"lkg7kxtu6o0upes","previousOperationId":"3wv85pswyl2u9f1"}
{"type":"log","timestamp":1705074915721,"level":"debug","message":"Rendering engine handlebars","meta":{"rootId":"n1hc58siqtj39cq","id":"n1hc58siqtj39cq"},"id":"d933av4k5krp20y","previousOperationId":"lkg7kxtu6o0upes"}
{"type":"operationEnd","operationId":"lkg7kxtu6o0upes","timestamp":1705074915727,"id":"tzlhxd3nliwcfnr","previousEventId":"jfjoey1v8i9qozt","previousOperationId":"lkg7kxtu6o0upes"}
{"type":"operationStart","subtype":"recipe","name":"chrome-pdf","timestamp":1705074915728,"id":"c09nuxo2z6pgpse","previousEventId":"tzlhxd3nliwcfnr","operationId":"zm2k8t0o0pp1uyi","previousOperationId":"lkg7kxtu6o0upes"}
{"type":"log","timestamp":1705074915728,"level":"debug","message":"Executing recipe chrome-pdf","meta":{"rootId":"n1hc58siqtj39cq","id":"n1hc58siqtj39cq"},"id":"sst5my91ns3d9jw","previousOperationId":"zm2k8t0o0pp1uyi"}
{"type":"log","timestamp":1705074915728,"level":"debug","message":"Converting with chrome HeadlessChrome/117.0.5938.149 using chrome-pool strategy","meta":{"rootId":"n1hc58siqtj39cq","id":"n1hc58siqtj39cq"},"id":"rrjgb45pr032e5m","previousOperationId":"zm2k8t0o0pp1uyi"}
{"type":"log","timestamp":1705074915749,"level":"debug","message":"Page request: GET (document) file:///tmp/jsreport/autocleanup/4e849794-071e-4ae2-8b96-c780427d40d0-chrome-pdf.html","meta":{"rootId":"n1hc58siqtj39cq","id":"n1hc58siqtj39cq"},"id":"ck4sppceou97col","previousOperationId":"zm2k8t0o0pp1uyi"}
{"type":"log","timestamp":1705074915755,"level":"debug","message":"Page request: GET (stylesheet) https://cdnjs.cloudflare.com/ajax/libs/metro/4.1.5/css/metro.min.css","meta":{"rootId":"n1hc58siqtj39cq","id":"n1hc58siqtj39cq"},"id":"qe4lz0ah8sgrwpc","previousOperationId":"zm2k8t0o0pp1uyi"}
{"type":"log","timestamp":1705074915755,"level":"debug","message":"Page request: GET (script) https://cdnjs.cloudflare.com/ajax/libs/Chart.js/2.7.2/Chart.min.js","meta":{"rootId":"n1hc58siqtj39cq","id":"n1hc58siqtj39cq"},"id":"l4fy4j0cwwocjmu","previousOperationId":"zm2k8t0o0pp1uyi"}
{"type":"log","timestamp":1705074915756,"level":"debug","message":"Page request finished: GET (document) 200 file:///tmp/jsreport/autocleanup/4e849794-071e-4ae2-8b96-c780427d40d0-chrome-pdf.html","meta":{"rootId":"n1hc58siqtj39cq","id":"n1hc58siqtj39cq"},"id":"hz99t1e45stfom3","previousOperationId":"zm2k8t0o0pp1uyi"}
{"type":"log","timestamp":1705074915759,"level":"debug","message":"Page request finished: GET (script) 200 https://cdnjs.cloudflare.com/ajax/libs/Chart.js/2.7.2/Chart.min.js","meta":{"rootId":"n1hc58siqtj39cq","id":"n1hc58siqtj39cq"},"id":"45abnt6w5bamu73","previousOperationId":"zm2k8t0o0pp1uyi"}
{"type":"log","timestamp":1705074915766,"level":"debug","message":"Page request finished: GET (stylesheet) 200 https://cdnjs.cloudflare.com/ajax/libs/metro/4.1.5/css/metro.min.css","meta":{"rootId":"n1hc58siqtj39cq","id":"n1hc58siqtj39cq"},"id":"8e4k9uccdiwpbu5","previousOperationId":"zm2k8t0o0pp1uyi"}
{"type":"log","timestamp":1705074915774,"level":"debug","message":"Running chrome with params {\"printBackground\":true,\"timeout\":59987,\"margin\":{}}","meta":{"rootId":"n1hc58siqtj39cq","id":"n1hc58siqtj39cq"},"id":"gtyxk0nqgiykoab","previousOperationId":"zm2k8t0o0pp1uyi"}
{"type":"operationEnd","operationId":"zm2k8t0o0pp1uyi","timestamp":1705074915786,"id":"7fh9evwy5765dow","previousEventId":"c09nuxo2z6pgpse","previousOperationId":"zm2k8t0o0pp1uyi"}
{"type":"log","timestamp":1705074915786,"level":"debug","message":"Skipping storing report.","meta":{"rootId":"n1hc58siqtj39cq","id":"n1hc58siqtj39cq"},"id":"o2s444wqjyx66ar","previousOperationId":"zm2k8t0o0pp1uyi"}
{"type":"log","timestamp":1705074915786,"level":"info","message":"Rendering request 12 finished in 71 ms","meta":{"rootId":"n1hc58siqtj39cq","id":"n1hc58siqtj39cq"},"id":"15b737da1e7fvxq","previousOperationId":"zm2k8t0o0pp1uyi"}
{"type":"operationEnd","subtype":"render","operationId":"3wv85pswyl2u9f1","timestamp":1705074915786,"id":"247wlaajnouzqmz","previousEventId":"7fh9evwy5765dow","previousOperationId":"zm2k8t0o0pp1uyi"}
{"type":"operationEnd","doDiffs":false,"previousEventId":"cuazzp5rdrue4ub","previousOperationId":"vk02zstgp1na3kt","operationId":"vk02zstgp1na3kt","timestamp":1705074915790,"id":"a7t5yromhbbrfdu"}
