{"type":"operationStart","subtype":"profile","data":{"_id":"sM3C80bSuD9OFDbV","timestamp":"2024-01-12T15:52:33.252Z","state":"queued","mode":"standard","creationDate":"2024-01-12T15:52:33.254Z","modificationDate":"2024-01-12T15:52:33.254Z","shortid":"qLtX1Dr","$entitySet":"profiles"},"doDiffs":false,"timestamp":1705074753253,"id":"drwmdyz6ujotymw","previousOperationId":null,"operationId":"8110hrirz1b0h70"}
{"type":"log","level":"info","message":"Render request 9 queued for execution and waiting for available worker","previousOperationId":"8110hrirz1b0h70","timestamp":1705074753254,"id":"t9837ywjv31qit2"}
{"type":"operationStart","subtype":"render","name":"activities-users-main","previousOperationId":"8110hrirz1b0h70","timestamp":1705074753259,"id":"d7w7a2dp16bji8e","previousEventId":"drwmdyz6ujotymw","operationId":"98t14k1fix4dqlb"}
{"type":"log","timestamp":1705074753259,"level":"info","message":"Starting rendering request 9","meta":{"rootId":"o7ibb8y4j1frjjh","id":"o7ibb8y4j1frjjh"},"id":"4w5l62ptfsnyzac","previousOperationId":"98t14k1fix4dqlb"}
{"type":"log","timestamp":1705074753259,"level":"info","message":"Rendering template { name: activities-users-main, recipe: chrome-pdf, engine: handlebars, preview: true }","meta":{"rootId":"o7ibb8y4j1frjjh","id":"o7ibb8y4j1frjjh"},"id":"hnlbndrscvdk1i8","previousOperationId":"98t14k1fix4dqlb"}
{"type":"log","timestamp":1705074753259,"level":"debug","message":"Data item not defined for this template.","meta":{"rootId":"o7ibb8y4j1frjjh","id":"o7ibb8y4j1frjjh"},"id":"quesssypm7sgdv2","previousOperationId":"98t14k1fix4dqlb"}
{"type":"log","timestamp":1705074753260,"level":"debug","message":"Base url not specified, skipping its injection.","meta":{"rootId":"o7ibb8y4j1frjjh","id":"o7ibb8y4j1frjjh"},"id":"pn92yn2730g4cc3","previousOperationId":"98t14k1fix4dqlb"}
{"type":"operationStart","subtype":"engine","name":"handlebars","timestamp":1705074753260,"id":"fcnsrzpkvyrsemm","previousEventId":"d7w7a2dp16bji8e","operationId":"opvuwn3ccn6zngs","previousOperationId":"98t14k1fix4dqlb"}
{"type":"log","timestamp":1705074753260,"level":"debug","message":"Rendering engine handlebars","meta":{"rootId":"o7ibb8y4j1frjjh","id":"o7ibb8y4j1frjjh"},"id":"2ss4byftnjpecic","previousOperationId":"opvuwn3ccn6zngs"}
{"type":"operationEnd","operationId":"opvuwn3ccn6zngs","timestamp":1705074753267,"id":"un27m484ncc9h2i","previousEventId":"fcnsrzpkvyrsemm","previousOperationId":"opvuwn3ccn6zngs"}
{"type":"operationStart","subtype":"recipe","name":"chrome-pdf","timestamp":1705074753267,"id":"wf432hdr9n3laww","previousEventId":"un27m484ncc9h2i","operationId":"5hud92odn2b55tf","previousOperationId":"opvuwn3ccn6zngs"}
{"type":"log","timestamp":1705074753267,"level":"debug","message":"Executing recipe chrome-pdf","meta":{"rootId":"o7ibb8y4j1frjjh","id":"o7ibb8y4j1frjjh"},"id":"hw9vole27kfx58f","previousOperationId":"5hud92odn2b55tf"}
{"type":"log","timestamp":1705074753268,"level":"debug","message":"Converting with chrome HeadlessChrome/117.0.5938.149 using chrome-pool strategy","meta":{"rootId":"o7ibb8y4j1frjjh","id":"o7ibb8y4j1frjjh"},"id":"gr1pvdn8zgm8my8","previousOperationId":"5hud92odn2b55tf"}
{"type":"log","timestamp":1705074753288,"level":"debug","message":"Page request: GET (document) file:///tmp/jsreport/autocleanup/a3ac5ac6-4280-4612-9f19-6b4e70c7dc2a-chrome-pdf.html","meta":{"rootId":"o7ibb8y4j1frjjh","id":"o7ibb8y4j1frjjh"},"id":"3oojk2z87xpae4g","previousOperationId":"5hud92odn2b55tf"}
{"type":"log","timestamp":1705074753293,"level":"debug","message":"Page request: GET (stylesheet) https://cdnjs.cloudflare.com/ajax/libs/metro/4.1.5/css/metro.min.css","meta":{"rootId":"o7ibb8y4j1frjjh","id":"o7ibb8y4j1frjjh"},"id":"2q63es0oqd2b29c","previousOperationId":"5hud92odn2b55tf"}
{"type":"log","timestamp":1705074753293,"level":"debug","message":"Page request: GET (script) https://cdnjs.cloudflare.com/ajax/libs/Chart.js/2.7.2/Chart.min.js","meta":{"rootId":"o7ibb8y4j1frjjh","id":"o7ibb8y4j1frjjh"},"id":"v945khtp1kdkdoo","previousOperationId":"5hud92odn2b55tf"}
{"type":"log","timestamp":1705074753293,"level":"debug","message":"Page request finished: GET (document) 200 file:///tmp/jsreport/autocleanup/a3ac5ac6-4280-4612-9f19-6b4e70c7dc2a-chrome-pdf.html","meta":{"rootId":"o7ibb8y4j1frjjh","id":"o7ibb8y4j1frjjh"},"id":"fc8tgw7gtc8zl55","previousOperationId":"5hud92odn2b55tf"}
{"type":"log","timestamp":1705074753297,"level":"debug","message":"Page request finished: GET (script) 200 https://cdnjs.cloudflare.com/ajax/libs/Chart.js/2.7.2/Chart.min.js","meta":{"rootId":"o7ibb8y4j1frjjh","id":"o7ibb8y4j1frjjh"},"id":"o9tnkrj263yene0","previousOperationId":"5hud92odn2b55tf"}
{"type":"log","timestamp":1705074753304,"level":"debug","message":"Page request finished: GET (stylesheet) 200 https://cdnjs.cloudflare.com/ajax/libs/metro/4.1.5/css/metro.min.css","meta":{"rootId":"o7ibb8y4j1frjjh","id":"o7ibb8y4j1frjjh"},"id":"wy0vmqkqbwf028o","previousOperationId":"5hud92odn2b55tf"}
{"type":"log","timestamp":1705074753309,"level":"debug","message":"Running chrome with params {\"printBackground\":true,\"timeout\":59984,\"margin\":{}}","meta":{"rootId":"o7ibb8y4j1frjjh","id":"o7ibb8y4j1frjjh"},"id":"9uogz1mk1ldpu8m","previousOperationId":"5hud92odn2b55tf"}
{"type":"operationEnd","operationId":"5hud92odn2b55tf","timestamp":1705074753320,"id":"mompy5rbgguyjlo","previousEventId":"wf432hdr9n3laww","previousOperationId":"5hud92odn2b55tf"}
{"type":"log","timestamp":1705074753320,"level":"debug","message":"Skipping storing report.","meta":{"rootId":"o7ibb8y4j1frjjh","id":"o7ibb8y4j1frjjh"},"id":"q922fezumsmnp60","previousOperationId":"5hud92odn2b55tf"}
{"type":"log","timestamp":1705074753320,"level":"info","message":"Rendering request 9 finished in 68 ms","meta":{"rootId":"o7ibb8y4j1frjjh","id":"o7ibb8y4j1frjjh"},"id":"z93i1tb6klfpgij","previousOperationId":"5hud92odn2b55tf"}
{"type":"operationEnd","subtype":"render","operationId":"98t14k1fix4dqlb","timestamp":1705074753320,"id":"d8r4brzd8ulpkxu","previousEventId":"mompy5rbgguyjlo","previousOperationId":"5hud92odn2b55tf"}
{"type":"operationEnd","doDiffs":false,"previousEventId":"drwmdyz6ujotymw","previousOperationId":"8110hrirz1b0h70","operationId":"8110hrirz1b0h70","timestamp":1705074753325,"id":"u2hdv4237t87k8q"}
