{"type":"operationStart","subtype":"profile","data":{"_id":"3bgeTzfxC07blSe4","timestamp":"2024-01-14T23:56:18.294Z","state":"queued","mode":"standard","creationDate":"2024-01-14T23:56:18.294Z","modificationDate":"2024-01-14T23:56:18.294Z","shortid":"xTbUYW-","$entitySet":"profiles"},"doDiffs":false,"timestamp":1705276578294,"id":"vy7v1lw0o1x000p","previousOperationId":null,"operationId":"jah385lx9ng9wmd"}
{"type":"log","level":"info","message":"Render request 7 queued for execution and waiting for available worker","previousOperationId":"jah385lx9ng9wmd","timestamp":1705276578294,"id":"ktyuykl4hylw9y4"}
{"type":"operationStart","subtype":"render","name":"activities-users-main","previousOperationId":"jah385lx9ng9wmd","timestamp":1705276578299,"id":"pbj6b0xpyrwmdbq","previousEventId":"vy7v1lw0o1x000p","operationId":"h04nmppcyie3g9e"}
{"type":"log","timestamp":1705276578299,"level":"info","message":"Starting rendering request 7","meta":{"rootId":"oglkowx6rkoldnk","id":"oglkowx6rkoldnk"},"id":"sl824no6s5owzat","previousOperationId":"h04nmppcyie3g9e"}
{"type":"log","timestamp":1705276578299,"level":"info","message":"Rendering template { name: activities-users-main, recipe: chrome-pdf, engine: handlebars, preview: true }","meta":{"rootId":"oglkowx6rkoldnk","id":"oglkowx6rkoldnk"},"id":"6uqzvy0fjzdfk9o","previousOperationId":"h04nmppcyie3g9e"}
{"type":"log","timestamp":1705276578299,"level":"debug","message":"Data item not defined for this template.","meta":{"rootId":"oglkowx6rkoldnk","id":"oglkowx6rkoldnk"},"id":"j3z019x4we9ufg2","previousOperationId":"h04nmppcyie3g9e"}
{"type":"log","timestamp":1705276578301,"level":"debug","message":"Executing script users-script (beforeRender)","meta":{"rootId":"oglkowx6rkoldnk","id":"oglkowx6rkoldnk"},"id":"m6ys1hfm15m2wsw","previousOperationId":"h04nmppcyie3g9e"}
{"type":"operationStart","subtype":"scriptsBeforeRender","name":"scripts beforeRender","timestamp":1705276578307,"id":"u63hnjshr712ofn","previousEventId":"pbj6b0xpyrwmdbq","operationId":"oj44axy8ecbk6nf","previousOperationId":"h04nmppcyie3g9e"}
{"type":"operationStart","subtype":"script","name":"scripts users-script","previousOperationId":"oj44axy8ecbk6nf","timestamp":1705276578307,"id":"ptpt45t7ezph36e","previousEventId":"u63hnjshr712ofn","operationId":"le3syix497asiqr"}
{"type":"log","timestamp":1705276578348,"level":"debug","message":"(console:error) Error fetching activities: ReferenceError: helpers is not defined\n    at Object.beforeRender (sandbox.js:15:28)\n    at process.processTicksAndRejections (node:internal/process/task_queues:95:5)\n    at async executionFn (/home/ruby/workspace/React_RoR/jsreportapp/node_modules/@jsreport/jsreport-scripts/lib/executeScript.js:67:11)\n    at async run (/home/ruby/workspace/React_RoR/jsreportapp/node_modules/@jsreport/jsreport-core/lib/worker/sandbox/createSandbox.js:137:16)\n    at async WorkerReporter.runInSandbox [as _runInSandbox] (/home/ruby/workspace/React_RoR/jsreportapp/node_modules/@jsreport/jsreport-core/lib/worker/sandbox/runInSandbox.js:195:14)\n    at async executeScript (/home/ruby/workspace/React_RoR/jsreportapp/node_modules/@jsreport/jsreport-scripts/lib/executeScript.js:122:12)\n    at async Scripts._runScript (/home/ruby/workspace/React_RoR/jsreportapp/node_modules/@jsreport/jsreport-scripts/lib/worker.js:140:30)\n    at async Scripts.handleBeforeRender (/home/ruby/workspace/React_RoR/jsreportapp/node_modules/@jsreport/jsreport-scripts/lib/worker.js:64:7)\n    at async ListenerCollection.fire (/home/ruby/workspace/React_RoR/jsreportapp/node_modules/@jsreport/jsreport-core/lib/shared/listenerCollection.js:157:21)\n    at async beforeRender (/home/ruby/workspace/React_RoR/jsreportapp/node_modules/@jsreport/jsreport-core/lib/worker/render/render.js:24:5)","meta":{"userLevel":true,"rootId":"oglkowx6rkoldnk","id":"oglkowx6rkoldnk"},"id":"3h7e0ucmmf63a83","previousOperationId":"le3syix497asiqr"}
{"type":"operationEnd","operationId":"le3syix497asiqr","timestamp":1705276578349,"id":"8ynat6z9162isa6","previousEventId":"pbj6b0xpyrwmdbq","previousOperationId":"h04nmppcyie3g9e"}
{"type":"operationEnd","operationId":"oj44axy8ecbk6nf","timestamp":1705276578349,"id":"grseekic3rztth3","previousEventId":"8ynat6z9162isa6","previousOperationId":"h04nmppcyie3g9e"}
{"type":"log","timestamp":1705276578349,"level":"debug","message":"Base url not specified, skipping its injection.","meta":{"rootId":"oglkowx6rkoldnk","id":"oglkowx6rkoldnk"},"id":"lr1khdy2cxzxt6o","previousOperationId":"oj44axy8ecbk6nf"}
{"type":"operationStart","subtype":"engine","name":"handlebars","timestamp":1705276578349,"id":"135elvipkrzrrb1","previousEventId":"grseekic3rztth3","operationId":"kkq99hgydhxx8ii","previousOperationId":"oj44axy8ecbk6nf"}
{"type":"log","timestamp":1705276578349,"level":"debug","message":"Rendering engine handlebars","meta":{"rootId":"oglkowx6rkoldnk","id":"oglkowx6rkoldnk"},"id":"mga5iqmwhcejv2g","previousOperationId":"kkq99hgydhxx8ii"}
{"type":"operationEnd","operationId":"kkq99hgydhxx8ii","timestamp":1705276578355,"id":"z8b7zulp5wa9se1","previousEventId":"135elvipkrzrrb1","previousOperationId":"kkq99hgydhxx8ii"}
{"type":"operationStart","subtype":"recipe","name":"chrome-pdf","timestamp":1705276578355,"id":"960pvxubtpk928s","previousEventId":"z8b7zulp5wa9se1","operationId":"dncx320hrovoot2","previousOperationId":"kkq99hgydhxx8ii"}
{"type":"log","timestamp":1705276578355,"level":"debug","message":"Executing recipe chrome-pdf","meta":{"rootId":"oglkowx6rkoldnk","id":"oglkowx6rkoldnk"},"id":"j8dwe22n94544i4","previousOperationId":"dncx320hrovoot2"}
{"type":"log","timestamp":1705276578356,"level":"debug","message":"Converting with chrome HeadlessChrome/117.0.5938.149 using chrome-pool strategy","meta":{"rootId":"oglkowx6rkoldnk","id":"oglkowx6rkoldnk"},"id":"7v8ivn6s501sy8i","previousOperationId":"dncx320hrovoot2"}
{"type":"log","timestamp":1705276578379,"level":"debug","message":"Page request: GET (document) file:///tmp/jsreport/autocleanup/9517cb0e-bd4e-4415-ba59-51ea69cdca82-chrome-pdf.html","meta":{"rootId":"oglkowx6rkoldnk","id":"oglkowx6rkoldnk"},"id":"nxju7jrteuop65i","previousOperationId":"dncx320hrovoot2"}
{"type":"log","timestamp":1705276578386,"level":"debug","message":"Page request: GET (stylesheet) https://cdn.jsdelivr.net/chartist.js/latest/chartist.min.css","meta":{"rootId":"oglkowx6rkoldnk","id":"oglkowx6rkoldnk"},"id":"dt5ywq5hiiua8zp","previousOperationId":"dncx320hrovoot2"}
{"type":"log","timestamp":1705276578386,"level":"debug","message":"Page request: GET (script) https://cdn.jsdelivr.net/chartist.js/latest/chartist.min.js","meta":{"rootId":"oglkowx6rkoldnk","id":"oglkowx6rkoldnk"},"id":"truj5kqe6zj5i2a","previousOperationId":"dncx320hrovoot2"}
{"type":"log","timestamp":1705276578386,"level":"debug","message":"Page request finished: GET (document) 200 file:///tmp/jsreport/autocleanup/9517cb0e-bd4e-4415-ba59-51ea69cdca82-chrome-pdf.html","meta":{"rootId":"oglkowx6rkoldnk","id":"oglkowx6rkoldnk"},"id":"ee2dj4mqkoj00g9","previousOperationId":"dncx320hrovoot2"}
{"type":"log","timestamp":1705276578388,"level":"debug","message":"Page request finished: GET (stylesheet) 200 https://cdn.jsdelivr.net/chartist.js/latest/chartist.min.css","meta":{"rootId":"oglkowx6rkoldnk","id":"oglkowx6rkoldnk"},"id":"ein2mmsid5fakks","previousOperationId":"dncx320hrovoot2"}
{"type":"log","timestamp":1705276578388,"level":"debug","message":"Page request finished: GET (script) 200 https://cdn.jsdelivr.net/chartist.js/latest/chartist.min.js","meta":{"rootId":"oglkowx6rkoldnk","id":"oglkowx6rkoldnk"},"id":"4f5eb4eiwya9ms3","previousOperationId":"dncx320hrovoot2"}
{"type":"log","timestamp":1705276578396,"level":"debug","message":"Running chrome with params {\"printBackground\":true,\"timeout\":59937,\"margin\":{}}","meta":{"rootId":"oglkowx6rkoldnk","id":"oglkowx6rkoldnk"},"id":"dkhcqalmj082aej","previousOperationId":"dncx320hrovoot2"}
{"type":"operationEnd","operationId":"dncx320hrovoot2","timestamp":1705276578408,"id":"kazo5nw2yt8o2uz","previousEventId":"960pvxubtpk928s","previousOperationId":"dncx320hrovoot2"}
{"type":"log","timestamp":1705276578408,"level":"debug","message":"Skipping storing report.","meta":{"rootId":"oglkowx6rkoldnk","id":"oglkowx6rkoldnk"},"id":"vezgm5sabbmx2cd","previousOperationId":"dncx320hrovoot2"}
{"type":"log","timestamp":1705276578408,"level":"info","message":"Rendering request 7 finished in 115 ms","meta":{"rootId":"oglkowx6rkoldnk","id":"oglkowx6rkoldnk"},"id":"3t7xkatrc3yswjd","previousOperationId":"dncx320hrovoot2"}
{"type":"operationEnd","subtype":"render","operationId":"h04nmppcyie3g9e","timestamp":1705276578408,"id":"25sz0wmrbe4l0t0","previousEventId":"kazo5nw2yt8o2uz","previousOperationId":"dncx320hrovoot2"}
{"type":"operationEnd","doDiffs":false,"previousEventId":"vy7v1lw0o1x000p","previousOperationId":"jah385lx9ng9wmd","operationId":"jah385lx9ng9wmd","timestamp":1705276578413,"id":"6naywd64d6yldmu"}
