{"type":"operationStart","subtype":"profile","data":{"_id":"WhyRtBqOYO9mrURx","timestamp":"2024-01-12T23:44:00.645Z","state":"queued","mode":"standard","creationDate":"2024-01-12T23:44:00.647Z","modificationDate":"2024-01-12T23:44:00.647Z","shortid":"CTXZzu5","$entitySet":"profiles"},"doDiffs":false,"timestamp":1705103040646,"id":"11yr2r56jk9g3vz","previousOperationId":null,"operationId":"3c05dm83xsvh8i8"}
{"type":"log","level":"info","message":"Render request 11 queued for execution and waiting for available worker","previousOperationId":"3c05dm83xsvh8i8","timestamp":1705103040646,"id":"4pltpyuaqy4i27h"}
{"type":"operationStart","subtype":"render","name":"activities-users-main","previousOperationId":"3c05dm83xsvh8i8","timestamp":1705103040660,"id":"am27xag3qnkzrpx","previousEventId":"11yr2r56jk9g3vz","operationId":"ud3kpl8jh3d738t"}
{"type":"log","timestamp":1705103040660,"level":"info","message":"Starting rendering request 11","meta":{"rootId":"pinicny73tbt7nr","id":"pinicny73tbt7nr"},"id":"o8vyauqrgaqxavr","previousOperationId":"ud3kpl8jh3d738t"}
{"type":"log","timestamp":1705103040660,"level":"info","message":"Rendering template { name: activities-users-main, recipe: chrome-pdf, engine: handlebars, preview: true }","meta":{"rootId":"pinicny73tbt7nr","id":"pinicny73tbt7nr"},"id":"bx27yiyte71w4ag","previousOperationId":"ud3kpl8jh3d738t"}
{"type":"log","timestamp":1705103040661,"level":"debug","message":"Data item not defined for this template.","meta":{"rootId":"pinicny73tbt7nr","id":"pinicny73tbt7nr"},"id":"xz8c15r3og4ea8k","previousOperationId":"ud3kpl8jh3d738t"}
{"type":"log","timestamp":1705103040664,"level":"debug","message":"Executing script users-script (beforeRender)","meta":{"rootId":"pinicny73tbt7nr","id":"pinicny73tbt7nr"},"id":"s9uzibxphg1lrho","previousOperationId":"ud3kpl8jh3d738t"}
{"type":"operationStart","subtype":"scriptsBeforeRender","name":"scripts beforeRender","timestamp":1705103040681,"id":"h9py9ws7tjj0vzb","previousEventId":"am27xag3qnkzrpx","operationId":"9321r44zpnwdi9s","previousOperationId":"ud3kpl8jh3d738t"}
{"type":"operationStart","subtype":"script","name":"scripts users-script","previousOperationId":"9321r44zpnwdi9s","timestamp":1705103040681,"id":"nkwhjgnd7kga5yt","previousEventId":"h9py9ws7tjj0vzb","operationId":"u8c5a5jy0plmhnb"}
{"type":"operationEnd","operationId":"u8c5a5jy0plmhnb","timestamp":1705103040817,"id":"lvika04fjmt6cvm","previousEventId":"am27xag3qnkzrpx","previousOperationId":"ud3kpl8jh3d738t"}
{"type":"operationEnd","operationId":"9321r44zpnwdi9s","timestamp":1705103040817,"id":"uz3g24gpijdrrs3","previousEventId":"lvika04fjmt6cvm","previousOperationId":"ud3kpl8jh3d738t"}
{"type":"log","timestamp":1705103040817,"level":"debug","message":"Base url not specified, skipping its injection.","meta":{"rootId":"pinicny73tbt7nr","id":"pinicny73tbt7nr"},"id":"m71dnc0ngiks7ia","previousOperationId":"9321r44zpnwdi9s"}
{"type":"operationStart","subtype":"engine","name":"handlebars","timestamp":1705103040818,"id":"jyalgz12tqiq55h","previousEventId":"uz3g24gpijdrrs3","operationId":"9t3aozk9g3wwko6","previousOperationId":"9321r44zpnwdi9s"}
{"type":"log","timestamp":1705103040818,"level":"debug","message":"Rendering engine handlebars","meta":{"rootId":"pinicny73tbt7nr","id":"pinicny73tbt7nr"},"id":"rla9jdr5x6vx3c2","previousOperationId":"9t3aozk9g3wwko6"}
{"type":"operationEnd","operationId":"9t3aozk9g3wwko6","timestamp":1705103040833,"id":"ihzjj9teg121k8f","previousEventId":"jyalgz12tqiq55h","previousOperationId":"9t3aozk9g3wwko6"}
{"type":"operationStart","subtype":"recipe","name":"chrome-pdf","timestamp":1705103040833,"id":"oilic8e14mfoobn","previousEventId":"ihzjj9teg121k8f","operationId":"5c3xmp4w5x9gcjm","previousOperationId":"9t3aozk9g3wwko6"}
{"type":"log","timestamp":1705103040833,"level":"debug","message":"Executing recipe chrome-pdf","meta":{"rootId":"pinicny73tbt7nr","id":"pinicny73tbt7nr"},"id":"3w417rk178epabb","previousOperationId":"5c3xmp4w5x9gcjm"}
{"type":"log","timestamp":1705103040836,"level":"debug","message":"Converting with chrome HeadlessChrome/117.0.5938.149 using chrome-pool strategy","meta":{"rootId":"pinicny73tbt7nr","id":"pinicny73tbt7nr"},"id":"h3rfn4u5750uihg","previousOperationId":"5c3xmp4w5x9gcjm"}
{"type":"log","timestamp":1705103040896,"level":"debug","message":"Page request: GET (document) file:///tmp/jsreport/autocleanup/52cffe40-01b9-4378-b1e7-5ada05d37806-chrome-pdf.html","meta":{"rootId":"pinicny73tbt7nr","id":"pinicny73tbt7nr"},"id":"63b29ech27axr65","previousOperationId":"5c3xmp4w5x9gcjm"}
{"type":"log","timestamp":1705103040914,"level":"debug","message":"Page request: GET (stylesheet) https://cdnjs.cloudflare.com/ajax/libs/metro/4.1.5/css/metro.min.css","meta":{"rootId":"pinicny73tbt7nr","id":"pinicny73tbt7nr"},"id":"8rz19nz2ixrbbog","previousOperationId":"5c3xmp4w5x9gcjm"}
{"type":"log","timestamp":1705103040914,"level":"debug","message":"Page request: GET (script) https://cdnjs.cloudflare.com/ajax/libs/Chart.js/2.7.2/Chart.min.js","meta":{"rootId":"pinicny73tbt7nr","id":"pinicny73tbt7nr"},"id":"gskadqnlio1gl99","previousOperationId":"5c3xmp4w5x9gcjm"}
{"type":"log","timestamp":1705103040914,"level":"debug","message":"Page request finished: GET (document) 200 file:///tmp/jsreport/autocleanup/52cffe40-01b9-4378-b1e7-5ada05d37806-chrome-pdf.html","meta":{"rootId":"pinicny73tbt7nr","id":"pinicny73tbt7nr"},"id":"bz2v8jxj4rncdg5","previousOperationId":"5c3xmp4w5x9gcjm"}
{"type":"log","timestamp":1705103040921,"level":"debug","message":"Page request finished: GET (script) 200 https://cdnjs.cloudflare.com/ajax/libs/Chart.js/2.7.2/Chart.min.js","meta":{"rootId":"pinicny73tbt7nr","id":"pinicny73tbt7nr"},"id":"09eid1un5mu31ld","previousOperationId":"5c3xmp4w5x9gcjm"}
{"type":"log","timestamp":1705103040939,"level":"debug","message":"Page request finished: GET (stylesheet) 200 https://cdnjs.cloudflare.com/ajax/libs/metro/4.1.5/css/metro.min.css","meta":{"rootId":"pinicny73tbt7nr","id":"pinicny73tbt7nr"},"id":"uebek467xs9jo87","previousOperationId":"5c3xmp4w5x9gcjm"}
{"type":"log","timestamp":1705103040957,"level":"debug","message":"Running chrome with params {\"printBackground\":true,\"timeout\":59809,\"margin\":{}}","meta":{"rootId":"pinicny73tbt7nr","id":"pinicny73tbt7nr"},"id":"lu8pctnvkanz6uv","previousOperationId":"5c3xmp4w5x9gcjm"}
{"type":"operationEnd","operationId":"5c3xmp4w5x9gcjm","timestamp":1705103040988,"id":"krhkbxeo8a2xbt5","previousEventId":"oilic8e14mfoobn","previousOperationId":"5c3xmp4w5x9gcjm"}
{"type":"log","timestamp":1705103040988,"level":"debug","message":"Skipping storing report.","meta":{"rootId":"pinicny73tbt7nr","id":"pinicny73tbt7nr"},"id":"cwwifrzop9kb5p5","previousOperationId":"5c3xmp4w5x9gcjm"}
{"type":"log","timestamp":1705103040989,"level":"info","message":"Rendering request 11 finished in 345 ms","meta":{"rootId":"pinicny73tbt7nr","id":"pinicny73tbt7nr"},"id":"gclcy1svcqjx7ck","previousOperationId":"5c3xmp4w5x9gcjm"}
{"type":"operationEnd","subtype":"render","operationId":"ud3kpl8jh3d738t","timestamp":1705103040989,"id":"e73j6h6594ci0f4","previousEventId":"krhkbxeo8a2xbt5","previousOperationId":"5c3xmp4w5x9gcjm"}
{"type":"operationEnd","doDiffs":false,"previousEventId":"11yr2r56jk9g3vz","previousOperationId":"3c05dm83xsvh8i8","operationId":"3c05dm83xsvh8i8","timestamp":1705103040994,"id":"8iazqy3n1g88jda"}
