{"type":"operationStart","subtype":"profile","data":{"_id":"IHiNEE7y9unkpNON","timestamp":"2024-01-14T23:56:27.742Z","state":"queued","mode":"standard","creationDate":"2024-01-14T23:56:27.742Z","modificationDate":"2024-01-14T23:56:27.742Z","shortid":"sIFuJOY","$entitySet":"profiles"},"doDiffs":false,"timestamp":1705276587742,"id":"ajqxdcg1lk7flx3","previousOperationId":null,"operationId":"glt4zhwd0bhwkqe"}
{"type":"log","level":"info","message":"Render request 8 queued for execution and waiting for available worker","previousOperationId":"glt4zhwd0bhwkqe","timestamp":1705276587742,"id":"gjo5p4n8ig5qm2e"}
{"type":"operationStart","subtype":"render","name":"activities-users-main","previousOperationId":"glt4zhwd0bhwkqe","timestamp":1705276587747,"id":"07zrozteqmzrep0","previousEventId":"ajqxdcg1lk7flx3","operationId":"cp7qizilw17a673"}
{"type":"log","timestamp":1705276587747,"level":"info","message":"Starting rendering request 8","meta":{"rootId":"pljrdcd1byiynnt","id":"pljrdcd1byiynnt"},"id":"7g6w8qsemt90o0o","previousOperationId":"cp7qizilw17a673"}
{"type":"log","timestamp":1705276587747,"level":"info","message":"Rendering template { name: activities-users-main, recipe: chrome-pdf, engine: handlebars, preview: true }","meta":{"rootId":"pljrdcd1byiynnt","id":"pljrdcd1byiynnt"},"id":"skn3koq74drxomh","previousOperationId":"cp7qizilw17a673"}
{"type":"log","timestamp":1705276587748,"level":"debug","message":"Data item not defined for this template.","meta":{"rootId":"pljrdcd1byiynnt","id":"pljrdcd1byiynnt"},"id":"5nkipwiu8u2cihn","previousOperationId":"cp7qizilw17a673"}
{"type":"log","timestamp":1705276587749,"level":"debug","message":"Executing script users-script (beforeRender)","meta":{"rootId":"pljrdcd1byiynnt","id":"pljrdcd1byiynnt"},"id":"21tvgmaltirf825","previousOperationId":"cp7qizilw17a673"}
{"type":"operationStart","subtype":"scriptsBeforeRender","name":"scripts beforeRender","timestamp":1705276587761,"id":"znqt2lucxioor0b","previousEventId":"07zrozteqmzrep0","operationId":"iloo8n3itkhlqgq","previousOperationId":"cp7qizilw17a673"}
{"type":"operationStart","subtype":"script","name":"scripts users-script","previousOperationId":"iloo8n3itkhlqgq","timestamp":1705276587761,"id":"i4zrq3uuhs1m9cc","previousEventId":"znqt2lucxioor0b","operationId":"fl2jsqij26a1wax"}
{"type":"operationEnd","operationId":"fl2jsqij26a1wax","timestamp":1705276587808,"id":"uhpmkx62fvdt4nn","previousEventId":"07zrozteqmzrep0","previousOperationId":"cp7qizilw17a673"}
{"type":"operationEnd","operationId":"iloo8n3itkhlqgq","timestamp":1705276587808,"id":"lc4092j4ph2418s","previousEventId":"uhpmkx62fvdt4nn","previousOperationId":"cp7qizilw17a673"}
{"type":"log","timestamp":1705276587808,"level":"debug","message":"Base url not specified, skipping its injection.","meta":{"rootId":"pljrdcd1byiynnt","id":"pljrdcd1byiynnt"},"id":"9z50xjdd03m3uuy","previousOperationId":"iloo8n3itkhlqgq"}
{"type":"operationStart","subtype":"engine","name":"handlebars","timestamp":1705276587809,"id":"i3phnzpu5n1m19n","previousEventId":"lc4092j4ph2418s","operationId":"jgb90huoh17x8ui","previousOperationId":"iloo8n3itkhlqgq"}
{"type":"log","timestamp":1705276587809,"level":"debug","message":"Rendering engine handlebars","meta":{"rootId":"pljrdcd1byiynnt","id":"pljrdcd1byiynnt"},"id":"z8nw8ul8sdm3dwm","previousOperationId":"jgb90huoh17x8ui"}
{"type":"operationEnd","operationId":"jgb90huoh17x8ui","timestamp":1705276587814,"id":"ojfx2yzuxlnqxks","previousEventId":"i3phnzpu5n1m19n","previousOperationId":"jgb90huoh17x8ui"}
{"type":"operationStart","subtype":"recipe","name":"chrome-pdf","timestamp":1705276587814,"id":"bbadzg1442r3x18","previousEventId":"ojfx2yzuxlnqxks","operationId":"g1ayhewtipm0kjb","previousOperationId":"jgb90huoh17x8ui"}
{"type":"log","timestamp":1705276587814,"level":"debug","message":"Executing recipe chrome-pdf","meta":{"rootId":"pljrdcd1byiynnt","id":"pljrdcd1byiynnt"},"id":"aiiyzlfl7d07r92","previousOperationId":"g1ayhewtipm0kjb"}
{"type":"log","timestamp":1705276587816,"level":"debug","message":"Converting with chrome HeadlessChrome/117.0.5938.149 using chrome-pool strategy","meta":{"rootId":"pljrdcd1byiynnt","id":"pljrdcd1byiynnt"},"id":"ett6p1jjwhthta6","previousOperationId":"g1ayhewtipm0kjb"}
{"type":"log","timestamp":1705276587839,"level":"debug","message":"Page request: GET (document) file:///tmp/jsreport/autocleanup/d6d69669-330d-4c3d-873e-19a56de78421-chrome-pdf.html","meta":{"rootId":"pljrdcd1byiynnt","id":"pljrdcd1byiynnt"},"id":"glykfea7fcn82zl","previousOperationId":"g1ayhewtipm0kjb"}
{"type":"log","timestamp":1705276587845,"level":"debug","message":"Page request: GET (stylesheet) https://cdn.jsdelivr.net/chartist.js/latest/chartist.min.css","meta":{"rootId":"pljrdcd1byiynnt","id":"pljrdcd1byiynnt"},"id":"nv1hj5fwn0rli98","previousOperationId":"g1ayhewtipm0kjb"}
{"type":"log","timestamp":1705276587845,"level":"debug","message":"Page request: GET (script) https://cdn.jsdelivr.net/chartist.js/latest/chartist.min.js","meta":{"rootId":"pljrdcd1byiynnt","id":"pljrdcd1byiynnt"},"id":"1kg33yyehp7igbi","previousOperationId":"g1ayhewtipm0kjb"}
{"type":"log","timestamp":1705276587846,"level":"debug","message":"Page request finished: GET (document) 200 file:///tmp/jsreport/autocleanup/d6d69669-330d-4c3d-873e-19a56de78421-chrome-pdf.html","meta":{"rootId":"pljrdcd1byiynnt","id":"pljrdcd1byiynnt"},"id":"pb5yfiisrtq1u4z","previousOperationId":"g1ayhewtipm0kjb"}
{"type":"log","timestamp":1705276587848,"level":"debug","message":"Page request finished: GET (stylesheet) 200 https://cdn.jsdelivr.net/chartist.js/latest/chartist.min.css","meta":{"rootId":"pljrdcd1byiynnt","id":"pljrdcd1byiynnt"},"id":"csxfr8l0gowhswn","previousOperationId":"g1ayhewtipm0kjb"}
{"type":"log","timestamp":1705276587848,"level":"debug","message":"Page request finished: GET (script) 200 https://cdn.jsdelivr.net/chartist.js/latest/chartist.min.js","meta":{"rootId":"pljrdcd1byiynnt","id":"pljrdcd1byiynnt"},"id":"asm4w8jv9n7j3fl","previousOperationId":"g1ayhewtipm0kjb"}
{"type":"log","timestamp":1705276587857,"level":"debug","message":"Running chrome with params {\"printBackground\":true,\"timeout\":59927,\"margin\":{}}","meta":{"rootId":"pljrdcd1byiynnt","id":"pljrdcd1byiynnt"},"id":"njo04lp3m9zi6om","previousOperationId":"g1ayhewtipm0kjb"}
{"type":"operationEnd","operationId":"g1ayhewtipm0kjb","timestamp":1705276587868,"id":"agajsftudldj6ss","previousEventId":"bbadzg1442r3x18","previousOperationId":"g1ayhewtipm0kjb"}
{"type":"log","timestamp":1705276587868,"level":"debug","message":"Skipping storing report.","meta":{"rootId":"pljrdcd1byiynnt","id":"pljrdcd1byiynnt"},"id":"66yutt737kqlaoh","previousOperationId":"g1ayhewtipm0kjb"}
{"type":"log","timestamp":1705276587868,"level":"info","message":"Rendering request 8 finished in 126 ms","meta":{"rootId":"pljrdcd1byiynnt","id":"pljrdcd1byiynnt"},"id":"t0yblvgm3r52lpi","previousOperationId":"g1ayhewtipm0kjb"}
{"type":"operationEnd","subtype":"render","operationId":"cp7qizilw17a673","timestamp":1705276587868,"id":"7b6haba74r22cjl","previousEventId":"agajsftudldj6ss","previousOperationId":"g1ayhewtipm0kjb"}
{"type":"operationEnd","doDiffs":false,"previousEventId":"ajqxdcg1lk7flx3","previousOperationId":"glt4zhwd0bhwkqe","operationId":"glt4zhwd0bhwkqe","timestamp":1705276587873,"id":"yg2sf5txwhh1zr8"}
