{"type":"operationStart","subtype":"profile","data":{"_id":"CNA4YXnUxZwghPwl","timestamp":"2024-01-12T15:55:33.500Z","state":"queued","mode":"standard","creationDate":"2024-01-12T15:55:33.501Z","modificationDate":"2024-01-12T15:55:33.501Z","shortid":"QiUtrmR","$entitySet":"profiles"},"doDiffs":false,"timestamp":1705074933501,"id":"t1xm7dymflg8ama","previousOperationId":null,"operationId":"tguluj3y1px8tvv"}
{"type":"log","level":"info","message":"Render request 14 queued for execution and waiting for available worker","previousOperationId":"tguluj3y1px8tvv","timestamp":1705074933501,"id":"t985sbipgvoar5f"}
{"type":"operationStart","subtype":"render","name":"activities-users-main","previousOperationId":"tguluj3y1px8tvv","timestamp":1705074933504,"id":"b5h4pt6njnkvngb","previousEventId":"t1xm7dymflg8ama","operationId":"mmwdu1qhenr9m72"}
{"type":"log","timestamp":1705074933504,"level":"info","message":"Starting rendering request 14","meta":{"rootId":"q4cwre1lw3lq3ug","id":"q4cwre1lw3lq3ug"},"id":"87xn4v4duj5hgcw","previousOperationId":"mmwdu1qhenr9m72"}
{"type":"log","timestamp":1705074933505,"level":"info","message":"Rendering template { name: activities-users-main, recipe: chrome-pdf, engine: handlebars, preview: true }","meta":{"rootId":"q4cwre1lw3lq3ug","id":"q4cwre1lw3lq3ug"},"id":"xfk1787yt1z3enc","previousOperationId":"mmwdu1qhenr9m72"}
{"type":"log","timestamp":1705074933505,"level":"debug","message":"Data item not defined for this template.","meta":{"rootId":"q4cwre1lw3lq3ug","id":"q4cwre1lw3lq3ug"},"id":"gj9k2y2sydb8hq6","previousOperationId":"mmwdu1qhenr9m72"}
{"type":"log","timestamp":1705074933506,"level":"debug","message":"Base url not specified, skipping its injection.","meta":{"rootId":"q4cwre1lw3lq3ug","id":"q4cwre1lw3lq3ug"},"id":"0lld0jxllll8ov7","previousOperationId":"mmwdu1qhenr9m72"}
{"type":"operationStart","subtype":"engine","name":"handlebars","timestamp":1705074933506,"id":"j7gegct6vbdr86k","previousEventId":"b5h4pt6njnkvngb","operationId":"cp14l8tknvxzx5g","previousOperationId":"mmwdu1qhenr9m72"}
{"type":"log","timestamp":1705074933506,"level":"debug","message":"Rendering engine handlebars","meta":{"rootId":"q4cwre1lw3lq3ug","id":"q4cwre1lw3lq3ug"},"id":"5e5zh5pn38zidr6","previousOperationId":"cp14l8tknvxzx5g"}
{"type":"operationEnd","operationId":"cp14l8tknvxzx5g","timestamp":1705074933512,"id":"ehwueykt0zribpc","previousEventId":"j7gegct6vbdr86k","previousOperationId":"cp14l8tknvxzx5g"}
{"type":"operationStart","subtype":"recipe","name":"chrome-pdf","timestamp":1705074933512,"id":"22z0h8alepdh28f","previousEventId":"ehwueykt0zribpc","operationId":"e8045r1kalc9plh","previousOperationId":"cp14l8tknvxzx5g"}
{"type":"log","timestamp":1705074933512,"level":"debug","message":"Executing recipe chrome-pdf","meta":{"rootId":"q4cwre1lw3lq3ug","id":"q4cwre1lw3lq3ug"},"id":"2rtqukaxgpl2t6f","previousOperationId":"e8045r1kalc9plh"}
{"type":"log","timestamp":1705074933513,"level":"debug","message":"Converting with chrome HeadlessChrome/117.0.5938.149 using chrome-pool strategy","meta":{"rootId":"q4cwre1lw3lq3ug","id":"q4cwre1lw3lq3ug"},"id":"2k1mog5hxdsxihw","previousOperationId":"e8045r1kalc9plh"}
{"type":"log","timestamp":1705074933533,"level":"debug","message":"Page request: GET (document) file:///tmp/jsreport/autocleanup/d86a3f82-17cc-4393-a6dc-2cf8d2f9f332-chrome-pdf.html","meta":{"rootId":"q4cwre1lw3lq3ug","id":"q4cwre1lw3lq3ug"},"id":"fr9p4fb5e3nxstu","previousOperationId":"e8045r1kalc9plh"}
{"type":"log","timestamp":1705074933538,"level":"debug","message":"Page request: GET (stylesheet) https://cdnjs.cloudflare.com/ajax/libs/metro/4.1.5/css/metro.min.css","meta":{"rootId":"q4cwre1lw3lq3ug","id":"q4cwre1lw3lq3ug"},"id":"cfj7wr125fpg1ui","previousOperationId":"e8045r1kalc9plh"}
{"type":"log","timestamp":1705074933539,"level":"debug","message":"Page request: GET (script) https://cdnjs.cloudflare.com/ajax/libs/Chart.js/2.7.2/Chart.min.js","meta":{"rootId":"q4cwre1lw3lq3ug","id":"q4cwre1lw3lq3ug"},"id":"kjlufo023onyhkk","previousOperationId":"e8045r1kalc9plh"}
{"type":"log","timestamp":1705074933539,"level":"debug","message":"Page request finished: GET (document) 200 file:///tmp/jsreport/autocleanup/d86a3f82-17cc-4393-a6dc-2cf8d2f9f332-chrome-pdf.html","meta":{"rootId":"q4cwre1lw3lq3ug","id":"q4cwre1lw3lq3ug"},"id":"5n329cyyz28l5a4","previousOperationId":"e8045r1kalc9plh"}
{"type":"log","timestamp":1705074933542,"level":"debug","message":"Page request finished: GET (script) 200 https://cdnjs.cloudflare.com/ajax/libs/Chart.js/2.7.2/Chart.min.js","meta":{"rootId":"q4cwre1lw3lq3ug","id":"q4cwre1lw3lq3ug"},"id":"0ezepusai3i9mfh","previousOperationId":"e8045r1kalc9plh"}
{"type":"log","timestamp":1705074933549,"level":"debug","message":"Page request finished: GET (stylesheet) 200 https://cdnjs.cloudflare.com/ajax/libs/metro/4.1.5/css/metro.min.css","meta":{"rootId":"q4cwre1lw3lq3ug","id":"q4cwre1lw3lq3ug"},"id":"fda8c4tmfp7szhe","previousOperationId":"e8045r1kalc9plh"}
{"type":"log","timestamp":1705074933556,"level":"debug","message":"Running chrome with params {\"printBackground\":true,\"timeout\":59988,\"margin\":{}}","meta":{"rootId":"q4cwre1lw3lq3ug","id":"q4cwre1lw3lq3ug"},"id":"2dzlw7ohgpirufe","previousOperationId":"e8045r1kalc9plh"}
{"type":"operationEnd","operationId":"e8045r1kalc9plh","timestamp":1705074933568,"id":"mzsy21jmvz5p387","previousEventId":"22z0h8alepdh28f","previousOperationId":"e8045r1kalc9plh"}
{"type":"log","timestamp":1705074933568,"level":"debug","message":"Skipping storing report.","meta":{"rootId":"q4cwre1lw3lq3ug","id":"q4cwre1lw3lq3ug"},"id":"3xfpc8npfa246o0","previousOperationId":"e8045r1kalc9plh"}
{"type":"log","timestamp":1705074933568,"level":"info","message":"Rendering request 14 finished in 68 ms","meta":{"rootId":"q4cwre1lw3lq3ug","id":"q4cwre1lw3lq3ug"},"id":"bb7u3zzjiu5120i","previousOperationId":"e8045r1kalc9plh"}
{"type":"operationEnd","subtype":"render","operationId":"mmwdu1qhenr9m72","timestamp":1705074933568,"id":"fx79r7lbd38r7kk","previousEventId":"mzsy21jmvz5p387","previousOperationId":"e8045r1kalc9plh"}
{"type":"operationEnd","doDiffs":false,"previousEventId":"t1xm7dymflg8ama","previousOperationId":"tguluj3y1px8tvv","operationId":"tguluj3y1px8tvv","timestamp":1705074933573,"id":"js9hksi35aq51ba"}
