{"type":"operationStart","subtype":"profile","data":{"_id":"yA8Coj1Aj9lGyTiv","timestamp":"2024-01-12T15:53:49.813Z","state":"queued","mode":"standard","creationDate":"2024-01-12T15:53:49.814Z","modificationDate":"2024-01-12T15:53:49.814Z","shortid":"GHpwKZz","$entitySet":"profiles"},"doDiffs":false,"timestamp":1705074829813,"id":"f589qsfcqcj8abk","previousOperationId":null,"operationId":"l3yafztrtis5t0g"}
{"type":"log","level":"info","message":"Render request 10 queued for execution and waiting for available worker","previousOperationId":"l3yafztrtis5t0g","timestamp":1705074829813,"id":"vcp9t6aza08kln0"}
{"type":"operationStart","subtype":"render","name":"activities-users-main","previousOperationId":"l3yafztrtis5t0g","timestamp":1705074829818,"id":"6axzmu1yxpgh4hp","previousEventId":"f589qsfcqcj8abk","operationId":"bblvgz0dibllage"}
{"type":"log","timestamp":1705074829818,"level":"info","message":"Starting rendering request 10","meta":{"rootId":"q7an66y5aug8y93","id":"q7an66y5aug8y93"},"id":"ygooq3blqqpgoap","previousOperationId":"bblvgz0dibllage"}
{"type":"log","timestamp":1705074829818,"level":"info","message":"Rendering template { name: activities-users-main, recipe: chrome-pdf, engine: handlebars, preview: true }","meta":{"rootId":"q7an66y5aug8y93","id":"q7an66y5aug8y93"},"id":"jkluwow1hcgcmkd","previousOperationId":"bblvgz0dibllage"}
{"type":"log","timestamp":1705074829818,"level":"debug","message":"Data item not defined for this template.","meta":{"rootId":"q7an66y5aug8y93","id":"q7an66y5aug8y93"},"id":"3w65gfwowtslf93","previousOperationId":"bblvgz0dibllage"}
{"type":"log","timestamp":1705074829819,"level":"debug","message":"Base url not specified, skipping its injection.","meta":{"rootId":"q7an66y5aug8y93","id":"q7an66y5aug8y93"},"id":"0s0ujnntcd1oqm6","previousOperationId":"bblvgz0dibllage"}
{"type":"operationStart","subtype":"engine","name":"handlebars","timestamp":1705074829819,"id":"rd232iljfp9roqh","previousEventId":"6axzmu1yxpgh4hp","operationId":"pqxgwuyg19qq21n","previousOperationId":"bblvgz0dibllage"}
{"type":"log","timestamp":1705074829819,"level":"debug","message":"Rendering engine handlebars","meta":{"rootId":"q7an66y5aug8y93","id":"q7an66y5aug8y93"},"id":"mr3cntvebsn1anw","previousOperationId":"pqxgwuyg19qq21n"}
{"type":"operationEnd","operationId":"pqxgwuyg19qq21n","timestamp":1705074829826,"id":"4zqtipa5ei6s0u4","previousEventId":"rd232iljfp9roqh","previousOperationId":"pqxgwuyg19qq21n"}
{"type":"operationStart","subtype":"recipe","name":"chrome-pdf","timestamp":1705074829826,"id":"1uwqp1ywn82cip0","previousEventId":"4zqtipa5ei6s0u4","operationId":"2kiyx51e1sun1aj","previousOperationId":"pqxgwuyg19qq21n"}
{"type":"log","timestamp":1705074829826,"level":"debug","message":"Executing recipe chrome-pdf","meta":{"rootId":"q7an66y5aug8y93","id":"q7an66y5aug8y93"},"id":"d3j51i2xsq7l679","previousOperationId":"2kiyx51e1sun1aj"}
{"type":"log","timestamp":1705074829827,"level":"debug","message":"Converting with chrome HeadlessChrome/117.0.5938.149 using chrome-pool strategy","meta":{"rootId":"q7an66y5aug8y93","id":"q7an66y5aug8y93"},"id":"4e4euqp763buz40","previousOperationId":"2kiyx51e1sun1aj"}
{"type":"log","timestamp":1705074829849,"level":"debug","message":"Page request: GET (document) file:///tmp/jsreport/autocleanup/a655580b-6169-48c4-a20a-0d4a57b01ed5-chrome-pdf.html","meta":{"rootId":"q7an66y5aug8y93","id":"q7an66y5aug8y93"},"id":"0lx71hefdmykpf4","previousOperationId":"2kiyx51e1sun1aj"}
{"type":"log","timestamp":1705074829854,"level":"debug","message":"Page request: GET (stylesheet) https://cdnjs.cloudflare.com/ajax/libs/metro/4.1.5/css/metro.min.css","meta":{"rootId":"q7an66y5aug8y93","id":"q7an66y5aug8y93"},"id":"xl72u65gch4atb8","previousOperationId":"2kiyx51e1sun1aj"}
{"type":"log","timestamp":1705074829854,"level":"debug","message":"Page request: GET (script) https://cdnjs.cloudflare.com/ajax/libs/Chart.js/2.7.2/Chart.min.js","meta":{"rootId":"q7an66y5aug8y93","id":"q7an66y5aug8y93"},"id":"jnmdduczd84hogp","previousOperationId":"2kiyx51e1sun1aj"}
{"type":"log","timestamp":1705074829855,"level":"debug","message":"Page request finished: GET (document) 200 file:///tmp/jsreport/autocleanup/a655580b-6169-48c4-a20a-0d4a57b01ed5-chrome-pdf.html","meta":{"rootId":"q7an66y5aug8y93","id":"q7an66y5aug8y93"},"id":"r0p8g6npop6z7pa","previousOperationId":"2kiyx51e1sun1aj"}
{"type":"log","timestamp":1705074829857,"level":"debug","message":"Page request finished: GET (script) 200 https://cdnjs.cloudflare.com/ajax/libs/Chart.js/2.7.2/Chart.min.js","meta":{"rootId":"q7an66y5aug8y93","id":"q7an66y5aug8y93"},"id":"y4lj83nif454qz1","previousOperationId":"2kiyx51e1sun1aj"}
{"type":"log","timestamp":1705074829865,"level":"debug","message":"Page request finished: GET (stylesheet) 200 https://cdnjs.cloudflare.com/ajax/libs/metro/4.1.5/css/metro.min.css","meta":{"rootId":"q7an66y5aug8y93","id":"q7an66y5aug8y93"},"id":"zjstamb5plq5t5w","previousOperationId":"2kiyx51e1sun1aj"}
{"type":"log","timestamp":1705074829870,"level":"debug","message":"Running chrome with params {\"printBackground\":true,\"timeout\":59986,\"margin\":{}}","meta":{"rootId":"q7an66y5aug8y93","id":"q7an66y5aug8y93"},"id":"jpznalcqulswn3v","previousOperationId":"2kiyx51e1sun1aj"}
{"type":"operationEnd","operationId":"2kiyx51e1sun1aj","timestamp":1705074829881,"id":"woby03e1dd8o7v2","previousEventId":"1uwqp1ywn82cip0","previousOperationId":"2kiyx51e1sun1aj"}
{"type":"log","timestamp":1705074829881,"level":"debug","message":"Skipping storing report.","meta":{"rootId":"q7an66y5aug8y93","id":"q7an66y5aug8y93"},"id":"v1gnnkw60jfv8rq","previousOperationId":"2kiyx51e1sun1aj"}
{"type":"log","timestamp":1705074829881,"level":"info","message":"Rendering request 10 finished in 68 ms","meta":{"rootId":"q7an66y5aug8y93","id":"q7an66y5aug8y93"},"id":"b1pj3tlyogr9zsp","previousOperationId":"2kiyx51e1sun1aj"}
{"type":"operationEnd","subtype":"render","operationId":"bblvgz0dibllage","timestamp":1705074829881,"id":"pzgcav5dbix2gb8","previousEventId":"woby03e1dd8o7v2","previousOperationId":"2kiyx51e1sun1aj"}
{"type":"operationEnd","doDiffs":false,"previousEventId":"f589qsfcqcj8abk","previousOperationId":"l3yafztrtis5t0g","operationId":"l3yafztrtis5t0g","timestamp":1705074829886,"id":"5fst0brxqs1kgc6"}
