{"type":"operationStart","subtype":"profile","data":{"_id":"UbRe76HH3GXBG9Hj","timestamp":"2024-01-12T23:41:11.865Z","state":"queued","mode":"standard","creationDate":"2024-01-12T23:41:11.868Z","modificationDate":"2024-01-12T23:41:11.868Z","shortid":"JZ64jZw","$entitySet":"profiles"},"doDiffs":false,"timestamp":1705102871867,"id":"gynds169phk3wik","previousOperationId":null,"operationId":"io4a91ybl0me0pf"}
{"type":"log","level":"info","message":"Render request 9 queued for execution and waiting for available worker","previousOperationId":"io4a91ybl0me0pf","timestamp":1705102871867,"id":"6lccerqmxy15ftr"}
{"type":"operationStart","subtype":"render","name":"activities-users-main","previousOperationId":"io4a91ybl0me0pf","timestamp":1705102871880,"id":"xnsfi9ymy4aa4g9","previousEventId":"gynds169phk3wik","operationId":"ta30zak27bxvpjc"}
{"type":"log","timestamp":1705102871880,"level":"info","message":"Starting rendering request 9","meta":{"rootId":"r4pa56pyl1pq36n","id":"r4pa56pyl1pq36n"},"id":"ixsnvcexhutuixs","previousOperationId":"ta30zak27bxvpjc"}
{"type":"log","timestamp":1705102871880,"level":"info","message":"Rendering template { name: activities-users-main, recipe: chrome-pdf, engine: handlebars, preview: true }","meta":{"rootId":"r4pa56pyl1pq36n","id":"r4pa56pyl1pq36n"},"id":"lmaj9ou5r6p8ecu","previousOperationId":"ta30zak27bxvpjc"}
{"type":"log","timestamp":1705102871880,"level":"debug","message":"Data item not defined for this template.","meta":{"rootId":"r4pa56pyl1pq36n","id":"r4pa56pyl1pq36n"},"id":"xn3dipjwsfgy1ey","previousOperationId":"ta30zak27bxvpjc"}
{"type":"log","timestamp":1705102871883,"level":"debug","message":"Executing script users-script (beforeRender)","meta":{"rootId":"r4pa56pyl1pq36n","id":"r4pa56pyl1pq36n"},"id":"ozg7hvpt8djeswl","previousOperationId":"ta30zak27bxvpjc"}
{"type":"operationStart","subtype":"scriptsBeforeRender","name":"scripts beforeRender","timestamp":1705102871892,"id":"bcku77dsknlq5lu","previousEventId":"xnsfi9ymy4aa4g9","operationId":"iyjg4baoj3tln2c","previousOperationId":"ta30zak27bxvpjc"}
{"type":"operationStart","subtype":"script","name":"scripts users-script","previousOperationId":"iyjg4baoj3tln2c","timestamp":1705102871892,"id":"pszwzvn4rd0htpp","previousEventId":"bcku77dsknlq5lu","operationId":"usi37qeo93zoju7"}
{"type":"operationEnd","operationId":"usi37qeo93zoju7","timestamp":1705102872015,"id":"uf7ri7uoh2i82fa","previousEventId":"xnsfi9ymy4aa4g9","previousOperationId":"ta30zak27bxvpjc"}
{"type":"operationEnd","operationId":"iyjg4baoj3tln2c","timestamp":1705102872015,"id":"3u83kqwq7oo1nsf","previousEventId":"uf7ri7uoh2i82fa","previousOperationId":"ta30zak27bxvpjc"}
{"type":"log","timestamp":1705102872015,"level":"debug","message":"Base url not specified, skipping its injection.","meta":{"rootId":"r4pa56pyl1pq36n","id":"r4pa56pyl1pq36n"},"id":"eoqiob639efn26b","previousOperationId":"iyjg4baoj3tln2c"}
{"type":"operationStart","subtype":"engine","name":"handlebars","timestamp":1705102872015,"id":"ten7zrgq9olijwy","previousEventId":"3u83kqwq7oo1nsf","operationId":"vp2idtvkujt1429","previousOperationId":"iyjg4baoj3tln2c"}
{"type":"log","timestamp":1705102872015,"level":"debug","message":"Rendering engine handlebars","meta":{"rootId":"r4pa56pyl1pq36n","id":"r4pa56pyl1pq36n"},"id":"1drks94nl6sa9bg","previousOperationId":"vp2idtvkujt1429"}
{"type":"operationEnd","operationId":"vp2idtvkujt1429","timestamp":1705102872030,"id":"3373azo4hiaf4cd","previousEventId":"ten7zrgq9olijwy","previousOperationId":"vp2idtvkujt1429"}
{"type":"operationStart","subtype":"recipe","name":"chrome-pdf","timestamp":1705102872031,"id":"mu2ojzji8utxc1d","previousEventId":"3373azo4hiaf4cd","operationId":"ebjryl82b4dtevh","previousOperationId":"vp2idtvkujt1429"}
{"type":"log","timestamp":1705102872031,"level":"debug","message":"Executing recipe chrome-pdf","meta":{"rootId":"r4pa56pyl1pq36n","id":"r4pa56pyl1pq36n"},"id":"6bhqxkfe8hw2wod","previousOperationId":"ebjryl82b4dtevh"}
{"type":"log","timestamp":1705102872034,"level":"debug","message":"Converting with chrome HeadlessChrome/117.0.5938.149 using chrome-pool strategy","meta":{"rootId":"r4pa56pyl1pq36n","id":"r4pa56pyl1pq36n"},"id":"j2fwmyashpx8fei","previousOperationId":"ebjryl82b4dtevh"}
{"type":"log","timestamp":1705102872088,"level":"debug","message":"Page request: GET (document) file:///tmp/jsreport/autocleanup/2d8d5afd-0373-4635-a411-7983bc47b562-chrome-pdf.html","meta":{"rootId":"r4pa56pyl1pq36n","id":"r4pa56pyl1pq36n"},"id":"roc90rf2ansbqfr","previousOperationId":"ebjryl82b4dtevh"}
{"type":"log","timestamp":1705102872101,"level":"debug","message":"Page request: GET (stylesheet) https://cdnjs.cloudflare.com/ajax/libs/metro/4.1.5/css/metro.min.css","meta":{"rootId":"r4pa56pyl1pq36n","id":"r4pa56pyl1pq36n"},"id":"j2teygts7p2hjct","previousOperationId":"ebjryl82b4dtevh"}
{"type":"log","timestamp":1705102872102,"level":"debug","message":"Page request: GET (script) https://cdnjs.cloudflare.com/ajax/libs/Chart.js/2.7.2/Chart.min.js","meta":{"rootId":"r4pa56pyl1pq36n","id":"r4pa56pyl1pq36n"},"id":"9xjz1wk7wkii2nb","previousOperationId":"ebjryl82b4dtevh"}
{"type":"log","timestamp":1705102872102,"level":"debug","message":"Page request finished: GET (document) 200 file:///tmp/jsreport/autocleanup/2d8d5afd-0373-4635-a411-7983bc47b562-chrome-pdf.html","meta":{"rootId":"r4pa56pyl1pq36n","id":"r4pa56pyl1pq36n"},"id":"h8cos8645np36ro","previousOperationId":"ebjryl82b4dtevh"}
{"type":"log","timestamp":1705102872110,"level":"debug","message":"Page request finished: GET (script) 200 https://cdnjs.cloudflare.com/ajax/libs/Chart.js/2.7.2/Chart.min.js","meta":{"rootId":"r4pa56pyl1pq36n","id":"r4pa56pyl1pq36n"},"id":"6a70z5qfcvb5481","previousOperationId":"ebjryl82b4dtevh"}
{"type":"log","timestamp":1705102872127,"level":"debug","message":"Page request finished: GET (stylesheet) 200 https://cdnjs.cloudflare.com/ajax/libs/metro/4.1.5/css/metro.min.css","meta":{"rootId":"r4pa56pyl1pq36n","id":"r4pa56pyl1pq36n"},"id":"tclxqhuic01h04b","previousOperationId":"ebjryl82b4dtevh"}
{"type":"log","timestamp":1705102872132,"level":"debug","message":"(console:log) activities------------------------------------","meta":{"userLevel":true,"rootId":"r4pa56pyl1pq36n","id":"r4pa56pyl1pq36n"},"id":"305lx22zuajh0e6","previousOperationId":"ebjryl82b4dtevh"}
{"type":"log","timestamp":1705102872133,"level":"warn","message":"Page error: Cannot read properties of undefined (reading '0') , stack: TypeError: Cannot read properties of undefined (reading '0')\n    at <anonymous> (file:///tmp/jsreport/autocleanup/2d8d5afd-0373-4635-a411-7983bc47b562-chrome-pdf.html:15:31)","meta":{"rootId":"r4pa56pyl1pq36n","id":"r4pa56pyl1pq36n"},"id":"sh7jvwwgicrsbb5","previousOperationId":"ebjryl82b4dtevh"}
{"type":"log","timestamp":1705102872144,"level":"debug","message":"Running chrome with params {\"printBackground\":true,\"timeout\":59832,\"margin\":{}}","meta":{"rootId":"r4pa56pyl1pq36n","id":"r4pa56pyl1pq36n"},"id":"1pqpgj9oufropkh","previousOperationId":"ebjryl82b4dtevh"}
{"type":"operationEnd","operationId":"ebjryl82b4dtevh","timestamp":1705102872177,"id":"0lqsgq6k2kcsu73","previousEventId":"mu2ojzji8utxc1d","previousOperationId":"ebjryl82b4dtevh"}
{"type":"log","timestamp":1705102872177,"level":"debug","message":"Skipping storing report.","meta":{"rootId":"r4pa56pyl1pq36n","id":"r4pa56pyl1pq36n"},"id":"tfcxhjbv9y9f5kw","previousOperationId":"ebjryl82b4dtevh"}
{"type":"log","timestamp":1705102872177,"level":"info","message":"Rendering request 9 finished in 312 ms","meta":{"rootId":"r4pa56pyl1pq36n","id":"r4pa56pyl1pq36n"},"id":"iohreqvdxyjxv9c","previousOperationId":"ebjryl82b4dtevh"}
{"type":"operationEnd","subtype":"render","operationId":"ta30zak27bxvpjc","timestamp":1705102872177,"id":"121bvgd57qukm3h","previousEventId":"0lqsgq6k2kcsu73","previousOperationId":"ebjryl82b4dtevh"}
{"type":"operationEnd","doDiffs":false,"previousEventId":"gynds169phk3wik","previousOperationId":"io4a91ybl0me0pf","operationId":"io4a91ybl0me0pf","timestamp":1705102872181,"id":"4d83r2beuf9yj65"}
