{"type":"operationStart","subtype":"profile","data":{"_id":"NMJ3aiTFg4ySESjU","timestamp":"2024-01-12T23:33:06.709Z","state":"queued","mode":"standard","creationDate":"2024-01-12T23:33:06.712Z","modificationDate":"2024-01-12T23:33:06.712Z","shortid":"6ZRyxP6","$entitySet":"profiles"},"doDiffs":false,"timestamp":1705102386710,"id":"z5sokaccw49gp8b","previousOperationId":null,"operationId":"ux67j1f5ugmj60y"}
{"type":"log","level":"info","message":"Render request 13 queued for execution and waiting for available worker","previousOperationId":"ux67j1f5ugmj60y","timestamp":1705102386711,"id":"av3oz6p5jbl9jon"}
{"type":"operationStart","subtype":"render","name":"activities-users-main","previousOperationId":"ux67j1f5ugmj60y","timestamp":1705102386725,"id":"090qijerw3bj80r","previousEventId":"z5sokaccw49gp8b","operationId":"tl884jbk5t3c532"}
{"type":"log","timestamp":1705102386725,"level":"info","message":"Starting rendering request 13","meta":{"rootId":"rbumlmopubgd9n9","id":"rbumlmopubgd9n9"},"id":"6nc499idahcqxly","previousOperationId":"tl884jbk5t3c532"}
{"type":"log","timestamp":1705102386726,"level":"info","message":"Rendering template { name: activities-users-main, recipe: chrome-pdf, engine: handlebars, preview: true }","meta":{"rootId":"rbumlmopubgd9n9","id":"rbumlmopubgd9n9"},"id":"53lezyrizif4rly","previousOperationId":"tl884jbk5t3c532"}
{"type":"log","timestamp":1705102386727,"level":"debug","message":"Data item not defined for this template.","meta":{"rootId":"rbumlmopubgd9n9","id":"rbumlmopubgd9n9"},"id":"pc551iavvoevww0","previousOperationId":"tl884jbk5t3c532"}
{"type":"log","timestamp":1705102386731,"level":"debug","message":"Executing script users-script (beforeRender)","meta":{"rootId":"rbumlmopubgd9n9","id":"rbumlmopubgd9n9"},"id":"8xpr3fkss0gdi9k","previousOperationId":"tl884jbk5t3c532"}
{"type":"operationStart","subtype":"scriptsBeforeRender","name":"scripts beforeRender","timestamp":1705102386748,"id":"wgr7ezro7xqzrpn","previousEventId":"090qijerw3bj80r","operationId":"8drc2g1v1kwzxqk","previousOperationId":"tl884jbk5t3c532"}
{"type":"operationStart","subtype":"script","name":"scripts users-script","previousOperationId":"8drc2g1v1kwzxqk","timestamp":1705102386748,"id":"qtl8axp5k3r5wu1","previousEventId":"wgr7ezro7xqzrpn","operationId":"e6ghjc4az7t1nlt"}
{"type":"operationEnd","operationId":"e6ghjc4az7t1nlt","timestamp":1705102386871,"id":"p3ymct959d3671r","previousEventId":"090qijerw3bj80r","previousOperationId":"tl884jbk5t3c532"}
{"type":"operationEnd","operationId":"8drc2g1v1kwzxqk","timestamp":1705102386871,"id":"qxqxrx316wlnvor","previousEventId":"p3ymct959d3671r","previousOperationId":"tl884jbk5t3c532"}
{"type":"log","timestamp":1705102386871,"level":"debug","message":"Base url not specified, skipping its injection.","meta":{"rootId":"rbumlmopubgd9n9","id":"rbumlmopubgd9n9"},"id":"z8vfzbgr0ivl5bo","previousOperationId":"8drc2g1v1kwzxqk"}
{"type":"operationStart","subtype":"engine","name":"handlebars","timestamp":1705102386872,"id":"vvq3zk27sb0qc0o","previousEventId":"qxqxrx316wlnvor","operationId":"zaa745wev4caf90","previousOperationId":"8drc2g1v1kwzxqk"}
{"type":"log","timestamp":1705102386872,"level":"debug","message":"Rendering engine handlebars","meta":{"rootId":"rbumlmopubgd9n9","id":"rbumlmopubgd9n9"},"id":"vsvfxss4lvxbid2","previousOperationId":"zaa745wev4caf90"}
{"type":"operationEnd","operationId":"zaa745wev4caf90","timestamp":1705102386886,"id":"ul4i05p55lgj7mz","previousEventId":"vvq3zk27sb0qc0o","previousOperationId":"zaa745wev4caf90"}
{"type":"operationStart","subtype":"recipe","name":"chrome-pdf","timestamp":1705102386886,"id":"l3k6zg5j5t8bqip","previousEventId":"ul4i05p55lgj7mz","operationId":"kyk0xohvkt8z9xy","previousOperationId":"zaa745wev4caf90"}
{"type":"log","timestamp":1705102386886,"level":"debug","message":"Executing recipe chrome-pdf","meta":{"rootId":"rbumlmopubgd9n9","id":"rbumlmopubgd9n9"},"id":"ma7ic9udvz7o0x7","previousOperationId":"kyk0xohvkt8z9xy"}
{"type":"log","timestamp":1705102386889,"level":"debug","message":"Converting with chrome HeadlessChrome/117.0.5938.149 using chrome-pool strategy","meta":{"rootId":"rbumlmopubgd9n9","id":"rbumlmopubgd9n9"},"id":"jcd89dy8vy63t5b","previousOperationId":"kyk0xohvkt8z9xy"}
{"type":"log","timestamp":1705102386956,"level":"debug","message":"Page request: GET (document) file:///tmp/jsreport/autocleanup/7347ba1f-fdde-40e7-bd42-77db6fd6b3b8-chrome-pdf.html","meta":{"rootId":"rbumlmopubgd9n9","id":"rbumlmopubgd9n9"},"id":"jl7ozp933v9yrlo","previousOperationId":"kyk0xohvkt8z9xy"}
{"type":"log","timestamp":1705102386969,"level":"debug","message":"Page request: GET (stylesheet) https://cdnjs.cloudflare.com/ajax/libs/metro/4.1.5/css/metro.min.css","meta":{"rootId":"rbumlmopubgd9n9","id":"rbumlmopubgd9n9"},"id":"bbja9swwwg83zti","previousOperationId":"kyk0xohvkt8z9xy"}
{"type":"log","timestamp":1705102386969,"level":"debug","message":"Page request: GET (script) https://cdnjs.cloudflare.com/ajax/libs/Chart.js/2.7.2/Chart.min.js","meta":{"rootId":"rbumlmopubgd9n9","id":"rbumlmopubgd9n9"},"id":"aywo7irrfh6soku","previousOperationId":"kyk0xohvkt8z9xy"}
{"type":"log","timestamp":1705102386970,"level":"debug","message":"Page request finished: GET (document) 200 file:///tmp/jsreport/autocleanup/7347ba1f-fdde-40e7-bd42-77db6fd6b3b8-chrome-pdf.html","meta":{"rootId":"rbumlmopubgd9n9","id":"rbumlmopubgd9n9"},"id":"neqs7p0gghlv1rj","previousOperationId":"kyk0xohvkt8z9xy"}
{"type":"log","timestamp":1705102386976,"level":"debug","message":"Page request finished: GET (script) 200 https://cdnjs.cloudflare.com/ajax/libs/Chart.js/2.7.2/Chart.min.js","meta":{"rootId":"rbumlmopubgd9n9","id":"rbumlmopubgd9n9"},"id":"sfxjyq4pixherm8","previousOperationId":"kyk0xohvkt8z9xy"}
{"type":"log","timestamp":1705102386993,"level":"debug","message":"Page request finished: GET (stylesheet) 200 https://cdnjs.cloudflare.com/ajax/libs/metro/4.1.5/css/metro.min.css","meta":{"rootId":"rbumlmopubgd9n9","id":"rbumlmopubgd9n9"},"id":"ytbv2pvp9lta02r","previousOperationId":"kyk0xohvkt8z9xy"}
{"type":"log","timestamp":1705102387009,"level":"debug","message":"Running chrome with params {\"printBackground\":true,\"timeout\":59821,\"margin\":{}}","meta":{"rootId":"rbumlmopubgd9n9","id":"rbumlmopubgd9n9"},"id":"7ykyow49w183iti","previousOperationId":"kyk0xohvkt8z9xy"}
{"type":"operationEnd","operationId":"kyk0xohvkt8z9xy","timestamp":1705102387037,"id":"1iv00c7gorjcn8u","previousEventId":"l3k6zg5j5t8bqip","previousOperationId":"kyk0xohvkt8z9xy"}
{"type":"log","timestamp":1705102387037,"level":"debug","message":"Skipping storing report.","meta":{"rootId":"rbumlmopubgd9n9","id":"rbumlmopubgd9n9"},"id":"dhocu8319ga9trz","previousOperationId":"kyk0xohvkt8z9xy"}
{"type":"log","timestamp":1705102387037,"level":"info","message":"Rendering request 13 finished in 328 ms","meta":{"rootId":"rbumlmopubgd9n9","id":"rbumlmopubgd9n9"},"id":"3ty660j31nm5ua6","previousOperationId":"kyk0xohvkt8z9xy"}
{"type":"operationEnd","subtype":"render","operationId":"tl884jbk5t3c532","timestamp":1705102387037,"id":"y7lu4gkhg9v5jhi","previousEventId":"1iv00c7gorjcn8u","previousOperationId":"kyk0xohvkt8z9xy"}
{"type":"operationEnd","doDiffs":false,"previousEventId":"z5sokaccw49gp8b","previousOperationId":"ux67j1f5ugmj60y","operationId":"ux67j1f5ugmj60y","timestamp":1705102387048,"id":"2lbjfm3nnzp2qnc"}
