{"type":"operationStart","subtype":"profile","data":{"_id":"6id0ruV5ifvuK622","timestamp":"2024-01-12T23:33:27.659Z","state":"queued","mode":"standard","creationDate":"2024-01-12T23:33:27.661Z","modificationDate":"2024-01-12T23:33:27.661Z","shortid":"FBYxhL7","$entitySet":"profiles"},"doDiffs":false,"timestamp":1705102407661,"id":"xl0wsiwos73d323","previousOperationId":null,"operationId":"jubv3hvdsvulst0"}
{"type":"log","level":"info","message":"Render request 14 queued for execution and waiting for available worker","previousOperationId":"jubv3hvdsvulst0","timestamp":1705102407661,"id":"zvaw6blmkk38ywj"}
{"type":"operationStart","subtype":"render","name":"activities-users-main","previousOperationId":"jubv3hvdsvulst0","timestamp":1705102407676,"id":"41j0ykx3rxis1h3","previousEventId":"xl0wsiwos73d323","operationId":"l6mab97xs85zgug"}
{"type":"log","timestamp":1705102407676,"level":"info","message":"Starting rendering request 14","meta":{"rootId":"s1jmlt7crw78q6i","id":"s1jmlt7crw78q6i"},"id":"ysqzh1a3a7wie59","previousOperationId":"l6mab97xs85zgug"}
{"type":"log","timestamp":1705102407676,"level":"info","message":"Rendering template { name: activities-users-main, recipe: chrome-pdf, engine: handlebars, preview: true }","meta":{"rootId":"s1jmlt7crw78q6i","id":"s1jmlt7crw78q6i"},"id":"iciendsf5rcohp5","previousOperationId":"l6mab97xs85zgug"}
{"type":"log","timestamp":1705102407677,"level":"debug","message":"Data item not defined for this template.","meta":{"rootId":"s1jmlt7crw78q6i","id":"s1jmlt7crw78q6i"},"id":"q2oqm04s42tnwlv","previousOperationId":"l6mab97xs85zgug"}
{"type":"log","timestamp":1705102407680,"level":"debug","message":"Executing script users-script (beforeRender)","meta":{"rootId":"s1jmlt7crw78q6i","id":"s1jmlt7crw78q6i"},"id":"mjdr9oa7ec1j13w","previousOperationId":"l6mab97xs85zgug"}
{"type":"operationStart","subtype":"scriptsBeforeRender","name":"scripts beforeRender","timestamp":1705102407695,"id":"lxthnrs075d7xzl","previousEventId":"41j0ykx3rxis1h3","operationId":"ai6d9txlhe0srei","previousOperationId":"l6mab97xs85zgug"}
{"type":"operationStart","subtype":"script","name":"scripts users-script","previousOperationId":"ai6d9txlhe0srei","timestamp":1705102407695,"id":"hj2n6cg5is46kvw","previousEventId":"lxthnrs075d7xzl","operationId":"syivlzxrtlvp4jm"}
{"type":"operationEnd","operationId":"syivlzxrtlvp4jm","timestamp":1705102407810,"id":"40863azxmlrkbv4","previousEventId":"41j0ykx3rxis1h3","previousOperationId":"l6mab97xs85zgug"}
{"type":"operationEnd","operationId":"ai6d9txlhe0srei","timestamp":1705102407810,"id":"0lipuyja2rubgsy","previousEventId":"40863azxmlrkbv4","previousOperationId":"l6mab97xs85zgug"}
{"type":"log","timestamp":1705102407810,"level":"debug","message":"Base url not specified, skipping its injection.","meta":{"rootId":"s1jmlt7crw78q6i","id":"s1jmlt7crw78q6i"},"id":"1vdur77uc64s0b5","previousOperationId":"ai6d9txlhe0srei"}
{"type":"operationStart","subtype":"engine","name":"handlebars","timestamp":1705102407810,"id":"eqt33ay3w24hijc","previousEventId":"0lipuyja2rubgsy","operationId":"dsyx5znggikm1eg","previousOperationId":"ai6d9txlhe0srei"}
{"type":"log","timestamp":1705102407810,"level":"debug","message":"Rendering engine handlebars","meta":{"rootId":"s1jmlt7crw78q6i","id":"s1jmlt7crw78q6i"},"id":"3mfria4yqgzv19z","previousOperationId":"dsyx5znggikm1eg"}
{"type":"operationEnd","operationId":"dsyx5znggikm1eg","timestamp":1705102407830,"id":"8yucfcqo859wks3","previousEventId":"eqt33ay3w24hijc","previousOperationId":"dsyx5znggikm1eg"}
{"type":"operationStart","subtype":"recipe","name":"chrome-pdf","timestamp":1705102407830,"id":"mswt2oqvd4bcocn","previousEventId":"8yucfcqo859wks3","operationId":"ud1jg2xkw2e6lhk","previousOperationId":"dsyx5znggikm1eg"}
{"type":"log","timestamp":1705102407830,"level":"debug","message":"Executing recipe chrome-pdf","meta":{"rootId":"s1jmlt7crw78q6i","id":"s1jmlt7crw78q6i"},"id":"5280vrtplg4w19u","previousOperationId":"ud1jg2xkw2e6lhk"}
{"type":"log","timestamp":1705102407832,"level":"debug","message":"Converting with chrome HeadlessChrome/117.0.5938.149 using chrome-pool strategy","meta":{"rootId":"s1jmlt7crw78q6i","id":"s1jmlt7crw78q6i"},"id":"ypa7w2m0qypxqq3","previousOperationId":"ud1jg2xkw2e6lhk"}
{"type":"log","timestamp":1705102407887,"level":"debug","message":"Page request: GET (document) file:///tmp/jsreport/autocleanup/6971c61e-b6b6-4e3d-84ce-eb111b8937d7-chrome-pdf.html","meta":{"rootId":"s1jmlt7crw78q6i","id":"s1jmlt7crw78q6i"},"id":"562zwe9cv7vtqyz","previousOperationId":"ud1jg2xkw2e6lhk"}
{"type":"log","timestamp":1705102407902,"level":"debug","message":"Page request: GET (stylesheet) https://cdnjs.cloudflare.com/ajax/libs/metro/4.1.5/css/metro.min.css","meta":{"rootId":"s1jmlt7crw78q6i","id":"s1jmlt7crw78q6i"},"id":"gcxzf9blkjpb6bb","previousOperationId":"ud1jg2xkw2e6lhk"}
{"type":"log","timestamp":1705102407903,"level":"debug","message":"Page request: GET (script) https://cdnjs.cloudflare.com/ajax/libs/Chart.js/2.7.2/Chart.min.js","meta":{"rootId":"s1jmlt7crw78q6i","id":"s1jmlt7crw78q6i"},"id":"h2nqivft4uc7ero","previousOperationId":"ud1jg2xkw2e6lhk"}
{"type":"log","timestamp":1705102407903,"level":"debug","message":"Page request finished: GET (document) 200 file:///tmp/jsreport/autocleanup/6971c61e-b6b6-4e3d-84ce-eb111b8937d7-chrome-pdf.html","meta":{"rootId":"s1jmlt7crw78q6i","id":"s1jmlt7crw78q6i"},"id":"hw4tqu1cqhu6ub4","previousOperationId":"ud1jg2xkw2e6lhk"}
{"type":"log","timestamp":1705102407910,"level":"debug","message":"Page request finished: GET (script) 200 https://cdnjs.cloudflare.com/ajax/libs/Chart.js/2.7.2/Chart.min.js","meta":{"rootId":"s1jmlt7crw78q6i","id":"s1jmlt7crw78q6i"},"id":"35hq5rrquk9qgay","previousOperationId":"ud1jg2xkw2e6lhk"}
{"type":"log","timestamp":1705102407927,"level":"debug","message":"Page request finished: GET (stylesheet) 200 https://cdnjs.cloudflare.com/ajax/libs/metro/4.1.5/css/metro.min.css","meta":{"rootId":"s1jmlt7crw78q6i","id":"s1jmlt7crw78q6i"},"id":"65zqjqibotyckky","previousOperationId":"ud1jg2xkw2e6lhk"}
{"type":"log","timestamp":1705102407971,"level":"warn","message":"Page error: Unexpected token ';' , stack: SyntaxError: Unexpected token ';'","meta":{"rootId":"s1jmlt7crw78q6i","id":"s1jmlt7crw78q6i"},"id":"qx0r02ljp9j1kjv","previousOperationId":"ud1jg2xkw2e6lhk"}
{"type":"log","timestamp":1705102407983,"level":"debug","message":"Running chrome with params {\"printBackground\":true,\"timeout\":59827,\"margin\":{}}","meta":{"rootId":"s1jmlt7crw78q6i","id":"s1jmlt7crw78q6i"},"id":"f0bqvti9959r36c","previousOperationId":"ud1jg2xkw2e6lhk"}
{"type":"operationEnd","operationId":"ud1jg2xkw2e6lhk","timestamp":1705102408013,"id":"4npznsdm269hekm","previousEventId":"mswt2oqvd4bcocn","previousOperationId":"ud1jg2xkw2e6lhk"}
{"type":"log","timestamp":1705102408013,"level":"debug","message":"Skipping storing report.","meta":{"rootId":"s1jmlt7crw78q6i","id":"s1jmlt7crw78q6i"},"id":"75cy0qaqvrun8pz","previousOperationId":"ud1jg2xkw2e6lhk"}
{"type":"log","timestamp":1705102408013,"level":"info","message":"Rendering request 14 finished in 355 ms","meta":{"rootId":"s1jmlt7crw78q6i","id":"s1jmlt7crw78q6i"},"id":"6522yjzq55pd2s8","previousOperationId":"ud1jg2xkw2e6lhk"}
{"type":"operationEnd","subtype":"render","operationId":"l6mab97xs85zgug","timestamp":1705102408013,"id":"wlm0ojsljtuk4w3","previousEventId":"4npznsdm269hekm","previousOperationId":"ud1jg2xkw2e6lhk"}
{"type":"operationEnd","doDiffs":false,"previousEventId":"xl0wsiwos73d323","previousOperationId":"jubv3hvdsvulst0","operationId":"jubv3hvdsvulst0","timestamp":1705102408018,"id":"dwgsj2mfjto2n3r"}
