{"type":"operationStart","subtype":"profile","data":{"_id":"rfmh8HqpPfd0YwcC","timestamp":"2024-01-12T15:53:54.008Z","state":"queued","mode":"standard","creationDate":"2024-01-12T15:53:54.009Z","modificationDate":"2024-01-12T15:53:54.009Z","shortid":"LZzudVV","$entitySet":"profiles"},"doDiffs":false,"timestamp":1705074834009,"id":"6kappubrdhqbkjf","previousOperationId":null,"operationId":"lgk7rwxto95adhc"}
{"type":"log","level":"info","message":"Render request 11 queued for execution and waiting for available worker","previousOperationId":"lgk7rwxto95adhc","timestamp":1705074834009,"id":"utl0f26gpwczf2v"}
{"type":"operationStart","subtype":"render","name":"activities-users-main","previousOperationId":"lgk7rwxto95adhc","timestamp":1705074834014,"id":"50srbggk9abkq6s","previousEventId":"6kappubrdhqbkjf","operationId":"ea2re4pptzl6p97"}
{"type":"log","timestamp":1705074834014,"level":"info","message":"Starting rendering request 11","meta":{"rootId":"s21rmr4uyz22y5i","id":"s21rmr4uyz22y5i"},"id":"13mhwu1utap3uh3","previousOperationId":"ea2re4pptzl6p97"}
{"type":"log","timestamp":1705074834014,"level":"info","message":"Rendering template { name: activities-users-main, recipe: chrome-pdf, engine: handlebars, preview: true }","meta":{"rootId":"s21rmr4uyz22y5i","id":"s21rmr4uyz22y5i"},"id":"7s5bizlpjq4fiv3","previousOperationId":"ea2re4pptzl6p97"}
{"type":"log","timestamp":1705074834015,"level":"debug","message":"Data item not defined for this template.","meta":{"rootId":"s21rmr4uyz22y5i","id":"s21rmr4uyz22y5i"},"id":"cwg5i6zl24ahpqp","previousOperationId":"ea2re4pptzl6p97"}
{"type":"log","timestamp":1705074834015,"level":"debug","message":"Base url not specified, skipping its injection.","meta":{"rootId":"s21rmr4uyz22y5i","id":"s21rmr4uyz22y5i"},"id":"jystwvre84gvdb3","previousOperationId":"ea2re4pptzl6p97"}
{"type":"operationStart","subtype":"engine","name":"handlebars","timestamp":1705074834016,"id":"0k548w73v79jc66","previousEventId":"50srbggk9abkq6s","operationId":"a5qub9tyr4qdcqp","previousOperationId":"ea2re4pptzl6p97"}
{"type":"log","timestamp":1705074834016,"level":"debug","message":"Rendering engine handlebars","meta":{"rootId":"s21rmr4uyz22y5i","id":"s21rmr4uyz22y5i"},"id":"f4agvmerc0ipk46","previousOperationId":"a5qub9tyr4qdcqp"}
{"type":"operationEnd","operationId":"a5qub9tyr4qdcqp","timestamp":1705074834021,"id":"66bcs6qwxzyp91m","previousEventId":"0k548w73v79jc66","previousOperationId":"a5qub9tyr4qdcqp"}
{"type":"operationStart","subtype":"recipe","name":"chrome-pdf","timestamp":1705074834021,"id":"dshyca7u5rsgg8c","previousEventId":"66bcs6qwxzyp91m","operationId":"g4rz8vd6awf8fi2","previousOperationId":"a5qub9tyr4qdcqp"}
{"type":"log","timestamp":1705074834021,"level":"debug","message":"Executing recipe chrome-pdf","meta":{"rootId":"s21rmr4uyz22y5i","id":"s21rmr4uyz22y5i"},"id":"2zgmcy4mdqjalpx","previousOperationId":"g4rz8vd6awf8fi2"}
{"type":"log","timestamp":1705074834022,"level":"debug","message":"Converting with chrome HeadlessChrome/117.0.5938.149 using chrome-pool strategy","meta":{"rootId":"s21rmr4uyz22y5i","id":"s21rmr4uyz22y5i"},"id":"4klyc1xaqcl3l4g","previousOperationId":"g4rz8vd6awf8fi2"}
{"type":"log","timestamp":1705074834041,"level":"debug","message":"Page request: GET (document) file:///tmp/jsreport/autocleanup/bc4acac8-33de-423d-9061-5dbb20178d3a-chrome-pdf.html","meta":{"rootId":"s21rmr4uyz22y5i","id":"s21rmr4uyz22y5i"},"id":"ee9zxgsszn695op","previousOperationId":"g4rz8vd6awf8fi2"}
{"type":"log","timestamp":1705074834047,"level":"debug","message":"Page request: GET (stylesheet) https://cdnjs.cloudflare.com/ajax/libs/metro/4.1.5/css/metro.min.css","meta":{"rootId":"s21rmr4uyz22y5i","id":"s21rmr4uyz22y5i"},"id":"ttx0olnmh1y0yy8","previousOperationId":"g4rz8vd6awf8fi2"}
{"type":"log","timestamp":1705074834047,"level":"debug","message":"Page request: GET (script) https://cdnjs.cloudflare.com/ajax/libs/Chart.js/2.7.2/Chart.min.js","meta":{"rootId":"s21rmr4uyz22y5i","id":"s21rmr4uyz22y5i"},"id":"3p1c71lgbpnwo54","previousOperationId":"g4rz8vd6awf8fi2"}
{"type":"log","timestamp":1705074834047,"level":"debug","message":"Page request finished: GET (document) 200 file:///tmp/jsreport/autocleanup/bc4acac8-33de-423d-9061-5dbb20178d3a-chrome-pdf.html","meta":{"rootId":"s21rmr4uyz22y5i","id":"s21rmr4uyz22y5i"},"id":"byklf3pa5qlfrfh","previousOperationId":"g4rz8vd6awf8fi2"}
{"type":"log","timestamp":1705074834050,"level":"debug","message":"Page request finished: GET (script) 200 https://cdnjs.cloudflare.com/ajax/libs/Chart.js/2.7.2/Chart.min.js","meta":{"rootId":"s21rmr4uyz22y5i","id":"s21rmr4uyz22y5i"},"id":"q1pptzuvrarqr4p","previousOperationId":"g4rz8vd6awf8fi2"}
{"type":"log","timestamp":1705074834057,"level":"debug","message":"Page request finished: GET (stylesheet) 200 https://cdnjs.cloudflare.com/ajax/libs/metro/4.1.5/css/metro.min.css","meta":{"rootId":"s21rmr4uyz22y5i","id":"s21rmr4uyz22y5i"},"id":"r6v8mixn9dlahjp","previousOperationId":"g4rz8vd6awf8fi2"}
{"type":"log","timestamp":1705074834063,"level":"debug","message":"Running chrome with params {\"printBackground\":true,\"timeout\":59986,\"margin\":{}}","meta":{"rootId":"s21rmr4uyz22y5i","id":"s21rmr4uyz22y5i"},"id":"1duz86r7z6tm1nv","previousOperationId":"g4rz8vd6awf8fi2"}
{"type":"operationEnd","operationId":"g4rz8vd6awf8fi2","timestamp":1705074834075,"id":"9odmcr0rdwlnd3a","previousEventId":"dshyca7u5rsgg8c","previousOperationId":"g4rz8vd6awf8fi2"}
{"type":"log","timestamp":1705074834075,"level":"debug","message":"Skipping storing report.","meta":{"rootId":"s21rmr4uyz22y5i","id":"s21rmr4uyz22y5i"},"id":"kkd14mmn2xylz9m","previousOperationId":"g4rz8vd6awf8fi2"}
{"type":"log","timestamp":1705074834075,"level":"info","message":"Rendering request 11 finished in 67 ms","meta":{"rootId":"s21rmr4uyz22y5i","id":"s21rmr4uyz22y5i"},"id":"em4xo1hco6oqfky","previousOperationId":"g4rz8vd6awf8fi2"}
{"type":"operationEnd","subtype":"render","operationId":"ea2re4pptzl6p97","timestamp":1705074834075,"id":"eao6kw8idl4k0mz","previousEventId":"9odmcr0rdwlnd3a","previousOperationId":"g4rz8vd6awf8fi2"}
{"type":"operationEnd","doDiffs":false,"previousEventId":"6kappubrdhqbkjf","previousOperationId":"lgk7rwxto95adhc","operationId":"lgk7rwxto95adhc","timestamp":1705074834081,"id":"6gruqfe459bxysv"}
