{"type":"operationStart","subtype":"profile","data":{"_id":"3qzj5vGNQEiCZfeM","timestamp":"2024-01-12T23:43:35.986Z","state":"queued","mode":"standard","creationDate":"2024-01-12T23:43:35.988Z","modificationDate":"2024-01-12T23:43:35.988Z","shortid":"P4Lfh1a","$entitySet":"profiles"},"doDiffs":false,"timestamp":1705103015987,"id":"jl6vkfyan0r5p9a","previousOperationId":null,"operationId":"pgrcxoc9oa1q567"}
{"type":"log","level":"info","message":"Render request 10 queued for execution and waiting for available worker","previousOperationId":"pgrcxoc9oa1q567","timestamp":1705103015987,"id":"xvmocfltl0f2vbh"}
{"type":"operationStart","subtype":"render","name":"activities-users-main","previousOperationId":"pgrcxoc9oa1q567","timestamp":1705103016002,"id":"yqaxlaayelu2txl","previousEventId":"jl6vkfyan0r5p9a","operationId":"i61h9y5hhpn31q5"}
{"type":"log","timestamp":1705103016002,"level":"info","message":"Starting rendering request 10","meta":{"rootId":"sxgibo9ogrv98m4","id":"sxgibo9ogrv98m4"},"id":"5p074om2xf64dm6","previousOperationId":"i61h9y5hhpn31q5"}
{"type":"log","timestamp":1705103016003,"level":"info","message":"Rendering template { name: activities-users-main, recipe: chrome-pdf, engine: handlebars, preview: true }","meta":{"rootId":"sxgibo9ogrv98m4","id":"sxgibo9ogrv98m4"},"id":"hndgh9tf4ob8x3r","previousOperationId":"i61h9y5hhpn31q5"}
{"type":"log","timestamp":1705103016003,"level":"debug","message":"Data item not defined for this template.","meta":{"rootId":"sxgibo9ogrv98m4","id":"sxgibo9ogrv98m4"},"id":"x44pm6fkn5lblqa","previousOperationId":"i61h9y5hhpn31q5"}
{"type":"log","timestamp":1705103016007,"level":"debug","message":"Executing script users-script (beforeRender)","meta":{"rootId":"sxgibo9ogrv98m4","id":"sxgibo9ogrv98m4"},"id":"eaif3xkitg30lcq","previousOperationId":"i61h9y5hhpn31q5"}
{"type":"operationStart","subtype":"scriptsBeforeRender","name":"scripts beforeRender","timestamp":1705103016024,"id":"ssjy9vmwxbpf7n7","previousEventId":"yqaxlaayelu2txl","operationId":"s3cmw9h5uaet6ag","previousOperationId":"i61h9y5hhpn31q5"}
{"type":"operationStart","subtype":"script","name":"scripts users-script","previousOperationId":"s3cmw9h5uaet6ag","timestamp":1705103016024,"id":"i447ndr08keiae9","previousEventId":"ssjy9vmwxbpf7n7","operationId":"0t6eyrcrnjz67lf"}
{"type":"operationEnd","operationId":"0t6eyrcrnjz67lf","timestamp":1705103016153,"id":"fos2c5gqexjduhz","previousEventId":"yqaxlaayelu2txl","previousOperationId":"i61h9y5hhpn31q5"}
{"type":"operationEnd","operationId":"s3cmw9h5uaet6ag","timestamp":1705103016154,"id":"se8lyb7ovu2se1i","previousEventId":"fos2c5gqexjduhz","previousOperationId":"i61h9y5hhpn31q5"}
{"type":"log","timestamp":1705103016154,"level":"debug","message":"Base url not specified, skipping its injection.","meta":{"rootId":"sxgibo9ogrv98m4","id":"sxgibo9ogrv98m4"},"id":"u7s1db3084vn6kh","previousOperationId":"s3cmw9h5uaet6ag"}
{"type":"operationStart","subtype":"engine","name":"handlebars","timestamp":1705103016155,"id":"g223jdzsgbce7w9","previousEventId":"se8lyb7ovu2se1i","operationId":"zgg8q45t60qqsrp","previousOperationId":"s3cmw9h5uaet6ag"}
{"type":"log","timestamp":1705103016155,"level":"debug","message":"Rendering engine handlebars","meta":{"rootId":"sxgibo9ogrv98m4","id":"sxgibo9ogrv98m4"},"id":"hmgpw45czfsw4n1","previousOperationId":"zgg8q45t60qqsrp"}
{"type":"operationEnd","operationId":"zgg8q45t60qqsrp","timestamp":1705103016168,"id":"lsj0ytcznjwtts6","previousEventId":"g223jdzsgbce7w9","previousOperationId":"zgg8q45t60qqsrp"}
{"type":"operationStart","subtype":"recipe","name":"chrome-pdf","timestamp":1705103016168,"id":"fndwebzm1hcutcz","previousEventId":"lsj0ytcznjwtts6","operationId":"faikktl3u651hzv","previousOperationId":"zgg8q45t60qqsrp"}
{"type":"log","timestamp":1705103016168,"level":"debug","message":"Executing recipe chrome-pdf","meta":{"rootId":"sxgibo9ogrv98m4","id":"sxgibo9ogrv98m4"},"id":"maqqbrihc3uxtc7","previousOperationId":"faikktl3u651hzv"}
{"type":"log","timestamp":1705103016171,"level":"debug","message":"Converting with chrome HeadlessChrome/117.0.5938.149 using chrome-pool strategy","meta":{"rootId":"sxgibo9ogrv98m4","id":"sxgibo9ogrv98m4"},"id":"1itocu1sy2yduv0","previousOperationId":"faikktl3u651hzv"}
{"type":"log","timestamp":1705103016224,"level":"debug","message":"Page request: GET (document) file:///tmp/jsreport/autocleanup/6ab1e6a1-9498-4088-8bad-7fa1e0da21d1-chrome-pdf.html","meta":{"rootId":"sxgibo9ogrv98m4","id":"sxgibo9ogrv98m4"},"id":"72l9v4qsqbc3632","previousOperationId":"faikktl3u651hzv"}
{"type":"log","timestamp":1705103016237,"level":"debug","message":"Page request: GET (stylesheet) https://cdnjs.cloudflare.com/ajax/libs/metro/4.1.5/css/metro.min.css","meta":{"rootId":"sxgibo9ogrv98m4","id":"sxgibo9ogrv98m4"},"id":"67b6uc3vvdvak7f","previousOperationId":"faikktl3u651hzv"}
{"type":"log","timestamp":1705103016238,"level":"debug","message":"Page request: GET (script) https://cdnjs.cloudflare.com/ajax/libs/Chart.js/2.7.2/Chart.min.js","meta":{"rootId":"sxgibo9ogrv98m4","id":"sxgibo9ogrv98m4"},"id":"54kmfmpnxw5h7q4","previousOperationId":"faikktl3u651hzv"}
{"type":"log","timestamp":1705103016238,"level":"debug","message":"Page request finished: GET (document) 200 file:///tmp/jsreport/autocleanup/6ab1e6a1-9498-4088-8bad-7fa1e0da21d1-chrome-pdf.html","meta":{"rootId":"sxgibo9ogrv98m4","id":"sxgibo9ogrv98m4"},"id":"j2plavritmlgdu0","previousOperationId":"faikktl3u651hzv"}
{"type":"log","timestamp":1705103016245,"level":"debug","message":"Page request finished: GET (script) 200 https://cdnjs.cloudflare.com/ajax/libs/Chart.js/2.7.2/Chart.min.js","meta":{"rootId":"sxgibo9ogrv98m4","id":"sxgibo9ogrv98m4"},"id":"21snsx1yn9536jl","previousOperationId":"faikktl3u651hzv"}
{"type":"log","timestamp":1705103016263,"level":"debug","message":"Page request finished: GET (stylesheet) 200 https://cdnjs.cloudflare.com/ajax/libs/metro/4.1.5/css/metro.min.css","meta":{"rootId":"sxgibo9ogrv98m4","id":"sxgibo9ogrv98m4"},"id":"sno8nk76uss78nb","previousOperationId":"faikktl3u651hzv"}
{"type":"log","timestamp":1705103016279,"level":"debug","message":"Running chrome with params {\"printBackground\":true,\"timeout\":59816,\"margin\":{}}","meta":{"rootId":"sxgibo9ogrv98m4","id":"sxgibo9ogrv98m4"},"id":"zmau9nuo9q0y78y","previousOperationId":"faikktl3u651hzv"}
{"type":"operationEnd","operationId":"faikktl3u651hzv","timestamp":1705103016311,"id":"w3g5iz8tuv3jszm","previousEventId":"fndwebzm1hcutcz","previousOperationId":"faikktl3u651hzv"}
{"type":"log","timestamp":1705103016311,"level":"debug","message":"Skipping storing report.","meta":{"rootId":"sxgibo9ogrv98m4","id":"sxgibo9ogrv98m4"},"id":"pzhd5c26u58bpg4","previousOperationId":"faikktl3u651hzv"}
{"type":"log","timestamp":1705103016311,"level":"info","message":"Rendering request 10 finished in 325 ms","meta":{"rootId":"sxgibo9ogrv98m4","id":"sxgibo9ogrv98m4"},"id":"rvd0budngxnxq44","previousOperationId":"faikktl3u651hzv"}
{"type":"operationEnd","subtype":"render","operationId":"i61h9y5hhpn31q5","timestamp":1705103016311,"id":"d7njvavt7qat1ci","previousEventId":"w3g5iz8tuv3jszm","previousOperationId":"faikktl3u651hzv"}
{"type":"operationEnd","doDiffs":false,"previousEventId":"jl6vkfyan0r5p9a","previousOperationId":"pgrcxoc9oa1q567","operationId":"pgrcxoc9oa1q567","timestamp":1705103016316,"id":"b6dxm7b4gemlslr"}
