{"type":"operationStart","subtype":"profile","data":{"_id":"LhvwIuIKOOYxlg7C","timestamp":"2024-01-12T23:34:51.615Z","state":"queued","mode":"standard","creationDate":"2024-01-12T23:34:51.621Z","modificationDate":"2024-01-12T23:34:51.621Z","shortid":"0JBG7_2","$entitySet":"profiles"},"doDiffs":false,"timestamp":1705102491618,"id":"icopzwy6qtklh51","previousOperationId":null,"operationId":"zbx161gg5a1wx6k"}
{"type":"log","level":"info","message":"Render request 1 queued for execution and waiting for available worker","previousOperationId":"zbx161gg5a1wx6k","timestamp":1705102491619,"id":"7qy25d531ihb26y"}
{"type":"operationStart","subtype":"render","name":"activities-users-main","previousOperationId":"zbx161gg5a1wx6k","timestamp":1705102491665,"id":"2h2gh3gt4omkro0","previousEventId":"icopzwy6qtklh51","operationId":"lteca0xuow3647s"}
{"type":"log","timestamp":1705102491666,"level":"info","message":"Starting rendering request 1","meta":{"rootId":"t164ebgrhb64kee","id":"t164ebgrhb64kee"},"id":"ja5bodtx21bulg3","previousOperationId":"lteca0xuow3647s"}
{"type":"log","timestamp":1705102491667,"level":"info","message":"Rendering template { name: activities-users-main, recipe: chrome-pdf, engine: handlebars, preview: true }","meta":{"rootId":"t164ebgrhb64kee","id":"t164ebgrhb64kee"},"id":"e9010bbxq4hr170","previousOperationId":"lteca0xuow3647s"}
{"type":"log","timestamp":1705102491670,"level":"debug","message":"Data item not defined for this template.","meta":{"rootId":"t164ebgrhb64kee","id":"t164ebgrhb64kee"},"id":"7sto63fd18ayrmo","previousOperationId":"lteca0xuow3647s"}
{"type":"log","timestamp":1705102491676,"level":"debug","message":"Executing script users-script (beforeRender)","meta":{"rootId":"t164ebgrhb64kee","id":"t164ebgrhb64kee"},"id":"0mc1yqcxofy0805","previousOperationId":"lteca0xuow3647s"}
{"type":"operationStart","subtype":"scriptsBeforeRender","name":"scripts beforeRender","timestamp":1705102491937,"id":"a49iorgnz0m4z07","previousEventId":"2h2gh3gt4omkro0","operationId":"70d6bnafnj2ie3q","previousOperationId":"lteca0xuow3647s"}
{"type":"operationStart","subtype":"script","name":"scripts users-script","previousOperationId":"70d6bnafnj2ie3q","timestamp":1705102491937,"id":"0veishd23ccdpew","previousEventId":"a49iorgnz0m4z07","operationId":"r9ipx71wlc91okg"}
{"type":"operationEnd","operationId":"r9ipx71wlc91okg","timestamp":1705102492079,"id":"mv9qn9cb8k9j354","previousEventId":"2h2gh3gt4omkro0","previousOperationId":"lteca0xuow3647s"}
{"type":"operationEnd","operationId":"70d6bnafnj2ie3q","timestamp":1705102492079,"id":"dzjp58x48scmhas","previousEventId":"mv9qn9cb8k9j354","previousOperationId":"lteca0xuow3647s"}
{"type":"log","timestamp":1705102492079,"level":"debug","message":"Base url not specified, skipping its injection.","meta":{"rootId":"t164ebgrhb64kee","id":"t164ebgrhb64kee"},"id":"jw57szu7761tkhs","previousOperationId":"70d6bnafnj2ie3q"}
{"type":"operationStart","subtype":"engine","name":"handlebars","timestamp":1705102492081,"id":"k74s5pcmonmwhhn","previousEventId":"dzjp58x48scmhas","operationId":"njcey5b52s3z2og","previousOperationId":"70d6bnafnj2ie3q"}
{"type":"log","timestamp":1705102492081,"level":"debug","message":"Rendering engine handlebars","meta":{"rootId":"t164ebgrhb64kee","id":"t164ebgrhb64kee"},"id":"nt0uqd1wvv579eh","previousOperationId":"njcey5b52s3z2og"}
{"type":"operationEnd","operationId":"njcey5b52s3z2og","timestamp":1705102492436,"id":"pvnt7xzdx89z6v2","previousEventId":"k74s5pcmonmwhhn","previousOperationId":"njcey5b52s3z2og"}
{"type":"operationStart","subtype":"recipe","name":"chrome-pdf","timestamp":1705102492436,"id":"t3j9pq5oywo9r3v","previousEventId":"pvnt7xzdx89z6v2","operationId":"9u3yqly91xknyyl","previousOperationId":"njcey5b52s3z2og"}
{"type":"log","timestamp":1705102492437,"level":"debug","message":"Executing recipe chrome-pdf","meta":{"rootId":"t164ebgrhb64kee","id":"t164ebgrhb64kee"},"id":"wxxp8kk9pgy4t3v","previousOperationId":"9u3yqly91xknyyl"}
{"type":"log","timestamp":1705102492914,"level":"debug","message":"Converting with chrome HeadlessChrome/117.0.5938.149 using chrome-pool strategy","meta":{"rootId":"t164ebgrhb64kee","id":"t164ebgrhb64kee"},"id":"gkaqm0hv41tlq55","previousOperationId":"9u3yqly91xknyyl"}
{"type":"log","timestamp":1705102493047,"level":"debug","message":"Page request: GET (document) file:///tmp/jsreport/autocleanup/8fe9d6ef-ccd4-4c1b-9954-7bf0ffe5f1dd-chrome-pdf.html","meta":{"rootId":"t164ebgrhb64kee","id":"t164ebgrhb64kee"},"id":"8w3bgfj9o83subp","previousOperationId":"9u3yqly91xknyyl"}
{"type":"log","timestamp":1705102493063,"level":"debug","message":"Page request: GET (stylesheet) https://cdnjs.cloudflare.com/ajax/libs/metro/4.1.5/css/metro.min.css","meta":{"rootId":"t164ebgrhb64kee","id":"t164ebgrhb64kee"},"id":"nvmsgvi96dxl6b3","previousOperationId":"9u3yqly91xknyyl"}
{"type":"log","timestamp":1705102493064,"level":"debug","message":"Page request: GET (script) https://cdnjs.cloudflare.com/ajax/libs/Chart.js/2.7.2/Chart.min.js","meta":{"rootId":"t164ebgrhb64kee","id":"t164ebgrhb64kee"},"id":"ranfst453fv7lzs","previousOperationId":"9u3yqly91xknyyl"}
{"type":"log","timestamp":1705102493065,"level":"debug","message":"Page request finished: GET (document) 200 file:///tmp/jsreport/autocleanup/8fe9d6ef-ccd4-4c1b-9954-7bf0ffe5f1dd-chrome-pdf.html","meta":{"rootId":"t164ebgrhb64kee","id":"t164ebgrhb64kee"},"id":"tq7s2552mhr069h","previousOperationId":"9u3yqly91xknyyl"}
{"type":"log","timestamp":1705102493227,"level":"debug","message":"Page request finished: GET (script) 200 https://cdnjs.cloudflare.com/ajax/libs/Chart.js/2.7.2/Chart.min.js","meta":{"rootId":"t164ebgrhb64kee","id":"t164ebgrhb64kee"},"id":"4grijhwu4sgnhaa","previousOperationId":"9u3yqly91xknyyl"}
{"type":"log","timestamp":1705102493261,"level":"debug","message":"Page request finished: GET (stylesheet) 200 https://cdnjs.cloudflare.com/ajax/libs/metro/4.1.5/css/metro.min.css","meta":{"rootId":"t164ebgrhb64kee","id":"t164ebgrhb64kee"},"id":"5xadi2l15rfhea7","previousOperationId":"9u3yqly91xknyyl"}
{"type":"log","timestamp":1705102493274,"level":"warn","message":"Page error: Unexpected token ';' , stack: SyntaxError: Unexpected token ';'","meta":{"rootId":"t164ebgrhb64kee","id":"t164ebgrhb64kee"},"id":"lqiw2oup2gsbhva","previousOperationId":"9u3yqly91xknyyl"}
{"type":"log","timestamp":1705102493290,"level":"debug","message":"Running chrome with params {\"printBackground\":true,\"timeout\":58857,\"margin\":{}}","meta":{"rootId":"t164ebgrhb64kee","id":"t164ebgrhb64kee"},"id":"5yofzwpwcbrfnl9","previousOperationId":"9u3yqly91xknyyl"}
{"type":"operationEnd","operationId":"9u3yqly91xknyyl","timestamp":1705102493326,"id":"yffvkkys5ddnsp6","previousEventId":"t3j9pq5oywo9r3v","previousOperationId":"9u3yqly91xknyyl"}
{"type":"log","timestamp":1705102493327,"level":"debug","message":"Skipping storing report.","meta":{"rootId":"t164ebgrhb64kee","id":"t164ebgrhb64kee"},"id":"kdax0yptu5uw9wi","previousOperationId":"9u3yqly91xknyyl"}
{"type":"log","timestamp":1705102493327,"level":"info","message":"Rendering request 1 finished in 1713 ms","meta":{"rootId":"t164ebgrhb64kee","id":"t164ebgrhb64kee"},"id":"nu8le6q81a8rahk","previousOperationId":"9u3yqly91xknyyl"}
{"type":"operationEnd","subtype":"render","operationId":"lteca0xuow3647s","timestamp":1705102493328,"id":"jl6f7v7d8zsv38i","previousEventId":"yffvkkys5ddnsp6","previousOperationId":"9u3yqly91xknyyl"}
{"type":"operationEnd","doDiffs":false,"previousEventId":"icopzwy6qtklh51","previousOperationId":"zbx161gg5a1wx6k","operationId":"zbx161gg5a1wx6k","timestamp":1705102493339,"id":"41oelqxyp3qu1e9"}
