{"type":"operationStart","subtype":"profile","data":{"_id":"CYpQuLccrf9agtaC","timestamp":"2024-01-15T16:56:23.855Z","state":"queued","mode":"standard","creationDate":"2024-01-15T16:56:23.857Z","modificationDate":"2024-01-15T16:56:23.857Z","shortid":"wDHk-ii","$entitySet":"profiles"},"doDiffs":false,"timestamp":1705337783856,"id":"wga7un023nsiqcq","previousOperationId":null,"operationId":"nasnnrwlt8517ck"}
{"type":"log","level":"info","message":"Render request 1 queued for execution and waiting for available worker","previousOperationId":"nasnnrwlt8517ck","timestamp":1705337783856,"id":"ei5b9lhvsvaa7qt"}
{"type":"operationStart","subtype":"render","name":"activities-users-main","previousOperationId":"nasnnrwlt8517ck","timestamp":1705337783874,"id":"4qoh8cdwmcksvo7","previousEventId":"wga7un023nsiqcq","operationId":"zhn68zfegj7gwan"}
{"type":"log","timestamp":1705337783875,"level":"info","message":"Starting rendering request 1","meta":{"rootId":"t63u3r18cjc0616","id":"t63u3r18cjc0616"},"id":"a9rsh1ofv0u0yqt","previousOperationId":"zhn68zfegj7gwan"}
{"type":"log","timestamp":1705337783875,"level":"info","message":"Rendering template { name: activities-users-main, recipe: chrome-pdf, engine: handlebars, preview: true }","meta":{"rootId":"t63u3r18cjc0616","id":"t63u3r18cjc0616"},"id":"4wh1g6g84cws984","previousOperationId":"zhn68zfegj7gwan"}
{"type":"log","timestamp":1705337783876,"level":"debug","message":"Data item not defined for this template.","meta":{"rootId":"t63u3r18cjc0616","id":"t63u3r18cjc0616"},"id":"z7udfp6xtw6wskb","previousOperationId":"zhn68zfegj7gwan"}
{"type":"log","timestamp":1705337783879,"level":"debug","message":"Executing script users-script (beforeRender)","meta":{"rootId":"t63u3r18cjc0616","id":"t63u3r18cjc0616"},"id":"a9wm15tjcmit8zv","previousOperationId":"zhn68zfegj7gwan"}
{"type":"operationStart","subtype":"scriptsBeforeRender","name":"scripts beforeRender","timestamp":1705337784006,"id":"aj5qfpt8zl05fi6","previousEventId":"4qoh8cdwmcksvo7","operationId":"234y1lulv19lt0j","previousOperationId":"zhn68zfegj7gwan"}
{"type":"operationStart","subtype":"script","name":"scripts users-script","previousOperationId":"234y1lulv19lt0j","timestamp":1705337784006,"id":"o11esu5nfzofjog","previousEventId":"aj5qfpt8zl05fi6","operationId":"pnvt78aavlywmap"}
{"type":"operationEnd","operationId":"pnvt78aavlywmap","timestamp":1705337784067,"id":"6hlmcq945q2nvn8","previousEventId":"4qoh8cdwmcksvo7","previousOperationId":"zhn68zfegj7gwan"}
{"type":"operationEnd","operationId":"234y1lulv19lt0j","timestamp":1705337784067,"id":"57a1pgt5hvakhz4","previousEventId":"6hlmcq945q2nvn8","previousOperationId":"zhn68zfegj7gwan"}
{"type":"log","timestamp":1705337784067,"level":"debug","message":"Base url not specified, skipping its injection.","meta":{"rootId":"t63u3r18cjc0616","id":"t63u3r18cjc0616"},"id":"zj6i0kxgn9tp8j5","previousOperationId":"234y1lulv19lt0j"}
{"type":"operationStart","subtype":"engine","name":"handlebars","timestamp":1705337784068,"id":"0aw1ocbv3iv94uc","previousEventId":"57a1pgt5hvakhz4","operationId":"me7ua7l3gp9d7wu","previousOperationId":"234y1lulv19lt0j"}
{"type":"log","timestamp":1705337784068,"level":"debug","message":"Rendering engine handlebars","meta":{"rootId":"t63u3r18cjc0616","id":"t63u3r18cjc0616"},"id":"bshtcr6kw2ajqml","previousOperationId":"me7ua7l3gp9d7wu"}
{"type":"operationEnd","operationId":"me7ua7l3gp9d7wu","timestamp":1705337784209,"id":"5bhlklb7yw92akp","previousEventId":"0aw1ocbv3iv94uc","previousOperationId":"me7ua7l3gp9d7wu"}
{"type":"operationStart","subtype":"recipe","name":"chrome-pdf","timestamp":1705337784209,"id":"6d7qtsrvalib4we","previousEventId":"5bhlklb7yw92akp","operationId":"8d2z5vsq9kezqlz","previousOperationId":"me7ua7l3gp9d7wu"}
{"type":"log","timestamp":1705337784209,"level":"debug","message":"Executing recipe chrome-pdf","meta":{"rootId":"t63u3r18cjc0616","id":"t63u3r18cjc0616"},"id":"pgowvi6n44hih4f","previousOperationId":"8d2z5vsq9kezqlz"}
{"type":"log","timestamp":1705337784459,"level":"debug","message":"Converting with chrome HeadlessChrome/117.0.5938.149 using chrome-pool strategy","meta":{"rootId":"t63u3r18cjc0616","id":"t63u3r18cjc0616"},"id":"6bhvdxz711vrled","previousOperationId":"8d2z5vsq9kezqlz"}
{"type":"log","timestamp":1705337784496,"level":"debug","message":"Page request: GET (document) file:///tmp/jsreport/autocleanup/21517cf3-847b-46ed-a880-f8d2d6b05934-chrome-pdf.html","meta":{"rootId":"t63u3r18cjc0616","id":"t63u3r18cjc0616"},"id":"yaa9p8aj0ky1kfp","previousOperationId":"8d2z5vsq9kezqlz"}
{"type":"log","timestamp":1705337784502,"level":"debug","message":"Page request: GET (stylesheet) https://cdn.jsdelivr.net/chartist.js/latest/chartist.min.css","meta":{"rootId":"t63u3r18cjc0616","id":"t63u3r18cjc0616"},"id":"k6ls2uf196a87j4","previousOperationId":"8d2z5vsq9kezqlz"}
{"type":"log","timestamp":1705337784502,"level":"debug","message":"Page request: GET (script) https://cdn.jsdelivr.net/chartist.js/latest/chartist.min.js","meta":{"rootId":"t63u3r18cjc0616","id":"t63u3r18cjc0616"},"id":"bsaq6c9vwe2ybvk","previousOperationId":"8d2z5vsq9kezqlz"}
{"type":"log","timestamp":1705337784503,"level":"debug","message":"Page request finished: GET (document) 200 file:///tmp/jsreport/autocleanup/21517cf3-847b-46ed-a880-f8d2d6b05934-chrome-pdf.html","meta":{"rootId":"t63u3r18cjc0616","id":"t63u3r18cjc0616"},"id":"plc50c97n5rpqiz","previousOperationId":"8d2z5vsq9kezqlz"}
{"type":"log","timestamp":1705337784672,"level":"debug","message":"Page request finished: GET (stylesheet) 200 https://cdn.jsdelivr.net/chartist.js/latest/chartist.min.css","meta":{"rootId":"t63u3r18cjc0616","id":"t63u3r18cjc0616"},"id":"u0ex4ytzoid3mw8","previousOperationId":"8d2z5vsq9kezqlz"}
{"type":"log","timestamp":1705337784674,"level":"debug","message":"Page request finished: GET (script) 200 https://cdn.jsdelivr.net/chartist.js/latest/chartist.min.js","meta":{"rootId":"t63u3r18cjc0616","id":"t63u3r18cjc0616"},"id":"7wujej33ajgo9e5","previousOperationId":"8d2z5vsq9kezqlz"}
{"type":"log","timestamp":1705337784686,"level":"debug","message":"Running chrome with params {\"printBackground\":true,\"timeout\":59523,\"margin\":{}}","meta":{"rootId":"t63u3r18cjc0616","id":"t63u3r18cjc0616"},"id":"5ris9ib76h1zwnn","previousOperationId":"8d2z5vsq9kezqlz"}
{"type":"operationEnd","operationId":"8d2z5vsq9kezqlz","timestamp":1705337784699,"id":"w9u870zwlinuwyw","previousEventId":"6d7qtsrvalib4we","previousOperationId":"8d2z5vsq9kezqlz"}
{"type":"log","timestamp":1705337784699,"level":"debug","message":"Executing script users-script (afterRender)","meta":{"rootId":"t63u3r18cjc0616","id":"t63u3r18cjc0616"},"id":"n4rsptgnyocm5ex","previousOperationId":"8d2z5vsq9kezqlz"}
{"type":"operationStart","subtype":"scriptsAfterRender","name":"scripts afterRender","timestamp":1705337784703,"id":"xnuqjp8w94pqxts","previousEventId":"w9u870zwlinuwyw","operationId":"9z5fv7flfk4h8y8","previousOperationId":"8d2z5vsq9kezqlz"}
{"type":"operationStart","subtype":"script","name":"scripts users-script","previousOperationId":"9z5fv7flfk4h8y8","timestamp":1705337784703,"id":"7julasi5rp2m2ow","previousEventId":"xnuqjp8w94pqxts","operationId":"0e99ylza35rzyph"}
{"type":"operationEnd","operationId":"0e99ylza35rzyph","timestamp":1705337784707,"id":"eeuykzoc6hdx1fe","previousEventId":"w9u870zwlinuwyw","previousOperationId":"8d2z5vsq9kezqlz"}
{"type":"operationEnd","operationId":"9z5fv7flfk4h8y8","timestamp":1705337784707,"id":"40e5t9zddsqqzpy","previousEventId":"eeuykzoc6hdx1fe","previousOperationId":"8d2z5vsq9kezqlz"}
{"type":"log","timestamp":1705337784707,"level":"debug","message":"Skipping storing report.","meta":{"rootId":"t63u3r18cjc0616","id":"t63u3r18cjc0616"},"id":"wf509mx2do4vysq","previousOperationId":"9z5fv7flfk4h8y8"}
{"type":"log","timestamp":1705337784707,"level":"info","message":"Rendering request 1 finished in 852 ms","meta":{"rootId":"t63u3r18cjc0616","id":"t63u3r18cjc0616"},"id":"z1wsef2hmrffohf","previousOperationId":"9z5fv7flfk4h8y8"}
{"type":"operationEnd","subtype":"render","operationId":"zhn68zfegj7gwan","timestamp":1705337784708,"id":"qnhah6kkwefywiw","previousEventId":"40e5t9zddsqqzpy","previousOperationId":"9z5fv7flfk4h8y8"}
{"type":"operationEnd","doDiffs":false,"previousEventId":"wga7un023nsiqcq","previousOperationId":"nasnnrwlt8517ck","operationId":"nasnnrwlt8517ck","timestamp":1705337784712,"id":"vvkdfn47626vpbm"}
