{"type":"operationStart","subtype":"profile","data":{"_id":"tFL9NZkRXPCdkEHP","timestamp":"2024-01-15T16:54:31.023Z","state":"queued","mode":"standard","creationDate":"2024-01-15T16:54:31.025Z","modificationDate":"2024-01-15T16:54:31.025Z","shortid":"pnL6eQC","$entitySet":"profiles"},"doDiffs":false,"timestamp":1705337671024,"id":"257f5przj89pnfc","previousOperationId":null,"operationId":"hnr2gv3q5oecm1r"}
{"type":"log","level":"info","message":"Render request 1 queued for execution and waiting for available worker","previousOperationId":"hnr2gv3q5oecm1r","timestamp":1705337671025,"id":"itoopua9ky9iw7b"}
{"type":"operationStart","subtype":"render","name":"activities-users-main","previousOperationId":"hnr2gv3q5oecm1r","timestamp":1705337671039,"id":"pfu4nm9fu94wjzm","previousEventId":"257f5przj89pnfc","operationId":"7wv26022kyrcgpj"}
{"type":"log","timestamp":1705337671039,"level":"info","message":"Starting rendering request 1","meta":{"rootId":"tcxz42hpa63ybm9","id":"tcxz42hpa63ybm9"},"id":"rumm7smqlmjw8px","previousOperationId":"7wv26022kyrcgpj"}
{"type":"log","timestamp":1705337671039,"level":"info","message":"Rendering template { name: activities-users-main, recipe: chrome-pdf, engine: handlebars, preview: true }","meta":{"rootId":"tcxz42hpa63ybm9","id":"tcxz42hpa63ybm9"},"id":"0z1ou1bwn9fjxti","previousOperationId":"7wv26022kyrcgpj"}
{"type":"log","timestamp":1705337671040,"level":"debug","message":"Data item not defined for this template.","meta":{"rootId":"tcxz42hpa63ybm9","id":"tcxz42hpa63ybm9"},"id":"89fxi9ov159fhci","previousOperationId":"7wv26022kyrcgpj"}
{"type":"log","timestamp":1705337671045,"level":"debug","message":"Executing script users-script (beforeRender)","meta":{"rootId":"tcxz42hpa63ybm9","id":"tcxz42hpa63ybm9"},"id":"gxlzj42a0qd87ph","previousOperationId":"7wv26022kyrcgpj"}
{"type":"log","timestamp":1705337671163,"level":"debug","message":"Base url not specified, skipping its injection.","meta":{"rootId":"tcxz42hpa63ybm9","id":"tcxz42hpa63ybm9"},"id":"7dxr360y5q6gzp0","previousOperationId":"7wv26022kyrcgpj"}
{"type":"operationStart","subtype":"engine","name":"handlebars","timestamp":1705337671164,"id":"zai0f6iwekc5mt3","previousEventId":"pfu4nm9fu94wjzm","operationId":"1vyi0bumrmw5y1o","previousOperationId":"7wv26022kyrcgpj"}
{"type":"log","timestamp":1705337671164,"level":"debug","message":"Rendering engine handlebars","meta":{"rootId":"tcxz42hpa63ybm9","id":"tcxz42hpa63ybm9"},"id":"d72c9jdjzf0o16i","previousOperationId":"1vyi0bumrmw5y1o"}
{"type":"operationEnd","operationId":"1vyi0bumrmw5y1o","timestamp":1705337671300,"id":"ik9weso6v3abcav","previousEventId":"zai0f6iwekc5mt3","previousOperationId":"1vyi0bumrmw5y1o"}
{"type":"operationStart","subtype":"recipe","name":"chrome-pdf","timestamp":1705337671300,"id":"mnuno80oi9p3xtr","previousEventId":"ik9weso6v3abcav","operationId":"r0gn7rdo0zzhjz5","previousOperationId":"1vyi0bumrmw5y1o"}
{"type":"log","timestamp":1705337671300,"level":"debug","message":"Executing recipe chrome-pdf","meta":{"rootId":"tcxz42hpa63ybm9","id":"tcxz42hpa63ybm9"},"id":"iyln5eu41hw3yea","previousOperationId":"r0gn7rdo0zzhjz5"}
{"type":"log","timestamp":1705337671580,"level":"debug","message":"Converting with chrome HeadlessChrome/117.0.5938.149 using chrome-pool strategy","meta":{"rootId":"tcxz42hpa63ybm9","id":"tcxz42hpa63ybm9"},"id":"zkgcb98guq8w6wt","previousOperationId":"r0gn7rdo0zzhjz5"}
{"type":"log","timestamp":1705337671623,"level":"debug","message":"Page request: GET (document) file:///tmp/jsreport/autocleanup/20728ade-25ab-4f3a-9857-e4c8546a7509-chrome-pdf.html","meta":{"rootId":"tcxz42hpa63ybm9","id":"tcxz42hpa63ybm9"},"id":"q9btpurpaulwh9o","previousOperationId":"r0gn7rdo0zzhjz5"}
{"type":"log","timestamp":1705337671631,"level":"debug","message":"Page request: GET (stylesheet) https://cdn.jsdelivr.net/chartist.js/latest/chartist.min.css","meta":{"rootId":"tcxz42hpa63ybm9","id":"tcxz42hpa63ybm9"},"id":"u29rzpiuz61q71s","previousOperationId":"r0gn7rdo0zzhjz5"}
{"type":"log","timestamp":1705337671632,"level":"debug","message":"Page request: GET (script) https://cdn.jsdelivr.net/chartist.js/latest/chartist.min.js","meta":{"rootId":"tcxz42hpa63ybm9","id":"tcxz42hpa63ybm9"},"id":"6w9b9i7qpm992pc","previousOperationId":"r0gn7rdo0zzhjz5"}
{"type":"log","timestamp":1705337671632,"level":"debug","message":"Page request finished: GET (document) 200 file:///tmp/jsreport/autocleanup/20728ade-25ab-4f3a-9857-e4c8546a7509-chrome-pdf.html","meta":{"rootId":"tcxz42hpa63ybm9","id":"tcxz42hpa63ybm9"},"id":"5ijr12pkv6vx5cj","previousOperationId":"r0gn7rdo0zzhjz5"}
{"type":"log","timestamp":1705337671818,"level":"debug","message":"Page request finished: GET (stylesheet) 200 https://cdn.jsdelivr.net/chartist.js/latest/chartist.min.css","meta":{"rootId":"tcxz42hpa63ybm9","id":"tcxz42hpa63ybm9"},"id":"cim6cjwxbjoxpvc","previousOperationId":"r0gn7rdo0zzhjz5"}
{"type":"log","timestamp":1705337671821,"level":"debug","message":"Page request finished: GET (script) 200 https://cdn.jsdelivr.net/chartist.js/latest/chartist.min.js","meta":{"rootId":"tcxz42hpa63ybm9","id":"tcxz42hpa63ybm9"},"id":"o50113dmktpt2w5","previousOperationId":"r0gn7rdo0zzhjz5"}
{"type":"log","timestamp":1705337671838,"level":"debug","message":"Running chrome with params {\"printBackground\":true,\"timeout\":59597,\"margin\":{}}","meta":{"rootId":"tcxz42hpa63ybm9","id":"tcxz42hpa63ybm9"},"id":"eybpp1n62t6wia6","previousOperationId":"r0gn7rdo0zzhjz5"}
{"type":"operationEnd","operationId":"r0gn7rdo0zzhjz5","timestamp":1705337671852,"id":"ljv1qhlov9c3n1m","previousEventId":"mnuno80oi9p3xtr","previousOperationId":"r0gn7rdo0zzhjz5"}
{"type":"log","timestamp":1705337671852,"level":"debug","message":"Executing script users-script (afterRender)","meta":{"rootId":"tcxz42hpa63ybm9","id":"tcxz42hpa63ybm9"},"id":"xt8cku8hrvemni1","previousOperationId":"r0gn7rdo0zzhjz5"}
{"type":"operationStart","subtype":"scriptsAfterRender","name":"scripts afterRender","timestamp":1705337671856,"id":"dutc888y5q76jih","previousEventId":"ljv1qhlov9c3n1m","operationId":"8evermrrrmw0nr9","previousOperationId":"r0gn7rdo0zzhjz5"}
{"type":"operationStart","subtype":"script","name":"scripts users-script","previousOperationId":"8evermrrrmw0nr9","timestamp":1705337671856,"id":"dhsfcinswmgozvn","previousEventId":"dutc888y5q76jih","operationId":"iz0573agepuwhxy"}
{"type":"operationEnd","operationId":"iz0573agepuwhxy","timestamp":1705337671860,"id":"8clk26hgg292oi7","previousEventId":"ljv1qhlov9c3n1m","previousOperationId":"r0gn7rdo0zzhjz5"}
{"type":"operationEnd","operationId":"8evermrrrmw0nr9","timestamp":1705337671860,"id":"wqagdu9ow03wjd1","previousEventId":"8clk26hgg292oi7","previousOperationId":"r0gn7rdo0zzhjz5"}
{"type":"log","timestamp":1705337671861,"level":"debug","message":"Skipping storing report.","meta":{"rootId":"tcxz42hpa63ybm9","id":"tcxz42hpa63ybm9"},"id":"sxckppke6qos4p4","previousOperationId":"8evermrrrmw0nr9"}
{"type":"log","timestamp":1705337671861,"level":"info","message":"Rendering request 1 finished in 838 ms","meta":{"rootId":"tcxz42hpa63ybm9","id":"tcxz42hpa63ybm9"},"id":"5gzxucyy28vxc2j","previousOperationId":"8evermrrrmw0nr9"}
{"type":"operationEnd","subtype":"render","operationId":"7wv26022kyrcgpj","timestamp":1705337671861,"id":"fwahn8fpxs4lcjo","previousEventId":"wqagdu9ow03wjd1","previousOperationId":"8evermrrrmw0nr9"}
{"type":"operationEnd","doDiffs":false,"previousEventId":"257f5przj89pnfc","previousOperationId":"hnr2gv3q5oecm1r","operationId":"hnr2gv3q5oecm1r","timestamp":1705337671865,"id":"rh9me7f6bh3t45n"}
