{"type":"operationStart","subtype":"profile","data":{"_id":"l1knhlpb9QMapNLk","timestamp":"2024-01-15T17:40:08.349Z","state":"queued","mode":"standard","creationDate":"2024-01-15T17:40:08.350Z","modificationDate":"2024-01-15T17:40:08.350Z","shortid":"LICB89d","$entitySet":"profiles"},"doDiffs":false,"timestamp":1705340408349,"id":"lancqboir07si0j","previousOperationId":null,"operationId":"fcl2xqeit3lwmyf"}
{"type":"log","level":"info","message":"Render request 5 queued for execution and waiting for available worker","previousOperationId":"fcl2xqeit3lwmyf","timestamp":1705340408349,"id":"2aupm7jcj4sfo1r"}
{"type":"operationStart","subtype":"render","name":"activities-users-main","previousOperationId":"fcl2xqeit3lwmyf","timestamp":1705340408353,"id":"xaws37496id2umj","previousEventId":"lancqboir07si0j","operationId":"9kqh3orxcs89qdh"}
{"type":"log","timestamp":1705340408353,"level":"info","message":"Starting rendering request 5","meta":{"rootId":"th53kokyyacunad","id":"th53kokyyacunad"},"id":"0c30k4tbqb94x06","previousOperationId":"9kqh3orxcs89qdh"}
{"type":"log","timestamp":1705340408353,"level":"info","message":"Rendering template { name: activities-users-main, recipe: chrome-pdf, engine: handlebars, preview: false }","meta":{"rootId":"th53kokyyacunad","id":"th53kokyyacunad"},"id":"l0u9mfsbvec16b4","previousOperationId":"9kqh3orxcs89qdh"}
{"type":"log","timestamp":1705340408354,"level":"debug","message":"Data item not defined for this template.","meta":{"rootId":"th53kokyyacunad","id":"th53kokyyacunad"},"id":"3hbapdyjrlryc5l","previousOperationId":"9kqh3orxcs89qdh"}
{"type":"log","timestamp":1705340408356,"level":"debug","message":"Executing script users-script (beforeRender)","meta":{"rootId":"th53kokyyacunad","id":"th53kokyyacunad"},"id":"zzlt384ibr44hch","previousOperationId":"9kqh3orxcs89qdh"}
{"type":"operationStart","subtype":"scriptsBeforeRender","name":"scripts beforeRender","timestamp":1705340408373,"id":"7gjkadgzvyngjtm","previousEventId":"xaws37496id2umj","operationId":"3125hnq7c7t0m2e","previousOperationId":"9kqh3orxcs89qdh"}
{"type":"operationStart","subtype":"script","name":"scripts users-script","previousOperationId":"3125hnq7c7t0m2e","timestamp":1705340408373,"id":"zltv39q8a6ijfwa","previousEventId":"7gjkadgzvyngjtm","operationId":"tcl8fepv52wyfoe"}
{"type":"operationEnd","operationId":"tcl8fepv52wyfoe","timestamp":1705340408420,"id":"go02plykvj2y1t8","previousEventId":"xaws37496id2umj","previousOperationId":"9kqh3orxcs89qdh"}
{"type":"operationEnd","operationId":"3125hnq7c7t0m2e","timestamp":1705340408420,"id":"q2sbxehcr8qt8f2","previousEventId":"go02plykvj2y1t8","previousOperationId":"9kqh3orxcs89qdh"}
{"type":"log","timestamp":1705340408420,"level":"debug","message":"Base url not specified, skipping its injection.","meta":{"rootId":"th53kokyyacunad","id":"th53kokyyacunad"},"id":"xtb18k3d5wpxgio","previousOperationId":"3125hnq7c7t0m2e"}
{"type":"operationStart","subtype":"engine","name":"handlebars","timestamp":1705340408421,"id":"s38vumcq8btedkf","previousEventId":"q2sbxehcr8qt8f2","operationId":"3ee2clqjqezlz3x","previousOperationId":"3125hnq7c7t0m2e"}
{"type":"log","timestamp":1705340408421,"level":"debug","message":"Rendering engine handlebars","meta":{"rootId":"th53kokyyacunad","id":"th53kokyyacunad"},"id":"y7vrmitckm777fe","previousOperationId":"3ee2clqjqezlz3x"}
{"type":"operationEnd","operationId":"3ee2clqjqezlz3x","timestamp":1705340408427,"id":"tjjapocyovgri6q","previousEventId":"s38vumcq8btedkf","previousOperationId":"3ee2clqjqezlz3x"}
{"type":"operationStart","subtype":"recipe","name":"chrome-pdf","timestamp":1705340408427,"id":"lesmgo2zkqit2d1","previousEventId":"tjjapocyovgri6q","operationId":"te9aml3dba0q9nu","previousOperationId":"3ee2clqjqezlz3x"}
{"type":"log","timestamp":1705340408427,"level":"debug","message":"Executing recipe chrome-pdf","meta":{"rootId":"th53kokyyacunad","id":"th53kokyyacunad"},"id":"eh6a4s2ly60useg","previousOperationId":"te9aml3dba0q9nu"}
{"type":"log","timestamp":1705340408429,"level":"debug","message":"Converting with chrome HeadlessChrome/117.0.5938.149 using chrome-pool strategy","meta":{"rootId":"th53kokyyacunad","id":"th53kokyyacunad"},"id":"rzlyq1zg22yqbma","previousOperationId":"te9aml3dba0q9nu"}
{"type":"log","timestamp":1705340408456,"level":"debug","message":"Page request: GET (document) file:///tmp/jsreport/autocleanup/2c1061c7-8c4d-4e43-805d-1f415f286e92-chrome-pdf.html","meta":{"rootId":"th53kokyyacunad","id":"th53kokyyacunad"},"id":"wjtdlnhn5e7clju","previousOperationId":"te9aml3dba0q9nu"}
{"type":"log","timestamp":1705340408462,"level":"debug","message":"Page request: GET (stylesheet) https://cdn.jsdelivr.net/chartist.js/latest/chartist.min.css","meta":{"rootId":"th53kokyyacunad","id":"th53kokyyacunad"},"id":"g330ke1m56pfzji","previousOperationId":"te9aml3dba0q9nu"}
{"type":"log","timestamp":1705340408463,"level":"debug","message":"Page request: GET (script) https://cdn.jsdelivr.net/chartist.js/latest/chartist.min.js","meta":{"rootId":"th53kokyyacunad","id":"th53kokyyacunad"},"id":"7a9bdtrdl0byfxu","previousOperationId":"te9aml3dba0q9nu"}
{"type":"log","timestamp":1705340408463,"level":"debug","message":"Page request finished: GET (document) 200 file:///tmp/jsreport/autocleanup/2c1061c7-8c4d-4e43-805d-1f415f286e92-chrome-pdf.html","meta":{"rootId":"th53kokyyacunad","id":"th53kokyyacunad"},"id":"pjvqie6pinxol2g","previousOperationId":"te9aml3dba0q9nu"}
{"type":"log","timestamp":1705340408465,"level":"debug","message":"Page request finished: GET (stylesheet) 200 https://cdn.jsdelivr.net/chartist.js/latest/chartist.min.css","meta":{"rootId":"th53kokyyacunad","id":"th53kokyyacunad"},"id":"eoajym1b3t9fi9f","previousOperationId":"te9aml3dba0q9nu"}
{"type":"log","timestamp":1705340408465,"level":"debug","message":"Page request finished: GET (script) 200 https://cdn.jsdelivr.net/chartist.js/latest/chartist.min.js","meta":{"rootId":"th53kokyyacunad","id":"th53kokyyacunad"},"id":"es5ieklieqvg16i","previousOperationId":"te9aml3dba0q9nu"}
{"type":"log","timestamp":1705340408476,"level":"debug","message":"Running chrome with params {\"printBackground\":true,\"timeout\":59920,\"margin\":{}}","meta":{"rootId":"th53kokyyacunad","id":"th53kokyyacunad"},"id":"nqyka5k4sv5yk5i","previousOperationId":"te9aml3dba0q9nu"}
{"type":"operationEnd","operationId":"te9aml3dba0q9nu","timestamp":1705340408488,"id":"r3v1l0ons1dfwvv","previousEventId":"lesmgo2zkqit2d1","previousOperationId":"te9aml3dba0q9nu"}
{"type":"log","timestamp":1705340408488,"level":"debug","message":"Executing script users-script (afterRender)","meta":{"rootId":"th53kokyyacunad","id":"th53kokyyacunad"},"id":"tbz4b02ztpzxqq2","previousOperationId":"te9aml3dba0q9nu"}
{"type":"operationStart","subtype":"scriptsAfterRender","name":"scripts afterRender","timestamp":1705340408492,"id":"d3tpjahe37zdef1","previousEventId":"r3v1l0ons1dfwvv","operationId":"tsq1kf57a67jrna","previousOperationId":"te9aml3dba0q9nu"}
{"type":"operationStart","subtype":"script","name":"scripts users-script","previousOperationId":"tsq1kf57a67jrna","timestamp":1705340408492,"id":"jft4wnl73ncit7m","previousEventId":"d3tpjahe37zdef1","operationId":"u417t9j9npi7glt"}
{"type":"operationEnd","operationId":"u417t9j9npi7glt","timestamp":1705340408493,"id":"eosqurbe54ctetm","previousEventId":"r3v1l0ons1dfwvv","previousOperationId":"te9aml3dba0q9nu"}
{"type":"operationEnd","operationId":"tsq1kf57a67jrna","timestamp":1705340408493,"id":"cx9nxat7v4jti91","previousEventId":"eosqurbe54ctetm","previousOperationId":"te9aml3dba0q9nu"}
{"type":"log","timestamp":1705340408493,"level":"debug","message":"Skipping storing report.","meta":{"rootId":"th53kokyyacunad","id":"th53kokyyacunad"},"id":"zn7adm5nlhnmh98","previousOperationId":"tsq1kf57a67jrna"}
{"type":"log","timestamp":1705340408493,"level":"info","message":"Rendering request 5 finished in 145 ms","meta":{"rootId":"th53kokyyacunad","id":"th53kokyyacunad"},"id":"tvnbj36b10j72no","previousOperationId":"tsq1kf57a67jrna"}
{"type":"operationEnd","subtype":"render","operationId":"9kqh3orxcs89qdh","timestamp":1705340408493,"id":"tl55y7on42syd6q","previousEventId":"cx9nxat7v4jti91","previousOperationId":"tsq1kf57a67jrna"}
{"type":"operationEnd","doDiffs":false,"previousEventId":"lancqboir07si0j","previousOperationId":"fcl2xqeit3lwmyf","operationId":"fcl2xqeit3lwmyf","timestamp":1705340408494,"id":"qkt00rm288apaqe"}
