{"type":"operationStart","subtype":"profile","data":{"_id":"SGxo7Ph4lKJ17qJL","timestamp":"2024-01-14T23:56:07.771Z","state":"queued","mode":"standard","creationDate":"2024-01-14T23:56:07.773Z","modificationDate":"2024-01-14T23:56:07.773Z","shortid":"kbC1rsJ","$entitySet":"profiles"},"doDiffs":false,"timestamp":1705276567772,"id":"3svzx0bsa6nxboq","previousOperationId":null,"operationId":"1jftnymv1370g8k"}
{"type":"log","level":"info","message":"Render request 1 queued for execution and waiting for available worker","previousOperationId":"1jftnymv1370g8k","timestamp":1705276567773,"id":"hv0g8nnptjbyhq7"}
{"type":"operationStart","subtype":"render","name":"activities-users-main","previousOperationId":"1jftnymv1370g8k","timestamp":1705276567790,"id":"mx9dzry0z1s1tbo","previousEventId":"3svzx0bsa6nxboq","operationId":"yb0nupakn4x1b1u"}
{"type":"log","timestamp":1705276567791,"level":"info","message":"Starting rendering request 1","meta":{"rootId":"tk6xnml7ardg195","id":"tk6xnml7ardg195"},"id":"vclawt7l95ljlx6","previousOperationId":"yb0nupakn4x1b1u"}
{"type":"log","timestamp":1705276567791,"level":"info","message":"Rendering template { name: activities-users-main, recipe: chrome-pdf, engine: handlebars, preview: true }","meta":{"rootId":"tk6xnml7ardg195","id":"tk6xnml7ardg195"},"id":"zzk4trq3ebqm8l4","previousOperationId":"yb0nupakn4x1b1u"}
{"type":"log","timestamp":1705276567792,"level":"debug","message":"Data item not defined for this template.","meta":{"rootId":"tk6xnml7ardg195","id":"tk6xnml7ardg195"},"id":"r8t1c3pkass4657","previousOperationId":"yb0nupakn4x1b1u"}
{"type":"log","timestamp":1705276567794,"level":"debug","message":"Executing script users-script (beforeRender)","meta":{"rootId":"tk6xnml7ardg195","id":"tk6xnml7ardg195"},"id":"cfyb8gem0oh5ra5","previousOperationId":"yb0nupakn4x1b1u"}
{"type":"operationStart","subtype":"scriptsBeforeRender","name":"scripts beforeRender","timestamp":1705276567900,"id":"y8k363rgjahadmj","previousEventId":"mx9dzry0z1s1tbo","operationId":"c6wxxlb92xoqfwy","previousOperationId":"yb0nupakn4x1b1u"}
{"type":"operationStart","subtype":"script","name":"scripts users-script","previousOperationId":"c6wxxlb92xoqfwy","timestamp":1705276567900,"id":"n99cjk1yxl7nmdr","previousEventId":"y8k363rgjahadmj","operationId":"ymfcekckz44xgfh"}
{"type":"log","timestamp":1705276567964,"level":"debug","message":"(console:error) Error fetching activities: ReferenceError: helpers is not defined\n    at Object.beforeRender (sandbox.js:15:28)\n    at process.processTicksAndRejections (node:internal/process/task_queues:95:5)\n    at async executionFn (/home/ruby/workspace/React_RoR/jsreportapp/node_modules/@jsreport/jsreport-scripts/lib/executeScript.js:67:11)\n    at async run (/home/ruby/workspace/React_RoR/jsreportapp/node_modules/@jsreport/jsreport-core/lib/worker/sandbox/createSandbox.js:137:16)\n    at async WorkerReporter.runInSandbox [as _runInSandbox] (/home/ruby/workspace/React_RoR/jsreportapp/node_modules/@jsreport/jsreport-core/lib/worker/sandbox/runInSandbox.js:195:14)\n    at async executeScript (/home/ruby/workspace/React_RoR/jsreportapp/node_modules/@jsreport/jsreport-scripts/lib/executeScript.js:122:12)\n    at async Scripts._runScript (/home/ruby/workspace/React_RoR/jsreportapp/node_modules/@jsreport/jsreport-scripts/lib/worker.js:140:30)\n    at async Scripts.handleBeforeRender (/home/ruby/workspace/React_RoR/jsreportapp/node_modules/@jsreport/jsreport-scripts/lib/worker.js:64:7)\n    at async ListenerCollection.fire (/home/ruby/workspace/React_RoR/jsreportapp/node_modules/@jsreport/jsreport-core/lib/shared/listenerCollection.js:157:21)\n    at async beforeRender (/home/ruby/workspace/React_RoR/jsreportapp/node_modules/@jsreport/jsreport-core/lib/worker/render/render.js:24:5)","meta":{"userLevel":true,"rootId":"tk6xnml7ardg195","id":"tk6xnml7ardg195"},"id":"bfna69x4m2pw0kb","previousOperationId":"ymfcekckz44xgfh"}
{"type":"operationEnd","operationId":"ymfcekckz44xgfh","timestamp":1705276567964,"id":"3l7dbi21u9swfsm","previousEventId":"mx9dzry0z1s1tbo","previousOperationId":"yb0nupakn4x1b1u"}
{"type":"operationEnd","operationId":"c6wxxlb92xoqfwy","timestamp":1705276567964,"id":"yqp6lg1y8dq65hd","previousEventId":"3l7dbi21u9swfsm","previousOperationId":"yb0nupakn4x1b1u"}
{"type":"log","timestamp":1705276567964,"level":"debug","message":"Base url not specified, skipping its injection.","meta":{"rootId":"tk6xnml7ardg195","id":"tk6xnml7ardg195"},"id":"ph5sr4oipu1zq9f","previousOperationId":"c6wxxlb92xoqfwy"}
{"type":"operationStart","subtype":"engine","name":"handlebars","timestamp":1705276567965,"id":"l2mzt8alyach3ge","previousEventId":"yqp6lg1y8dq65hd","operationId":"q8918411pzqamk8","previousOperationId":"c6wxxlb92xoqfwy"}
{"type":"log","timestamp":1705276567965,"level":"debug","message":"Rendering engine handlebars","meta":{"rootId":"tk6xnml7ardg195","id":"tk6xnml7ardg195"},"id":"7sdsvw0xhqn3a3u","previousOperationId":"q8918411pzqamk8"}
{"type":"operationEnd","operationId":"q8918411pzqamk8","timestamp":1705276568106,"id":"d6w3e6f4bzi620k","previousEventId":"l2mzt8alyach3ge","previousOperationId":"q8918411pzqamk8"}
{"type":"operationStart","subtype":"recipe","name":"chrome-pdf","timestamp":1705276568106,"id":"ijdiaia45t6vzq1","previousEventId":"d6w3e6f4bzi620k","operationId":"j1jrrv43qzdmthc","previousOperationId":"q8918411pzqamk8"}
{"type":"log","timestamp":1705276568106,"level":"debug","message":"Executing recipe chrome-pdf","meta":{"rootId":"tk6xnml7ardg195","id":"tk6xnml7ardg195"},"id":"l80ip9ii9eif9s5","previousOperationId":"j1jrrv43qzdmthc"}
{"type":"log","timestamp":1705276568360,"level":"debug","message":"Converting with chrome HeadlessChrome/117.0.5938.149 using chrome-pool strategy","meta":{"rootId":"tk6xnml7ardg195","id":"tk6xnml7ardg195"},"id":"07c9ov5oaoth6ma","previousOperationId":"j1jrrv43qzdmthc"}
{"type":"log","timestamp":1705276568401,"level":"debug","message":"Page request: GET (document) file:///tmp/jsreport/autocleanup/a0f5122a-0bbb-4539-80d8-28e96c4fb2c0-chrome-pdf.html","meta":{"rootId":"tk6xnml7ardg195","id":"tk6xnml7ardg195"},"id":"6tlleqd9rpx3qjt","previousOperationId":"j1jrrv43qzdmthc"}
{"type":"log","timestamp":1705276568408,"level":"debug","message":"Page request: GET (stylesheet) https://cdn.jsdelivr.net/chartist.js/latest/chartist.min.css","meta":{"rootId":"tk6xnml7ardg195","id":"tk6xnml7ardg195"},"id":"3380j0u8tkko7cv","previousOperationId":"j1jrrv43qzdmthc"}
{"type":"log","timestamp":1705276568408,"level":"debug","message":"Page request: GET (script) https://cdn.jsdelivr.net/chartist.js/latest/chartist.min.js","meta":{"rootId":"tk6xnml7ardg195","id":"tk6xnml7ardg195"},"id":"9u117tdjy2bko8r","previousOperationId":"j1jrrv43qzdmthc"}
{"type":"log","timestamp":1705276568409,"level":"debug","message":"Page request finished: GET (document) 200 file:///tmp/jsreport/autocleanup/a0f5122a-0bbb-4539-80d8-28e96c4fb2c0-chrome-pdf.html","meta":{"rootId":"tk6xnml7ardg195","id":"tk6xnml7ardg195"},"id":"daoxz0vfocq3bqz","previousOperationId":"j1jrrv43qzdmthc"}
{"type":"log","timestamp":1705276568531,"level":"debug","message":"Page request finished: GET (stylesheet) 200 https://cdn.jsdelivr.net/chartist.js/latest/chartist.min.css","meta":{"rootId":"tk6xnml7ardg195","id":"tk6xnml7ardg195"},"id":"efeow2gbyw2xbkh","previousOperationId":"j1jrrv43qzdmthc"}
{"type":"log","timestamp":1705276568533,"level":"debug","message":"Page request finished: GET (script) 200 https://cdn.jsdelivr.net/chartist.js/latest/chartist.min.js","meta":{"rootId":"tk6xnml7ardg195","id":"tk6xnml7ardg195"},"id":"htunp1hstx54pay","previousOperationId":"j1jrrv43qzdmthc"}
{"type":"log","timestamp":1705276568546,"level":"debug","message":"Running chrome with params {\"printBackground\":true,\"timeout\":59537,\"margin\":{}}","meta":{"rootId":"tk6xnml7ardg195","id":"tk6xnml7ardg195"},"id":"yc5ua3m3ovqk1y5","previousOperationId":"j1jrrv43qzdmthc"}
{"type":"operationEnd","operationId":"j1jrrv43qzdmthc","timestamp":1705276568559,"id":"brow7480zwrpirj","previousEventId":"ijdiaia45t6vzq1","previousOperationId":"j1jrrv43qzdmthc"}
{"type":"log","timestamp":1705276568560,"level":"debug","message":"Skipping storing report.","meta":{"rootId":"tk6xnml7ardg195","id":"tk6xnml7ardg195"},"id":"bj3gomf4khvj728","previousOperationId":"j1jrrv43qzdmthc"}
{"type":"log","timestamp":1705276568560,"level":"info","message":"Rendering request 1 finished in 789 ms","meta":{"rootId":"tk6xnml7ardg195","id":"tk6xnml7ardg195"},"id":"9jbi78f7hdy2c2t","previousOperationId":"j1jrrv43qzdmthc"}
{"type":"operationEnd","subtype":"render","operationId":"yb0nupakn4x1b1u","timestamp":1705276568560,"id":"9xuisxcwx6geljl","previousEventId":"brow7480zwrpirj","previousOperationId":"j1jrrv43qzdmthc"}
{"type":"operationEnd","doDiffs":false,"previousEventId":"3svzx0bsa6nxboq","previousOperationId":"1jftnymv1370g8k","operationId":"1jftnymv1370g8k","timestamp":1705276568563,"id":"it6zchpyhd6uyc0"}
