{"type":"operationStart","subtype":"profile","data":{"_id":"BYcXOyYXJFcGc8Bk","timestamp":"2024-01-14T23:56:12.345Z","state":"queued","mode":"standard","creationDate":"2024-01-14T23:56:12.345Z","modificationDate":"2024-01-14T23:56:12.345Z","shortid":"vicWPGE","$entitySet":"profiles"},"doDiffs":false,"timestamp":1705276572345,"id":"qxzie75q69vlvy8","previousOperationId":null,"operationId":"acx7p05r5ek4bu8"}
{"type":"log","level":"info","message":"Render request 4 queued for execution and waiting for available worker","previousOperationId":"acx7p05r5ek4bu8","timestamp":1705276572345,"id":"4oiieb8csh7uwi4"}
{"type":"operationStart","subtype":"render","name":"activities-users-main","previousOperationId":"acx7p05r5ek4bu8","timestamp":1705276572350,"id":"ktfvijip88c1xgf","previousEventId":"qxzie75q69vlvy8","operationId":"hxgvc5ivx6vclvx"}
{"type":"log","timestamp":1705276572350,"level":"info","message":"Starting rendering request 4","meta":{"rootId":"u9v632bjpk1ds1h","id":"u9v632bjpk1ds1h"},"id":"z3a0iuwuyg1b90n","previousOperationId":"hxgvc5ivx6vclvx"}
{"type":"log","timestamp":1705276572350,"level":"info","message":"Rendering template { name: activities-users-main, recipe: chrome-pdf, engine: handlebars, preview: true }","meta":{"rootId":"u9v632bjpk1ds1h","id":"u9v632bjpk1ds1h"},"id":"3yogj12mjck1xvl","previousOperationId":"hxgvc5ivx6vclvx"}
{"type":"log","timestamp":1705276572350,"level":"debug","message":"Data item not defined for this template.","meta":{"rootId":"u9v632bjpk1ds1h","id":"u9v632bjpk1ds1h"},"id":"ct3xr051rp538id","previousOperationId":"hxgvc5ivx6vclvx"}
{"type":"log","timestamp":1705276572354,"level":"debug","message":"Executing script users-script (beforeRender)","meta":{"rootId":"u9v632bjpk1ds1h","id":"u9v632bjpk1ds1h"},"id":"af5iboxj03nzyax","previousOperationId":"hxgvc5ivx6vclvx"}
{"type":"operationStart","subtype":"scriptsBeforeRender","name":"scripts beforeRender","timestamp":1705276572361,"id":"izuh294eub9ufcu","previousEventId":"ktfvijip88c1xgf","operationId":"nafsaxvx0njncx8","previousOperationId":"hxgvc5ivx6vclvx"}
{"type":"operationStart","subtype":"script","name":"scripts users-script","previousOperationId":"nafsaxvx0njncx8","timestamp":1705276572361,"id":"3mut5daebz8nn27","previousEventId":"izuh294eub9ufcu","operationId":"gzumgxs3wud1nc5"}
{"type":"log","timestamp":1705276572404,"level":"debug","message":"(console:error) Error fetching activities: ReferenceError: helpers is not defined\n    at Object.beforeRender (sandbox.js:15:28)\n    at process.processTicksAndRejections (node:internal/process/task_queues:95:5)\n    at async executionFn (/home/ruby/workspace/React_RoR/jsreportapp/node_modules/@jsreport/jsreport-scripts/lib/executeScript.js:67:11)\n    at async run (/home/ruby/workspace/React_RoR/jsreportapp/node_modules/@jsreport/jsreport-core/lib/worker/sandbox/createSandbox.js:137:16)\n    at async WorkerReporter.runInSandbox [as _runInSandbox] (/home/ruby/workspace/React_RoR/jsreportapp/node_modules/@jsreport/jsreport-core/lib/worker/sandbox/runInSandbox.js:195:14)\n    at async executeScript (/home/ruby/workspace/React_RoR/jsreportapp/node_modules/@jsreport/jsreport-scripts/lib/executeScript.js:122:12)\n    at async Scripts._runScript (/home/ruby/workspace/React_RoR/jsreportapp/node_modules/@jsreport/jsreport-scripts/lib/worker.js:140:30)\n    at async Scripts.handleBeforeRender (/home/ruby/workspace/React_RoR/jsreportapp/node_modules/@jsreport/jsreport-scripts/lib/worker.js:64:7)\n    at async ListenerCollection.fire (/home/ruby/workspace/React_RoR/jsreportapp/node_modules/@jsreport/jsreport-core/lib/shared/listenerCollection.js:157:21)\n    at async beforeRender (/home/ruby/workspace/React_RoR/jsreportapp/node_modules/@jsreport/jsreport-core/lib/worker/render/render.js:24:5)","meta":{"userLevel":true,"rootId":"u9v632bjpk1ds1h","id":"u9v632bjpk1ds1h"},"id":"z3wdajf850e4cyi","previousOperationId":"gzumgxs3wud1nc5"}
{"type":"operationEnd","operationId":"gzumgxs3wud1nc5","timestamp":1705276572405,"id":"qqhzw5ahciqfcuu","previousEventId":"ktfvijip88c1xgf","previousOperationId":"hxgvc5ivx6vclvx"}
{"type":"operationEnd","operationId":"nafsaxvx0njncx8","timestamp":1705276572405,"id":"fmo0hi6ahv7kxo6","previousEventId":"qqhzw5ahciqfcuu","previousOperationId":"hxgvc5ivx6vclvx"}
{"type":"log","timestamp":1705276572405,"level":"debug","message":"Base url not specified, skipping its injection.","meta":{"rootId":"u9v632bjpk1ds1h","id":"u9v632bjpk1ds1h"},"id":"f9j2cuuxqpm81f7","previousOperationId":"nafsaxvx0njncx8"}
{"type":"operationStart","subtype":"engine","name":"handlebars","timestamp":1705276572405,"id":"8tb1fqg8myf5jot","previousEventId":"fmo0hi6ahv7kxo6","operationId":"o4za7ggs6x8us89","previousOperationId":"nafsaxvx0njncx8"}
{"type":"log","timestamp":1705276572405,"level":"debug","message":"Rendering engine handlebars","meta":{"rootId":"u9v632bjpk1ds1h","id":"u9v632bjpk1ds1h"},"id":"6zdc6yn4o42b5w4","previousOperationId":"o4za7ggs6x8us89"}
{"type":"operationEnd","operationId":"o4za7ggs6x8us89","timestamp":1705276572411,"id":"pijf9aj5tcmxxme","previousEventId":"8tb1fqg8myf5jot","previousOperationId":"o4za7ggs6x8us89"}
{"type":"operationStart","subtype":"recipe","name":"chrome-pdf","timestamp":1705276572411,"id":"hj856mlouyf68z9","previousEventId":"pijf9aj5tcmxxme","operationId":"l8qml8hqc45qrjt","previousOperationId":"o4za7ggs6x8us89"}
{"type":"log","timestamp":1705276572411,"level":"debug","message":"Executing recipe chrome-pdf","meta":{"rootId":"u9v632bjpk1ds1h","id":"u9v632bjpk1ds1h"},"id":"jvkksstq4ychq3w","previousOperationId":"l8qml8hqc45qrjt"}
{"type":"log","timestamp":1705276572412,"level":"debug","message":"Converting with chrome HeadlessChrome/117.0.5938.149 using chrome-pool strategy","meta":{"rootId":"u9v632bjpk1ds1h","id":"u9v632bjpk1ds1h"},"id":"52sxcunixdhtvek","previousOperationId":"l8qml8hqc45qrjt"}
{"type":"log","timestamp":1705276572433,"level":"debug","message":"Page request: GET (document) file:///tmp/jsreport/autocleanup/d26c0d73-2ac3-41b9-bf6c-aef9d930de2a-chrome-pdf.html","meta":{"rootId":"u9v632bjpk1ds1h","id":"u9v632bjpk1ds1h"},"id":"na76laeywxtz1at","previousOperationId":"l8qml8hqc45qrjt"}
{"type":"log","timestamp":1705276572439,"level":"debug","message":"Page request: GET (stylesheet) https://cdn.jsdelivr.net/chartist.js/latest/chartist.min.css","meta":{"rootId":"u9v632bjpk1ds1h","id":"u9v632bjpk1ds1h"},"id":"v0yuls62jmr9t1m","previousOperationId":"l8qml8hqc45qrjt"}
{"type":"log","timestamp":1705276572440,"level":"debug","message":"Page request: GET (script) https://cdn.jsdelivr.net/chartist.js/latest/chartist.min.js","meta":{"rootId":"u9v632bjpk1ds1h","id":"u9v632bjpk1ds1h"},"id":"9uat5d01m7o9o8w","previousOperationId":"l8qml8hqc45qrjt"}
{"type":"log","timestamp":1705276572440,"level":"debug","message":"Page request finished: GET (document) 200 file:///tmp/jsreport/autocleanup/d26c0d73-2ac3-41b9-bf6c-aef9d930de2a-chrome-pdf.html","meta":{"rootId":"u9v632bjpk1ds1h","id":"u9v632bjpk1ds1h"},"id":"s6qlgh0ws4qjhw6","previousOperationId":"l8qml8hqc45qrjt"}
{"type":"log","timestamp":1705276572441,"level":"debug","message":"Page request finished: GET (stylesheet) 200 https://cdn.jsdelivr.net/chartist.js/latest/chartist.min.css","meta":{"rootId":"u9v632bjpk1ds1h","id":"u9v632bjpk1ds1h"},"id":"ywicflx4avk705r","previousOperationId":"l8qml8hqc45qrjt"}
{"type":"log","timestamp":1705276572443,"level":"debug","message":"Page request finished: GET (script) 200 https://cdn.jsdelivr.net/chartist.js/latest/chartist.min.js","meta":{"rootId":"u9v632bjpk1ds1h","id":"u9v632bjpk1ds1h"},"id":"8ar0wln4c96ae6n","previousOperationId":"l8qml8hqc45qrjt"}
{"type":"log","timestamp":1705276572453,"level":"debug","message":"Running chrome with params {\"printBackground\":true,\"timeout\":59934,\"margin\":{}}","meta":{"rootId":"u9v632bjpk1ds1h","id":"u9v632bjpk1ds1h"},"id":"9elfy8w1rwy180v","previousOperationId":"l8qml8hqc45qrjt"}
{"type":"operationEnd","operationId":"l8qml8hqc45qrjt","timestamp":1705276572464,"id":"wxi4r5yqr67pfid","previousEventId":"hj856mlouyf68z9","previousOperationId":"l8qml8hqc45qrjt"}
{"type":"log","timestamp":1705276572464,"level":"debug","message":"Skipping storing report.","meta":{"rootId":"u9v632bjpk1ds1h","id":"u9v632bjpk1ds1h"},"id":"43cyf9zbr7xbjdk","previousOperationId":"l8qml8hqc45qrjt"}
{"type":"log","timestamp":1705276572464,"level":"info","message":"Rendering request 4 finished in 119 ms","meta":{"rootId":"u9v632bjpk1ds1h","id":"u9v632bjpk1ds1h"},"id":"sgckb92h0jmt37b","previousOperationId":"l8qml8hqc45qrjt"}
{"type":"operationEnd","subtype":"render","operationId":"hxgvc5ivx6vclvx","timestamp":1705276572464,"id":"3ncgemlqz7qfotc","previousEventId":"wxi4r5yqr67pfid","previousOperationId":"l8qml8hqc45qrjt"}
{"type":"operationEnd","doDiffs":false,"previousEventId":"qxzie75q69vlvy8","previousOperationId":"acx7p05r5ek4bu8","operationId":"acx7p05r5ek4bu8","timestamp":1705276572468,"id":"oxqxbg3lpclgs8p"}
