{"type":"operationStart","subtype":"profile","data":{"_id":"JkAljp50v89Rag5l","timestamp":"2024-01-12T23:34:32.266Z","state":"queued","mode":"standard","creationDate":"2024-01-12T23:34:32.267Z","modificationDate":"2024-01-12T23:34:32.267Z","shortid":"rrU9Glg","$entitySet":"profiles"},"doDiffs":false,"timestamp":1705102472266,"id":"uc6r6ht0mqkkzp2","previousOperationId":null,"operationId":"dse30iwi2k5p8px"}
{"type":"log","level":"info","message":"Render request 15 queued for execution and waiting for available worker","previousOperationId":"dse30iwi2k5p8px","timestamp":1705102472267,"id":"2w8okck5bcl2ho7"}
{"type":"operationStart","subtype":"render","name":"activities-users-main","previousOperationId":"dse30iwi2k5p8px","timestamp":1705102472279,"id":"2e8bzmsvjk7fpgt","previousEventId":"uc6r6ht0mqkkzp2","operationId":"4hfr13j68vl3am4"}
{"type":"log","timestamp":1705102472279,"level":"info","message":"Starting rendering request 15","meta":{"rootId":"uhvfddovxlwo6mj","id":"uhvfddovxlwo6mj"},"id":"fw34pb8yuok3wew","previousOperationId":"4hfr13j68vl3am4"}
{"type":"log","timestamp":1705102472279,"level":"info","message":"Rendering template { name: activities-users-main, recipe: chrome-pdf, engine: handlebars, preview: true }","meta":{"rootId":"uhvfddovxlwo6mj","id":"uhvfddovxlwo6mj"},"id":"habykqvv0nf4hdp","previousOperationId":"4hfr13j68vl3am4"}
{"type":"log","timestamp":1705102472280,"level":"debug","message":"Data item not defined for this template.","meta":{"rootId":"uhvfddovxlwo6mj","id":"uhvfddovxlwo6mj"},"id":"prhrzzsbxo9boh0","previousOperationId":"4hfr13j68vl3am4"}
{"type":"log","timestamp":1705102472285,"level":"debug","message":"Executing script users-script (beforeRender)","meta":{"rootId":"uhvfddovxlwo6mj","id":"uhvfddovxlwo6mj"},"id":"ymappqijdnu0j6l","previousOperationId":"4hfr13j68vl3am4"}
{"type":"operationStart","subtype":"scriptsBeforeRender","name":"scripts beforeRender","timestamp":1705102472293,"id":"6zpfs24r8if5lha","previousEventId":"2e8bzmsvjk7fpgt","operationId":"t508im29ocsxlxt","previousOperationId":"4hfr13j68vl3am4"}
{"type":"operationStart","subtype":"script","name":"scripts users-script","previousOperationId":"t508im29ocsxlxt","timestamp":1705102472293,"id":"xmh5nqrvwv78xzz","previousEventId":"6zpfs24r8if5lha","operationId":"wmavc6qwq2n0il3"}
{"type":"operationEnd","operationId":"wmavc6qwq2n0il3","timestamp":1705102472424,"id":"4fct6hdm39euvei","previousEventId":"2e8bzmsvjk7fpgt","previousOperationId":"4hfr13j68vl3am4"}
{"type":"operationEnd","operationId":"t508im29ocsxlxt","timestamp":1705102472424,"id":"4lciqyirkpyjkiv","previousEventId":"4fct6hdm39euvei","previousOperationId":"4hfr13j68vl3am4"}
{"type":"log","timestamp":1705102472424,"level":"debug","message":"Base url not specified, skipping its injection.","meta":{"rootId":"uhvfddovxlwo6mj","id":"uhvfddovxlwo6mj"},"id":"5vtlt3iwhczryj7","previousOperationId":"t508im29ocsxlxt"}
{"type":"operationStart","subtype":"engine","name":"handlebars","timestamp":1705102472424,"id":"duud8wqg1cj6lhp","previousEventId":"4lciqyirkpyjkiv","operationId":"nwm9fmxva1v6b71","previousOperationId":"t508im29ocsxlxt"}
{"type":"log","timestamp":1705102472424,"level":"debug","message":"Rendering engine handlebars","meta":{"rootId":"uhvfddovxlwo6mj","id":"uhvfddovxlwo6mj"},"id":"mscaq86aeoqiv1w","previousOperationId":"nwm9fmxva1v6b71"}
{"type":"operationEnd","operationId":"nwm9fmxva1v6b71","timestamp":1705102472439,"id":"wqb2sp2r3iuy17m","previousEventId":"duud8wqg1cj6lhp","previousOperationId":"nwm9fmxva1v6b71"}
{"type":"operationStart","subtype":"recipe","name":"chrome-pdf","timestamp":1705102472440,"id":"dc49kk3cerhwfpx","previousEventId":"wqb2sp2r3iuy17m","operationId":"8cbxrymoek95bpx","previousOperationId":"nwm9fmxva1v6b71"}
{"type":"log","timestamp":1705102472440,"level":"debug","message":"Executing recipe chrome-pdf","meta":{"rootId":"uhvfddovxlwo6mj","id":"uhvfddovxlwo6mj"},"id":"0el6qiuaf5hzj32","previousOperationId":"8cbxrymoek95bpx"}
{"type":"log","timestamp":1705102472443,"level":"debug","message":"Converting with chrome HeadlessChrome/117.0.5938.149 using chrome-pool strategy","meta":{"rootId":"uhvfddovxlwo6mj","id":"uhvfddovxlwo6mj"},"id":"37cwf0d2g4i7mx9","previousOperationId":"8cbxrymoek95bpx"}
{"type":"log","timestamp":1705102472496,"level":"debug","message":"Page request: GET (document) file:///tmp/jsreport/autocleanup/acefd10e-c82c-4d78-8c22-edcf8285060f-chrome-pdf.html","meta":{"rootId":"uhvfddovxlwo6mj","id":"uhvfddovxlwo6mj"},"id":"7wtnpq0vmqyk4aq","previousOperationId":"8cbxrymoek95bpx"}
{"type":"log","timestamp":1705102472511,"level":"debug","message":"Page request: GET (stylesheet) https://cdnjs.cloudflare.com/ajax/libs/metro/4.1.5/css/metro.min.css","meta":{"rootId":"uhvfddovxlwo6mj","id":"uhvfddovxlwo6mj"},"id":"w0lnsliq6e3q98s","previousOperationId":"8cbxrymoek95bpx"}
{"type":"log","timestamp":1705102472512,"level":"debug","message":"Page request: GET (script) https://cdnjs.cloudflare.com/ajax/libs/Chart.js/2.7.2/Chart.min.js","meta":{"rootId":"uhvfddovxlwo6mj","id":"uhvfddovxlwo6mj"},"id":"r2rbinorpux1lvs","previousOperationId":"8cbxrymoek95bpx"}
{"type":"log","timestamp":1705102472512,"level":"debug","message":"Page request finished: GET (document) 200 file:///tmp/jsreport/autocleanup/acefd10e-c82c-4d78-8c22-edcf8285060f-chrome-pdf.html","meta":{"rootId":"uhvfddovxlwo6mj","id":"uhvfddovxlwo6mj"},"id":"6ekrqtyc66xh147","previousOperationId":"8cbxrymoek95bpx"}
{"type":"log","timestamp":1705102472521,"level":"debug","message":"Page request finished: GET (script) 200 https://cdnjs.cloudflare.com/ajax/libs/Chart.js/2.7.2/Chart.min.js","meta":{"rootId":"uhvfddovxlwo6mj","id":"uhvfddovxlwo6mj"},"id":"gshfs4gxzxht3wf","previousOperationId":"8cbxrymoek95bpx"}
{"type":"log","timestamp":1705102472537,"level":"debug","message":"Page request finished: GET (stylesheet) 200 https://cdnjs.cloudflare.com/ajax/libs/metro/4.1.5/css/metro.min.css","meta":{"rootId":"uhvfddovxlwo6mj","id":"uhvfddovxlwo6mj"},"id":"9avvysjnqkaifzg","previousOperationId":"8cbxrymoek95bpx"}
{"type":"log","timestamp":1705102472544,"level":"warn","message":"Page error: Unexpected token ';' , stack: SyntaxError: Unexpected token ';'","meta":{"rootId":"uhvfddovxlwo6mj","id":"uhvfddovxlwo6mj"},"id":"vmuq9tqv5cmd2o2","previousOperationId":"8cbxrymoek95bpx"}
{"type":"log","timestamp":1705102472555,"level":"debug","message":"Running chrome with params {\"printBackground\":true,\"timeout\":59824,\"margin\":{}}","meta":{"rootId":"uhvfddovxlwo6mj","id":"uhvfddovxlwo6mj"},"id":"uok88pc1spv12qr","previousOperationId":"8cbxrymoek95bpx"}
{"type":"operationEnd","operationId":"8cbxrymoek95bpx","timestamp":1705102472589,"id":"tvej90bmp6wjd6j","previousEventId":"dc49kk3cerhwfpx","previousOperationId":"8cbxrymoek95bpx"}
{"type":"log","timestamp":1705102472589,"level":"debug","message":"Skipping storing report.","meta":{"rootId":"uhvfddovxlwo6mj","id":"uhvfddovxlwo6mj"},"id":"ob8pdyf4rbcz090","previousOperationId":"8cbxrymoek95bpx"}
{"type":"log","timestamp":1705102472589,"level":"info","message":"Rendering request 15 finished in 324 ms","meta":{"rootId":"uhvfddovxlwo6mj","id":"uhvfddovxlwo6mj"},"id":"0rqmuth3usgn4ht","previousOperationId":"8cbxrymoek95bpx"}
{"type":"operationEnd","subtype":"render","operationId":"4hfr13j68vl3am4","timestamp":1705102472589,"id":"ccf9bfqvwv2l0wj","previousEventId":"tvej90bmp6wjd6j","previousOperationId":"8cbxrymoek95bpx"}
{"type":"operationEnd","doDiffs":false,"previousEventId":"uc6r6ht0mqkkzp2","previousOperationId":"dse30iwi2k5p8px","operationId":"dse30iwi2k5p8px","timestamp":1705102472595,"id":"6esurqzk3suacuk"}
