{"type":"operationStart","subtype":"profile","data":{"_id":"GS3nxmsrtSNRdGpa","timestamp":"2024-01-12T23:25:23.622Z","state":"queued","mode":"standard","creationDate":"2024-01-12T23:25:23.624Z","modificationDate":"2024-01-12T23:25:23.624Z","shortid":"QvKb4g5","$entitySet":"profiles"},"doDiffs":false,"timestamp":1705101923623,"id":"o22p1abqj3ecxjz","previousOperationId":null,"operationId":"azhuf33zsxug5ta"}
{"type":"log","level":"info","message":"Render request 3 queued for execution and waiting for available worker","previousOperationId":"azhuf33zsxug5ta","timestamp":1705101923623,"id":"kjwkep2pbnmvme2"}
{"type":"operationStart","subtype":"render","name":"activities-users-main","previousOperationId":"azhuf33zsxug5ta","timestamp":1705101923639,"id":"xxpila02lvifgmb","previousEventId":"o22p1abqj3ecxjz","operationId":"42i0gizabs45l3j"}
{"type":"log","timestamp":1705101923640,"level":"info","message":"Starting rendering request 3","meta":{"rootId":"uxud2frkxvb39d6","id":"uxud2frkxvb39d6"},"id":"aspn2nx4lw47nxe","previousOperationId":"42i0gizabs45l3j"}
{"type":"log","timestamp":1705101923642,"level":"info","message":"Rendering template { name: activities-users-main, recipe: chrome-pdf, engine: handlebars, preview: true }","meta":{"rootId":"uxud2frkxvb39d6","id":"uxud2frkxvb39d6"},"id":"5oizfi41zlb9kvk","previousOperationId":"42i0gizabs45l3j"}
{"type":"log","timestamp":1705101923645,"level":"debug","message":"Data item not defined for this template.","meta":{"rootId":"uxud2frkxvb39d6","id":"uxud2frkxvb39d6"},"id":"vn5vgbmeiv2jsr8","previousOperationId":"42i0gizabs45l3j"}
{"type":"log","timestamp":1705101923653,"level":"debug","message":"Executing script users-script (beforeRender)","meta":{"rootId":"uxud2frkxvb39d6","id":"uxud2frkxvb39d6"},"id":"pf77oiv37jyd64l","previousOperationId":"42i0gizabs45l3j"}
{"type":"operationStart","subtype":"scriptsBeforeRender","name":"scripts beforeRender","timestamp":1705101923909,"id":"3e7i86k64emu0a1","previousEventId":"xxpila02lvifgmb","operationId":"lng0rpoj6dsa0dw","previousOperationId":"42i0gizabs45l3j"}
{"type":"operationStart","subtype":"script","name":"scripts users-script","previousOperationId":"lng0rpoj6dsa0dw","timestamp":1705101923909,"id":"j4wkbpaoyru2nw5","previousEventId":"3e7i86k64emu0a1","operationId":"ecer66ywsubhaps"}
{"type":"log","timestamp":1705101923910,"level":"debug","message":"(console:log) hora","meta":{"userLevel":true,"rootId":"uxud2frkxvb39d6","id":"uxud2frkxvb39d6"},"id":"m8030y48fksq1ud","previousOperationId":"ecer66ywsubhaps"}
{"type":"operationEnd","operationId":"ecer66ywsubhaps","timestamp":1705101925560,"id":"1vo7qjnowqpjs22","previousEventId":"xxpila02lvifgmb","previousOperationId":"42i0gizabs45l3j"}
{"type":"operationEnd","operationId":"lng0rpoj6dsa0dw","timestamp":1705101925560,"id":"djm1b25a79297bn","previousEventId":"1vo7qjnowqpjs22","previousOperationId":"42i0gizabs45l3j"}
{"type":"log","timestamp":1705101925560,"level":"debug","message":"Base url not specified, skipping its injection.","meta":{"rootId":"uxud2frkxvb39d6","id":"uxud2frkxvb39d6"},"id":"kfd84r1y8ltf46g","previousOperationId":"lng0rpoj6dsa0dw"}
{"type":"operationStart","subtype":"engine","name":"handlebars","timestamp":1705101925562,"id":"aezs5xbsjip7utz","previousEventId":"djm1b25a79297bn","operationId":"a25s17clvhobgvx","previousOperationId":"lng0rpoj6dsa0dw"}
{"type":"log","timestamp":1705101925562,"level":"debug","message":"Rendering engine handlebars","meta":{"rootId":"uxud2frkxvb39d6","id":"uxud2frkxvb39d6"},"id":"1rhm1iskfcepjes","previousOperationId":"a25s17clvhobgvx"}
{"type":"operationEnd","operationId":"a25s17clvhobgvx","timestamp":1705101926026,"id":"3i3vttgbzqpn8i5","previousEventId":"aezs5xbsjip7utz","previousOperationId":"a25s17clvhobgvx"}
{"type":"operationStart","subtype":"recipe","name":"chrome-pdf","timestamp":1705101926027,"id":"w61oktbfqm614fb","previousEventId":"3i3vttgbzqpn8i5","operationId":"nbjgednv36mp1v9","previousOperationId":"a25s17clvhobgvx"}
{"type":"log","timestamp":1705101926027,"level":"debug","message":"Executing recipe chrome-pdf","meta":{"rootId":"uxud2frkxvb39d6","id":"uxud2frkxvb39d6"},"id":"hsv6ovk7frrfm4n","previousOperationId":"nbjgednv36mp1v9"}
{"type":"log","timestamp":1705101927152,"level":"debug","message":"Converting with chrome HeadlessChrome/117.0.5938.149 using chrome-pool strategy","meta":{"rootId":"uxud2frkxvb39d6","id":"uxud2frkxvb39d6"},"id":"pgr12ya518nu6l1","previousOperationId":"nbjgednv36mp1v9"}
{"type":"log","timestamp":1705101927486,"level":"debug","message":"Page request: GET (document) file:///tmp/jsreport/autocleanup/cb743edd-115c-4cf8-bf5f-882e94987b72-chrome-pdf.html","meta":{"rootId":"uxud2frkxvb39d6","id":"uxud2frkxvb39d6"},"id":"onudf05le52y2zk","previousOperationId":"nbjgednv36mp1v9"}
{"type":"log","timestamp":1705101927511,"level":"debug","message":"Page request: GET (stylesheet) https://cdnjs.cloudflare.com/ajax/libs/metro/4.1.5/css/metro.min.css","meta":{"rootId":"uxud2frkxvb39d6","id":"uxud2frkxvb39d6"},"id":"gfvxhzexfg43hxg","previousOperationId":"nbjgednv36mp1v9"}
{"type":"log","timestamp":1705101927512,"level":"debug","message":"Page request: GET (script) https://cdnjs.cloudflare.com/ajax/libs/Chart.js/2.7.2/Chart.min.js","meta":{"rootId":"uxud2frkxvb39d6","id":"uxud2frkxvb39d6"},"id":"3eaegot2ysptq8z","previousOperationId":"nbjgednv36mp1v9"}
{"type":"log","timestamp":1705101927513,"level":"debug","message":"Page request finished: GET (document) 200 file:///tmp/jsreport/autocleanup/cb743edd-115c-4cf8-bf5f-882e94987b72-chrome-pdf.html","meta":{"rootId":"uxud2frkxvb39d6","id":"uxud2frkxvb39d6"},"id":"lot47jft996pbcr","previousOperationId":"nbjgednv36mp1v9"}
{"type":"log","timestamp":1705101927733,"level":"debug","message":"Page request finished: GET (stylesheet) 200 https://cdnjs.cloudflare.com/ajax/libs/metro/4.1.5/css/metro.min.css","meta":{"rootId":"uxud2frkxvb39d6","id":"uxud2frkxvb39d6"},"id":"fc8dypwvw134cqf","previousOperationId":"nbjgednv36mp1v9"}
{"type":"log","timestamp":1705101927751,"level":"debug","message":"Page request finished: GET (script) 200 https://cdnjs.cloudflare.com/ajax/libs/Chart.js/2.7.2/Chart.min.js","meta":{"rootId":"uxud2frkxvb39d6","id":"uxud2frkxvb39d6"},"id":"72mws1m1tyait4g","previousOperationId":"nbjgednv36mp1v9"}
{"type":"log","timestamp":1705101927798,"level":"debug","message":"Running chrome with params {\"printBackground\":true,\"timeout\":57291,\"margin\":{}}","meta":{"rootId":"uxud2frkxvb39d6","id":"uxud2frkxvb39d6"},"id":"p6omzbguqvzxpdv","previousOperationId":"nbjgednv36mp1v9"}
{"type":"operationEnd","operationId":"nbjgednv36mp1v9","timestamp":1705101927867,"id":"u1kzzgb31zlmmf0","previousEventId":"w61oktbfqm614fb","previousOperationId":"nbjgednv36mp1v9"}
{"type":"log","timestamp":1705101927868,"level":"debug","message":"Skipping storing report.","meta":{"rootId":"uxud2frkxvb39d6","id":"uxud2frkxvb39d6"},"id":"y4iarh02emac6fl","previousOperationId":"nbjgednv36mp1v9"}
{"type":"log","timestamp":1705101927868,"level":"info","message":"Rendering request 3 finished in 4246 ms","meta":{"rootId":"uxud2frkxvb39d6","id":"uxud2frkxvb39d6"},"id":"b4v2gduzqerelej","previousOperationId":"nbjgednv36mp1v9"}
{"type":"operationEnd","subtype":"render","operationId":"42i0gizabs45l3j","timestamp":1705101927868,"id":"wvwqm6s6h6n0z53","previousEventId":"u1kzzgb31zlmmf0","previousOperationId":"nbjgednv36mp1v9"}
{"type":"operationEnd","doDiffs":false,"previousEventId":"o22p1abqj3ecxjz","previousOperationId":"azhuf33zsxug5ta","operationId":"azhuf33zsxug5ta","timestamp":1705101927874,"id":"vvzq7l9dev45inp"}
