{"type":"operationStart","subtype":"profile","data":{"_id":"kRPm2o5Yz3Une8yu","timestamp":"2024-01-15T16:54:44.562Z","state":"queued","mode":"standard","creationDate":"2024-01-15T16:54:44.563Z","modificationDate":"2024-01-15T16:54:44.563Z","shortid":"blod2uL","$entitySet":"profiles"},"doDiffs":false,"timestamp":1705337684562,"id":"ph6zn44ibutn0c9","previousOperationId":null,"operationId":"a8kr4u3dogdsaif"}
{"type":"log","level":"info","message":"Render request 2 queued for execution and waiting for available worker","previousOperationId":"a8kr4u3dogdsaif","timestamp":1705337684562,"id":"05lmbmlizaeeqgm"}
{"type":"operationStart","subtype":"render","name":"activities-users-main","previousOperationId":"a8kr4u3dogdsaif","timestamp":1705337684568,"id":"q0wscmtey41yjj3","previousEventId":"ph6zn44ibutn0c9","operationId":"oajm1522bl4r71p"}
{"type":"log","timestamp":1705337684569,"level":"info","message":"Starting rendering request 2","meta":{"rootId":"vxeac8s5rgtgt6s","id":"vxeac8s5rgtgt6s"},"id":"zthyii80owf6xij","previousOperationId":"oajm1522bl4r71p"}
{"type":"log","timestamp":1705337684569,"level":"info","message":"Rendering template { name: activities-users-main, recipe: chrome-pdf, engine: handlebars, preview: true }","meta":{"rootId":"vxeac8s5rgtgt6s","id":"vxeac8s5rgtgt6s"},"id":"nbrbi8jpz3tguvy","previousOperationId":"oajm1522bl4r71p"}
{"type":"log","timestamp":1705337684570,"level":"debug","message":"Data item not defined for this template.","meta":{"rootId":"vxeac8s5rgtgt6s","id":"vxeac8s5rgtgt6s"},"id":"tnrukcqngivf9tz","previousOperationId":"oajm1522bl4r71p"}
{"type":"log","timestamp":1705337684572,"level":"debug","message":"Executing script users-script (beforeRender)","meta":{"rootId":"vxeac8s5rgtgt6s","id":"vxeac8s5rgtgt6s"},"id":"w0n7vhvb3a8ypfn","previousOperationId":"oajm1522bl4r71p"}
{"type":"operationStart","subtype":"scriptsBeforeRender","name":"scripts beforeRender","timestamp":1705337684686,"id":"6uipk469mywlb68","previousEventId":"q0wscmtey41yjj3","operationId":"40dm7q2fxfjdlhe","previousOperationId":"oajm1522bl4r71p"}
{"type":"operationStart","subtype":"script","name":"scripts users-script","previousOperationId":"40dm7q2fxfjdlhe","timestamp":1705337684686,"id":"058redz65ppny9u","previousEventId":"6uipk469mywlb68","operationId":"qc3flvxvmdzhqws"}
{"type":"operationEnd","operationId":"qc3flvxvmdzhqws","timestamp":1705337684765,"id":"edtzizzpi6yvocu","previousEventId":"q0wscmtey41yjj3","previousOperationId":"oajm1522bl4r71p"}
{"type":"operationEnd","operationId":"40dm7q2fxfjdlhe","timestamp":1705337684765,"id":"yk0lxuzji99krmw","previousEventId":"edtzizzpi6yvocu","previousOperationId":"oajm1522bl4r71p"}
{"type":"log","timestamp":1705337684765,"level":"debug","message":"Base url not specified, skipping its injection.","meta":{"rootId":"vxeac8s5rgtgt6s","id":"vxeac8s5rgtgt6s"},"id":"mlkqwkjntzv50fr","previousOperationId":"40dm7q2fxfjdlhe"}
{"type":"operationStart","subtype":"engine","name":"handlebars","timestamp":1705337684766,"id":"7l1ra64nxx293kg","previousEventId":"yk0lxuzji99krmw","operationId":"g1p9myv0kt5g767","previousOperationId":"40dm7q2fxfjdlhe"}
{"type":"log","timestamp":1705337684766,"level":"debug","message":"Rendering engine handlebars","meta":{"rootId":"vxeac8s5rgtgt6s","id":"vxeac8s5rgtgt6s"},"id":"0fgg60vvrz447ad","previousOperationId":"g1p9myv0kt5g767"}
{"type":"operationEnd","operationId":"g1p9myv0kt5g767","timestamp":1705337684904,"id":"sj0vk1d4b6ydf0e","previousEventId":"7l1ra64nxx293kg","previousOperationId":"g1p9myv0kt5g767"}
{"type":"operationStart","subtype":"recipe","name":"chrome-pdf","timestamp":1705337684905,"id":"nlzdd107qbyjfrp","previousEventId":"sj0vk1d4b6ydf0e","operationId":"ylq830bqix4mxq1","previousOperationId":"g1p9myv0kt5g767"}
{"type":"log","timestamp":1705337684905,"level":"debug","message":"Executing recipe chrome-pdf","meta":{"rootId":"vxeac8s5rgtgt6s","id":"vxeac8s5rgtgt6s"},"id":"ma9y760la56pevm","previousOperationId":"ylq830bqix4mxq1"}
{"type":"log","timestamp":1705337685171,"level":"debug","message":"Converting with chrome HeadlessChrome/117.0.5938.149 using chrome-pool strategy","meta":{"rootId":"vxeac8s5rgtgt6s","id":"vxeac8s5rgtgt6s"},"id":"mwulgfz2geqfdvk","previousOperationId":"ylq830bqix4mxq1"}
{"type":"log","timestamp":1705337685208,"level":"debug","message":"Page request: GET (document) file:///tmp/jsreport/autocleanup/f857d8d0-c800-42f7-b86a-c826afdaf051-chrome-pdf.html","meta":{"rootId":"vxeac8s5rgtgt6s","id":"vxeac8s5rgtgt6s"},"id":"t2xtmjuqmhp81y2","previousOperationId":"ylq830bqix4mxq1"}
{"type":"log","timestamp":1705337685214,"level":"debug","message":"Page request: GET (stylesheet) https://cdn.jsdelivr.net/chartist.js/latest/chartist.min.css","meta":{"rootId":"vxeac8s5rgtgt6s","id":"vxeac8s5rgtgt6s"},"id":"g2vjy9hrlkpbn53","previousOperationId":"ylq830bqix4mxq1"}
{"type":"log","timestamp":1705337685215,"level":"debug","message":"Page request: GET (script) https://cdn.jsdelivr.net/chartist.js/latest/chartist.min.js","meta":{"rootId":"vxeac8s5rgtgt6s","id":"vxeac8s5rgtgt6s"},"id":"7jue6rhxcsuxwoc","previousOperationId":"ylq830bqix4mxq1"}
{"type":"log","timestamp":1705337685215,"level":"debug","message":"Page request finished: GET (document) 200 file:///tmp/jsreport/autocleanup/f857d8d0-c800-42f7-b86a-c826afdaf051-chrome-pdf.html","meta":{"rootId":"vxeac8s5rgtgt6s","id":"vxeac8s5rgtgt6s"},"id":"q0l7cy1mnndtm3n","previousOperationId":"ylq830bqix4mxq1"}
{"type":"log","timestamp":1705337685332,"level":"debug","message":"Page request finished: GET (stylesheet) 200 https://cdn.jsdelivr.net/chartist.js/latest/chartist.min.css","meta":{"rootId":"vxeac8s5rgtgt6s","id":"vxeac8s5rgtgt6s"},"id":"g310q6lceo49bz5","previousOperationId":"ylq830bqix4mxq1"}
{"type":"log","timestamp":1705337685333,"level":"debug","message":"Page request finished: GET (script) 200 https://cdn.jsdelivr.net/chartist.js/latest/chartist.min.js","meta":{"rootId":"vxeac8s5rgtgt6s","id":"vxeac8s5rgtgt6s"},"id":"uv1sdxyb1c2wk3s","previousOperationId":"ylq830bqix4mxq1"}
{"type":"log","timestamp":1705337685347,"level":"debug","message":"Running chrome with params {\"printBackground\":true,\"timeout\":59530,\"margin\":{}}","meta":{"rootId":"vxeac8s5rgtgt6s","id":"vxeac8s5rgtgt6s"},"id":"ed0nrqr0jy0ym8x","previousOperationId":"ylq830bqix4mxq1"}
{"type":"operationEnd","operationId":"ylq830bqix4mxq1","timestamp":1705337685360,"id":"bw4zpr3j30k0r7l","previousEventId":"nlzdd107qbyjfrp","previousOperationId":"ylq830bqix4mxq1"}
{"type":"log","timestamp":1705337685360,"level":"debug","message":"Skipping storing report.","meta":{"rootId":"vxeac8s5rgtgt6s","id":"vxeac8s5rgtgt6s"},"id":"kruf36um4orkw3v","previousOperationId":"ylq830bqix4mxq1"}
{"type":"log","timestamp":1705337685360,"level":"info","message":"Rendering request 2 finished in 799 ms","meta":{"rootId":"vxeac8s5rgtgt6s","id":"vxeac8s5rgtgt6s"},"id":"oentc2vcz1by0nl","previousOperationId":"ylq830bqix4mxq1"}
{"type":"operationEnd","subtype":"render","operationId":"oajm1522bl4r71p","timestamp":1705337685360,"id":"hb4e6pswy2o5tpu","previousEventId":"bw4zpr3j30k0r7l","previousOperationId":"ylq830bqix4mxq1"}
{"type":"operationEnd","doDiffs":false,"previousEventId":"ph6zn44ibutn0c9","previousOperationId":"a8kr4u3dogdsaif","operationId":"a8kr4u3dogdsaif","timestamp":1705337685364,"id":"x96jdaiu3ah9po1"}
