{"type":"operationStart","subtype":"profile","data":{"_id":"dmIlLPw415epO5eo","timestamp":"2024-01-14T23:11:14.809Z","state":"queued","mode":"standard","creationDate":"2024-01-14T23:11:14.810Z","modificationDate":"2024-01-14T23:11:14.810Z","shortid":"J3FRL6j","$entitySet":"profiles"},"doDiffs":false,"timestamp":1705273874810,"id":"mcjuxvqly62fbmd","previousOperationId":null,"operationId":"e2odtfqgixvmpz5"}
{"type":"log","level":"info","message":"Render request 169 queued for execution and waiting for available worker","previousOperationId":"e2odtfqgixvmpz5","timestamp":1705273874810,"id":"1y20jkvvzpcdzv6"}
{"type":"operationStart","subtype":"render","name":"activities-users-main","previousOperationId":"e2odtfqgixvmpz5","timestamp":1705273874813,"id":"az8fq7zsu1bjncf","previousEventId":"mcjuxvqly62fbmd","operationId":"hakfj2uqog1ni48"}
{"type":"log","timestamp":1705273874813,"level":"info","message":"Starting rendering request 169","meta":{"rootId":"wkreok0r7wzmwh6","id":"wkreok0r7wzmwh6"},"id":"8k8sodee8dl0of4","previousOperationId":"hakfj2uqog1ni48"}
{"type":"log","timestamp":1705273874813,"level":"info","message":"Rendering template { name: activities-users-main, recipe: chrome-pdf, engine: handlebars, preview: true }","meta":{"rootId":"wkreok0r7wzmwh6","id":"wkreok0r7wzmwh6"},"id":"s67qvv987frxunh","previousOperationId":"hakfj2uqog1ni48"}
{"type":"log","timestamp":1705273874814,"level":"debug","message":"Data item not defined for this template.","meta":{"rootId":"wkreok0r7wzmwh6","id":"wkreok0r7wzmwh6"},"id":"vb8ob5oltwspqol","previousOperationId":"hakfj2uqog1ni48"}
{"type":"log","timestamp":1705273874815,"level":"debug","message":"Executing script users-script (beforeRender)","meta":{"rootId":"wkreok0r7wzmwh6","id":"wkreok0r7wzmwh6"},"id":"em3zxodu3uuuqzb","previousOperationId":"hakfj2uqog1ni48"}
{"type":"operationStart","subtype":"scriptsBeforeRender","name":"scripts beforeRender","timestamp":1705273874819,"id":"wubn5cjvr0eejt3","previousEventId":"az8fq7zsu1bjncf","operationId":"b9liabn9yhezmny","previousOperationId":"hakfj2uqog1ni48"}
{"type":"operationStart","subtype":"script","name":"scripts users-script","previousOperationId":"b9liabn9yhezmny","timestamp":1705273874819,"id":"jmjrb2jwcaidkid","previousEventId":"wubn5cjvr0eejt3","operationId":"n577dq11bke8lt3"}
{"type":"log","timestamp":1705273874820,"level":"debug","message":"(console:error) Error fetching activities: ReferenceError: fetch is not defined\n    at fetchActivities (sandbox.js:4:5)\n    at Object.beforeRender (sandbox.js:19:31)\n    at executionFn (/home/ruby/workspace/React_RoR/jsreportapp/node_modules/@jsreport/jsreport-scripts/lib/executeScript.js:67:35)\n    at sandbox.js:37:18\n    at async run (/home/ruby/workspace/React_RoR/jsreportapp/node_modules/@jsreport/jsreport-core/lib/worker/sandbox/createSandbox.js:137:16)\n    at async WorkerReporter.runInSandbox [as _runInSandbox] (/home/ruby/workspace/React_RoR/jsreportapp/node_modules/@jsreport/jsreport-core/lib/worker/sandbox/runInSandbox.js:195:14)\n    at async executeScript (/home/ruby/workspace/React_RoR/jsreportapp/node_modules/@jsreport/jsreport-scripts/lib/executeScript.js:122:12)\n    at async Scripts._runScript (/home/ruby/workspace/React_RoR/jsreportapp/node_modules/@jsreport/jsreport-scripts/lib/worker.js:140:30)\n    at async Scripts.handleBeforeRender (/home/ruby/workspace/React_RoR/jsreportapp/node_modules/@jsreport/jsreport-scripts/lib/worker.js:64:7)\n    at async ListenerCollection.fire (/home/ruby/workspace/React_RoR/jsreportapp/node_modules/@jsreport/jsreport-core/lib/shared/listenerCollection.js:157:21)","meta":{"userLevel":true,"rootId":"wkreok0r7wzmwh6","id":"wkreok0r7wzmwh6"},"id":"c96s0oyq2xmar1y","previousOperationId":"n577dq11bke8lt3"}
{"type":"operationEnd","operationId":"n577dq11bke8lt3","timestamp":1705273874820,"id":"eoxj21fbqr6cqaa","previousEventId":"az8fq7zsu1bjncf","previousOperationId":"hakfj2uqog1ni48"}
{"type":"operationEnd","operationId":"b9liabn9yhezmny","timestamp":1705273874820,"id":"g2l80w93xu8rsa8","previousEventId":"eoxj21fbqr6cqaa","previousOperationId":"hakfj2uqog1ni48"}
{"type":"log","timestamp":1705273874820,"level":"debug","message":"Base url not specified, skipping its injection.","meta":{"rootId":"wkreok0r7wzmwh6","id":"wkreok0r7wzmwh6"},"id":"vs1lirbb2xytmx5","previousOperationId":"b9liabn9yhezmny"}
{"type":"operationStart","subtype":"engine","name":"handlebars","timestamp":1705273874820,"id":"njmxblu88sbtxbc","previousEventId":"g2l80w93xu8rsa8","operationId":"9up00f7tqcm2wj0","previousOperationId":"b9liabn9yhezmny"}
{"type":"log","timestamp":1705273874820,"level":"debug","message":"Rendering engine handlebars","meta":{"rootId":"wkreok0r7wzmwh6","id":"wkreok0r7wzmwh6"},"id":"8pidsbxryy6khqo","previousOperationId":"9up00f7tqcm2wj0"}
{"type":"operationEnd","operationId":"9up00f7tqcm2wj0","timestamp":1705273874825,"id":"p7dwalq5409r3jw","previousEventId":"njmxblu88sbtxbc","previousOperationId":"9up00f7tqcm2wj0"}
{"type":"operationStart","subtype":"recipe","name":"chrome-pdf","timestamp":1705273874825,"id":"jn1kt7wpzelcfyj","previousEventId":"p7dwalq5409r3jw","operationId":"li5y8m393rah7ar","previousOperationId":"9up00f7tqcm2wj0"}
{"type":"log","timestamp":1705273874825,"level":"debug","message":"Executing recipe chrome-pdf","meta":{"rootId":"wkreok0r7wzmwh6","id":"wkreok0r7wzmwh6"},"id":"3epcoluawv8mouc","previousOperationId":"li5y8m393rah7ar"}
{"type":"log","timestamp":1705273874826,"level":"debug","message":"Converting with chrome HeadlessChrome/117.0.5938.149 using chrome-pool strategy","meta":{"rootId":"wkreok0r7wzmwh6","id":"wkreok0r7wzmwh6"},"id":"x85dosl3jdipqti","previousOperationId":"li5y8m393rah7ar"}
{"type":"log","timestamp":1705273874846,"level":"debug","message":"Page request: GET (document) file:///tmp/jsreport/autocleanup/d8452bc1-37f3-474c-b44a-08f7a14b9f7d-chrome-pdf.html","meta":{"rootId":"wkreok0r7wzmwh6","id":"wkreok0r7wzmwh6"},"id":"ya6awrrajh5rctm","previousOperationId":"li5y8m393rah7ar"}
{"type":"log","timestamp":1705273874852,"level":"debug","message":"Page request: GET (stylesheet) https://cdn.jsdelivr.net/chartist.js/latest/chartist.min.css","meta":{"rootId":"wkreok0r7wzmwh6","id":"wkreok0r7wzmwh6"},"id":"v2wh4q632a6r1r0","previousOperationId":"li5y8m393rah7ar"}
{"type":"log","timestamp":1705273874852,"level":"debug","message":"Page request: GET (script) https://cdn.jsdelivr.net/chartist.js/latest/chartist.min.js","meta":{"rootId":"wkreok0r7wzmwh6","id":"wkreok0r7wzmwh6"},"id":"fob0ln6sl1sau80","previousOperationId":"li5y8m393rah7ar"}
{"type":"log","timestamp":1705273874852,"level":"debug","message":"Page request finished: GET (document) 200 file:///tmp/jsreport/autocleanup/d8452bc1-37f3-474c-b44a-08f7a14b9f7d-chrome-pdf.html","meta":{"rootId":"wkreok0r7wzmwh6","id":"wkreok0r7wzmwh6"},"id":"tffrdbpqeg60wc8","previousOperationId":"li5y8m393rah7ar"}
{"type":"log","timestamp":1705273874854,"level":"debug","message":"Page request finished: GET (stylesheet) 200 https://cdn.jsdelivr.net/chartist.js/latest/chartist.min.css","meta":{"rootId":"wkreok0r7wzmwh6","id":"wkreok0r7wzmwh6"},"id":"nrhkwctnby8t2rd","previousOperationId":"li5y8m393rah7ar"}
{"type":"log","timestamp":1705273874854,"level":"debug","message":"Page request finished: GET (script) 200 https://cdn.jsdelivr.net/chartist.js/latest/chartist.min.js","meta":{"rootId":"wkreok0r7wzmwh6","id":"wkreok0r7wzmwh6"},"id":"mv50he2z7ktzh6j","previousOperationId":"li5y8m393rah7ar"}
{"type":"log","timestamp":1705273874861,"level":"debug","message":"Running chrome with params {\"printBackground\":true,\"timeout\":59984,\"margin\":{}}","meta":{"rootId":"wkreok0r7wzmwh6","id":"wkreok0r7wzmwh6"},"id":"a7w2pd47saufvdv","previousOperationId":"li5y8m393rah7ar"}
{"type":"operationEnd","operationId":"li5y8m393rah7ar","timestamp":1705273874869,"id":"0r0lqfwjao20l0s","previousEventId":"jn1kt7wpzelcfyj","previousOperationId":"li5y8m393rah7ar"}
{"type":"log","timestamp":1705273874870,"level":"debug","message":"Skipping storing report.","meta":{"rootId":"wkreok0r7wzmwh6","id":"wkreok0r7wzmwh6"},"id":"1oe0f50l4v8pnng","previousOperationId":"li5y8m393rah7ar"}
{"type":"log","timestamp":1705273874870,"level":"info","message":"Rendering request 169 finished in 61 ms","meta":{"rootId":"wkreok0r7wzmwh6","id":"wkreok0r7wzmwh6"},"id":"ki0u84myrgb73ls","previousOperationId":"li5y8m393rah7ar"}
{"type":"operationEnd","subtype":"render","operationId":"hakfj2uqog1ni48","timestamp":1705273874870,"id":"qfyb7fbkvx5j2t5","previousEventId":"0r0lqfwjao20l0s","previousOperationId":"li5y8m393rah7ar"}
{"type":"operationEnd","doDiffs":false,"previousEventId":"mcjuxvqly62fbmd","previousOperationId":"e2odtfqgixvmpz5","operationId":"e2odtfqgixvmpz5","timestamp":1705273874874,"id":"onq2cyir76yt9de"}
