{"type":"operationStart","subtype":"profile","data":{"_id":"rsvyuAICmrEVdMWK","timestamp":"2024-01-12T15:52:04.486Z","state":"queued","mode":"standard","creationDate":"2024-01-12T15:52:04.486Z","modificationDate":"2024-01-12T15:52:04.486Z","shortid":"UUpyC_3","$entitySet":"profiles"},"doDiffs":false,"timestamp":1705074724486,"id":"1fffikqiq1g5r5q","previousOperationId":null,"operationId":"vdczyhkbrq1j3ci"}
{"type":"log","level":"info","message":"Render request 3 queued for execution and waiting for available worker","previousOperationId":"vdczyhkbrq1j3ci","timestamp":1705074724486,"id":"9jv4atx8atfj4gr"}
{"type":"operationStart","subtype":"render","name":"activities-users-main","previousOperationId":"vdczyhkbrq1j3ci","timestamp":1705074724491,"id":"zecojh8a5i8trsd","previousEventId":"1fffikqiq1g5r5q","operationId":"701724ei55oy8rh"}
{"type":"log","timestamp":1705074724491,"level":"info","message":"Starting rendering request 3","meta":{"rootId":"x4r8x9uarmr29hy","id":"x4r8x9uarmr29hy"},"id":"pu87g9d9v90yeul","previousOperationId":"701724ei55oy8rh"}
{"type":"log","timestamp":1705074724491,"level":"info","message":"Rendering template { name: activities-users-main, recipe: chrome-pdf, engine: handlebars, preview: true }","meta":{"rootId":"x4r8x9uarmr29hy","id":"x4r8x9uarmr29hy"},"id":"y8c6pc1t0vs2poj","previousOperationId":"701724ei55oy8rh"}
{"type":"log","timestamp":1705074724492,"level":"debug","message":"Data item not defined for this template.","meta":{"rootId":"x4r8x9uarmr29hy","id":"x4r8x9uarmr29hy"},"id":"78jzkq4qh33tdw7","previousOperationId":"701724ei55oy8rh"}
{"type":"log","timestamp":1705074724493,"level":"debug","message":"Base url not specified, skipping its injection.","meta":{"rootId":"x4r8x9uarmr29hy","id":"x4r8x9uarmr29hy"},"id":"3jb3n568kjv1mt9","previousOperationId":"701724ei55oy8rh"}
{"type":"operationStart","subtype":"engine","name":"handlebars","timestamp":1705074724493,"id":"4g58ofj83arlhxr","previousEventId":"zecojh8a5i8trsd","operationId":"cggja6vje5qpzrm","previousOperationId":"701724ei55oy8rh"}
{"type":"log","timestamp":1705074724493,"level":"debug","message":"Rendering engine handlebars","meta":{"rootId":"x4r8x9uarmr29hy","id":"x4r8x9uarmr29hy"},"id":"7fp3da2syfegz48","previousOperationId":"cggja6vje5qpzrm"}
{"type":"operationEnd","operationId":"cggja6vje5qpzrm","timestamp":1705074724502,"id":"z6frmbyql3ftx2d","previousEventId":"4g58ofj83arlhxr","previousOperationId":"cggja6vje5qpzrm"}
{"type":"operationStart","subtype":"recipe","name":"chrome-pdf","timestamp":1705074724502,"id":"rxra25veqs03sar","previousEventId":"z6frmbyql3ftx2d","operationId":"a9403trta13da8e","previousOperationId":"cggja6vje5qpzrm"}
{"type":"log","timestamp":1705074724502,"level":"debug","message":"Executing recipe chrome-pdf","meta":{"rootId":"x4r8x9uarmr29hy","id":"x4r8x9uarmr29hy"},"id":"s7j2dce3gfa1efh","previousOperationId":"a9403trta13da8e"}
{"type":"log","timestamp":1705074724504,"level":"debug","message":"Converting with chrome HeadlessChrome/117.0.5938.149 using chrome-pool strategy","meta":{"rootId":"x4r8x9uarmr29hy","id":"x4r8x9uarmr29hy"},"id":"xxi7gg8ce632dmk","previousOperationId":"a9403trta13da8e"}
{"type":"log","timestamp":1705074724524,"level":"debug","message":"Page request: GET (document) file:///tmp/jsreport/autocleanup/71d91071-f7a4-4001-a0a8-aa852731e356-chrome-pdf.html","meta":{"rootId":"x4r8x9uarmr29hy","id":"x4r8x9uarmr29hy"},"id":"9h9ypts7gbwnmys","previousOperationId":"a9403trta13da8e"}
{"type":"log","timestamp":1705074724530,"level":"debug","message":"Page request: GET (stylesheet) https://cdnjs.cloudflare.com/ajax/libs/metro/4.1.5/css/metro.min.css","meta":{"rootId":"x4r8x9uarmr29hy","id":"x4r8x9uarmr29hy"},"id":"1a6o63kutgud1gb","previousOperationId":"a9403trta13da8e"}
{"type":"log","timestamp":1705074724530,"level":"debug","message":"Page request: GET (script) https://cdnjs.cloudflare.com/ajax/libs/Chart.js/2.7.2/Chart.min.js","meta":{"rootId":"x4r8x9uarmr29hy","id":"x4r8x9uarmr29hy"},"id":"dust4v4dlu1z2mc","previousOperationId":"a9403trta13da8e"}
{"type":"log","timestamp":1705074724530,"level":"debug","message":"Page request finished: GET (document) 200 file:///tmp/jsreport/autocleanup/71d91071-f7a4-4001-a0a8-aa852731e356-chrome-pdf.html","meta":{"rootId":"x4r8x9uarmr29hy","id":"x4r8x9uarmr29hy"},"id":"g0ibgi3lhv68k58","previousOperationId":"a9403trta13da8e"}
{"type":"log","timestamp":1705074724540,"level":"debug","message":"Page request finished: GET (stylesheet) 200 https://cdnjs.cloudflare.com/ajax/libs/metro/4.1.5/css/metro.min.css","meta":{"rootId":"x4r8x9uarmr29hy","id":"x4r8x9uarmr29hy"},"id":"hfa07q4pf5zqfkc","previousOperationId":"a9403trta13da8e"}
{"type":"log","timestamp":1705074724540,"level":"debug","message":"Page request finished: GET (script) 200 https://cdnjs.cloudflare.com/ajax/libs/Chart.js/2.7.2/Chart.min.js","meta":{"rootId":"x4r8x9uarmr29hy","id":"x4r8x9uarmr29hy"},"id":"ihun10ai1qs2iey","previousOperationId":"a9403trta13da8e"}
{"type":"log","timestamp":1705074724550,"level":"debug","message":"Running chrome with params {\"printBackground\":true,\"timeout\":59983,\"margin\":{}}","meta":{"rootId":"x4r8x9uarmr29hy","id":"x4r8x9uarmr29hy"},"id":"5nr9uh8hupbg8l7","previousOperationId":"a9403trta13da8e"}
{"type":"operationEnd","operationId":"a9403trta13da8e","timestamp":1705074724561,"id":"1ef2roj52auc4jv","previousEventId":"rxra25veqs03sar","previousOperationId":"a9403trta13da8e"}
{"type":"log","timestamp":1705074724561,"level":"debug","message":"Skipping storing report.","meta":{"rootId":"x4r8x9uarmr29hy","id":"x4r8x9uarmr29hy"},"id":"t5fllb6seta9rjh","previousOperationId":"a9403trta13da8e"}
{"type":"log","timestamp":1705074724561,"level":"info","message":"Rendering request 3 finished in 75 ms","meta":{"rootId":"x4r8x9uarmr29hy","id":"x4r8x9uarmr29hy"},"id":"36utp8huzj12fx4","previousOperationId":"a9403trta13da8e"}
{"type":"operationEnd","subtype":"render","operationId":"701724ei55oy8rh","timestamp":1705074724561,"id":"4sj1qyzl0h9m89z","previousEventId":"1ef2roj52auc4jv","previousOperationId":"a9403trta13da8e"}
{"type":"operationEnd","doDiffs":false,"previousEventId":"1fffikqiq1g5r5q","previousOperationId":"vdczyhkbrq1j3ci","operationId":"vdczyhkbrq1j3ci","timestamp":1705074724569,"id":"ezqz52qnj586q3x"}
