{"type":"operationStart","subtype":"profile","data":{"_id":"0WUPeJqhjHnIH5dW","timestamp":"2024-01-12T23:27:14.932Z","state":"queued","mode":"standard","creationDate":"2024-01-12T23:27:14.934Z","modificationDate":"2024-01-12T23:27:14.934Z","shortid":"zWmymnT","$entitySet":"profiles"},"doDiffs":false,"timestamp":1705102034933,"id":"5hs50ggumbha4lv","previousOperationId":null,"operationId":"qqk34ez5h11iql7"}
{"type":"log","level":"info","message":"Render request 8 queued for execution and waiting for available worker","previousOperationId":"qqk34ez5h11iql7","timestamp":1705102034933,"id":"sa25d0h87k7ps6a"}
{"type":"operationStart","subtype":"render","name":"activities-users-main","previousOperationId":"qqk34ez5h11iql7","timestamp":1705102034946,"id":"56ujforbnaswu7a","previousEventId":"5hs50ggumbha4lv","operationId":"t8q6mde2jzpablq"}
{"type":"log","timestamp":1705102034946,"level":"info","message":"Starting rendering request 8","meta":{"rootId":"ycl39g2bs550mfc","id":"ycl39g2bs550mfc"},"id":"rulo7401a63fk8z","previousOperationId":"t8q6mde2jzpablq"}
{"type":"log","timestamp":1705102034946,"level":"info","message":"Rendering template { name: activities-users-main, recipe: chrome-pdf, engine: handlebars, preview: true }","meta":{"rootId":"ycl39g2bs550mfc","id":"ycl39g2bs550mfc"},"id":"184cvi8yx0j7af0","previousOperationId":"t8q6mde2jzpablq"}
{"type":"log","timestamp":1705102034947,"level":"debug","message":"Data item not defined for this template.","meta":{"rootId":"ycl39g2bs550mfc","id":"ycl39g2bs550mfc"},"id":"zt3i5gbwvgvmdns","previousOperationId":"t8q6mde2jzpablq"}
{"type":"log","timestamp":1705102034951,"level":"debug","message":"Executing script users-script (beforeRender)","meta":{"rootId":"ycl39g2bs550mfc","id":"ycl39g2bs550mfc"},"id":"gkz5nof3o22cndr","previousOperationId":"t8q6mde2jzpablq"}
{"type":"operationStart","subtype":"scriptsBeforeRender","name":"scripts beforeRender","timestamp":1705102034967,"id":"q9y5axqn7i2ae7h","previousEventId":"56ujforbnaswu7a","operationId":"kluxhigw5414ukw","previousOperationId":"t8q6mde2jzpablq"}
{"type":"operationStart","subtype":"script","name":"scripts users-script","previousOperationId":"kluxhigw5414ukw","timestamp":1705102034967,"id":"rj885ybize4mmcl","previousEventId":"q9y5axqn7i2ae7h","operationId":"o936g5gyfwonxih"}
{"type":"log","timestamp":1705102034967,"level":"debug","message":"(console:log) hora","meta":{"userLevel":true,"rootId":"ycl39g2bs550mfc","id":"ycl39g2bs550mfc"},"id":"apytey3nwao42g5","previousOperationId":"o936g5gyfwonxih"}
{"type":"log","timestamp":1705102035102,"level":"debug","message":"(console:log) undefined","meta":{"userLevel":true,"rootId":"ycl39g2bs550mfc","id":"ycl39g2bs550mfc"},"id":"jm0un96hrlz7gwn","previousOperationId":"o936g5gyfwonxih"}
{"type":"operationEnd","operationId":"o936g5gyfwonxih","timestamp":1705102035102,"id":"c9fp8aqw92wlutg","previousEventId":"56ujforbnaswu7a","previousOperationId":"t8q6mde2jzpablq"}
{"type":"operationEnd","operationId":"kluxhigw5414ukw","timestamp":1705102035102,"id":"gmh3jz5my7vxwjv","previousEventId":"c9fp8aqw92wlutg","previousOperationId":"t8q6mde2jzpablq"}
{"type":"log","timestamp":1705102035102,"level":"debug","message":"Base url not specified, skipping its injection.","meta":{"rootId":"ycl39g2bs550mfc","id":"ycl39g2bs550mfc"},"id":"iktn8wc16aeot5t","previousOperationId":"kluxhigw5414ukw"}
{"type":"operationStart","subtype":"engine","name":"handlebars","timestamp":1705102035103,"id":"rc2cqg3gcne4cmv","previousEventId":"gmh3jz5my7vxwjv","operationId":"hpeun0llt4ex5dh","previousOperationId":"kluxhigw5414ukw"}
{"type":"log","timestamp":1705102035103,"level":"debug","message":"Rendering engine handlebars","meta":{"rootId":"ycl39g2bs550mfc","id":"ycl39g2bs550mfc"},"id":"9qkzoly6j1430x6","previousOperationId":"hpeun0llt4ex5dh"}
{"type":"operationEnd","operationId":"hpeun0llt4ex5dh","timestamp":1705102035116,"id":"692by1ymdcudrux","previousEventId":"rc2cqg3gcne4cmv","previousOperationId":"hpeun0llt4ex5dh"}
{"type":"operationStart","subtype":"recipe","name":"chrome-pdf","timestamp":1705102035116,"id":"mnhvh3vlmlitfeo","previousEventId":"692by1ymdcudrux","operationId":"0003762cs7so3sk","previousOperationId":"hpeun0llt4ex5dh"}
{"type":"log","timestamp":1705102035116,"level":"debug","message":"Executing recipe chrome-pdf","meta":{"rootId":"ycl39g2bs550mfc","id":"ycl39g2bs550mfc"},"id":"1p282b3iw4oorr8","previousOperationId":"0003762cs7so3sk"}
{"type":"log","timestamp":1705102035120,"level":"debug","message":"Converting with chrome HeadlessChrome/117.0.5938.149 using chrome-pool strategy","meta":{"rootId":"ycl39g2bs550mfc","id":"ycl39g2bs550mfc"},"id":"eul28dl8t7cu4vk","previousOperationId":"0003762cs7so3sk"}
{"type":"log","timestamp":1705102035173,"level":"debug","message":"Page request: GET (document) file:///tmp/jsreport/autocleanup/ae6897c2-e93f-48c2-a065-51bb2797783e-chrome-pdf.html","meta":{"rootId":"ycl39g2bs550mfc","id":"ycl39g2bs550mfc"},"id":"umxpgd5ihxd4efh","previousOperationId":"0003762cs7so3sk"}
{"type":"log","timestamp":1705102035187,"level":"debug","message":"Page request: GET (stylesheet) https://cdnjs.cloudflare.com/ajax/libs/metro/4.1.5/css/metro.min.css","meta":{"rootId":"ycl39g2bs550mfc","id":"ycl39g2bs550mfc"},"id":"l4hneot414m23j1","previousOperationId":"0003762cs7so3sk"}
{"type":"log","timestamp":1705102035187,"level":"debug","message":"Page request: GET (script) https://cdnjs.cloudflare.com/ajax/libs/Chart.js/2.7.2/Chart.min.js","meta":{"rootId":"ycl39g2bs550mfc","id":"ycl39g2bs550mfc"},"id":"7tuqwf9n5odxww7","previousOperationId":"0003762cs7so3sk"}
{"type":"log","timestamp":1705102035188,"level":"debug","message":"Page request finished: GET (document) 200 file:///tmp/jsreport/autocleanup/ae6897c2-e93f-48c2-a065-51bb2797783e-chrome-pdf.html","meta":{"rootId":"ycl39g2bs550mfc","id":"ycl39g2bs550mfc"},"id":"xjc4mdm9k68tbp8","previousOperationId":"0003762cs7so3sk"}
{"type":"log","timestamp":1705102035213,"level":"debug","message":"Page request finished: GET (stylesheet) 200 https://cdnjs.cloudflare.com/ajax/libs/metro/4.1.5/css/metro.min.css","meta":{"rootId":"ycl39g2bs550mfc","id":"ycl39g2bs550mfc"},"id":"9am3vgdiygj0qm5","previousOperationId":"0003762cs7so3sk"}
{"type":"log","timestamp":1705102035213,"level":"debug","message":"Page request finished: GET (script) 200 https://cdnjs.cloudflare.com/ajax/libs/Chart.js/2.7.2/Chart.min.js","meta":{"rootId":"ycl39g2bs550mfc","id":"ycl39g2bs550mfc"},"id":"v7ionbglmfqg4gr","previousOperationId":"0003762cs7so3sk"}
{"type":"log","timestamp":1705102035240,"level":"debug","message":"Running chrome with params {\"printBackground\":true,\"timeout\":59813,\"margin\":{}}","meta":{"rootId":"ycl39g2bs550mfc","id":"ycl39g2bs550mfc"},"id":"bdh0ya8c24rivp1","previousOperationId":"0003762cs7so3sk"}
{"type":"operationEnd","operationId":"0003762cs7so3sk","timestamp":1705102035276,"id":"kxd4a3xdxv9zk5r","previousEventId":"mnhvh3vlmlitfeo","previousOperationId":"0003762cs7so3sk"}
{"type":"log","timestamp":1705102035276,"level":"debug","message":"Skipping storing report.","meta":{"rootId":"ycl39g2bs550mfc","id":"ycl39g2bs550mfc"},"id":"fz0pjz24rk2gjqk","previousOperationId":"0003762cs7so3sk"}
{"type":"log","timestamp":1705102035276,"level":"info","message":"Rendering request 8 finished in 345 ms","meta":{"rootId":"ycl39g2bs550mfc","id":"ycl39g2bs550mfc"},"id":"j620xmkijeaooee","previousOperationId":"0003762cs7so3sk"}
{"type":"operationEnd","subtype":"render","operationId":"t8q6mde2jzpablq","timestamp":1705102035277,"id":"kjrzuatw2kfgfl4","previousEventId":"kxd4a3xdxv9zk5r","previousOperationId":"0003762cs7so3sk"}
{"type":"operationEnd","doDiffs":false,"previousEventId":"5hs50ggumbha4lv","previousOperationId":"qqk34ez5h11iql7","operationId":"qqk34ez5h11iql7","timestamp":1705102035282,"id":"xnyb2erpehmnt6h"}
