{"type":"operationStart","subtype":"profile","data":{"_id":"PTymsVYj0SEVcpvt","timestamp":"2024-01-14T23:11:55.406Z","state":"queued","mode":"standard","creationDate":"2024-01-14T23:11:55.407Z","modificationDate":"2024-01-14T23:11:55.407Z","shortid":"Q0NTeeN","$entitySet":"profiles"},"doDiffs":false,"timestamp":1705273915406,"id":"u0bgkr905hcknlt","previousOperationId":null,"operationId":"8g2h75lrq14ymvd"}
{"type":"log","level":"info","message":"Render request 171 queued for execution and waiting for available worker","previousOperationId":"8g2h75lrq14ymvd","timestamp":1705273915406,"id":"wm3whkla606ob5z"}
{"type":"operationStart","subtype":"render","name":"activities-users-main","previousOperationId":"8g2h75lrq14ymvd","timestamp":1705273915410,"id":"qrx0x3ngzw09ilz","previousEventId":"u0bgkr905hcknlt","operationId":"n55vpssomek1pni"}
{"type":"log","timestamp":1705273915410,"level":"info","message":"Starting rendering request 171","meta":{"rootId":"yz49wyblygrv8qw","id":"yz49wyblygrv8qw"},"id":"3y7aw36v5dd3wut","previousOperationId":"n55vpssomek1pni"}
{"type":"log","timestamp":1705273915410,"level":"info","message":"Rendering template { name: activities-users-main, recipe: chrome-pdf, engine: handlebars, preview: true }","meta":{"rootId":"yz49wyblygrv8qw","id":"yz49wyblygrv8qw"},"id":"0iqkdetda30pwaw","previousOperationId":"n55vpssomek1pni"}
{"type":"log","timestamp":1705273915411,"level":"debug","message":"Data item not defined for this template.","meta":{"rootId":"yz49wyblygrv8qw","id":"yz49wyblygrv8qw"},"id":"sde1atmfktg9xz0","previousOperationId":"n55vpssomek1pni"}
{"type":"log","timestamp":1705273915412,"level":"debug","message":"Executing script users-script (beforeRender)","meta":{"rootId":"yz49wyblygrv8qw","id":"yz49wyblygrv8qw"},"id":"a5canyw9kau47gd","previousOperationId":"n55vpssomek1pni"}
{"type":"operationStart","subtype":"scriptsBeforeRender","name":"scripts beforeRender","timestamp":1705273915416,"id":"ae90b1r8ayisdii","previousEventId":"qrx0x3ngzw09ilz","operationId":"rnxsi6psor0qi7c","previousOperationId":"n55vpssomek1pni"}
{"type":"operationStart","subtype":"script","name":"scripts users-script","previousOperationId":"rnxsi6psor0qi7c","timestamp":1705273915416,"id":"j30sygypu30o7s8","previousEventId":"ae90b1r8ayisdii","operationId":"9kws0i7bgncml25"}
{"type":"log","timestamp":1705273915416,"level":"debug","message":"(console:error) Error fetching activities: ReferenceError: fetch is not defined\n    at fetchActivities (sandbox.js:4:22)\n    at Object.beforeRender (sandbox.js:15:37)\n    at executionFn (/home/ruby/workspace/React_RoR/jsreportapp/node_modules/@jsreport/jsreport-scripts/lib/executeScript.js:67:35)\n    at sandbox.js:33:18\n    at async run (/home/ruby/workspace/React_RoR/jsreportapp/node_modules/@jsreport/jsreport-core/lib/worker/sandbox/createSandbox.js:137:16)\n    at async WorkerReporter.runInSandbox [as _runInSandbox] (/home/ruby/workspace/React_RoR/jsreportapp/node_modules/@jsreport/jsreport-core/lib/worker/sandbox/runInSandbox.js:195:14)\n    at async executeScript (/home/ruby/workspace/React_RoR/jsreportapp/node_modules/@jsreport/jsreport-scripts/lib/executeScript.js:122:12)\n    at async Scripts._runScript (/home/ruby/workspace/React_RoR/jsreportapp/node_modules/@jsreport/jsreport-scripts/lib/worker.js:140:30)\n    at async Scripts.handleBeforeRender (/home/ruby/workspace/React_RoR/jsreportapp/node_modules/@jsreport/jsreport-scripts/lib/worker.js:64:7)\n    at async ListenerCollection.fire (/home/ruby/workspace/React_RoR/jsreportapp/node_modules/@jsreport/jsreport-core/lib/shared/listenerCollection.js:157:21)","meta":{"userLevel":true,"rootId":"yz49wyblygrv8qw","id":"yz49wyblygrv8qw"},"id":"9ycg0a0t1vvim5g","previousOperationId":"9kws0i7bgncml25"}
{"type":"operationEnd","operationId":"9kws0i7bgncml25","timestamp":1705273915416,"id":"toe08iajtq0vud1","previousEventId":"qrx0x3ngzw09ilz","previousOperationId":"n55vpssomek1pni"}
{"type":"operationEnd","operationId":"rnxsi6psor0qi7c","timestamp":1705273915416,"id":"fpvwi8l42gg3d4e","previousEventId":"toe08iajtq0vud1","previousOperationId":"n55vpssomek1pni"}
{"type":"log","timestamp":1705273915416,"level":"debug","message":"Base url not specified, skipping its injection.","meta":{"rootId":"yz49wyblygrv8qw","id":"yz49wyblygrv8qw"},"id":"69lryau0dtjdd9y","previousOperationId":"rnxsi6psor0qi7c"}
{"type":"operationStart","subtype":"engine","name":"handlebars","timestamp":1705273915416,"id":"gz1g6iahpth9w5t","previousEventId":"fpvwi8l42gg3d4e","operationId":"kr9nihaozsjen9z","previousOperationId":"rnxsi6psor0qi7c"}
{"type":"log","timestamp":1705273915416,"level":"debug","message":"Rendering engine handlebars","meta":{"rootId":"yz49wyblygrv8qw","id":"yz49wyblygrv8qw"},"id":"slxi2x0zi6thtta","previousOperationId":"kr9nihaozsjen9z"}
{"type":"operationEnd","operationId":"kr9nihaozsjen9z","timestamp":1705273915422,"id":"w1ibhmtt6yk2uv2","previousEventId":"gz1g6iahpth9w5t","previousOperationId":"kr9nihaozsjen9z"}
{"type":"operationStart","subtype":"recipe","name":"chrome-pdf","timestamp":1705273915422,"id":"2nz0hf3x34nq7tx","previousEventId":"w1ibhmtt6yk2uv2","operationId":"pef4o63eaf44d61","previousOperationId":"kr9nihaozsjen9z"}
{"type":"log","timestamp":1705273915422,"level":"debug","message":"Executing recipe chrome-pdf","meta":{"rootId":"yz49wyblygrv8qw","id":"yz49wyblygrv8qw"},"id":"9kki0bqb729h0yc","previousOperationId":"pef4o63eaf44d61"}
{"type":"log","timestamp":1705273915423,"level":"debug","message":"Converting with chrome HeadlessChrome/117.0.5938.149 using chrome-pool strategy","meta":{"rootId":"yz49wyblygrv8qw","id":"yz49wyblygrv8qw"},"id":"hzdjllx8shmzvyo","previousOperationId":"pef4o63eaf44d61"}
{"type":"log","timestamp":1705273915444,"level":"debug","message":"Page request: GET (document) file:///tmp/jsreport/autocleanup/ff1724b4-8f42-44a7-931c-7ac4707c48f1-chrome-pdf.html","meta":{"rootId":"yz49wyblygrv8qw","id":"yz49wyblygrv8qw"},"id":"yjpartta4xxz6pp","previousOperationId":"pef4o63eaf44d61"}
{"type":"log","timestamp":1705273915449,"level":"debug","message":"Page request: GET (stylesheet) https://cdn.jsdelivr.net/chartist.js/latest/chartist.min.css","meta":{"rootId":"yz49wyblygrv8qw","id":"yz49wyblygrv8qw"},"id":"ig55maehatipfs7","previousOperationId":"pef4o63eaf44d61"}
{"type":"log","timestamp":1705273915449,"level":"debug","message":"Page request: GET (script) https://cdn.jsdelivr.net/chartist.js/latest/chartist.min.js","meta":{"rootId":"yz49wyblygrv8qw","id":"yz49wyblygrv8qw"},"id":"jvwuvauidhnq4qs","previousOperationId":"pef4o63eaf44d61"}
{"type":"log","timestamp":1705273915449,"level":"debug","message":"Page request finished: GET (document) 200 file:///tmp/jsreport/autocleanup/ff1724b4-8f42-44a7-931c-7ac4707c48f1-chrome-pdf.html","meta":{"rootId":"yz49wyblygrv8qw","id":"yz49wyblygrv8qw"},"id":"hpw9uvhh5imvu0p","previousOperationId":"pef4o63eaf44d61"}
{"type":"log","timestamp":1705273915451,"level":"debug","message":"Page request finished: GET (stylesheet) 200 https://cdn.jsdelivr.net/chartist.js/latest/chartist.min.css","meta":{"rootId":"yz49wyblygrv8qw","id":"yz49wyblygrv8qw"},"id":"8evgbh9vjxdncmk","previousOperationId":"pef4o63eaf44d61"}
{"type":"log","timestamp":1705273915451,"level":"debug","message":"Page request finished: GET (script) 200 https://cdn.jsdelivr.net/chartist.js/latest/chartist.min.js","meta":{"rootId":"yz49wyblygrv8qw","id":"yz49wyblygrv8qw"},"id":"jnbkxarlqwpoolv","previousOperationId":"pef4o63eaf44d61"}
{"type":"log","timestamp":1705273915460,"level":"debug","message":"Running chrome with params {\"printBackground\":true,\"timeout\":59984,\"margin\":{}}","meta":{"rootId":"yz49wyblygrv8qw","id":"yz49wyblygrv8qw"},"id":"sprhx61ma8x5cl9","previousOperationId":"pef4o63eaf44d61"}
{"type":"operationEnd","operationId":"pef4o63eaf44d61","timestamp":1705273915469,"id":"a3ac6cdupw944pi","previousEventId":"2nz0hf3x34nq7tx","previousOperationId":"pef4o63eaf44d61"}
{"type":"log","timestamp":1705273915469,"level":"debug","message":"Skipping storing report.","meta":{"rootId":"yz49wyblygrv8qw","id":"yz49wyblygrv8qw"},"id":"19plvvz1r6cmnex","previousOperationId":"pef4o63eaf44d61"}
{"type":"log","timestamp":1705273915469,"level":"info","message":"Rendering request 171 finished in 63 ms","meta":{"rootId":"yz49wyblygrv8qw","id":"yz49wyblygrv8qw"},"id":"hwsw3ka07rrfh3j","previousOperationId":"pef4o63eaf44d61"}
{"type":"operationEnd","subtype":"render","operationId":"n55vpssomek1pni","timestamp":1705273915469,"id":"79aznl0onec3oav","previousEventId":"a3ac6cdupw944pi","previousOperationId":"pef4o63eaf44d61"}
{"type":"operationEnd","doDiffs":false,"previousEventId":"u0bgkr905hcknlt","previousOperationId":"8g2h75lrq14ymvd","operationId":"8g2h75lrq14ymvd","timestamp":1705273915471,"id":"70ca8ubfmddb55h"}
