{"type":"operationStart","subtype":"profile","data":{"_id":"o1QZHjSGXiYCFScq","timestamp":"2024-01-14T23:56:11.296Z","state":"queued","mode":"standard","creationDate":"2024-01-14T23:56:11.298Z","modificationDate":"2024-01-14T23:56:11.298Z","shortid":"SX9hziz","$entitySet":"profiles"},"doDiffs":false,"timestamp":1705276571297,"id":"lsfgkkjfcivi6b3","previousOperationId":null,"operationId":"x0e56oa52x7vowz"}
{"type":"log","level":"info","message":"Render request 3 queued for execution and waiting for available worker","previousOperationId":"x0e56oa52x7vowz","timestamp":1705276571297,"id":"k2ewv9t2gxzp2ls"}
{"type":"operationStart","subtype":"render","name":"activities-users-main","previousOperationId":"x0e56oa52x7vowz","timestamp":1705276571303,"id":"xx6r8w6w7rligss","previousEventId":"lsfgkkjfcivi6b3","operationId":"lw3g5hhisdixe2m"}
{"type":"log","timestamp":1705276571303,"level":"info","message":"Starting rendering request 3","meta":{"rootId":"yza9h938h3u0r28","id":"yza9h938h3u0r28"},"id":"p4jnwndgw6ij25o","previousOperationId":"lw3g5hhisdixe2m"}
{"type":"log","timestamp":1705276571303,"level":"info","message":"Rendering template { name: activities-users-main, recipe: chrome-pdf, engine: handlebars, preview: true }","meta":{"rootId":"yza9h938h3u0r28","id":"yza9h938h3u0r28"},"id":"6cy4hgmgvdat3a7","previousOperationId":"lw3g5hhisdixe2m"}
{"type":"log","timestamp":1705276571304,"level":"debug","message":"Data item not defined for this template.","meta":{"rootId":"yza9h938h3u0r28","id":"yza9h938h3u0r28"},"id":"6yqcdkoemq5s6sq","previousOperationId":"lw3g5hhisdixe2m"}
{"type":"log","timestamp":1705276571305,"level":"debug","message":"Executing script users-script (beforeRender)","meta":{"rootId":"yza9h938h3u0r28","id":"yza9h938h3u0r28"},"id":"8y39m0dkm3fqv0h","previousOperationId":"lw3g5hhisdixe2m"}
{"type":"operationStart","subtype":"scriptsBeforeRender","name":"scripts beforeRender","timestamp":1705276571313,"id":"pw4adwe9n0kznir","previousEventId":"xx6r8w6w7rligss","operationId":"3yva4xaje5xx3d3","previousOperationId":"lw3g5hhisdixe2m"}
{"type":"operationStart","subtype":"script","name":"scripts users-script","previousOperationId":"3yva4xaje5xx3d3","timestamp":1705276571313,"id":"y6oxpu1ea0kate9","previousEventId":"pw4adwe9n0kznir","operationId":"x5l5v7ch5xz85ak"}
{"type":"log","timestamp":1705276571371,"level":"debug","message":"(console:error) Error fetching activities: ReferenceError: helpers is not defined\n    at Object.beforeRender (sandbox.js:15:28)\n    at process.processTicksAndRejections (node:internal/process/task_queues:95:5)\n    at async executionFn (/home/ruby/workspace/React_RoR/jsreportapp/node_modules/@jsreport/jsreport-scripts/lib/executeScript.js:67:11)\n    at async run (/home/ruby/workspace/React_RoR/jsreportapp/node_modules/@jsreport/jsreport-core/lib/worker/sandbox/createSandbox.js:137:16)\n    at async WorkerReporter.runInSandbox [as _runInSandbox] (/home/ruby/workspace/React_RoR/jsreportapp/node_modules/@jsreport/jsreport-core/lib/worker/sandbox/runInSandbox.js:195:14)\n    at async executeScript (/home/ruby/workspace/React_RoR/jsreportapp/node_modules/@jsreport/jsreport-scripts/lib/executeScript.js:122:12)\n    at async Scripts._runScript (/home/ruby/workspace/React_RoR/jsreportapp/node_modules/@jsreport/jsreport-scripts/lib/worker.js:140:30)\n    at async Scripts.handleBeforeRender (/home/ruby/workspace/React_RoR/jsreportapp/node_modules/@jsreport/jsreport-scripts/lib/worker.js:64:7)\n    at async ListenerCollection.fire (/home/ruby/workspace/React_RoR/jsreportapp/node_modules/@jsreport/jsreport-core/lib/shared/listenerCollection.js:157:21)\n    at async beforeRender (/home/ruby/workspace/React_RoR/jsreportapp/node_modules/@jsreport/jsreport-core/lib/worker/render/render.js:24:5)","meta":{"userLevel":true,"rootId":"yza9h938h3u0r28","id":"yza9h938h3u0r28"},"id":"0si7rz91o7ibu4l","previousOperationId":"x5l5v7ch5xz85ak"}
{"type":"operationEnd","operationId":"x5l5v7ch5xz85ak","timestamp":1705276571372,"id":"lgq437rottpzzlh","previousEventId":"xx6r8w6w7rligss","previousOperationId":"lw3g5hhisdixe2m"}
{"type":"operationEnd","operationId":"3yva4xaje5xx3d3","timestamp":1705276571372,"id":"8r0558pcpasr5ha","previousEventId":"lgq437rottpzzlh","previousOperationId":"lw3g5hhisdixe2m"}
{"type":"log","timestamp":1705276571372,"level":"debug","message":"Base url not specified, skipping its injection.","meta":{"rootId":"yza9h938h3u0r28","id":"yza9h938h3u0r28"},"id":"jwxylsygu16kiv0","previousOperationId":"3yva4xaje5xx3d3"}
{"type":"operationStart","subtype":"engine","name":"handlebars","timestamp":1705276571372,"id":"vyak97ne3mlh9ny","previousEventId":"8r0558pcpasr5ha","operationId":"yc0y8df5yd7vbb6","previousOperationId":"3yva4xaje5xx3d3"}
{"type":"log","timestamp":1705276571372,"level":"debug","message":"Rendering engine handlebars","meta":{"rootId":"yza9h938h3u0r28","id":"yza9h938h3u0r28"},"id":"pcu5fggam59077c","previousOperationId":"yc0y8df5yd7vbb6"}
{"type":"operationEnd","operationId":"yc0y8df5yd7vbb6","timestamp":1705276571379,"id":"3tfkzdde4cj3uux","previousEventId":"vyak97ne3mlh9ny","previousOperationId":"yc0y8df5yd7vbb6"}
{"type":"operationStart","subtype":"recipe","name":"chrome-pdf","timestamp":1705276571379,"id":"3umvktfrz7hnweb","previousEventId":"3tfkzdde4cj3uux","operationId":"mk3bqh9oewa8x06","previousOperationId":"yc0y8df5yd7vbb6"}
{"type":"log","timestamp":1705276571379,"level":"debug","message":"Executing recipe chrome-pdf","meta":{"rootId":"yza9h938h3u0r28","id":"yza9h938h3u0r28"},"id":"dxvvbbsnm3csppc","previousOperationId":"mk3bqh9oewa8x06"}
{"type":"log","timestamp":1705276571381,"level":"debug","message":"Converting with chrome HeadlessChrome/117.0.5938.149 using chrome-pool strategy","meta":{"rootId":"yza9h938h3u0r28","id":"yza9h938h3u0r28"},"id":"x7d3c11iaf54vse","previousOperationId":"mk3bqh9oewa8x06"}
{"type":"log","timestamp":1705276571408,"level":"debug","message":"Page request: GET (document) file:///tmp/jsreport/autocleanup/9c40458d-37c5-4f6d-b971-59832fd1f07a-chrome-pdf.html","meta":{"rootId":"yza9h938h3u0r28","id":"yza9h938h3u0r28"},"id":"oe3skvf5pmu6kkd","previousOperationId":"mk3bqh9oewa8x06"}
{"type":"log","timestamp":1705276571414,"level":"debug","message":"Page request: GET (stylesheet) https://cdn.jsdelivr.net/chartist.js/latest/chartist.min.css","meta":{"rootId":"yza9h938h3u0r28","id":"yza9h938h3u0r28"},"id":"s3c4y8153asn3ri","previousOperationId":"mk3bqh9oewa8x06"}
{"type":"log","timestamp":1705276571414,"level":"debug","message":"Page request: GET (script) https://cdn.jsdelivr.net/chartist.js/latest/chartist.min.js","meta":{"rootId":"yza9h938h3u0r28","id":"yza9h938h3u0r28"},"id":"mj3hv0j3qa563md","previousOperationId":"mk3bqh9oewa8x06"}
{"type":"log","timestamp":1705276571415,"level":"debug","message":"Page request finished: GET (document) 200 file:///tmp/jsreport/autocleanup/9c40458d-37c5-4f6d-b971-59832fd1f07a-chrome-pdf.html","meta":{"rootId":"yza9h938h3u0r28","id":"yza9h938h3u0r28"},"id":"a63doomkalgaiwv","previousOperationId":"mk3bqh9oewa8x06"}
{"type":"log","timestamp":1705276571417,"level":"debug","message":"Page request finished: GET (stylesheet) 200 https://cdn.jsdelivr.net/chartist.js/latest/chartist.min.css","meta":{"rootId":"yza9h938h3u0r28","id":"yza9h938h3u0r28"},"id":"g2rzqwhj51vhlmu","previousOperationId":"mk3bqh9oewa8x06"}
{"type":"log","timestamp":1705276571418,"level":"debug","message":"Page request finished: GET (script) 200 https://cdn.jsdelivr.net/chartist.js/latest/chartist.min.js","meta":{"rootId":"yza9h938h3u0r28","id":"yza9h938h3u0r28"},"id":"vg4sruoy2uy5d08","previousOperationId":"mk3bqh9oewa8x06"}
{"type":"log","timestamp":1705276571429,"level":"debug","message":"Running chrome with params {\"printBackground\":true,\"timeout\":59916,\"margin\":{}}","meta":{"rootId":"yza9h938h3u0r28","id":"yza9h938h3u0r28"},"id":"zoz58f0v7ou0hgb","previousOperationId":"mk3bqh9oewa8x06"}
{"type":"operationEnd","operationId":"mk3bqh9oewa8x06","timestamp":1705276571440,"id":"qsdfvujyzzcc6fs","previousEventId":"3umvktfrz7hnweb","previousOperationId":"mk3bqh9oewa8x06"}
{"type":"log","timestamp":1705276571440,"level":"debug","message":"Skipping storing report.","meta":{"rootId":"yza9h938h3u0r28","id":"yza9h938h3u0r28"},"id":"jp17cnvprqlmbxc","previousOperationId":"mk3bqh9oewa8x06"}
{"type":"log","timestamp":1705276571440,"level":"info","message":"Rendering request 3 finished in 144 ms","meta":{"rootId":"yza9h938h3u0r28","id":"yza9h938h3u0r28"},"id":"48m1yxhl32xzlv3","previousOperationId":"mk3bqh9oewa8x06"}
{"type":"operationEnd","subtype":"render","operationId":"lw3g5hhisdixe2m","timestamp":1705276571440,"id":"g5mzvgfbkj9nkso","previousEventId":"qsdfvujyzzcc6fs","previousOperationId":"mk3bqh9oewa8x06"}
{"type":"operationEnd","doDiffs":false,"previousEventId":"lsfgkkjfcivi6b3","previousOperationId":"x0e56oa52x7vowz","operationId":"x0e56oa52x7vowz","timestamp":1705276571446,"id":"lc4xitpsudpzqsv"}
