{"type":"operationStart","subtype":"profile","data":{"_id":"02PAPlnyxBMxBnEp","timestamp":"2024-01-12T16:02:18.198Z","state":"queued","mode":"standard","creationDate":"2024-01-12T16:02:18.199Z","modificationDate":"2024-01-12T16:02:18.199Z","shortid":"rTArRM6","$entitySet":"profiles"},"doDiffs":false,"timestamp":1705075338199,"id":"93ekaz9edhoxsed","previousOperationId":null,"operationId":"jnickzti2520bq9"}
{"type":"log","level":"info","message":"Render request 22 queued for execution and waiting for available worker","previousOperationId":"jnickzti2520bq9","timestamp":1705075338199,"id":"25jgnr3q4owdu22"}
{"type":"operationStart","subtype":"render","name":"activities-users-main","previousOperationId":"jnickzti2520bq9","timestamp":1705075338204,"id":"d012lxabu0jnvph","previousEventId":"93ekaz9edhoxsed","operationId":"jgr8zg71ke4vvxs"}
{"type":"log","timestamp":1705075338204,"level":"info","message":"Starting rendering request 22","meta":{"rootId":"zp0jwmspbyw856m","id":"zp0jwmspbyw856m"},"id":"vvf7r7bwr40ts92","previousOperationId":"jgr8zg71ke4vvxs"}
{"type":"log","timestamp":1705075338205,"level":"info","message":"Rendering template { name: activities-users-main, recipe: chrome-pdf, engine: handlebars, preview: true }","meta":{"rootId":"zp0jwmspbyw856m","id":"zp0jwmspbyw856m"},"id":"gqeosgtduqccakm","previousOperationId":"jgr8zg71ke4vvxs"}
{"type":"log","timestamp":1705075338205,"level":"debug","message":"Data item not defined for this template.","meta":{"rootId":"zp0jwmspbyw856m","id":"zp0jwmspbyw856m"},"id":"jp6bv3x4bbamzhj","previousOperationId":"jgr8zg71ke4vvxs"}
{"type":"log","timestamp":1705075338207,"level":"debug","message":"Executing script users-script (beforeRender)","meta":{"rootId":"zp0jwmspbyw856m","id":"zp0jwmspbyw856m"},"id":"88lube6romu1j2v","previousOperationId":"jgr8zg71ke4vvxs"}
{"type":"operationStart","subtype":"scriptsBeforeRender","name":"scripts beforeRender","timestamp":1705075338312,"id":"6b4zbim4mn4f5s8","previousEventId":"d012lxabu0jnvph","operationId":"n7216oqpr06d8he","previousOperationId":"jgr8zg71ke4vvxs"}
{"type":"operationStart","subtype":"script","name":"scripts users-script","previousOperationId":"n7216oqpr06d8he","timestamp":1705075338312,"id":"h9g6hgux3xxmk6d","previousEventId":"6b4zbim4mn4f5s8","operationId":"wxik41amzhvxsmv"}
{"type":"log","timestamp":1705075338312,"level":"debug","message":"(console:log) hora","meta":{"userLevel":true,"rootId":"zp0jwmspbyw856m","id":"zp0jwmspbyw856m"},"id":"02ojicwmp5y72tj","previousOperationId":"wxik41amzhvxsmv"}
{"type":"operationEnd","operationId":"wxik41amzhvxsmv","timestamp":1705075338592,"id":"xxxqh3piklx0wld","previousEventId":"d012lxabu0jnvph","previousOperationId":"jgr8zg71ke4vvxs"}
{"type":"operationEnd","operationId":"n7216oqpr06d8he","timestamp":1705075338592,"id":"sehj1s8r41bvo9z","previousEventId":"xxxqh3piklx0wld","previousOperationId":"jgr8zg71ke4vvxs"}
{"type":"log","timestamp":1705075338592,"level":"debug","message":"Base url not specified, skipping its injection.","meta":{"rootId":"zp0jwmspbyw856m","id":"zp0jwmspbyw856m"},"id":"iekozz55ldl4c75","previousOperationId":"n7216oqpr06d8he"}
{"type":"operationStart","subtype":"engine","name":"handlebars","timestamp":1705075338592,"id":"5o7wai5kl609840","previousEventId":"sehj1s8r41bvo9z","operationId":"ixof8dfi235jqb4","previousOperationId":"n7216oqpr06d8he"}
{"type":"log","timestamp":1705075338592,"level":"debug","message":"Rendering engine handlebars","meta":{"rootId":"zp0jwmspbyw856m","id":"zp0jwmspbyw856m"},"id":"45pspxatw8kxhbk","previousOperationId":"ixof8dfi235jqb4"}
{"type":"operationEnd","operationId":"ixof8dfi235jqb4","timestamp":1705075338727,"id":"ig455kw0ip933oq","previousEventId":"5o7wai5kl609840","previousOperationId":"ixof8dfi235jqb4"}
{"type":"operationStart","subtype":"recipe","name":"chrome-pdf","timestamp":1705075338728,"id":"djk1ta13jzd5j94","previousEventId":"ig455kw0ip933oq","operationId":"ja41eecahkbjkck","previousOperationId":"ixof8dfi235jqb4"}
{"type":"log","timestamp":1705075338728,"level":"debug","message":"Executing recipe chrome-pdf","meta":{"rootId":"zp0jwmspbyw856m","id":"zp0jwmspbyw856m"},"id":"vzhmvjj2gsirdfn","previousOperationId":"ja41eecahkbjkck"}
{"type":"log","timestamp":1705075338956,"level":"debug","message":"Converting with chrome HeadlessChrome/117.0.5938.149 using chrome-pool strategy","meta":{"rootId":"zp0jwmspbyw856m","id":"zp0jwmspbyw856m"},"id":"nzewde6jsk7mt9m","previousOperationId":"ja41eecahkbjkck"}
{"type":"log","timestamp":1705075338994,"level":"debug","message":"Page request: GET (document) file:///tmp/jsreport/autocleanup/e8c7b59f-9e4d-4ca9-9ec8-1d76bd4a1289-chrome-pdf.html","meta":{"rootId":"zp0jwmspbyw856m","id":"zp0jwmspbyw856m"},"id":"4sxtewchp2rp1a0","previousOperationId":"ja41eecahkbjkck"}
{"type":"log","timestamp":1705075339000,"level":"debug","message":"Page request: GET (stylesheet) https://cdnjs.cloudflare.com/ajax/libs/metro/4.1.5/css/metro.min.css","meta":{"rootId":"zp0jwmspbyw856m","id":"zp0jwmspbyw856m"},"id":"oo3964g0vy7ayus","previousOperationId":"ja41eecahkbjkck"}
{"type":"log","timestamp":1705075339000,"level":"debug","message":"Page request: GET (script) https://cdnjs.cloudflare.com/ajax/libs/Chart.js/2.7.2/Chart.min.js","meta":{"rootId":"zp0jwmspbyw856m","id":"zp0jwmspbyw856m"},"id":"u90tt2uj51oocnv","previousOperationId":"ja41eecahkbjkck"}
{"type":"log","timestamp":1705075339000,"level":"debug","message":"Page request finished: GET (document) 200 file:///tmp/jsreport/autocleanup/e8c7b59f-9e4d-4ca9-9ec8-1d76bd4a1289-chrome-pdf.html","meta":{"rootId":"zp0jwmspbyw856m","id":"zp0jwmspbyw856m"},"id":"1mho34ksbbeklpn","previousOperationId":"ja41eecahkbjkck"}
{"type":"log","timestamp":1705075339179,"level":"debug","message":"Page request finished: GET (stylesheet) 200 https://cdnjs.cloudflare.com/ajax/libs/metro/4.1.5/css/metro.min.css","meta":{"rootId":"zp0jwmspbyw856m","id":"zp0jwmspbyw856m"},"id":"0ejtyybiywc7jix","previousOperationId":"ja41eecahkbjkck"}
{"type":"log","timestamp":1705075339201,"level":"debug","message":"Page request finished: GET (script) 200 https://cdnjs.cloudflare.com/ajax/libs/Chart.js/2.7.2/Chart.min.js","meta":{"rootId":"zp0jwmspbyw856m","id":"zp0jwmspbyw856m"},"id":"cry2ge95blrh8b7","previousOperationId":"ja41eecahkbjkck"}
{"type":"log","timestamp":1705075339212,"level":"debug","message":"Running chrome with params {\"printBackground\":true,\"timeout\":59344,\"margin\":{}}","meta":{"rootId":"zp0jwmspbyw856m","id":"zp0jwmspbyw856m"},"id":"cl6eaczlz2q4ddw","previousOperationId":"ja41eecahkbjkck"}
{"type":"operationEnd","operationId":"ja41eecahkbjkck","timestamp":1705075339227,"id":"8fr3tv0hdi3urhk","previousEventId":"djk1ta13jzd5j94","previousOperationId":"ja41eecahkbjkck"}
{"type":"log","timestamp":1705075339227,"level":"debug","message":"Skipping storing report.","meta":{"rootId":"zp0jwmspbyw856m","id":"zp0jwmspbyw856m"},"id":"hpcw4vl5li8vfgr","previousOperationId":"ja41eecahkbjkck"}
{"type":"log","timestamp":1705075339227,"level":"info","message":"Rendering request 22 finished in 1029 ms","meta":{"rootId":"zp0jwmspbyw856m","id":"zp0jwmspbyw856m"},"id":"eo25bfajf8nrl4d","previousOperationId":"ja41eecahkbjkck"}
{"type":"operationEnd","subtype":"render","operationId":"jgr8zg71ke4vvxs","timestamp":1705075339227,"id":"tktmy4bkz6coexq","previousEventId":"8fr3tv0hdi3urhk","previousOperationId":"ja41eecahkbjkck"}
{"type":"operationEnd","doDiffs":false,"previousEventId":"93ekaz9edhoxsed","previousOperationId":"jnickzti2520bq9","operationId":"jnickzti2520bq9","timestamp":1705075339230,"id":"34tty62ihx5gdrp"}
