{"type":"operationStart","subtype":"profile","data":{"_id":"hQSfdiAvGWM7scwu","timestamp":"2024-01-14T23:38:43.636Z","state":"queued","mode":"standard","creationDate":"2024-01-14T23:38:43.637Z","modificationDate":"2024-01-14T23:38:43.637Z","shortid":"DhMtQlf","$entitySet":"profiles"},"doDiffs":false,"timestamp":1705275523637,"id":"lg8ga8kft6n5bph","previousOperationId":null,"operationId":"hxkjcqzwt5urckk"}
{"type":"log","level":"info","message":"Render request 227 queued for execution and waiting for available worker","previousOperationId":"hxkjcqzwt5urckk","timestamp":1705275523637,"id":"un5r1l8bzsv7f77"}
{"type":"operationStart","subtype":"render","name":"sales-main","previousOperationId":"hxkjcqzwt5urckk","timestamp":1705275523642,"id":"lqk1xt3jw3og9iq","previousEventId":"lg8ga8kft6n5bph","operationId":"gqgmik2yzgm3943"}
{"type":"log","timestamp":1705275523642,"level":"info","message":"Starting rendering request 227","meta":{"rootId":"83am0gmzzyvflfp","id":"83am0gmzzyvflfp"},"id":"5yg6295uepuzmnp","previousOperationId":"gqgmik2yzgm3943"}
{"type":"log","timestamp":1705275523642,"level":"info","message":"Rendering template { name: sales-main, recipe: html-to-xlsx, engine: handlebars, preview: true }","meta":{"rootId":"83am0gmzzyvflfp","id":"83am0gmzzyvflfp"},"id":"lpvjcdnc0mlw6hc","previousOperationId":"gqgmik2yzgm3943"}
{"type":"log","timestamp":1705275523643,"level":"debug","message":"Adding sample data B1lSTrt6NB","meta":{"rootId":"83am0gmzzyvflfp","id":"83am0gmzzyvflfp"},"id":"79fca8gill2p0x8","previousOperationId":"gqgmik2yzgm3943"}
{"type":"log","timestamp":1705275523644,"level":"debug","message":"Base url not specified, skipping its injection.","meta":{"rootId":"83am0gmzzyvflfp","id":"83am0gmzzyvflfp"},"id":"eq9bti3bspv7fa4","previousOperationId":"gqgmik2yzgm3943"}
{"type":"operationStart","subtype":"engine","name":"handlebars","timestamp":1705275523645,"id":"1moi7w9l3gi2rl6","previousEventId":"lqk1xt3jw3og9iq","operationId":"vbhek872inlybww","previousOperationId":"gqgmik2yzgm3943"}
{"type":"log","timestamp":1705275523645,"level":"debug","message":"Rendering engine handlebars","meta":{"rootId":"83am0gmzzyvflfp","id":"83am0gmzzyvflfp"},"id":"7478sbh0dkim86v","previousOperationId":"vbhek872inlybww"}
{"type":"operationEnd","operationId":"vbhek872inlybww","timestamp":1705275523653,"id":"6vt23u1jhqsg4a9","previousEventId":"1moi7w9l3gi2rl6","previousOperationId":"vbhek872inlybww"}
{"type":"operationStart","subtype":"recipe","name":"html-to-xlsx","timestamp":1705275523653,"id":"9y0n1xc3x96pzqz","previousEventId":"6vt23u1jhqsg4a9","operationId":"5naqdzlb7mac3zg","previousOperationId":"vbhek872inlybww"}
{"type":"log","timestamp":1705275523653,"level":"debug","message":"Executing recipe html-to-xlsx","meta":{"rootId":"83am0gmzzyvflfp","id":"83am0gmzzyvflfp"},"id":"1q9x3dlakop6a80","previousOperationId":"5naqdzlb7mac3zg"}
{"type":"log","timestamp":1705275523654,"level":"info","message":"html-to-xlsx generation is starting","meta":{"rootId":"83am0gmzzyvflfp","id":"83am0gmzzyvflfp"},"id":"k7l1tp3zoubobo8","previousOperationId":"5naqdzlb7mac3zg"}
{"type":"log","timestamp":1705275523807,"level":"info","message":"html-to-xlsx generation was finished","meta":{"rootId":"83am0gmzzyvflfp","id":"83am0gmzzyvflfp"},"id":"5xgxu5ofa5x2q8l","previousOperationId":"5naqdzlb7mac3zg"}
{"type":"log","timestamp":1705275523807,"level":"debug","message":"preparing office preview","meta":{"rootId":"83am0gmzzyvflfp","id":"83am0gmzzyvflfp"},"id":"7d83osismxuf4pa","previousOperationId":"5naqdzlb7mac3zg"}
{"type":"operationEnd","operationId":"5naqdzlb7mac3zg","timestamp":1705275523983,"id":"0iupyy39wqxisuk","previousEventId":"9y0n1xc3x96pzqz","previousOperationId":"5naqdzlb7mac3zg"}
{"type":"log","timestamp":1705275523983,"level":"debug","message":"Skipping storing report.","meta":{"rootId":"83am0gmzzyvflfp","id":"83am0gmzzyvflfp"},"id":"5kvov7r6mat0v9q","previousOperationId":"5naqdzlb7mac3zg"}
{"type":"log","timestamp":1705275523983,"level":"info","message":"Rendering request 227 finished in 347 ms","meta":{"rootId":"83am0gmzzyvflfp","id":"83am0gmzzyvflfp"},"id":"3hbi4r8pzox2vuo","previousOperationId":"5naqdzlb7mac3zg"}
{"type":"operationEnd","subtype":"render","operationId":"gqgmik2yzgm3943","timestamp":1705275523983,"id":"3u3n5wmwmm0md5o","previousEventId":"0iupyy39wqxisuk","previousOperationId":"5naqdzlb7mac3zg"}
{"type":"operationEnd","doDiffs":false,"previousEventId":"lg8ga8kft6n5bph","previousOperationId":"hxkjcqzwt5urckk","operationId":"hxkjcqzwt5urckk","timestamp":1705275523985,"id":"4wy5nc6yiq2c316"}
