{"type":"operationStart","subtype":"profile","data":{"_id":"e9n1KfqY922C1tbJ","timestamp":"2024-01-14T23:37:43.607Z","state":"queued","mode":"standard","creationDate":"2024-01-14T23:37:43.608Z","modificationDate":"2024-01-14T23:37:43.608Z","shortid":"7vb36_O","$entitySet":"profiles"},"doDiffs":false,"timestamp":1705275463607,"id":"wru944gg5hs3bxk","previousOperationId":null,"operationId":"rvpjb46kaexe9sg"}
{"type":"log","level":"info","message":"Render request 225 queued for execution and waiting for available worker","previousOperationId":"rvpjb46kaexe9sg","timestamp":1705275463607,"id":"spfnjajyk4o4ib4"}
{"type":"operationStart","subtype":"render","name":"sales-main","previousOperationId":"rvpjb46kaexe9sg","timestamp":1705275463613,"id":"922yop2zezavkrz","previousEventId":"wru944gg5hs3bxk","operationId":"xnt4ykkq6m9qefq"}
{"type":"log","timestamp":1705275463613,"level":"info","message":"Starting rendering request 225","meta":{"rootId":"f7ofxl5lps0tv5i","id":"f7ofxl5lps0tv5i"},"id":"qfzu02k2xe5j3bh","previousOperationId":"xnt4ykkq6m9qefq"}
{"type":"log","timestamp":1705275463613,"level":"info","message":"Rendering template { name: sales-main, recipe: html-to-xlsx, engine: handlebars, preview: true }","meta":{"rootId":"f7ofxl5lps0tv5i","id":"f7ofxl5lps0tv5i"},"id":"ecmg1cykmczdr7r","previousOperationId":"xnt4ykkq6m9qefq"}
{"type":"log","timestamp":1705275463614,"level":"debug","message":"Adding sample data B1lSTrt6NB","meta":{"rootId":"f7ofxl5lps0tv5i","id":"f7ofxl5lps0tv5i"},"id":"jhuee6oygs3ril2","previousOperationId":"xnt4ykkq6m9qefq"}
{"type":"log","timestamp":1705275463616,"level":"debug","message":"Base url not specified, skipping its injection.","meta":{"rootId":"f7ofxl5lps0tv5i","id":"f7ofxl5lps0tv5i"},"id":"0afukiik190imaf","previousOperationId":"xnt4ykkq6m9qefq"}
{"type":"operationStart","subtype":"engine","name":"handlebars","timestamp":1705275463616,"id":"57b55ip96cw0cl0","previousEventId":"922yop2zezavkrz","operationId":"oc4ngcuhhrs69zv","previousOperationId":"xnt4ykkq6m9qefq"}
{"type":"log","timestamp":1705275463616,"level":"debug","message":"Rendering engine handlebars","meta":{"rootId":"f7ofxl5lps0tv5i","id":"f7ofxl5lps0tv5i"},"id":"1zkftfbahjxgmpw","previousOperationId":"oc4ngcuhhrs69zv"}
{"type":"operationEnd","operationId":"oc4ngcuhhrs69zv","timestamp":1705275463639,"id":"jlpwh5bvi6mm85h","previousEventId":"57b55ip96cw0cl0","previousOperationId":"oc4ngcuhhrs69zv"}
{"type":"operationStart","subtype":"recipe","name":"html-to-xlsx","timestamp":1705275463639,"id":"86eliy8bbw6f2te","previousEventId":"jlpwh5bvi6mm85h","operationId":"9xlau3yj14t6rd8","previousOperationId":"oc4ngcuhhrs69zv"}
{"type":"log","timestamp":1705275463639,"level":"debug","message":"Executing recipe html-to-xlsx","meta":{"rootId":"f7ofxl5lps0tv5i","id":"f7ofxl5lps0tv5i"},"id":"5stjpk30412qhos","previousOperationId":"9xlau3yj14t6rd8"}
{"type":"log","timestamp":1705275464026,"level":"info","message":"html-to-xlsx generation is starting","meta":{"rootId":"f7ofxl5lps0tv5i","id":"f7ofxl5lps0tv5i"},"id":"8wtnaxxc6afnjfe","previousOperationId":"9xlau3yj14t6rd8"}
{"type":"log","timestamp":1705275464346,"level":"info","message":"html-to-xlsx generation was finished","meta":{"rootId":"f7ofxl5lps0tv5i","id":"f7ofxl5lps0tv5i"},"id":"8sic0lv18up9979","previousOperationId":"9xlau3yj14t6rd8"}
{"type":"log","timestamp":1705275464364,"level":"debug","message":"preparing office preview","meta":{"rootId":"f7ofxl5lps0tv5i","id":"f7ofxl5lps0tv5i"},"id":"13dmoyiwitb54ac","previousOperationId":"9xlau3yj14t6rd8"}
{"type":"operationEnd","operationId":"9xlau3yj14t6rd8","timestamp":1705275464645,"id":"taifpcgy98bao51","previousEventId":"86eliy8bbw6f2te","previousOperationId":"9xlau3yj14t6rd8"}
{"type":"log","timestamp":1705275464646,"level":"debug","message":"Skipping storing report.","meta":{"rootId":"f7ofxl5lps0tv5i","id":"f7ofxl5lps0tv5i"},"id":"9foa9k4wksrfybf","previousOperationId":"9xlau3yj14t6rd8"}
{"type":"log","timestamp":1705275464646,"level":"info","message":"Rendering request 225 finished in 1039 ms","meta":{"rootId":"f7ofxl5lps0tv5i","id":"f7ofxl5lps0tv5i"},"id":"vz3anyj24fgv8wt","previousOperationId":"9xlau3yj14t6rd8"}
{"type":"operationEnd","subtype":"render","operationId":"xnt4ykkq6m9qefq","timestamp":1705275464646,"id":"qztwv4iv21689lc","previousEventId":"taifpcgy98bao51","previousOperationId":"9xlau3yj14t6rd8"}
{"type":"operationEnd","doDiffs":false,"previousEventId":"wru944gg5hs3bxk","previousOperationId":"rvpjb46kaexe9sg","operationId":"rvpjb46kaexe9sg","timestamp":1705275464648,"id":"4mnexi3fpu5bj6e"}
