{"type":"operationStart","subtype":"profile","data":{"_id":"jTJGmBI0VzR3vPNo","timestamp":"2024-01-14T23:39:18.999Z","state":"queued","mode":"standard","creationDate":"2024-01-14T23:39:19.000Z","modificationDate":"2024-01-14T23:39:19.000Z","shortid":"OtOAOsr","$entitySet":"profiles"},"doDiffs":false,"timestamp":1705275559000,"id":"yr27udrihx8f8pf","previousOperationId":null,"operationId":"bbg5nuojf37fgy8"}
{"type":"log","level":"info","message":"Render request 228 queued for execution and waiting for available worker","previousOperationId":"bbg5nuojf37fgy8","timestamp":1705275559000,"id":"clnrvvlhz5477cq"}
{"type":"operationStart","subtype":"render","name":"sales-main","previousOperationId":"bbg5nuojf37fgy8","timestamp":1705275559006,"id":"6crkpcsrvs9rqpu","previousEventId":"yr27udrihx8f8pf","operationId":"ohdrqkigiehzaj9"}
{"type":"log","timestamp":1705275559006,"level":"info","message":"Starting rendering request 228","meta":{"rootId":"m8cuw6kcuwoa4bc","id":"m8cuw6kcuwoa4bc"},"id":"o60l0sc2p4ew9v1","previousOperationId":"ohdrqkigiehzaj9"}
{"type":"log","timestamp":1705275559006,"level":"info","message":"Rendering template { name: sales-main, recipe: html-to-xlsx, engine: handlebars, preview: true }","meta":{"rootId":"m8cuw6kcuwoa4bc","id":"m8cuw6kcuwoa4bc"},"id":"zr13r6ets69w957","previousOperationId":"ohdrqkigiehzaj9"}
{"type":"log","timestamp":1705275559007,"level":"debug","message":"Adding sample data B1lSTrt6NB","meta":{"rootId":"m8cuw6kcuwoa4bc","id":"m8cuw6kcuwoa4bc"},"id":"w4twwn8qgq7y23b","previousOperationId":"ohdrqkigiehzaj9"}
{"type":"log","timestamp":1705275559009,"level":"debug","message":"Base url not specified, skipping its injection.","meta":{"rootId":"m8cuw6kcuwoa4bc","id":"m8cuw6kcuwoa4bc"},"id":"0eg3m9avs7fvcuk","previousOperationId":"ohdrqkigiehzaj9"}
{"type":"operationStart","subtype":"engine","name":"handlebars","timestamp":1705275559009,"id":"7p5aq8zfvg99igh","previousEventId":"6crkpcsrvs9rqpu","operationId":"arftasdaa3mungq","previousOperationId":"ohdrqkigiehzaj9"}
{"type":"log","timestamp":1705275559009,"level":"debug","message":"Rendering engine handlebars","meta":{"rootId":"m8cuw6kcuwoa4bc","id":"m8cuw6kcuwoa4bc"},"id":"52m9xrzsv94wfyr","previousOperationId":"arftasdaa3mungq"}
{"type":"operationEnd","operationId":"arftasdaa3mungq","timestamp":1705275559032,"id":"8i4rzowtbo9i9hz","previousEventId":"7p5aq8zfvg99igh","previousOperationId":"arftasdaa3mungq"}
{"type":"operationStart","subtype":"recipe","name":"html-to-xlsx","timestamp":1705275559032,"id":"6endd2v17i5837f","previousEventId":"8i4rzowtbo9i9hz","operationId":"uitzpdoimb59w7d","previousOperationId":"arftasdaa3mungq"}
{"type":"log","timestamp":1705275559032,"level":"debug","message":"Executing recipe html-to-xlsx","meta":{"rootId":"m8cuw6kcuwoa4bc","id":"m8cuw6kcuwoa4bc"},"id":"8plv2816u3ufyh6","previousOperationId":"uitzpdoimb59w7d"}
{"type":"log","timestamp":1705275559032,"level":"info","message":"html-to-xlsx generation is starting","meta":{"rootId":"m8cuw6kcuwoa4bc","id":"m8cuw6kcuwoa4bc"},"id":"mjgplco27tnwmwl","previousOperationId":"uitzpdoimb59w7d"}
{"type":"log","timestamp":1705275559228,"level":"info","message":"html-to-xlsx generation was finished","meta":{"rootId":"m8cuw6kcuwoa4bc","id":"m8cuw6kcuwoa4bc"},"id":"yf5sudvopfqhf0m","previousOperationId":"uitzpdoimb59w7d"}
{"type":"log","timestamp":1705275559228,"level":"debug","message":"preparing office preview","meta":{"rootId":"m8cuw6kcuwoa4bc","id":"m8cuw6kcuwoa4bc"},"id":"ibzy0p3mj1gj47z","previousOperationId":"uitzpdoimb59w7d"}
{"type":"operationEnd","operationId":"uitzpdoimb59w7d","timestamp":1705275559409,"id":"6aj6vfk9va2y0sr","previousEventId":"6endd2v17i5837f","previousOperationId":"uitzpdoimb59w7d"}
{"type":"log","timestamp":1705275559410,"level":"debug","message":"Skipping storing report.","meta":{"rootId":"m8cuw6kcuwoa4bc","id":"m8cuw6kcuwoa4bc"},"id":"r0stjiwtim32x9q","previousOperationId":"uitzpdoimb59w7d"}
{"type":"log","timestamp":1705275559410,"level":"info","message":"Rendering request 228 finished in 411 ms","meta":{"rootId":"m8cuw6kcuwoa4bc","id":"m8cuw6kcuwoa4bc"},"id":"o2cx2zvzd2kf80a","previousOperationId":"uitzpdoimb59w7d"}
{"type":"operationEnd","subtype":"render","operationId":"ohdrqkigiehzaj9","timestamp":1705275559410,"id":"e50zxqnkskg8hr4","previousEventId":"6aj6vfk9va2y0sr","previousOperationId":"uitzpdoimb59w7d"}
{"type":"operationEnd","doDiffs":false,"previousEventId":"yr27udrihx8f8pf","previousOperationId":"bbg5nuojf37fgy8","operationId":"bbg5nuojf37fgy8","timestamp":1705275559412,"id":"b3dcmutva4pmqcq"}
