{"type":"operationStart","subtype":"profile","data":{"_id":"7MVkNSTRlT5lyG3t","timestamp":"2024-01-14T23:41:33.748Z","state":"queued","mode":"standard","creationDate":"2024-01-14T23:41:33.749Z","modificationDate":"2024-01-14T23:41:33.749Z","shortid":"Qspz6lw","$entitySet":"profiles"},"doDiffs":false,"timestamp":1705275693749,"id":"l8m196czy8tz60t","previousOperationId":null,"operationId":"a2w8rcgksc2jta9"}
{"type":"log","level":"info","message":"Render request 236 queued for execution and waiting for available worker","previousOperationId":"a2w8rcgksc2jta9","timestamp":1705275693749,"id":"fuiw01xgkjg6ggt"}
{"type":"operationStart","subtype":"render","name":"sales-main","previousOperationId":"a2w8rcgksc2jta9","timestamp":1705275693753,"id":"rucve4curabqe3p","previousEventId":"l8m196czy8tz60t","operationId":"l2dgkh1x8iy9nt9"}
{"type":"log","timestamp":1705275693753,"level":"info","message":"Starting rendering request 236","meta":{"rootId":"siansxp2lxhedrs","id":"siansxp2lxhedrs"},"id":"ehn9liv29foyfut","previousOperationId":"l2dgkh1x8iy9nt9"}
{"type":"log","timestamp":1705275693753,"level":"info","message":"Rendering template { name: sales-main, recipe: html-to-xlsx, engine: handlebars, preview: true }","meta":{"rootId":"siansxp2lxhedrs","id":"siansxp2lxhedrs"},"id":"m1eq9q3aef0ntox","previousOperationId":"l2dgkh1x8iy9nt9"}
{"type":"log","timestamp":1705275693754,"level":"debug","message":"Adding sample data B1lSTrt6NB","meta":{"rootId":"siansxp2lxhedrs","id":"siansxp2lxhedrs"},"id":"51iemc1gfj1vtlj","previousOperationId":"l2dgkh1x8iy9nt9"}
{"type":"log","timestamp":1705275693755,"level":"debug","message":"Base url not specified, skipping its injection.","meta":{"rootId":"siansxp2lxhedrs","id":"siansxp2lxhedrs"},"id":"m3njxf9hq0uxo23","previousOperationId":"l2dgkh1x8iy9nt9"}
{"type":"operationStart","subtype":"engine","name":"handlebars","timestamp":1705275693755,"id":"jzoa4zw1j57hi52","previousEventId":"rucve4curabqe3p","operationId":"u4hjo0gox53vhtq","previousOperationId":"l2dgkh1x8iy9nt9"}
{"type":"log","timestamp":1705275693755,"level":"debug","message":"Rendering engine handlebars","meta":{"rootId":"siansxp2lxhedrs","id":"siansxp2lxhedrs"},"id":"xzvyibmm1n3gz4m","previousOperationId":"u4hjo0gox53vhtq"}
{"type":"operationEnd","operationId":"u4hjo0gox53vhtq","timestamp":1705275693764,"id":"veuhok0dqspz4se","previousEventId":"jzoa4zw1j57hi52","previousOperationId":"u4hjo0gox53vhtq"}
{"type":"operationStart","subtype":"recipe","name":"html-to-xlsx","timestamp":1705275693764,"id":"f2nfrd89o7dcw5h","previousEventId":"veuhok0dqspz4se","operationId":"6r448g6kwncwykn","previousOperationId":"u4hjo0gox53vhtq"}
{"type":"log","timestamp":1705275693764,"level":"debug","message":"Executing recipe html-to-xlsx","meta":{"rootId":"siansxp2lxhedrs","id":"siansxp2lxhedrs"},"id":"2n89ze7ztmunpdl","previousOperationId":"6r448g6kwncwykn"}
{"type":"log","timestamp":1705275693764,"level":"info","message":"html-to-xlsx generation is starting","meta":{"rootId":"siansxp2lxhedrs","id":"siansxp2lxhedrs"},"id":"9h139afm4agqk7d","previousOperationId":"6r448g6kwncwykn"}
{"type":"log","timestamp":1705275693929,"level":"info","message":"html-to-xlsx generation was finished","meta":{"rootId":"siansxp2lxhedrs","id":"siansxp2lxhedrs"},"id":"c10ut6pkgkau0qj","previousOperationId":"6r448g6kwncwykn"}
{"type":"log","timestamp":1705275693930,"level":"debug","message":"preparing office preview","meta":{"rootId":"siansxp2lxhedrs","id":"siansxp2lxhedrs"},"id":"b7bclgklu67oylf","previousOperationId":"6r448g6kwncwykn"}
{"type":"operationEnd","operationId":"6r448g6kwncwykn","timestamp":1705275694110,"id":"1eda5ed363n923m","previousEventId":"f2nfrd89o7dcw5h","previousOperationId":"6r448g6kwncwykn"}
{"type":"log","timestamp":1705275694110,"level":"debug","message":"Skipping storing report.","meta":{"rootId":"siansxp2lxhedrs","id":"siansxp2lxhedrs"},"id":"8nuvvgqo3eh81o0","previousOperationId":"6r448g6kwncwykn"}
{"type":"log","timestamp":1705275694110,"level":"info","message":"Rendering request 236 finished in 362 ms","meta":{"rootId":"siansxp2lxhedrs","id":"siansxp2lxhedrs"},"id":"0mc9htw34asrogp","previousOperationId":"6r448g6kwncwykn"}
{"type":"operationEnd","subtype":"render","operationId":"l2dgkh1x8iy9nt9","timestamp":1705275694110,"id":"ojs1ye3xlgtr7bl","previousEventId":"1eda5ed363n923m","previousOperationId":"6r448g6kwncwykn"}
{"type":"operationEnd","doDiffs":false,"previousEventId":"l8m196czy8tz60t","previousOperationId":"a2w8rcgksc2jta9","operationId":"a2w8rcgksc2jta9","timestamp":1705275694113,"id":"vc9xlz9xpm2zdb7"}
