{"type":"operationStart","subtype":"profile","data":{"_id":"iNrARDVK8ieL4KRa","timestamp":"2024-01-14T23:41:01.704Z","state":"queued","mode":"standard","creationDate":"2024-01-14T23:41:01.704Z","modificationDate":"2024-01-14T23:41:01.704Z","shortid":"oYU55yM","$entitySet":"profiles"},"doDiffs":false,"timestamp":1705275661704,"id":"pkzksrp05dtwekz","previousOperationId":null,"operationId":"xtqr58i612fagj5"}
{"type":"log","level":"info","message":"Render request 234 queued for execution and waiting for available worker","previousOperationId":"xtqr58i612fagj5","timestamp":1705275661704,"id":"tcvus2cz6hwlijj"}
{"type":"operationStart","subtype":"render","name":"sales-main","previousOperationId":"xtqr58i612fagj5","timestamp":1705275661709,"id":"0nwmehff80h9ov9","previousEventId":"pkzksrp05dtwekz","operationId":"eyh0g20grb1tonp"}
{"type":"log","timestamp":1705275661709,"level":"info","message":"Starting rendering request 234","meta":{"rootId":"sut9465pncnq3ez","id":"sut9465pncnq3ez"},"id":"6fy4fs7ra5hpc3n","previousOperationId":"eyh0g20grb1tonp"}
{"type":"log","timestamp":1705275661709,"level":"info","message":"Rendering template { name: sales-main, recipe: html-to-xlsx, engine: handlebars, preview: true }","meta":{"rootId":"sut9465pncnq3ez","id":"sut9465pncnq3ez"},"id":"jqbgpu76gttb7jb","previousOperationId":"eyh0g20grb1tonp"}
{"type":"log","timestamp":1705275661710,"level":"debug","message":"Adding sample data B1lSTrt6NB","meta":{"rootId":"sut9465pncnq3ez","id":"sut9465pncnq3ez"},"id":"5pk3zqqy18dtp0n","previousOperationId":"eyh0g20grb1tonp"}
{"type":"log","timestamp":1705275661712,"level":"debug","message":"Base url not specified, skipping its injection.","meta":{"rootId":"sut9465pncnq3ez","id":"sut9465pncnq3ez"},"id":"bsn7twqupykpgx0","previousOperationId":"eyh0g20grb1tonp"}
{"type":"operationStart","subtype":"engine","name":"handlebars","timestamp":1705275661712,"id":"47rb5xcnf30hkx4","previousEventId":"0nwmehff80h9ov9","operationId":"isximuopdedu1gv","previousOperationId":"eyh0g20grb1tonp"}
{"type":"log","timestamp":1705275661712,"level":"debug","message":"Rendering engine handlebars","meta":{"rootId":"sut9465pncnq3ez","id":"sut9465pncnq3ez"},"id":"51aeizdoohxlghy","previousOperationId":"isximuopdedu1gv"}
{"type":"operationEnd","operationId":"isximuopdedu1gv","timestamp":1705275661726,"id":"3ye4dza80272vzl","previousEventId":"47rb5xcnf30hkx4","previousOperationId":"isximuopdedu1gv"}
{"type":"operationStart","subtype":"recipe","name":"html-to-xlsx","timestamp":1705275661726,"id":"9e21lmdi4dyxngl","previousEventId":"3ye4dza80272vzl","operationId":"2u4a1vgkbv5uiye","previousOperationId":"isximuopdedu1gv"}
{"type":"log","timestamp":1705275661726,"level":"debug","message":"Executing recipe html-to-xlsx","meta":{"rootId":"sut9465pncnq3ez","id":"sut9465pncnq3ez"},"id":"x1zrnxwj65bh9c4","previousOperationId":"2u4a1vgkbv5uiye"}
{"type":"log","timestamp":1705275661726,"level":"info","message":"html-to-xlsx generation is starting","meta":{"rootId":"sut9465pncnq3ez","id":"sut9465pncnq3ez"},"id":"f2qqm2z92es0k1n","previousOperationId":"2u4a1vgkbv5uiye"}
{"type":"log","timestamp":1705275661886,"level":"info","message":"html-to-xlsx generation was finished","meta":{"rootId":"sut9465pncnq3ez","id":"sut9465pncnq3ez"},"id":"i5woyor7qdtmzqj","previousOperationId":"2u4a1vgkbv5uiye"}
{"type":"log","timestamp":1705275661887,"level":"debug","message":"preparing office preview","meta":{"rootId":"sut9465pncnq3ez","id":"sut9465pncnq3ez"},"id":"gxy9o9f1fr0lk2h","previousOperationId":"2u4a1vgkbv5uiye"}
{"type":"operationEnd","operationId":"2u4a1vgkbv5uiye","timestamp":1705275662062,"id":"xryph7tkhu82kjt","previousEventId":"9e21lmdi4dyxngl","previousOperationId":"2u4a1vgkbv5uiye"}
{"type":"log","timestamp":1705275662062,"level":"debug","message":"Skipping storing report.","meta":{"rootId":"sut9465pncnq3ez","id":"sut9465pncnq3ez"},"id":"trn3xeeo2fjou4j","previousOperationId":"2u4a1vgkbv5uiye"}
{"type":"log","timestamp":1705275662062,"level":"info","message":"Rendering request 234 finished in 358 ms","meta":{"rootId":"sut9465pncnq3ez","id":"sut9465pncnq3ez"},"id":"n47bywm5g41lvks","previousOperationId":"2u4a1vgkbv5uiye"}
{"type":"operationEnd","subtype":"render","operationId":"eyh0g20grb1tonp","timestamp":1705275662062,"id":"xxgejwcp4sp4fgm","previousEventId":"xryph7tkhu82kjt","previousOperationId":"2u4a1vgkbv5uiye"}
{"type":"operationEnd","doDiffs":false,"previousEventId":"pkzksrp05dtwekz","previousOperationId":"xtqr58i612fagj5","operationId":"xtqr58i612fagj5","timestamp":1705275662064,"id":"7ozagu2xd2mb67s"}
