{"type":"operationStart","subtype":"profile","data":{"_id":"j46hZASxIqTWEFQO","timestamp":"2024-01-14T23:38:29.369Z","state":"queued","mode":"standard","creationDate":"2024-01-14T23:38:29.370Z","modificationDate":"2024-01-14T23:38:29.370Z","shortid":"42N5qVB","$entitySet":"profiles"},"doDiffs":false,"timestamp":1705275509370,"id":"u5upgtbtsbm3sec","previousOperationId":null,"operationId":"eigtad9wmkgr26l"}
{"type":"log","level":"info","message":"Render request 226 queued for execution and waiting for available worker","previousOperationId":"eigtad9wmkgr26l","timestamp":1705275509370,"id":"4wpdeiaowva7jyp"}
{"type":"operationStart","subtype":"render","name":"sales-main","previousOperationId":"eigtad9wmkgr26l","timestamp":1705275509374,"id":"ta351aqru5qhhp9","previousEventId":"u5upgtbtsbm3sec","operationId":"l3l5vhouorxi6e7"}
{"type":"log","timestamp":1705275509374,"level":"info","message":"Starting rendering request 226","meta":{"rootId":"t8cq9gqr4ektfb4","id":"t8cq9gqr4ektfb4"},"id":"53t4h47crhq1t8o","previousOperationId":"l3l5vhouorxi6e7"}
{"type":"log","timestamp":1705275509374,"level":"info","message":"Rendering template { name: sales-main, recipe: html-to-xlsx, engine: handlebars, preview: true }","meta":{"rootId":"t8cq9gqr4ektfb4","id":"t8cq9gqr4ektfb4"},"id":"ebgevzzcblm2k2g","previousOperationId":"l3l5vhouorxi6e7"}
{"type":"log","timestamp":1705275509375,"level":"debug","message":"Adding sample data B1lSTrt6NB","meta":{"rootId":"t8cq9gqr4ektfb4","id":"t8cq9gqr4ektfb4"},"id":"aeskq6tnlk7h0b8","previousOperationId":"l3l5vhouorxi6e7"}
{"type":"log","timestamp":1705275509377,"level":"debug","message":"Base url not specified, skipping its injection.","meta":{"rootId":"t8cq9gqr4ektfb4","id":"t8cq9gqr4ektfb4"},"id":"41w1fiq8vyf6fgf","previousOperationId":"l3l5vhouorxi6e7"}
{"type":"operationStart","subtype":"engine","name":"handlebars","timestamp":1705275509377,"id":"q32411e482axvye","previousEventId":"ta351aqru5qhhp9","operationId":"ks8e1qvjb6e4xvi","previousOperationId":"l3l5vhouorxi6e7"}
{"type":"log","timestamp":1705275509377,"level":"debug","message":"Rendering engine handlebars","meta":{"rootId":"t8cq9gqr4ektfb4","id":"t8cq9gqr4ektfb4"},"id":"0clwexszbcp5c83","previousOperationId":"ks8e1qvjb6e4xvi"}
{"type":"operationEnd","operationId":"ks8e1qvjb6e4xvi","timestamp":1705275509406,"id":"3ffyir2qx0we9j0","previousEventId":"q32411e482axvye","previousOperationId":"ks8e1qvjb6e4xvi"}
{"type":"operationStart","subtype":"recipe","name":"html-to-xlsx","timestamp":1705275509406,"id":"sipdpkckd16rchk","previousEventId":"3ffyir2qx0we9j0","operationId":"rn8p8r20dsbg8dw","previousOperationId":"ks8e1qvjb6e4xvi"}
{"type":"log","timestamp":1705275509406,"level":"debug","message":"Executing recipe html-to-xlsx","meta":{"rootId":"t8cq9gqr4ektfb4","id":"t8cq9gqr4ektfb4"},"id":"1pkmj63k6zmfvga","previousOperationId":"rn8p8r20dsbg8dw"}
{"type":"log","timestamp":1705275509557,"level":"info","message":"html-to-xlsx generation is starting","meta":{"rootId":"t8cq9gqr4ektfb4","id":"t8cq9gqr4ektfb4"},"id":"hpn1pxgbqc88nvt","previousOperationId":"rn8p8r20dsbg8dw"}
{"type":"log","timestamp":1705275509767,"level":"info","message":"html-to-xlsx generation was finished","meta":{"rootId":"t8cq9gqr4ektfb4","id":"t8cq9gqr4ektfb4"},"id":"2zuwfth8n5p0v2s","previousOperationId":"rn8p8r20dsbg8dw"}
{"type":"log","timestamp":1705275509779,"level":"debug","message":"preparing office preview","meta":{"rootId":"t8cq9gqr4ektfb4","id":"t8cq9gqr4ektfb4"},"id":"bfxdbruf70394uh","previousOperationId":"rn8p8r20dsbg8dw"}
{"type":"operationEnd","operationId":"rn8p8r20dsbg8dw","timestamp":1705275509972,"id":"mn3wvcwohqxava7","previousEventId":"sipdpkckd16rchk","previousOperationId":"rn8p8r20dsbg8dw"}
{"type":"log","timestamp":1705275509972,"level":"debug","message":"Skipping storing report.","meta":{"rootId":"t8cq9gqr4ektfb4","id":"t8cq9gqr4ektfb4"},"id":"c1k3jjmv9j2ns8z","previousOperationId":"rn8p8r20dsbg8dw"}
{"type":"log","timestamp":1705275509972,"level":"info","message":"Rendering request 226 finished in 603 ms","meta":{"rootId":"t8cq9gqr4ektfb4","id":"t8cq9gqr4ektfb4"},"id":"hrzzod1epg47box","previousOperationId":"rn8p8r20dsbg8dw"}
{"type":"operationEnd","subtype":"render","operationId":"l3l5vhouorxi6e7","timestamp":1705275509972,"id":"i6jayu66dmb7re4","previousEventId":"mn3wvcwohqxava7","previousOperationId":"rn8p8r20dsbg8dw"}
{"type":"operationEnd","doDiffs":false,"previousEventId":"u5upgtbtsbm3sec","previousOperationId":"eigtad9wmkgr26l","operationId":"eigtad9wmkgr26l","timestamp":1705275509975,"id":"p38mm3r03zhlkf0"}
